
2024-11-06 18:09:14 - INFO - 初始化训练数据集和数据加载器
2024-11-06 18:09:14 - INFO - 设备设置为：cuda
2024-11-06 18:09:14 - INFO - 网络模型加载...
MinkUNet14C(
  (conv0p1s1): MinkowskiConvolution(in=4, out=32, kernel_size=[5, 5, 5], stride=[1, 1, 1], dilation=[1, 1, 1])
  (bn0): MinkowskiBatchNorm(32, eps=1e-05, momentum=0.02, affine=True, track_running_stats=True)
  (conv1p1s2): MinkowskiConvolution(in=32, out=32, kernel_size=[2, 2, 2], stride=[2, 2, 2], dilation=[1, 1, 1])
  (bn1): MinkowskiBatchNorm(32, eps=1e-05, momentum=0.02, affine=True, track_running_stats=True)
  (block1): Sequential(
    (0): BasicBlock(
      (conv1): MinkowskiConvolution(in=32, out=32, kernel_size=[3, 3, 3], stride=[1, 1, 1], dilation=[1, 1, 1])
      (norm1): MinkowskiBatchNorm(32, eps=1e-05, momentum=0.1, affine=True, track_running_stats=True)
      (conv2): MinkowskiConvolution(in=32, out=32, kernel_size=[3, 3, 3], stride=[1, 1, 1], dilation=[1, 1, 1])
      (norm2): MinkowskiBatchNorm(32, eps=1e-05, momentum=0.1, affine=True, track_running_stats=True)
      (relu): MinkowskiReLU()
    )
  )
  (conv2p2s2): MinkowskiConvolution(in=32, out=32, kernel_size=[2, 2, 2], stride=[2, 2, 2], dilation=[1, 1, 1])
  (bn2): MinkowskiBatchNorm(32, eps=1e-05, momentum=0.02, affine=True, track_running_stats=True)
  (block2): Sequential(
    (0): BasicBlock(
      (conv1): MinkowskiConvolution(in=32, out=64, kernel_size=[3, 3, 3], stride=[1, 1, 1], dilation=[1, 1, 1])
      (norm1): MinkowskiBatchNorm(64, eps=1e-05, momentum=0.1, affine=True, track_running_stats=True)
      (conv2): MinkowskiConvolution(in=64, out=64, kernel_size=[3, 3, 3], stride=[1, 1, 1], dilation=[1, 1, 1])
      (norm2): MinkowskiBatchNorm(64, eps=1e-05, momentum=0.1, affine=True, track_running_stats=True)
      (relu): MinkowskiReLU()
      (downsample): Sequential(
        (0): MinkowskiConvolution(in=32, out=64, kernel_size=[1, 1, 1], stride=[1, 1, 1], dilation=[1, 1, 1])
        (1): MinkowskiBatchNorm(64, eps=1e-05, momentum=0.02, affine=True, track_running_stats=True)
      )
    )
  )
  (conv3p4s2): MinkowskiConvolution(in=64, out=64, kernel_size=[2, 2, 2], stride=[2, 2, 2], dilation=[1, 1, 1])
  (bn3): MinkowskiBatchNorm(64, eps=1e-05, momentum=0.02, affine=True, track_running_stats=True)
  (block3): Sequential(
    (0): BasicBlock(
      (conv1): MinkowskiConvolution(in=64, out=128, kernel_size=[3, 3, 3], stride=[1, 1, 1], dilation=[1, 1, 1])
      (norm1): MinkowskiBatchNorm(128, eps=1e-05, momentum=0.1, affine=True, track_running_stats=True)
      (conv2): MinkowskiConvolution(in=128, out=128, kernel_size=[3, 3, 3], stride=[1, 1, 1], dilation=[1, 1, 1])
      (norm2): MinkowskiBatchNorm(128, eps=1e-05, momentum=0.1, affine=True, track_running_stats=True)
      (relu): MinkowskiReLU()
      (downsample): Sequential(
        (0): MinkowskiConvolution(in=64, out=128, kernel_size=[1, 1, 1], stride=[1, 1, 1], dilation=[1, 1, 1])
        (1): MinkowskiBatchNorm(128, eps=1e-05, momentum=0.02, affine=True, track_running_stats=True)
      )
    )
  )
  (conv4p8s2): MinkowskiConvolution(in=128, out=128, kernel_size=[2, 2, 2], stride=[2, 2, 2], dilation=[1, 1, 1])
  (bn4): MinkowskiBatchNorm(128, eps=1e-05, momentum=0.02, affine=True, track_running_stats=True)
  (block4): Sequential(
    (0): BasicBlock(
      (conv1): MinkowskiConvolution(in=128, out=256, kernel_size=[3, 3, 3], stride=[1, 1, 1], dilation=[1, 1, 1])
      (norm1): MinkowskiBatchNorm(256, eps=1e-05, momentum=0.1, affine=True, track_running_stats=True)
      (conv2): MinkowskiConvolution(in=256, out=256, kernel_size=[3, 3, 3], stride=[1, 1, 1], dilation=[1, 1, 1])
      (norm2): MinkowskiBatchNorm(256, eps=1e-05, momentum=0.1, affine=True, track_running_stats=True)
      (relu): MinkowskiReLU()
      (downsample): Sequential(
        (0): MinkowskiConvolution(in=128, out=256, kernel_size=[1, 1, 1], stride=[1, 1, 1], dilation=[1, 1, 1])
        (1): MinkowskiBatchNorm(256, eps=1e-05, momentum=0.02, affine=True, track_running_stats=True)
      )
    )
  )
  (convtr4p16s2): MinkowskiConvolutionTranspose(in=256, out=192, kernel_size=[2, 2, 2], stride=[2, 2, 2], dilation=[1, 1, 1])
  (bntr4): MinkowskiBatchNorm(192, eps=1e-05, momentum=0.02, affine=True, track_running_stats=True)
  (block5): Sequential(
    (0): BasicBlock(
      (conv1): MinkowskiConvolution(in=320, out=192, kernel_size=[3, 3, 3], stride=[1, 1, 1], dilation=[1, 1, 1])
      (norm1): MinkowskiBatchNorm(192, eps=1e-05, momentum=0.1, affine=True, track_running_stats=True)
      (conv2): MinkowskiConvolution(in=192, out=192, kernel_size=[3, 3, 3], stride=[1, 1, 1], dilation=[1, 1, 1])
      (norm2): MinkowskiBatchNorm(192, eps=1e-05, momentum=0.1, affine=True, track_running_stats=True)
      (relu): MinkowskiReLU()
      (downsample): Sequential(
        (0): MinkowskiConvolution(in=320, out=192, kernel_size=[1, 1, 1], stride=[1, 1, 1], dilation=[1, 1, 1])
        (1): MinkowskiBatchNorm(192, eps=1e-05, momentum=0.02, affine=True, track_running_stats=True)
      )
    )
  )
  (convtr5p8s2): MinkowskiConvolutionTranspose(in=192, out=192, kernel_size=[2, 2, 2], stride=[2, 2, 2], dilation=[1, 1, 1])
  (bntr5): MinkowskiBatchNorm(192, eps=1e-05, momentum=0.02, affine=True, track_running_stats=True)
  (block6): Sequential(
    (0): BasicBlock(
      (conv1): MinkowskiConvolution(in=256, out=192, kernel_size=[3, 3, 3], stride=[1, 1, 1], dilation=[1, 1, 1])
      (norm1): MinkowskiBatchNorm(192, eps=1e-05, momentum=0.1, affine=True, track_running_stats=True)
      (conv2): MinkowskiConvolution(in=192, out=192, kernel_size=[3, 3, 3], stride=[1, 1, 1], dilation=[1, 1, 1])
      (norm2): MinkowskiBatchNorm(192, eps=1e-05, momentum=0.1, affine=True, track_running_stats=True)
      (relu): MinkowskiReLU()
      (downsample): Sequential(
        (0): MinkowskiConvolution(in=256, out=192, kernel_size=[1, 1, 1], stride=[1, 1, 1], dilation=[1, 1, 1])
        (1): MinkowskiBatchNorm(192, eps=1e-05, momentum=0.02, affine=True, track_running_stats=True)
      )
    )
  )
  (convtr6p4s2): MinkowskiConvolutionTranspose(in=192, out=128, kernel_size=[2, 2, 2], stride=[2, 2, 2], dilation=[1, 1, 1])
  (bntr6): MinkowskiBatchNorm(128, eps=1e-05, momentum=0.02, affine=True, track_running_stats=True)
  (block7): Sequential(
    (0): BasicBlock(
      (conv1): MinkowskiConvolution(in=160, out=128, kernel_size=[3, 3, 3], stride=[1, 1, 1], dilation=[1, 1, 1])
      (norm1): MinkowskiBatchNorm(128, eps=1e-05, momentum=0.1, affine=True, track_running_stats=True)
      (conv2): MinkowskiConvolution(in=128, out=128, kernel_size=[3, 3, 3], stride=[1, 1, 1], dilation=[1, 1, 1])
      (norm2): MinkowskiBatchNorm(128, eps=1e-05, momentum=0.1, affine=True, track_running_stats=True)
      (relu): MinkowskiReLU()
      (downsample): Sequential(
        (0): MinkowskiConvolution(in=160, out=128, kernel_size=[1, 1, 1], stride=[1, 1, 1], dilation=[1, 1, 1])
        (1): MinkowskiBatchNorm(128, eps=1e-05, momentum=0.02, affine=True, track_running_stats=True)
      )
    )
  )
  (convtr7p2s2): MinkowskiConvolutionTranspose(in=128, out=128, kernel_size=[2, 2, 2], stride=[2, 2, 2], dilation=[1, 1, 1])
  (bntr7): MinkowskiBatchNorm(128, eps=1e-05, momentum=0.02, affine=True, track_running_stats=True)
  (block8): Sequential(
    (0): BasicBlock(
      (conv1): MinkowskiConvolution(in=160, out=128, kernel_size=[3, 3, 3], stride=[1, 1, 1], dilation=[1, 1, 1])
      (norm1): MinkowskiBatchNorm(128, eps=1e-05, momentum=0.1, affine=True, track_running_stats=True)
      (conv2): MinkowskiConvolution(in=128, out=128, kernel_size=[3, 3, 3], stride=[1, 1, 1], dilation=[1, 1, 1])
      (norm2): MinkowskiBatchNorm(128, eps=1e-05, momentum=0.1, affine=True, track_running_stats=True)
      (relu): MinkowskiReLU()
      (downsample): Sequential(
        (0): MinkowskiConvolution(in=160, out=128, kernel_size=[1, 1, 1], stride=[1, 1, 1], dilation=[1, 1, 1])
        (1): MinkowskiBatchNorm(128, eps=1e-05, momentum=0.02, affine=True, track_running_stats=True)
      )
    )
  )
  (final): MinkowskiConvolution(in=128, out=5, kernel_size=[1, 1, 1], stride=[1, 1, 1], dilation=[1, 1, 1])
  (relu): MinkowskiReLU()
)

2024-11-06 18:09:16 - INFO - 优化器加载...
Adam (
Parameter Group 0
    amsgrad: False
    betas: (0.9, 0.999)
    eps: 1e-08
    lr: 0.001
    weight_decay: 0
)

2024-11-06 18:09:16 - INFO - 调度器加载...
<torch.optim.lr_scheduler.StepLR object at 0x7fefe9280220>

2024-11-06 18:09:16 - INFO - 损失函数加载...
CrossEntropyLoss()

2024-11-06 18:09:16 - INFO - 开始训练...
2024-11-06 18:09:28 - INFO - Epoch:    1/500  Runtime: 12.12s  EpochLoss: 1.2300923250  RandomIterLoss: 1.1397213936  lr: 1.000e-06  
2024-11-06 18:09:40 - INFO - Epoch:    2/500  Runtime: 11.81s  EpochLoss: 1.1496339765  RandomIterLoss: 1.1665399075  lr: 1.000e-08  
2024-11-06 18:09:53 - INFO - Epoch:    3/500  Runtime: 13.00s  EpochLoss: 1.1443102360  RandomIterLoss: 1.1984802485  lr: 1.000e-15  
2024-11-06 18:10:05 - INFO - Epoch:    4/500  Runtime: 11.77s  EpochLoss: 1.1554811109  RandomIterLoss: 1.2546566725  lr: 1.000e-17  
2024-11-06 18:10:16 - INFO - Epoch:    5/500  Runtime: 11.91s  EpochLoss: 1.1369690204  RandomIterLoss: 1.0999217033  lr: 1.000e-21  
2024-11-06 18:10:28 - INFO - Epoch:    6/500  Runtime: 11.71s  EpochLoss: 1.1424090239  RandomIterLoss: 1.1220638752  lr: 1.000e-25  
2024-11-06 18:10:40 - INFO - Epoch:    7/500  Runtime: 11.35s  EpochLoss: 1.1404511333  RandomIterLoss: 1.1375591755  lr: 1.000e-30  
2024-11-06 18:10:51 - INFO - Epoch:    8/500  Runtime: 11.58s  EpochLoss: 1.1396211237  RandomIterLoss: 1.0780546665  lr: 1.000e-36  
2024-11-06 18:11:03 - INFO - Epoch:    9/500  Runtime: 11.81s  EpochLoss: 1.1476976817  RandomIterLoss: 1.1027917862  lr: 1.000e-40  
2024-11-06 18:11:15 - INFO - Epoch:   10/500  Runtime: 11.86s  EpochLoss: 1.1396304965  RandomIterLoss: 1.0942747593  lr: 1.000e-46  
2024-11-06 18:11:26 - INFO - Epoch:   11/500  Runtime: 11.60s  EpochLoss: 1.1384415979  RandomIterLoss: 1.1457414627  lr: 1.000e-47  
2024-11-06 18:11:38 - INFO - Epoch:   12/500  Runtime: 11.47s  EpochLoss: 1.1478803144  RandomIterLoss: 1.1707684994  lr: 1.000e-52  
2024-11-06 18:11:50 - INFO - Epoch:   13/500  Runtime: 12.14s  EpochLoss: 1.1339638924  RandomIterLoss: 1.1705402136  lr: 1.000e-60  
2024-11-06 18:12:02 - INFO - Epoch:   14/500  Runtime: 11.98s  EpochLoss: 1.1462994272  RandomIterLoss: 1.1050895452  lr: 1.000e-63  
2024-11-06 18:12:14 - INFO - Epoch:   15/500  Runtime: 11.66s  EpochLoss: 1.1394749108  RandomIterLoss: 1.1365995407  lr: 1.000e-69  
2024-11-06 18:12:25 - INFO - Epoch:   16/500  Runtime: 11.67s  EpochLoss: 1.1418564834  RandomIterLoss: 1.1415330172  lr: 1.000e-70  
2024-11-06 18:12:37 - INFO - Epoch:   17/500  Runtime: 12.11s  EpochLoss: 1.1459588625  RandomIterLoss: 1.1651104689  lr: 1.000e-77  
2024-11-06 18:12:49 - INFO - Epoch:   18/500  Runtime: 11.88s  EpochLoss: 1.1364939565  RandomIterLoss: 1.2055902481  lr: 1.000e-80  
2024-11-06 18:13:01 - INFO - Epoch:   19/500  Runtime: 12.11s  EpochLoss: 1.1428443031  RandomIterLoss: 1.2850463390  lr: 1.000e-85  
2024-11-06 18:13:13 - INFO - Epoch:   20/500  Runtime: 11.50s  EpochLoss: 1.1509759887  RandomIterLoss: 1.1967312098  lr: 1.000e-88  
2024-11-06 18:13:25 - INFO - Epoch:   21/500  Runtime: 11.75s  EpochLoss: 1.1411389112  RandomIterLoss: 1.1758661270  lr: 1.000e-92  
2024-11-06 18:13:37 - INFO - Epoch:   22/500  Runtime: 12.10s  EpochLoss: 1.1565755389  RandomIterLoss: 1.1266233921  lr: 1.000e-96  
2024-11-06 18:13:49 - INFO - Epoch:   23/500  Runtime: 11.87s  EpochLoss: 1.1431699964  RandomIterLoss: 1.2983906269  lr: 1.000e-104  
2024-11-06 18:14:01 - INFO - Epoch:   24/500  Runtime: 11.95s  EpochLoss: 1.1371394084  RandomIterLoss: 1.1428487301  lr: 1.000e-104  
2024-11-06 18:14:12 - INFO - Epoch:   25/500  Runtime: 11.75s  EpochLoss: 1.1411655708  RandomIterLoss: 1.1265671253  lr: 1.000e-112  
2024-11-06 18:14:24 - INFO - Epoch:   26/500  Runtime: 11.52s  EpochLoss: 1.1448222372  RandomIterLoss: 1.1708345413  lr: 1.000e-115  
2024-11-06 18:14:36 - INFO - Epoch:   27/500  Runtime: 11.80s  EpochLoss: 1.1571112871  RandomIterLoss: 1.2138972282  lr: 1.000e-119  
2024-11-06 18:14:47 - INFO - Epoch:   28/500  Runtime: 11.69s  EpochLoss: 1.1536086364  RandomIterLoss: 1.0553452969  lr: 1.000e-124  
2024-11-06 18:14:59 - INFO - Epoch:   29/500  Runtime: 11.87s  EpochLoss: 1.1497603330  RandomIterLoss: 1.0902166367  lr: 1.000e-128  
2024-11-06 18:15:11 - INFO - Epoch:   30/500  Runtime: 11.44s  EpochLoss: 1.1543781690  RandomIterLoss: 1.1144896746  lr: 1.000e-134  
2024-11-06 18:15:12 - INFO - Eval Epoch: 30
2024-11-06 18:15:12 - INFO - Overall Accuracy: 40.76 || Mean Overall Accuracy: 28.20
2024-11-06 18:15:12 - INFO - Mean IoU: 0.186 || Per-class IoU score:  Ground=0.402  Building=0.151  Trees=0.267  Low vegetation=0.097  Artifacts=0.010  
2024-11-06 18:15:12 - INFO - Macro F1: 0.291 || Per-class  F1 score:  Ground=0.573  Building=0.263  Trees=0.422  Low vegetation=0.177  Artifacts=0.020  

2024-11-06 18:15:23 - INFO - Epoch:   31/500  Runtime: 11.80s  EpochLoss: 1.1452892233  RandomIterLoss: 1.1024349928  lr: 1.000e-138  
2024-11-06 18:15:35 - INFO - Epoch:   32/500  Runtime: 11.81s  EpochLoss: 1.1431672979  RandomIterLoss: 1.0523155928  lr: 1.000e-142  
2024-11-06 18:15:47 - INFO - Epoch:   33/500  Runtime: 11.68s  EpochLoss: 1.1486326998  RandomIterLoss: 1.0611163378  lr: 1.000e-144  
2024-11-06 18:15:59 - INFO - Epoch:   34/500  Runtime: 11.65s  EpochLoss: 1.1433398426  RandomIterLoss: 1.1310417652  lr: 1.000e-148  
2024-11-06 18:16:11 - INFO - Epoch:   35/500  Runtime: 11.99s  EpochLoss: 1.1372434592  RandomIterLoss: 1.1837183237  lr: 1.000e-157  
2024-11-06 18:16:23 - INFO - Epoch:   36/500  Runtime: 11.93s  EpochLoss: 1.1413429650  RandomIterLoss: 1.0842493773  lr: 1.000e-160  
2024-11-06 18:16:34 - INFO - Epoch:   37/500  Runtime: 11.66s  EpochLoss: 1.1424150657  RandomIterLoss: 1.2082940340  lr: 1.000e-162  
2024-11-06 18:16:48 - INFO - Epoch:   38/500  Runtime: 13.40s  EpochLoss: 1.1408524080  
2024-11-06 18:17:00 - INFO - Epoch:   39/500  Runtime: 11.95s  EpochLoss: 1.1433188617  RandomIterLoss: 1.1011004448  lr: 1.000e-170  
2024-11-06 18:17:13 - INFO - Epoch:   40/500  Runtime: 13.45s  EpochLoss: 1.1459417506  RandomIterLoss: 1.0843652487  lr: 1.000e-176  
2024-11-06 18:17:25 - INFO - Epoch:   41/500  Runtime: 12.01s  EpochLoss: 1.1493962407  RandomIterLoss: 1.2056881189  lr: 1.000e-182  
2024-11-06 18:17:37 - INFO - Epoch:   42/500  Runtime: 12.14s  EpochLoss: 1.1525280449  RandomIterLoss: 1.1466172934  lr: 1.000e-184  
2024-11-06 18:17:49 - INFO - Epoch:   43/500  Runtime: 11.95s  EpochLoss: 1.1399351318  RandomIterLoss: 1.1388306618  lr: 1.000e-191  
2024-11-06 18:18:01 - INFO - Epoch:   44/500  Runtime: 12.06s  EpochLoss: 1.1511037160  RandomIterLoss: 1.1913489103  lr: 1.000e-193  
2024-11-06 18:18:13 - INFO - Epoch:   45/500  Runtime: 12.19s  EpochLoss: 1.1535904272  RandomIterLoss: 1.1241471767  lr: 1.000e-200  
2024-11-06 18:18:25 - INFO - Epoch:   46/500  Runtime: 12.14s  EpochLoss: 1.1411552998  RandomIterLoss: 1.0991054773  lr: 1.000e-201  
2024-11-06 18:18:37 - INFO - Epoch:   47/500  Runtime: 11.89s  EpochLoss: 1.1529477306  RandomIterLoss: 1.1878657341  lr: 1.000e-208  
2024-11-06 18:18:49 - INFO - Epoch:   48/500  Runtime: 11.92s  EpochLoss: 1.1388349939  RandomIterLoss: 1.0541132689  lr: 1.000e-212  
2024-11-06 18:19:01 - INFO - Epoch:   49/500  Runtime: 11.79s  EpochLoss: 1.1382444758  RandomIterLoss: 1.2140904665  lr: 1.000e-215  
2024-11-06 18:19:13 - INFO - Epoch:   50/500  Runtime: 12.31s  EpochLoss: 1.1437374706  RandomIterLoss: 1.1897025108  lr: 1.000e-218  
2024-11-06 18:19:25 - INFO - Epoch:   51/500  Runtime: 11.93s  EpochLoss: 1.1451894180  RandomIterLoss: 1.0422077179  lr: 1.000e-224  
2024-11-06 18:19:37 - INFO - Epoch:   52/500  Runtime: 11.93s  EpochLoss: 1.1551163982  RandomIterLoss: 1.1176618338  lr: 1.000e-229  
2024-11-06 18:19:49 - INFO - Epoch:   53/500  Runtime: 11.95s  EpochLoss: 1.1438445124  RandomIterLoss: 1.1205465794  lr: 1.000e-233  
2024-11-06 18:20:02 - INFO - Epoch:   54/500  Runtime: 12.40s  EpochLoss: 1.1515624144  RandomIterLoss: 1.1774138212  lr: 1.000e-240  
2024-11-06 18:20:14 - INFO - Epoch:   55/500  Runtime: 12.08s  EpochLoss: 1.1371403702  RandomIterLoss: 1.1612969637  lr: 1.000e-243  
2024-11-06 18:20:27 - INFO - Epoch:   56/500  Runtime: 13.19s  EpochLoss: 1.1438163776  RandomIterLoss: 1.1817748547  lr: 1.000e-249  
2024-11-06 18:20:40 - INFO - Epoch:   57/500  Runtime: 12.97s  EpochLoss: 1.1463715868  RandomIterLoss: 1.2085416317  lr: 1.000e-251  
2024-11-06 18:20:52 - INFO - Epoch:   58/500  Runtime: 11.72s  EpochLoss: 1.1419510056  RandomIterLoss: 1.1983208656  lr: 1.000e-257  
2024-11-06 18:21:04 - INFO - Epoch:   59/500  Runtime: 12.15s  EpochLoss: 1.1444314447  RandomIterLoss: 1.2009117603  lr: 1.000e-261  
2024-11-06 18:21:16 - INFO - Epoch:   60/500  Runtime: 12.02s  EpochLoss: 1.1381112256  RandomIterLoss: 1.2355730534  lr: 1.000e-267  
2024-11-06 18:21:17 - INFO - Eval Epoch: 60
2024-11-06 18:21:17 - INFO - Overall Accuracy: 40.42 || Mean Overall Accuracy: 27.72
2024-11-06 18:21:17 - INFO - Mean IoU: 0.183 || Per-class IoU score:  Ground=0.399  Building=0.146  Trees=0.263  Low vegetation=0.098  Artifacts=0.009  
2024-11-06 18:21:17 - INFO - Macro F1: 0.287 || Per-class  F1 score:  Ground=0.570  Building=0.255  Trees=0.416  Low vegetation=0.178  Artifacts=0.018  

2024-11-06 18:21:28 - INFO - Epoch:   61/500  Runtime: 11.61s  EpochLoss: 1.1450192414  RandomIterLoss: 1.2875111103  lr: 1.000e-269  
2024-11-06 18:21:40 - INFO - Epoch:   62/500  Runtime: 12.11s  EpochLoss: 1.1443844763  RandomIterLoss: 1.1340445280  lr: 1.000e-274  
2024-11-06 18:21:53 - INFO - Epoch:   63/500  Runtime: 12.19s  EpochLoss: 1.1447776691  RandomIterLoss: 1.1093655825  lr: 1.000e-279  
2024-11-06 18:22:05 - INFO - Epoch:   64/500  Runtime: 12.10s  EpochLoss: 1.1448662362  RandomIterLoss: 1.2048557997  lr: 1.000e-280  
2024-11-06 18:22:17 - INFO - Epoch:   65/500  Runtime: 12.16s  EpochLoss: 1.1391204135  RandomIterLoss: 1.0876460075  lr: 1.000e-285  
2024-11-06 18:22:30 - INFO - Epoch:   66/500  Runtime: 12.69s  EpochLoss: 1.1487283138  RandomIterLoss: 1.1126536131  lr: 1.000e-292  
2024-11-06 18:22:42 - INFO - Epoch:   67/500  Runtime: 12.23s  EpochLoss: 1.1402552561  RandomIterLoss: 1.1537970304  lr: 1.000e-297  
2024-11-06 18:22:54 - INFO - Epoch:   68/500  Runtime: 12.26s  EpochLoss: 1.1448884904  RandomIterLoss: 1.0798004866  lr: 1.000e-300  
2024-11-06 18:23:08 - INFO - Epoch:   69/500  Runtime: 14.33s  EpochLoss: 1.1405094239  RandomIterLoss: 1.1229844093  lr: 1.000e-304  
2024-11-06 18:23:20 - INFO - Epoch:   70/500  Runtime: 11.86s  EpochLoss: 1.1455889724  RandomIterLoss: 1.0805343390  lr: 1.000e-308  
2024-11-06 18:23:33 - INFO - Epoch:   71/500  Runtime: 12.43s  EpochLoss: 1.1441792426  RandomIterLoss: 1.1521178484  lr: 1.000e-315  
2024-11-06 18:23:45 - INFO - Epoch:   72/500  Runtime: 12.38s  EpochLoss: 1.1464053121  RandomIterLoss: 1.2248452902  lr: 1.000e-318  
2024-11-06 18:23:57 - INFO - Epoch:   73/500  Runtime: 11.74s  EpochLoss: 1.1427195330  RandomIterLoss: 1.0949622393  lr: 9.881e-323  
2024-11-06 18:24:09 - INFO - Epoch:   74/500  Runtime: 12.37s  EpochLoss: 1.1454759484  RandomIterLoss: 1.1143372059  lr: 0.000e+00  
2024-11-06 18:24:21 - INFO - Epoch:   75/500  Runtime: 12.22s  EpochLoss: 1.1433005360  RandomIterLoss: 1.1269621849  lr: 0.000e+00  
2024-11-06 18:24:34 - INFO - Epoch:   76/500  Runtime: 12.43s  EpochLoss: 1.1485377184  RandomIterLoss: 1.3226423264  lr: 0.000e+00  
2024-11-06 18:24:46 - INFO - Epoch:   77/500  Runtime: 12.54s  EpochLoss: 1.1497976401  RandomIterLoss: 1.0712769032  lr: 0.000e+00  
