2024-11-07 09:51:38 - INFO - 初始化训练数据集和数据加载器
2024-11-07 09:51:38 - INFO - 设备设置为：cuda
2024-11-07 09:51:39 - INFO - 网络模型加载...
MinkUNet14C(
  (conv0p1s1): MinkowskiConvolution(in=4, out=32, kernel_size=[5, 5, 5], stride=[1, 1, 1], dilation=[1, 1, 1])
  (bn0): MinkowskiBatchNorm(32, eps=1e-05, momentum=0.02, affine=True, track_running_stats=True)
  (conv1p1s2): MinkowskiConvolution(in=32, out=32, kernel_size=[2, 2, 2], stride=[2, 2, 2], dilation=[1, 1, 1])
  (bn1): MinkowskiBatchNorm(32, eps=1e-05, momentum=0.02, affine=True, track_running_stats=True)
  (block1): Sequential(
    (0): BasicBlock(
      (conv1): MinkowskiConvolution(in=32, out=32, kernel_size=[3, 3, 3], stride=[1, 1, 1], dilation=[1, 1, 1])
      (norm1): MinkowskiBatchNorm(32, eps=1e-05, momentum=0.1, affine=True, track_running_stats=True)
      (conv2): MinkowskiConvolution(in=32, out=32, kernel_size=[3, 3, 3], stride=[1, 1, 1], dilation=[1, 1, 1])
      (norm2): MinkowskiBatchNorm(32, eps=1e-05, momentum=0.1, affine=True, track_running_stats=True)
      (relu): MinkowskiReLU()
    )
  )
  (conv2p2s2): MinkowskiConvolution(in=32, out=32, kernel_size=[2, 2, 2], stride=[2, 2, 2], dilation=[1, 1, 1])
  (bn2): MinkowskiBatchNorm(32, eps=1e-05, momentum=0.02, affine=True, track_running_stats=True)
  (block2): Sequential(
    (0): BasicBlock(
      (conv1): MinkowskiConvolution(in=32, out=64, kernel_size=[3, 3, 3], stride=[1, 1, 1], dilation=[1, 1, 1])
      (norm1): MinkowskiBatchNorm(64, eps=1e-05, momentum=0.1, affine=True, track_running_stats=True)
      (conv2): MinkowskiConvolution(in=64, out=64, kernel_size=[3, 3, 3], stride=[1, 1, 1], dilation=[1, 1, 1])
      (norm2): MinkowskiBatchNorm(64, eps=1e-05, momentum=0.1, affine=True, track_running_stats=True)
      (relu): MinkowskiReLU()
      (downsample): Sequential(
        (0): MinkowskiConvolution(in=32, out=64, kernel_size=[1, 1, 1], stride=[1, 1, 1], dilation=[1, 1, 1])
        (1): MinkowskiBatchNorm(64, eps=1e-05, momentum=0.02, affine=True, track_running_stats=True)
      )
    )
  )
  (conv3p4s2): MinkowskiConvolution(in=64, out=64, kernel_size=[2, 2, 2], stride=[2, 2, 2], dilation=[1, 1, 1])
  (bn3): MinkowskiBatchNorm(64, eps=1e-05, momentum=0.02, affine=True, track_running_stats=True)
  (block3): Sequential(
    (0): BasicBlock(
      (conv1): MinkowskiConvolution(in=64, out=128, kernel_size=[3, 3, 3], stride=[1, 1, 1], dilation=[1, 1, 1])
      (norm1): MinkowskiBatchNorm(128, eps=1e-05, momentum=0.1, affine=True, track_running_stats=True)
      (conv2): MinkowskiConvolution(in=128, out=128, kernel_size=[3, 3, 3], stride=[1, 1, 1], dilation=[1, 1, 1])
      (norm2): MinkowskiBatchNorm(128, eps=1e-05, momentum=0.1, affine=True, track_running_stats=True)
      (relu): MinkowskiReLU()
      (downsample): Sequential(
        (0): MinkowskiConvolution(in=64, out=128, kernel_size=[1, 1, 1], stride=[1, 1, 1], dilation=[1, 1, 1])
        (1): MinkowskiBatchNorm(128, eps=1e-05, momentum=0.02, affine=True, track_running_stats=True)
      )
    )
  )
  (conv4p8s2): MinkowskiConvolution(in=128, out=128, kernel_size=[2, 2, 2], stride=[2, 2, 2], dilation=[1, 1, 1])
  (bn4): MinkowskiBatchNorm(128, eps=1e-05, momentum=0.02, affine=True, track_running_stats=True)
  (block4): Sequential(
    (0): BasicBlock(
      (conv1): MinkowskiConvolution(in=128, out=256, kernel_size=[3, 3, 3], stride=[1, 1, 1], dilation=[1, 1, 1])
      (norm1): MinkowskiBatchNorm(256, eps=1e-05, momentum=0.1, affine=True, track_running_stats=True)
      (conv2): MinkowskiConvolution(in=256, out=256, kernel_size=[3, 3, 3], stride=[1, 1, 1], dilation=[1, 1, 1])
      (norm2): MinkowskiBatchNorm(256, eps=1e-05, momentum=0.1, affine=True, track_running_stats=True)
      (relu): MinkowskiReLU()
      (downsample): Sequential(
        (0): MinkowskiConvolution(in=128, out=256, kernel_size=[1, 1, 1], stride=[1, 1, 1], dilation=[1, 1, 1])
        (1): MinkowskiBatchNorm(256, eps=1e-05, momentum=0.02, affine=True, track_running_stats=True)
      )
    )
  )
  (convtr4p16s2): MinkowskiConvolutionTranspose(in=256, out=192, kernel_size=[2, 2, 2], stride=[2, 2, 2], dilation=[1, 1, 1])
  (bntr4): MinkowskiBatchNorm(192, eps=1e-05, momentum=0.02, affine=True, track_running_stats=True)
  (block5): Sequential(
    (0): BasicBlock(
      (conv1): MinkowskiConvolution(in=320, out=192, kernel_size=[3, 3, 3], stride=[1, 1, 1], dilation=[1, 1, 1])
      (norm1): MinkowskiBatchNorm(192, eps=1e-05, momentum=0.1, affine=True, track_running_stats=True)
      (conv2): MinkowskiConvolution(in=192, out=192, kernel_size=[3, 3, 3], stride=[1, 1, 1], dilation=[1, 1, 1])
      (norm2): MinkowskiBatchNorm(192, eps=1e-05, momentum=0.1, affine=True, track_running_stats=True)
      (relu): MinkowskiReLU()
      (downsample): Sequential(
        (0): MinkowskiConvolution(in=320, out=192, kernel_size=[1, 1, 1], stride=[1, 1, 1], dilation=[1, 1, 1])
        (1): MinkowskiBatchNorm(192, eps=1e-05, momentum=0.02, affine=True, track_running_stats=True)
      )
    )
  )
  (convtr5p8s2): MinkowskiConvolutionTranspose(in=192, out=192, kernel_size=[2, 2, 2], stride=[2, 2, 2], dilation=[1, 1, 1])
  (bntr5): MinkowskiBatchNorm(192, eps=1e-05, momentum=0.02, affine=True, track_running_stats=True)
  (block6): Sequential(
    (0): BasicBlock(
      (conv1): MinkowskiConvolution(in=256, out=192, kernel_size=[3, 3, 3], stride=[1, 1, 1], dilation=[1, 1, 1])
      (norm1): MinkowskiBatchNorm(192, eps=1e-05, momentum=0.1, affine=True, track_running_stats=True)
      (conv2): MinkowskiConvolution(in=192, out=192, kernel_size=[3, 3, 3], stride=[1, 1, 1], dilation=[1, 1, 1])
      (norm2): MinkowskiBatchNorm(192, eps=1e-05, momentum=0.1, affine=True, track_running_stats=True)
      (relu): MinkowskiReLU()
      (downsample): Sequential(
        (0): MinkowskiConvolution(in=256, out=192, kernel_size=[1, 1, 1], stride=[1, 1, 1], dilation=[1, 1, 1])
        (1): MinkowskiBatchNorm(192, eps=1e-05, momentum=0.02, affine=True, track_running_stats=True)
      )
    )
  )
  (convtr6p4s2): MinkowskiConvolutionTranspose(in=192, out=128, kernel_size=[2, 2, 2], stride=[2, 2, 2], dilation=[1, 1, 1])
  (bntr6): MinkowskiBatchNorm(128, eps=1e-05, momentum=0.02, affine=True, track_running_stats=True)
  (block7): Sequential(
    (0): BasicBlock(
      (conv1): MinkowskiConvolution(in=160, out=128, kernel_size=[3, 3, 3], stride=[1, 1, 1], dilation=[1, 1, 1])
      (norm1): MinkowskiBatchNorm(128, eps=1e-05, momentum=0.1, affine=True, track_running_stats=True)
      (conv2): MinkowskiConvolution(in=128, out=128, kernel_size=[3, 3, 3], stride=[1, 1, 1], dilation=[1, 1, 1])
      (norm2): MinkowskiBatchNorm(128, eps=1e-05, momentum=0.1, affine=True, track_running_stats=True)
      (relu): MinkowskiReLU()
      (downsample): Sequential(
        (0): MinkowskiConvolution(in=160, out=128, kernel_size=[1, 1, 1], stride=[1, 1, 1], dilation=[1, 1, 1])
        (1): MinkowskiBatchNorm(128, eps=1e-05, momentum=0.02, affine=True, track_running_stats=True)
      )
    )
  )
  (convtr7p2s2): MinkowskiConvolutionTranspose(in=128, out=128, kernel_size=[2, 2, 2], stride=[2, 2, 2], dilation=[1, 1, 1])
  (bntr7): MinkowskiBatchNorm(128, eps=1e-05, momentum=0.02, affine=True, track_running_stats=True)
  (block8): Sequential(
    (0): BasicBlock(
      (conv1): MinkowskiConvolution(in=160, out=128, kernel_size=[3, 3, 3], stride=[1, 1, 1], dilation=[1, 1, 1])
      (norm1): MinkowskiBatchNorm(128, eps=1e-05, momentum=0.1, affine=True, track_running_stats=True)
      (conv2): MinkowskiConvolution(in=128, out=128, kernel_size=[3, 3, 3], stride=[1, 1, 1], dilation=[1, 1, 1])
      (norm2): MinkowskiBatchNorm(128, eps=1e-05, momentum=0.1, affine=True, track_running_stats=True)
      (relu): MinkowskiReLU()
      (downsample): Sequential(
        (0): MinkowskiConvolution(in=160, out=128, kernel_size=[1, 1, 1], stride=[1, 1, 1], dilation=[1, 1, 1])
        (1): MinkowskiBatchNorm(128, eps=1e-05, momentum=0.02, affine=True, track_running_stats=True)
      )
    )
  )
  (final): MinkowskiConvolution(in=128, out=5, kernel_size=[1, 1, 1], stride=[1, 1, 1], dilation=[1, 1, 1])
  (relu): MinkowskiReLU()
)

2024-11-07 09:51:41 - INFO - 优化器加载...
Adam (
Parameter Group 0
    amsgrad: False
    betas: (0.9, 0.999)
    eps: 1e-08
    lr: 0.001
    weight_decay: 0
)

2024-11-07 09:51:41 - INFO - 调度器加载...
<torch.optim.lr_scheduler.OneCycleLR object at 0x7fa2af6be1c0>

2024-11-07 09:51:41 - INFO - 损失函数加载...
CrossEntropyLoss()

2024-11-07 09:51:41 - INFO - 开始训练...
2024-11-07 09:51:47 - INFO - Epoch:    1/500  Runtime:  6.61s  EpochLoss: 1.1748172939  RandomIterLoss: 1.1033759117  lr: 4.006e-04  
2024-11-07 09:51:53 - INFO - Epoch:    2/500  Runtime:  5.86s  EpochLoss: 0.8383709992  RandomIterLoss: 0.8859895468  lr: 4.017e-04  
2024-11-07 09:51:59 - INFO - Epoch:    3/500  Runtime:  5.91s  EpochLoss: 0.7609599016  RandomIterLoss: 0.8326364160  lr: 4.080e-04  
2024-11-07 09:52:05 - INFO - Epoch:    4/500  Runtime:  5.87s  EpochLoss: 0.7249933772  RandomIterLoss: 0.7460778356  lr: 4.107e-04  
2024-11-07 09:52:11 - INFO - Epoch:    5/500  Runtime:  5.95s  EpochLoss: 0.6892384270  RandomIterLoss: 0.6132444143  lr: 4.194e-04  
2024-11-07 09:52:17 - INFO - Epoch:    6/500  Runtime:  5.88s  EpochLoss: 0.6843228150  RandomIterLoss: 0.7554408312  lr: 4.268e-04  
2024-11-07 09:52:23 - INFO - Epoch:    7/500  Runtime:  5.93s  EpochLoss: 0.6448406211  RandomIterLoss: 0.6575692296  lr: 4.423e-04  
2024-11-07 09:52:28 - INFO - Epoch:    8/500  Runtime:  5.89s  EpochLoss: 0.6342637315  RandomIterLoss: 0.5853739977  lr: 4.595e-04  
2024-11-07 09:52:34 - INFO - Epoch:    9/500  Runtime:  5.88s  EpochLoss: 0.6220495694  RandomIterLoss: 0.7914502621  lr: 4.771e-04  
2024-11-07 09:52:40 - INFO - Epoch:   10/500  Runtime:  5.84s  EpochLoss: 0.6143949140  RandomIterLoss: 0.6040331125  lr: 5.002e-04  
2024-11-07 09:52:46 - INFO - Epoch:   11/500  Runtime:  5.96s  EpochLoss: 0.6238620593  RandomIterLoss: 0.5529206395  lr: 5.054e-04  
2024-11-07 09:52:52 - INFO - Epoch:   12/500  Runtime:  6.29s  EpochLoss: 0.6065215733  RandomIterLoss: 0.6184958220  lr: 5.343e-04  
2024-11-07 09:52:59 - INFO - Epoch:   13/500  Runtime:  6.40s  EpochLoss: 0.6081633500  RandomIterLoss: 0.6367831230  lr: 5.763e-04  
2024-11-07 09:53:05 - INFO - Epoch:   14/500  Runtime:  6.15s  EpochLoss: 0.5983756347  RandomIterLoss: 0.7100175023  lr: 5.977e-04  
2024-11-07 09:53:11 - INFO - Epoch:   15/500  Runtime:  5.91s  EpochLoss: 0.5840312900  RandomIterLoss: 0.4940271676  lr: 6.350e-04  
2024-11-07 09:53:17 - INFO - Epoch:   16/500  Runtime:  6.03s  EpochLoss: 0.5869130641  RandomIterLoss: 0.6291286945  lr: 6.464e-04  
2024-11-07 09:53:23 - INFO - Epoch:   17/500  Runtime:  5.99s  EpochLoss: 0.5857756023  RandomIterLoss: 0.6499296427  lr: 7.011e-04  
2024-11-07 09:53:29 - INFO - Epoch:   18/500  Runtime:  5.86s  EpochLoss: 0.5767841170  RandomIterLoss: 0.7125452757  lr: 7.222e-04  
2024-11-07 09:53:35 - INFO - Epoch:   19/500  Runtime:  5.89s  EpochLoss: 0.5735767965  RandomIterLoss: 0.6829329133  lr: 7.646e-04  
2024-11-07 09:53:40 - INFO - Epoch:   20/500  Runtime:  5.84s  EpochLoss: 0.5806221671  RandomIterLoss: 0.6227129698  lr: 7.913e-04  
2024-11-07 09:53:47 - INFO - Epoch:   21/500  Runtime:  6.19s  EpochLoss: 0.5603243837  RandomIterLoss: 0.5248018503  lr: 8.329e-04  
2024-11-07 09:53:53 - INFO - Epoch:   22/500  Runtime:  6.12s  EpochLoss: 0.5786002651  RandomIterLoss: 0.5376981497  lr: 8.687e-04  
2024-11-07 09:53:59 - INFO - Epoch:   23/500  Runtime:  6.29s  EpochLoss: 0.5669854995  RandomIterLoss: 0.6026928425  lr: 9.453e-04  
2024-11-07 09:54:05 - INFO - Epoch:   24/500  Runtime:  6.00s  EpochLoss: 0.5729255412  RandomIterLoss: 0.5520231724  lr: 9.538e-04  
2024-11-07 09:54:11 - INFO - Epoch:   25/500  Runtime:  5.96s  EpochLoss: 0.5622920712  RandomIterLoss: 0.6549777985  lr: 1.041e-03  
2024-11-07 09:54:17 - INFO - Epoch:   26/500  Runtime:  5.97s  EpochLoss: 0.5510757748  RandomIterLoss: 0.6028965116  lr: 1.077e-03  
2024-11-07 09:54:23 - INFO - Epoch:   27/500  Runtime:  6.23s  EpochLoss: 0.5594556772  RandomIterLoss: 0.4819060862  lr: 1.123e-03  
2024-11-07 09:54:30 - INFO - Epoch:   28/500  Runtime:  6.51s  EpochLoss: 0.5513149730  RandomIterLoss: 0.3738720417  lr: 1.177e-03  
2024-11-07 09:54:36 - INFO - Epoch:   29/500  Runtime:  6.45s  EpochLoss: 0.5387561348  RandomIterLoss: 0.3969070613  lr: 1.228e-03  
2024-11-07 09:54:42 - INFO - Epoch:   30/500  Runtime:  5.96s  EpochLoss: 0.5639634146  RandomIterLoss: 0.5869449377  lr: 1.314e-03  
2024-11-07 09:54:43 - INFO - Eval Epoch: 30
2024-11-07 09:54:43 - INFO - Overall Accuracy: 76.95 || Mean Overall Accuracy: 64.22
2024-11-07 09:54:43 - INFO - Mean IoU: 0.536 || Per-class IoU score:  Ground=0.704  Building=0.744  Trees=0.766  Low vegetation=0.444  Artifacts=0.022  
2024-11-07 09:54:43 - INFO - Macro F1: 0.641 || Per-class  F1 score:  Ground=0.826  Building=0.853  Trees=0.867  Low vegetation=0.615  Artifacts=0.043  

2024-11-07 09:54:51 - INFO - Epoch:   31/500  Runtime:  8.10s  EpochLoss: 0.5518730601  RandomIterLoss: 0.4778186679  lr: 1.363e-03  
2024-11-07 09:54:59 - INFO - Epoch:   32/500  Runtime:  7.51s  EpochLoss: 0.5672768571  RandomIterLoss: 0.4253003895  lr: 1.422e-03  
2024-11-07 09:55:08 - INFO - Epoch:   33/500  Runtime:  9.18s  EpochLoss: 0.5565187687  RandomIterLoss: 0.4555092156  lr: 1.454e-03  
2024-11-07 09:55:16 - INFO - Epoch:   34/500  Runtime:  7.88s  EpochLoss: 0.5344075703  RandomIterLoss: 0.5838832259  lr: 1.506e-03  
2024-11-07 09:55:24 - INFO - Epoch:   35/500  Runtime:  8.34s  EpochLoss: 0.5373632264  RandomIterLoss: 0.5506077409  lr: 1.633e-03  
2024-11-07 09:55:32 - INFO - Epoch:   36/500  Runtime:  8.40s  EpochLoss: 0.5147499706  RandomIterLoss: 0.4220014513  lr: 1.689e-03  
2024-11-07 09:55:39 - INFO - Epoch:   37/500  Runtime:  6.62s  EpochLoss: 0.5410823050  RandomIterLoss: 0.6845557094  lr: 1.711e-03  
2024-11-07 09:55:45 - INFO - Epoch:   38/500  Runtime:  6.09s  EpochLoss: 0.5498612069  
2024-11-07 09:55:51 - INFO - Epoch:   39/500  Runtime:  6.02s  EpochLoss: 0.5405425050  RandomIterLoss: 0.5994992256  lr: 1.844e-03  
2024-11-07 09:55:57 - INFO - Epoch:   40/500  Runtime:  5.98s  EpochLoss: 0.5370677046  RandomIterLoss: 0.4501471817  lr: 1.948e-03  
2024-11-07 09:56:03 - INFO - Epoch:   41/500  Runtime:  5.99s  EpochLoss: 0.5246477649  RandomIterLoss: 0.5383754969  lr: 2.047e-03  
2024-11-07 09:56:09 - INFO - Epoch:   42/500  Runtime:  6.05s  EpochLoss: 0.5213265290  RandomIterLoss: 0.5096033216  lr: 2.076e-03  
2024-11-07 09:56:15 - INFO - Epoch:   43/500  Runtime:  6.12s  EpochLoss: 0.5250062414  RandomIterLoss: 0.6428873539  lr: 2.212e-03  
2024-11-07 09:56:21 - INFO - Epoch:   44/500  Runtime:  6.04s  EpochLoss: 0.5352967991  RandomIterLoss: 0.5867928863  lr: 2.250e-03  
2024-11-07 09:56:27 - INFO - Epoch:   45/500  Runtime:  6.11s  EpochLoss: 0.5470776903  RandomIterLoss: 0.4581445456  lr: 2.361e-03  
2024-11-07 09:56:33 - INFO - Epoch:   46/500  Runtime:  5.94s  EpochLoss: 0.5294751850  RandomIterLoss: 0.4215426743  lr: 2.394e-03  
2024-11-07 09:56:39 - INFO - Epoch:   47/500  Runtime:  6.14s  EpochLoss: 0.5291333544  RandomIterLoss: 0.6317261457  lr: 2.523e-03  
2024-11-07 09:56:46 - INFO - Epoch:   48/500  Runtime:  6.08s  EpochLoss: 0.5352622907  RandomIterLoss: 0.5065860152  lr: 2.596e-03  
2024-11-07 09:56:53 - INFO - Epoch:   49/500  Runtime:  7.47s  EpochLoss: 0.5002257038  RandomIterLoss: 0.4693921208  lr: 2.662e-03  
2024-11-07 09:56:59 - INFO - Epoch:   50/500  Runtime:  6.12s  EpochLoss: 0.5114701695  RandomIterLoss: 0.6170845628  lr: 2.716e-03  
2024-11-07 09:57:05 - INFO - Epoch:   51/500  Runtime:  6.25s  EpochLoss: 0.5201992521  RandomIterLoss: 0.4644726515  lr: 2.830e-03  
2024-11-07 09:57:12 - INFO - Epoch:   52/500  Runtime:  6.22s  EpochLoss: 0.5230429024  RandomIterLoss: 0.5364004374  lr: 2.928e-03  
2024-11-07 09:57:18 - INFO - Epoch:   53/500  Runtime:  6.08s  EpochLoss: 0.5126776919  RandomIterLoss: 0.5593341589  lr: 3.011e-03  
2024-11-07 09:57:24 - INFO - Epoch:   54/500  Runtime:  6.03s  EpochLoss: 0.5105619221  RandomIterLoss: 0.5964984894  lr: 3.145e-03  
2024-11-07 09:57:30 - INFO - Epoch:   55/500  Runtime:  6.10s  EpochLoss: 0.5223410157  RandomIterLoss: 0.6041694880  lr: 3.225e-03  
2024-11-07 09:57:36 - INFO - Epoch:   56/500  Runtime:  5.97s  EpochLoss: 0.5304569006  RandomIterLoss: 0.5900521874  lr: 3.334e-03  
2024-11-07 09:57:42 - INFO - Epoch:   57/500  Runtime:  6.14s  EpochLoss: 0.5180160925  RandomIterLoss: 0.4860678017  lr: 3.381e-03  
2024-11-07 09:57:48 - INFO - Epoch:   58/500  Runtime:  6.06s  EpochLoss: 0.5214817097  RandomIterLoss: 0.5878083706  lr: 3.511e-03  
2024-11-07 09:57:54 - INFO - Epoch:   59/500  Runtime:  6.00s  EpochLoss: 0.5153252550  RandomIterLoss: 0.5299304724  lr: 3.590e-03  
2024-11-07 09:58:00 - INFO - Epoch:   60/500  Runtime:  6.27s  EpochLoss: 0.5052089224  RandomIterLoss: 0.6341911554  lr: 3.718e-03  
2024-11-07 09:58:01 - INFO - Eval Epoch: 60
2024-11-07 09:58:01 - INFO - Overall Accuracy: 79.32 || Mean Overall Accuracy: 68.10
2024-11-07 09:58:01 - INFO - Mean IoU: 0.568 || Per-class IoU score:  Ground=0.711  Building=0.697  Trees=0.817  Low vegetation=0.575  Artifacts=0.038  
2024-11-07 09:58:01 - INFO - Macro F1: 0.671 || Per-class  F1 score:  Ground=0.831  Building=0.821  Trees=0.899  Low vegetation=0.730  Artifacts=0.074  

2024-11-07 09:58:07 - INFO - Epoch:   61/500  Runtime:  6.16s  EpochLoss: 0.5276810209  RandomIterLoss: 0.5829097033  lr: 3.776e-03  
2024-11-07 09:58:13 - INFO - Epoch:   62/500  Runtime:  6.08s  EpochLoss: 0.5177867013  RandomIterLoss: 0.4828152657  lr: 3.884e-03  
2024-11-07 09:58:19 - INFO - Epoch:   63/500  Runtime:  6.19s  EpochLoss: 0.5033401156  RandomIterLoss: 0.4380238056  lr: 3.994e-03  
2024-11-07 09:58:26 - INFO - Epoch:   64/500  Runtime:  6.24s  EpochLoss: 0.5162360492  RandomIterLoss: 0.4688801169  lr: 4.014e-03  
2024-11-07 09:58:32 - INFO - Epoch:   65/500  Runtime:  6.17s  EpochLoss: 0.4981547052  RandomIterLoss: 0.4621840119  lr: 4.118e-03  
2024-11-07 09:58:38 - INFO - Epoch:   66/500  Runtime:  6.12s  EpochLoss: 0.5121174936  RandomIterLoss: 0.4708527327  lr: 4.272e-03  
2024-11-07 09:58:44 - INFO - Epoch:   67/500  Runtime:  6.16s  EpochLoss: 0.5167308368  RandomIterLoss: 0.4592295289  lr: 4.394e-03  
2024-11-07 09:58:50 - INFO - Epoch:   68/500  Runtime:  6.10s  EpochLoss: 0.5203961452  RandomIterLoss: 0.4906667173  lr: 4.464e-03  
2024-11-07 09:58:56 - INFO - Epoch:   69/500  Runtime:  6.23s  EpochLoss: 0.4936041554  RandomIterLoss: 0.3781037927  lr: 4.550e-03  
2024-11-07 09:59:03 - INFO - Epoch:   70/500  Runtime:  6.22s  EpochLoss: 0.4887494729  RandomIterLoss: 0.4996857345  lr: 4.647e-03  
2024-11-07 09:59:09 - INFO - Epoch:   71/500  Runtime:  6.16s  EpochLoss: 0.5178711482  RandomIterLoss: 0.5875867009  lr: 4.799e-03  
2024-11-07 09:59:15 - INFO - Epoch:   72/500  Runtime:  6.27s  EpochLoss: 0.5259166495  RandomIterLoss: 0.6169900894  lr: 4.863e-03  
2024-11-07 09:59:21 - INFO - Epoch:   73/500  Runtime:  6.11s  EpochLoss: 0.5172903260  RandomIterLoss: 0.4786632061  lr: 4.952e-03  
2024-11-07 09:59:27 - INFO - Epoch:   74/500  Runtime:  6.14s  EpochLoss: 0.5020419021  RandomIterLoss: 0.5902023911  lr: 5.059e-03  
2024-11-07 09:59:33 - INFO - Epoch:   75/500  Runtime:  5.90s  EpochLoss: 0.5018296858  RandomIterLoss: 0.4454492331  lr: 5.117e-03  
2024-11-07 09:59:39 - INFO - Epoch:   76/500  Runtime:  5.88s  EpochLoss: 0.4883862117  RandomIterLoss: 0.4898554683  lr: 5.258e-03  
2024-11-07 09:59:46 - INFO - Epoch:   77/500  Runtime:  6.50s  EpochLoss: 0.5112072541  RandomIterLoss: 0.4623086154  lr: 5.327e-03  
2024-11-07 09:59:54 - INFO - Epoch:   78/500  Runtime:  8.55s  EpochLoss: 0.4997751801  RandomIterLoss: 0.7132955194  lr: 5.425e-03  
2024-11-07 10:00:01 - INFO - Epoch:   79/500  Runtime:  6.69s  EpochLoss: 0.4960870736  RandomIterLoss: 0.3992556632  lr: 5.555e-03  
2024-11-07 10:00:08 - INFO - Epoch:   80/500  Runtime:  7.07s  EpochLoss: 0.4894624569  RandomIterLoss: 0.5720120668  lr: 5.639e-03  
2024-11-07 10:00:14 - INFO - Epoch:   81/500  Runtime:  6.36s  EpochLoss: 0.4990585501  RandomIterLoss: 0.5539341569  lr: 5.746e-03  
2024-11-07 10:00:21 - INFO - Epoch:   82/500  Runtime:  6.40s  EpochLoss: 0.4885155863  RandomIterLoss: 0.3739082515  lr: 5.889e-03  
2024-11-07 10:00:27 - INFO - Epoch:   83/500  Runtime:  6.30s  EpochLoss: 0.4824837968  RandomIterLoss: 0.5258119702  lr: 5.959e-03  
2024-11-07 10:00:33 - INFO - Epoch:   84/500  Runtime:  6.32s  EpochLoss: 0.4841480072  RandomIterLoss: 0.3941920698  lr: 6.087e-03  
2024-11-07 10:00:40 - INFO - Epoch:   85/500  Runtime:  6.16s  EpochLoss: 0.4871507768  RandomIterLoss: 0.3774022162  lr: 6.152e-03  
2024-11-07 10:00:46 - INFO - Epoch:   86/500  Runtime:  6.12s  EpochLoss: 0.4956423071  RandomIterLoss: 0.5502853990  lr: 6.242e-03  
2024-11-07 10:00:52 - INFO - Epoch:   87/500  Runtime:  6.09s  EpochLoss: 0.4918253998  RandomIterLoss: 0.4624130428  lr: 6.360e-03  
2024-11-07 10:00:58 - INFO - Epoch:   88/500  Runtime:  6.06s  EpochLoss: 0.4776383936  RandomIterLoss: 0.4685741663  lr: 6.439e-03  
2024-11-07 10:01:04 - INFO - Epoch:   89/500  Runtime:  6.10s  EpochLoss: 0.4895297397  RandomIterLoss: 0.6234029531  lr: 6.556e-03  
2024-11-07 10:01:10 - INFO - Epoch:   90/500  Runtime:  6.08s  EpochLoss: 0.4925010902  RandomIterLoss: 0.5080556870  lr: 6.615e-03  
2024-11-07 10:01:11 - INFO - Eval Epoch: 90
2024-11-07 10:01:11 - INFO - Overall Accuracy: 80.94 || Mean Overall Accuracy: 67.07
2024-11-07 10:01:11 - INFO - Mean IoU: 0.574 || Per-class IoU score:  Ground=0.748  Building=0.720  Trees=0.783  Low vegetation=0.578  Artifacts=0.042  
2024-11-07 10:01:11 - INFO - Macro F1: 0.677 || Per-class  F1 score:  Ground=0.856  Building=0.837  Trees=0.878  Low vegetation=0.732  Artifacts=0.080  

2024-11-07 10:01:17 - INFO - Epoch:   91/500  Runtime:  6.09s  EpochLoss: 0.4731578895  RandomIterLoss: 0.4602370262  lr: 6.745e-03  
2024-11-07 10:01:23 - INFO - Epoch:   92/500  Runtime:  6.12s  EpochLoss: 0.4837023257  RandomIterLoss: 0.4243183732  lr: 6.799e-03  
2024-11-07 10:01:29 - INFO - Epoch:   93/500  Runtime:  6.00s  EpochLoss: 0.4877462516  RandomIterLoss: 0.4020178616  lr: 6.915e-03  
2024-11-07 10:01:35 - INFO - Epoch:   94/500  Runtime:  6.14s  EpochLoss: 0.4878350909  RandomIterLoss: 0.5717691183  lr: 7.049e-03  
2024-11-07 10:01:41 - INFO - Epoch:   95/500  Runtime:  6.02s  EpochLoss: 0.4871257936  RandomIterLoss: 0.4218698442  lr: 7.078e-03  
2024-11-07 10:01:47 - INFO - Epoch:   96/500  Runtime:  5.99s  EpochLoss: 0.4719991664  RandomIterLoss: 0.4990271628  lr: 7.237e-03  
2024-11-07 10:01:53 - INFO - Epoch:   97/500  Runtime:  6.05s  EpochLoss: 0.4823618281  RandomIterLoss: 0.3629317880  lr: 7.274e-03  
2024-11-07 10:01:59 - INFO - Epoch:   98/500  Runtime:  6.08s  EpochLoss: 0.4947322065  RandomIterLoss: 0.5885671377  lr: 7.411e-03  
2024-11-07 10:02:05 - INFO - Epoch:   99/500  Runtime:  6.03s  EpochLoss: 0.4720958126  RandomIterLoss: 0.4996290505  lr: 7.486e-03  
2024-11-07 10:02:11 - INFO - Epoch:  100/500  Runtime:  6.06s  EpochLoss: 0.4743510586  RandomIterLoss: 0.5139885545  lr: 7.576e-03  
2024-11-07 10:02:17 - INFO - Epoch:  101/500  Runtime:  6.07s  EpochLoss: 0.4751071185  RandomIterLoss: 0.6314388514  lr: 7.660e-03  
2024-11-07 10:02:23 - INFO - Epoch:  102/500  Runtime:  5.99s  EpochLoss: 0.5398035652  RandomIterLoss: 0.5324814320  lr: 7.771e-03  
2024-11-07 10:02:29 - INFO - Epoch:  103/500  Runtime:  6.09s  EpochLoss: 0.5001227056  RandomIterLoss: 0.3386182189  lr: 7.839e-03  
2024-11-07 10:02:35 - INFO - Epoch:  104/500  Runtime:  6.02s  EpochLoss: 0.4846276668  RandomIterLoss: 0.4090671837  lr: 7.882e-03  
2024-11-07 10:02:41 - INFO - Epoch:  105/500  Runtime:  5.94s  EpochLoss: 0.4792196751  RandomIterLoss: 0.4050683379  lr: 8.002e-03  
2024-11-07 10:02:47 - INFO - Epoch:  106/500  Runtime:  6.05s  EpochLoss: 0.4750910977  RandomIterLoss: 0.4891904891  lr: 8.045e-03  
2024-11-07 10:02:53 - INFO - Epoch:  107/500  Runtime:  6.01s  EpochLoss: 0.4689417001  RandomIterLoss: 0.5413152575  lr: 8.154e-03  
2024-11-07 10:03:00 - INFO - Epoch:  108/500  Runtime:  6.09s  EpochLoss: 0.4793030694  RandomIterLoss: 0.5514240265  lr: 8.259e-03  
2024-11-07 10:03:06 - INFO - Epoch:  109/500  Runtime:  6.01s  EpochLoss: 0.4736887149  RandomIterLoss: 0.5854136944  lr: 8.301e-03  
2024-11-07 10:03:12 - INFO - Epoch:  110/500  Runtime:  6.04s  EpochLoss: 0.4823028371  RandomIterLoss: 0.4936068356  lr: 8.372e-03  
2024-11-07 10:03:18 - INFO - Epoch:  111/500  Runtime:  5.99s  EpochLoss: 0.4572296847  RandomIterLoss: 0.4950485528  lr: 8.472e-03  
2024-11-07 10:03:24 - INFO - Epoch:  112/500  Runtime:  6.05s  EpochLoss: 0.4620280117  RandomIterLoss: 0.4146200716  lr: 8.532e-03  
2024-11-07 10:03:30 - INFO - Epoch:  113/500  Runtime:  6.09s  EpochLoss: 0.4505908760  RandomIterLoss: 0.4581429064  lr: 8.569e-03  
2024-11-07 10:03:36 - INFO - Epoch:  114/500  Runtime:  6.00s  EpochLoss: 0.4746579270  RandomIterLoss: 0.4171906114  lr: 8.694e-03  
2024-11-07 10:03:42 - INFO - Epoch:  115/500  Runtime:  5.96s  EpochLoss: 0.4730448594  RandomIterLoss: 0.4975609183  lr: 8.705e-03  
2024-11-07 10:03:48 - INFO - Epoch:  116/500  Runtime:  5.96s  EpochLoss: 0.4550400593  RandomIterLoss: 0.4913188815  lr: 8.791e-03  
2024-11-07 10:03:54 - INFO - Epoch:  117/500  Runtime:  6.02s  EpochLoss: 0.4603700198  RandomIterLoss: 0.5677646995  lr: 8.861e-03  
2024-11-07 10:04:00 - INFO - Epoch:  118/500  Runtime:  6.05s  EpochLoss: 0.4589041709  RandomIterLoss: 0.3361459672  lr: 8.921e-03  
2024-11-07 10:04:06 - INFO - Epoch:  119/500  Runtime:  6.08s  EpochLoss: 0.4757746350  RandomIterLoss: 0.6122624278  lr: 8.990e-03  
2024-11-07 10:04:12 - INFO - Epoch:  120/500  Runtime:  6.03s  EpochLoss: 0.4624723149  RandomIterLoss: 0.5218847394  lr: 9.045e-03  
2024-11-07 10:04:13 - INFO - Eval Epoch: 120
2024-11-07 10:04:13 - INFO - Overall Accuracy: 73.41 || Mean Overall Accuracy: 63.34
2024-11-07 10:04:13 - INFO - Mean IoU: 0.490 || Per-class IoU score:  Ground=0.643  Building=0.503  Trees=0.712  Low vegetation=0.561  Artifacts=0.029  
2024-11-07 10:04:13 - INFO - Macro F1: 0.612 || Per-class  F1 score:  Ground=0.783  Building=0.670  Trees=0.832  Low vegetation=0.719  Artifacts=0.056  

2024-11-07 10:04:19 - INFO - Epoch:  121/500  Runtime:  6.02s  EpochLoss: 0.4695947468  RandomIterLoss: 0.4285660684  lr: 9.143e-03  
2024-11-07 10:04:25 - INFO - Epoch:  122/500  Runtime:  6.07s  EpochLoss: 0.4618173066  RandomIterLoss: 0.4678198099  lr: 9.162e-03  
2024-11-07 10:04:31 - INFO - Epoch:  123/500  Runtime:  5.89s  EpochLoss: 0.4609685486  RandomIterLoss: 0.4885239005  lr: 9.214e-03  
2024-11-07 10:04:37 - INFO - Epoch:  124/500  Runtime:  5.97s  EpochLoss: 0.4486947825  RandomIterLoss: 0.3784219027  lr: 9.289e-03  
2024-11-07 10:04:43 - INFO - Epoch:  125/500  Runtime:  6.07s  EpochLoss: 0.4634996219  RandomIterLoss: 0.4847079813  lr: 9.341e-03  
2024-11-07 10:04:49 - INFO - Epoch:  126/500  Runtime:  5.98s  EpochLoss: 0.4571276266  RandomIterLoss: 0.6434562206  lr: 9.391e-03  
2024-11-07 10:04:54 - INFO - Epoch:  127/500  Runtime:  5.87s  EpochLoss: 0.4606318379  RandomIterLoss: 0.4367696345  lr: 9.416e-03  
2024-11-07 10:05:00 - INFO - Epoch:  128/500  Runtime:  5.89s  EpochLoss: 0.4579314833  RandomIterLoss: 0.3811871409  lr: 9.476e-03  
2024-11-07 10:05:06 - INFO - Epoch:  129/500  Runtime:  5.85s  EpochLoss: 0.4512502253  RandomIterLoss: 0.4248628020  lr: 9.524e-03  
2024-11-07 10:05:12 - INFO - Epoch:  130/500  Runtime:  5.79s  EpochLoss: 0.4594169747  RandomIterLoss: 0.5061590672  lr: 9.552e-03  
2024-11-07 10:05:18 - INFO - Epoch:  131/500  Runtime:  5.79s  EpochLoss: 0.4832668067  RandomIterLoss: 0.4390524328  lr: 9.593e-03  
2024-11-07 10:05:24 - INFO - Epoch:  132/500  Runtime:  5.98s  EpochLoss: 0.4682460671  RandomIterLoss: 0.4418092072  lr: 9.635e-03  
2024-11-07 10:05:30 - INFO - Epoch:  133/500  Runtime:  6.10s  EpochLoss: 0.4626912779  RandomIterLoss: 0.4716842473  lr: 9.673e-03  
2024-11-07 10:05:36 - INFO - Epoch:  134/500  Runtime:  5.92s  EpochLoss: 0.4591940262  RandomIterLoss: 0.4848139882  lr: 9.705e-03  
2024-11-07 10:05:42 - INFO - Epoch:  135/500  Runtime:  5.98s  EpochLoss: 0.4465872530  RandomIterLoss: 0.4316186011  lr: 9.765e-03  
2024-11-07 10:05:48 - INFO - Epoch:  136/500  Runtime:  5.84s  EpochLoss: 0.4463391792  RandomIterLoss: 0.4401509762  lr: 9.792e-03  
2024-11-07 10:05:54 - INFO - Epoch:  137/500  Runtime:  6.03s  EpochLoss: 0.4430351718  RandomIterLoss: 0.3851473927  lr: 9.798e-03  
2024-11-07 10:06:00 - INFO - Epoch:  138/500  Runtime:  5.96s  EpochLoss: 0.4494591538  RandomIterLoss: 0.4783747494  lr: 9.833e-03  
2024-11-07 10:06:06 - INFO - Epoch:  139/500  Runtime:  6.07s  EpochLoss: 0.4502398453  RandomIterLoss: 0.4598461092  lr: 9.865e-03  
2024-11-07 10:06:12 - INFO - Epoch:  140/500  Runtime:  6.06s  EpochLoss: 0.4411934567  RandomIterLoss: 0.3797703087  lr: 9.879e-03  
2024-11-07 10:06:18 - INFO - Epoch:  141/500  Runtime:  6.00s  EpochLoss: 0.4458714053  RandomIterLoss: 0.3277837336  lr: 9.904e-03  
2024-11-07 10:06:24 - INFO - Epoch:  142/500  Runtime:  6.19s  EpochLoss: 0.4407333705  RandomIterLoss: 0.4237152338  lr: 9.925e-03  
2024-11-07 10:06:30 - INFO - Epoch:  143/500  Runtime:  6.04s  EpochLoss: 0.4456415231  RandomIterLoss: 0.4731889367  lr: 9.946e-03  
2024-11-07 10:06:36 - INFO - Epoch:  144/500  Runtime:  6.01s  EpochLoss: 0.4511902088  RandomIterLoss: 0.4365240932  lr: 9.951e-03  
2024-11-07 10:06:42 - INFO - Epoch:  145/500  Runtime:  6.08s  EpochLoss: 0.4753598970  RandomIterLoss: 0.4510982335  lr: 9.973e-03  
2024-11-07 10:06:48 - INFO - Epoch:  146/500  Runtime:  6.06s  EpochLoss: 0.4610394964  RandomIterLoss: 0.4562713206  lr: 9.977e-03  
2024-11-07 10:06:54 - INFO - Epoch:  147/500  Runtime:  5.95s  EpochLoss: 0.4416062222  RandomIterLoss: 0.5359300375  lr: 9.984e-03  
2024-11-07 10:07:00 - INFO - Epoch:  148/500  Runtime:  6.00s  EpochLoss: 0.4419580942  RandomIterLoss: 0.4280856550  lr: 9.993e-03  
2024-11-07 10:07:06 - INFO - Epoch:  149/500  Runtime:  6.12s  EpochLoss: 0.4339631613  RandomIterLoss: 0.4541506767  lr: 9.996e-03  
2024-11-07 10:07:12 - INFO - Epoch:  150/500  Runtime:  6.04s  EpochLoss: 0.4568578770  RandomIterLoss: 0.4830433130  lr: 9.999e-03  
2024-11-07 10:07:13 - INFO - Eval Epoch: 150
2024-11-07 10:07:13 - INFO - Overall Accuracy: 81.15 || Mean Overall Accuracy: 68.09
2024-11-07 10:07:13 - INFO - Mean IoU: 0.581 || Per-class IoU score:  Ground=0.743  Building=0.752  Trees=0.796  Low vegetation=0.595  Artifacts=0.020  
2024-11-07 10:07:13 - INFO - Macro F1: 0.677 || Per-class  F1 score:  Ground=0.852  Building=0.858  Trees=0.887  Low vegetation=0.746  Artifacts=0.040  

2024-11-07 10:07:19 - INFO - Epoch:  151/500  Runtime:  6.20s  EpochLoss: 0.4595396790  RandomIterLoss: 0.4341904223  lr: 1.000e-02  
2024-11-07 10:07:25 - INFO - Epoch:  152/500  Runtime:  6.03s  EpochLoss: 0.4428028051  RandomIterLoss: 0.5104603171  lr: 1.000e-02  
2024-11-07 10:07:31 - INFO - Epoch:  153/500  Runtime:  6.02s  EpochLoss: 0.4415542497  RandomIterLoss: 0.5277251005  lr: 9.999e-03  
2024-11-07 10:07:37 - INFO - Epoch:  154/500  Runtime:  6.06s  EpochLoss: 0.4374659779  RandomIterLoss: 0.3919021189  lr: 9.997e-03  
2024-11-07 10:07:43 - INFO - Epoch:  155/500  Runtime:  6.03s  EpochLoss: 0.4437103597  RandomIterLoss: 0.3632550240  lr: 9.995e-03  
2024-11-07 10:07:49 - INFO - Epoch:  156/500  Runtime:  6.03s  EpochLoss: 0.4435071552  RandomIterLoss: 0.3698751926  lr: 9.994e-03  
2024-11-07 10:07:55 - INFO - Epoch:  157/500  Runtime:  5.87s  EpochLoss: 0.4368177429  RandomIterLoss: 0.4790941775  lr: 9.992e-03  
2024-11-07 10:08:01 - INFO - Epoch:  158/500  Runtime:  6.11s  EpochLoss: 0.4511125752  RandomIterLoss: 0.4897255599  lr: 9.988e-03  
2024-11-07 10:08:07 - INFO - Epoch:  159/500  Runtime:  6.10s  EpochLoss: 0.4332056079  RandomIterLoss: 0.3958955705  lr: 9.986e-03  
2024-11-07 10:08:14 - INFO - Epoch:  160/500  Runtime:  6.08s  EpochLoss: 0.4490920813  RandomIterLoss: 0.4630254805  lr: 9.983e-03  
2024-11-07 10:08:20 - INFO - Epoch:  161/500  Runtime:  5.99s  EpochLoss: 0.4295721433  RandomIterLoss: 0.6347304583  lr: 9.977e-03  
2024-11-07 10:08:26 - INFO - Epoch:  162/500  Runtime:  6.07s  EpochLoss: 0.4428145675  RandomIterLoss: 0.4598286152  lr: 9.975e-03  
2024-11-07 10:08:32 - INFO - Epoch:  163/500  Runtime:  6.03s  EpochLoss: 0.4917143637  RandomIterLoss: 0.4826320112  lr: 9.968e-03  
2024-11-07 10:08:38 - INFO - Epoch:  164/500  Runtime:  6.01s  EpochLoss: 0.4486777349  RandomIterLoss: 0.4181360900  lr: 9.961e-03  
2024-11-07 10:08:44 - INFO - Epoch:  165/500  Runtime:  5.98s  EpochLoss: 0.4531531964  RandomIterLoss: 0.3945894241  lr: 9.957e-03  
2024-11-07 10:08:50 - INFO - Epoch:  166/500  Runtime:  6.03s  EpochLoss: 0.4383417056  RandomIterLoss: 0.3727473021  lr: 9.952e-03  
2024-11-07 10:08:56 - INFO - Epoch:  167/500  Runtime:  5.87s  EpochLoss: 0.4380880980  
2024-11-07 10:09:02 - INFO - Epoch:  168/500  Runtime:  6.01s  EpochLoss: 0.4250806645  RandomIterLoss: 0.3903942108  lr: 9.937e-03  
2024-11-07 10:09:08 - INFO - Epoch:  169/500  Runtime:  6.01s  EpochLoss: 0.4274913154  RandomIterLoss: 0.4637012482  lr: 9.931e-03  
2024-11-07 10:09:14 - INFO - Epoch:  170/500  Runtime:  6.06s  EpochLoss: 0.4272794053  RandomIterLoss: 0.4529966116  lr: 9.927e-03  
2024-11-07 10:09:20 - INFO - Epoch:  171/500  Runtime:  6.05s  EpochLoss: 0.4358530817  RandomIterLoss: 0.4788365364  lr: 9.917e-03  
2024-11-07 10:09:26 - INFO - Epoch:  172/500  Runtime:  6.03s  EpochLoss: 0.4188634096  
2024-11-07 10:09:32 - INFO - Epoch:  173/500  Runtime:  6.00s  EpochLoss: 0.4161730084  RandomIterLoss: 0.4978400767  lr: 9.902e-03  
2024-11-07 10:09:38 - INFO - Epoch:  174/500  Runtime:  6.01s  EpochLoss: 0.4222723537  RandomIterLoss: 0.4370646179  lr: 9.888e-03  
2024-11-07 10:09:44 - INFO - Epoch:  175/500  Runtime:  6.04s  EpochLoss: 0.4394279698  RandomIterLoss: 0.4240906835  lr: 9.882e-03  
2024-11-07 10:09:50 - INFO - Epoch:  176/500  Runtime:  6.03s  EpochLoss: 0.4262494790  RandomIterLoss: 0.4108948708  lr: 9.871e-03  
2024-11-07 10:09:56 - INFO - Epoch:  177/500  Runtime:  6.02s  EpochLoss: 0.4253748642  RandomIterLoss: 0.4280780852  lr: 9.855e-03  
2024-11-07 10:10:02 - INFO - Epoch:  178/500  Runtime:  5.83s  EpochLoss: 0.4359642193  RandomIterLoss: 0.4848652780  lr: 9.848e-03  
2024-11-07 10:10:08 - INFO - Epoch:  179/500  Runtime:  5.88s  EpochLoss: 0.4282569045  RandomIterLoss: 0.3519468904  lr: 9.838e-03  
2024-11-07 10:10:14 - INFO - Epoch:  180/500  Runtime:  6.10s  EpochLoss: 0.4117948535  RandomIterLoss: 0.3862507939  lr: 9.826e-03  
2024-11-07 10:10:14 - INFO - Eval Epoch: 180
2024-11-07 10:10:14 - INFO - Overall Accuracy: 80.20 || Mean Overall Accuracy: 67.95
2024-11-07 10:10:14 - INFO - Mean IoU: 0.577 || Per-class IoU score:  Ground=0.744  Building=0.720  Trees=0.751  Low vegetation=0.564  Artifacts=0.107  
2024-11-07 10:10:14 - INFO - Macro F1: 0.693 || Per-class  F1 score:  Ground=0.853  Building=0.838  Trees=0.858  Low vegetation=0.721  Artifacts=0.193  

2024-11-07 10:10:21 - INFO - Epoch:  181/500  Runtime:  6.19s  EpochLoss: 0.4232533825  RandomIterLoss: 0.4612737298  lr: 9.815e-03  
2024-11-07 10:10:27 - INFO - Epoch:  182/500  Runtime:  5.97s  EpochLoss: 0.4329978824  RandomIterLoss: 0.4263066053  lr: 9.803e-03  
2024-11-07 10:10:33 - INFO - Epoch:  183/500  Runtime:  6.10s  EpochLoss: 0.4199411449  RandomIterLoss: 0.3852244020  lr: 9.792e-03  
2024-11-07 10:10:39 - INFO - Epoch:  184/500  Runtime:  6.01s  EpochLoss: 0.4166765098  RandomIterLoss: 0.3571922779  lr: 9.773e-03  
2024-11-07 10:10:45 - INFO - Epoch:  185/500  Runtime:  6.06s  EpochLoss: 0.4185857996  RandomIterLoss: 0.3869148791  lr: 9.764e-03  
2024-11-07 10:10:51 - INFO - Epoch:  186/500  Runtime:  5.97s  EpochLoss: 0.4106014418  RandomIterLoss: 0.4619351029  lr: 9.749e-03  
2024-11-07 10:10:57 - INFO - Epoch:  187/500  Runtime:  6.03s  EpochLoss: 0.4307285005  RandomIterLoss: 0.4291096330  lr: 9.736e-03  
2024-11-07 10:11:03 - INFO - Epoch:  188/500  Runtime:  6.05s  EpochLoss: 0.4263930145  RandomIterLoss: 0.3846987486  lr: 9.713e-03  
2024-11-07 10:11:09 - INFO - Epoch:  189/500  Runtime:  6.08s  EpochLoss: 0.4182886861  RandomIterLoss: 0.4204589128  lr: 9.702e-03  
2024-11-07 10:11:15 - INFO - Epoch:  190/500  Runtime:  6.06s  EpochLoss: 0.4215883890  RandomIterLoss: 0.3503810763  lr: 9.695e-03  
2024-11-07 10:11:21 - INFO - Epoch:  191/500  Runtime:  6.02s  EpochLoss: 0.4188444330  RandomIterLoss: 0.4381776750  lr: 9.680e-03  
2024-11-07 10:11:27 - INFO - Epoch:  192/500  Runtime:  6.04s  EpochLoss: 0.4118267372  RandomIterLoss: 0.4233533442  lr: 9.654e-03  
2024-11-07 10:11:33 - INFO - Epoch:  193/500  Runtime:  6.04s  EpochLoss: 0.4147296033  RandomIterLoss: 0.3871040046  lr: 9.640e-03  
2024-11-07 10:11:39 - INFO - Epoch:  194/500  Runtime:  5.95s  EpochLoss: 0.4192578799  RandomIterLoss: 0.3836279511  lr: 9.619e-03  
2024-11-07 10:11:45 - INFO - Epoch:  195/500  Runtime:  6.00s  EpochLoss: 0.4042151719  RandomIterLoss: 0.4352153242  lr: 9.610e-03  
2024-11-07 10:11:51 - INFO - Epoch:  196/500  Runtime:  6.09s  EpochLoss: 0.4168846350  RandomIterLoss: 0.3927536011  lr: 9.583e-03  
2024-11-07 10:11:57 - INFO - Epoch:  197/500  Runtime:  6.13s  EpochLoss: 0.4116431549  RandomIterLoss: 0.4246202409  lr: 9.563e-03  
2024-11-07 10:12:03 - INFO - Epoch:  198/500  Runtime:  6.06s  EpochLoss: 0.4135498323  RandomIterLoss: 0.3778756857  lr: 9.553e-03  
2024-11-07 10:12:09 - INFO - Epoch:  199/500  Runtime:  6.02s  EpochLoss: 0.4064989063  RandomIterLoss: 0.3496613204  lr: 9.538e-03  
2024-11-07 10:12:15 - INFO - Epoch:  200/500  Runtime:  6.06s  EpochLoss: 0.4143051343  RandomIterLoss: 0.3833352625  lr: 9.509e-03  
2024-11-07 10:12:21 - INFO - Epoch:  201/500  Runtime:  5.95s  EpochLoss: 0.4075448276  RandomIterLoss: 0.4382245839  lr: 9.495e-03  
2024-11-07 10:12:27 - INFO - Epoch:  202/500  Runtime:  6.08s  EpochLoss: 0.4144981802  RandomIterLoss: 0.3317119479  lr: 9.483e-03  
2024-11-07 10:12:33 - INFO - Epoch:  203/500  Runtime:  6.07s  EpochLoss: 0.4153961526  RandomIterLoss: 0.3853413761  lr: 9.447e-03  
2024-11-07 10:12:39 - INFO - Epoch:  204/500  Runtime:  6.03s  EpochLoss: 0.4068040259  RandomIterLoss: 0.3823988140  lr: 9.427e-03  
2024-11-07 10:12:45 - INFO - Epoch:  205/500  Runtime:  6.00s  EpochLoss: 0.4075465880  RandomIterLoss: 0.3830209672  lr: 9.417e-03  
2024-11-07 10:12:52 - INFO - Epoch:  206/500  Runtime:  6.05s  EpochLoss: 0.4086615443  RandomIterLoss: 0.3329976797  lr: 9.383e-03  
2024-11-07 10:12:58 - INFO - Epoch:  207/500  Runtime:  6.08s  EpochLoss: 0.4161440493  RandomIterLoss: 0.4512198567  lr: 9.360e-03  
2024-11-07 10:13:04 - INFO - Epoch:  208/500  Runtime:  6.02s  EpochLoss: 0.3997377950  RandomIterLoss: 0.4036372900  lr: 9.357e-03  
2024-11-07 10:13:10 - INFO - Epoch:  209/500  Runtime:  6.02s  EpochLoss: 0.3996542083  RandomIterLoss: 0.3675026894  lr: 9.315e-03  
2024-11-07 10:13:16 - INFO - Epoch:  210/500  Runtime:  5.88s  EpochLoss: 0.4158356623  RandomIterLoss: 0.4047007561  lr: 9.300e-03  
2024-11-07 10:13:16 - INFO - Eval Epoch: 210
2024-11-07 10:13:16 - INFO - Overall Accuracy: 80.74 || Mean Overall Accuracy: 66.59
2024-11-07 10:13:16 - INFO - Mean IoU: 0.573 || Per-class IoU score:  Ground=0.761  Building=0.787  Trees=0.691  Low vegetation=0.542  Artifacts=0.083  
2024-11-07 10:13:16 - INFO - Macro F1: 0.683 || Per-class  F1 score:  Ground=0.864  Building=0.881  Trees=0.817  Low vegetation=0.703  Artifacts=0.152  

2024-11-07 10:13:22 - INFO - Epoch:  211/500  Runtime:  6.09s  EpochLoss: 0.3981715678  RandomIterLoss: 0.4775935113  lr: 9.272e-03  
2024-11-07 10:13:28 - INFO - Epoch:  212/500  Runtime:  6.03s  EpochLoss: 0.4053403796  RandomIterLoss: 0.4207003713  lr: 9.254e-03  
2024-11-07 10:13:34 - INFO - Epoch:  213/500  Runtime:  6.08s  EpochLoss: 0.4151231931  RandomIterLoss: 0.3984292150  lr: 9.230e-03  
2024-11-07 10:13:40 - INFO - Epoch:  214/500  Runtime:  6.07s  EpochLoss: 0.4085022177  RandomIterLoss: 0.4274490178  lr: 9.197e-03  
2024-11-07 10:13:46 - INFO - Epoch:  215/500  Runtime:  5.77s  EpochLoss: 0.4214977453  RandomIterLoss: 0.3708361685  lr: 9.183e-03  
2024-11-07 10:13:52 - INFO - Epoch:  216/500  Runtime:  5.78s  EpochLoss: 0.4142089899  RandomIterLoss: 0.4149656892  lr: 9.159e-03  
2024-11-07 10:13:58 - INFO - Epoch:  217/500  Runtime:  6.08s  EpochLoss: 0.4002180601  RandomIterLoss: 0.3536197841  lr: 9.133e-03  
2024-11-07 10:14:04 - INFO - Epoch:  218/500  Runtime:  6.04s  EpochLoss: 0.3952099322  RandomIterLoss: 0.3674721420  lr: 9.115e-03  
2024-11-07 10:14:10 - INFO - Epoch:  219/500  Runtime:  6.10s  EpochLoss: 0.4128590287  RandomIterLoss: 0.5301804543  lr: 9.085e-03  
2024-11-07 10:14:16 - INFO - Epoch:  220/500  Runtime:  6.02s  EpochLoss: 0.3951454359  RandomIterLoss: 0.3347191513  lr: 9.055e-03  
2024-11-07 10:14:22 - INFO - Epoch:  221/500  Runtime:  6.10s  EpochLoss: 0.3955965794  RandomIterLoss: 0.2773982584  lr: 9.018e-03  
2024-11-07 10:14:28 - INFO - Epoch:  222/500  Runtime:  6.06s  EpochLoss: 0.3973513821  RandomIterLoss: 0.3573100269  lr: 8.995e-03  
2024-11-07 10:14:34 - INFO - Epoch:  223/500  Runtime:  6.01s  EpochLoss: 0.3912477229  RandomIterLoss: 0.3315313756  lr: 8.990e-03  
2024-11-07 10:14:40 - INFO - Epoch:  224/500  Runtime:  5.96s  EpochLoss: 0.4074276896  RandomIterLoss: 0.4674404562  lr: 8.954e-03  
2024-11-07 10:14:47 - INFO - Epoch:  225/500  Runtime:  6.08s  EpochLoss: 0.4028784389  RandomIterLoss: 0.3209314048  lr: 8.922e-03  
2024-11-07 10:14:53 - INFO - Epoch:  226/500  Runtime:  6.06s  EpochLoss: 0.3871716525  RandomIterLoss: 0.3489534259  lr: 8.906e-03  
2024-11-07 10:14:59 - INFO - Epoch:  227/500  Runtime:  6.06s  EpochLoss: 0.3866753761  RandomIterLoss: 0.4572168291  lr: 8.880e-03  
2024-11-07 10:15:05 - INFO - Epoch:  228/500  Runtime:  5.94s  EpochLoss: 0.3872595809  RandomIterLoss: 0.4302047193  lr: 8.840e-03  
2024-11-07 10:15:11 - INFO - Epoch:  229/500  Runtime:  5.95s  EpochLoss: 0.4030625075  RandomIterLoss: 0.3895585239  lr: 8.817e-03  
2024-11-07 10:15:16 - INFO - Epoch:  230/500  Runtime:  5.82s  EpochLoss: 0.4046960121  RandomIterLoss: 0.4082953632  lr: 8.789e-03  
2024-11-07 10:15:22 - INFO - Epoch:  231/500  Runtime:  5.77s  EpochLoss: 0.3888597786  RandomIterLoss: 0.3252304196  lr: 8.738e-03  
2024-11-07 10:15:28 - INFO - Epoch:  232/500  Runtime:  5.80s  EpochLoss: 0.3888586773  RandomIterLoss: 0.5537716746  lr: 8.714e-03  
2024-11-07 10:15:34 - INFO - Epoch:  233/500  Runtime:  5.84s  EpochLoss: 0.3908096085  RandomIterLoss: 0.3747341931  lr: 8.682e-03  
2024-11-07 10:15:40 - INFO - Epoch:  234/500  Runtime:  5.84s  EpochLoss: 0.3867916438  RandomIterLoss: 0.3458682597  lr: 8.662e-03  
2024-11-07 10:15:45 - INFO - Epoch:  235/500  Runtime:  5.82s  EpochLoss: 0.3884537003  RandomIterLoss: 0.3040880561  lr: 8.636e-03  
2024-11-07 10:15:51 - INFO - Epoch:  236/500  Runtime:  5.85s  EpochLoss: 0.3869483237  RandomIterLoss: 0.3525409698  lr: 8.609e-03  
2024-11-07 10:15:57 - INFO - Epoch:  237/500  Runtime:  5.93s  EpochLoss: 0.3970187706  RandomIterLoss: 0.4795461297  lr: 8.579e-03  
2024-11-07 10:16:03 - INFO - Epoch:  238/500  Runtime:  5.99s  EpochLoss: 0.3912960982  RandomIterLoss: 0.4105689526  lr: 8.538e-03  
2024-11-07 10:16:09 - INFO - Epoch:  239/500  Runtime:  6.05s  EpochLoss: 0.3911364803  RandomIterLoss: 0.4069590271  lr: 8.509e-03  
2024-11-07 10:16:15 - INFO - Epoch:  240/500  Runtime:  6.08s  EpochLoss: 0.3785080618  RandomIterLoss: 0.4767852426  lr: 8.457e-03  
2024-11-07 10:16:16 - INFO - Eval Epoch: 240
2024-11-07 10:16:16 - INFO - Overall Accuracy: 81.05 || Mean Overall Accuracy: 67.37
2024-11-07 10:16:16 - INFO - Mean IoU: 0.585 || Per-class IoU score:  Ground=0.755  Building=0.826  Trees=0.766  Low vegetation=0.504  Artifacts=0.072  
2024-11-07 10:16:16 - INFO - Macro F1: 0.688 || Per-class  F1 score:  Ground=0.860  Building=0.905  Trees=0.867  Low vegetation=0.670  Artifacts=0.135  

2024-11-07 10:16:22 - INFO - Epoch:  241/500  Runtime:  6.09s  EpochLoss: 0.3828127885  RandomIterLoss: 0.3438106179  lr: 8.440e-03  
2024-11-07 10:16:28 - INFO - Epoch:  242/500  Runtime:  5.93s  EpochLoss: 0.3865829097  RandomIterLoss: 0.4667122960  lr: 8.402e-03  
2024-11-07 10:16:34 - INFO - Epoch:  243/500  Runtime:  5.80s  EpochLoss: 0.3971027034  RandomIterLoss: 0.2997388244  lr: 8.369e-03  
2024-11-07 10:16:40 - INFO - Epoch:  244/500  Runtime:  6.04s  EpochLoss: 0.3808440194  RandomIterLoss: 0.4729748964  lr: 8.337e-03  
2024-11-07 10:16:46 - INFO - Epoch:  245/500  Runtime:  6.11s  EpochLoss: 0.3916192441  RandomIterLoss: 0.3914335072  lr: 8.302e-03  
2024-11-07 10:16:52 - INFO - Epoch:  246/500  Runtime:  6.03s  EpochLoss: 0.3792371425  RandomIterLoss: 0.4108707607  lr: 8.256e-03  
2024-11-07 10:16:58 - INFO - Epoch:  247/500  Runtime:  6.05s  EpochLoss: 0.3857032508  RandomIterLoss: 0.5346033573  lr: 8.226e-03  
2024-11-07 10:17:04 - INFO - Epoch:  248/500  Runtime:  5.74s  EpochLoss: 0.3810532615  RandomIterLoss: 0.4507124424  lr: 8.190e-03  
2024-11-07 10:17:10 - INFO - Epoch:  249/500  Runtime:  6.00s  EpochLoss: 0.3857894960  RandomIterLoss: 0.2622700334  lr: 8.182e-03  
2024-11-07 10:17:16 - INFO - Epoch:  250/500  Runtime:  5.95s  EpochLoss: 0.3793678263  RandomIterLoss: 0.4651591182  lr: 8.144e-03  
2024-11-07 10:17:22 - INFO - Epoch:  251/500  Runtime:  6.01s  EpochLoss: 0.3830545084  RandomIterLoss: 0.3367368877  lr: 8.087e-03  
2024-11-07 10:17:28 - INFO - Epoch:  252/500  Runtime:  6.04s  EpochLoss: 0.3774682209  RandomIterLoss: 0.3003930748  lr: 8.060e-03  
2024-11-07 10:17:34 - INFO - Epoch:  253/500  Runtime:  6.14s  EpochLoss: 0.3795985905  RandomIterLoss: 0.3535983264  lr: 8.021e-03  
2024-11-07 10:17:40 - INFO - Epoch:  254/500  Runtime:  6.03s  EpochLoss: 0.3751991669  RandomIterLoss: 0.4348949194  lr: 8.002e-03  
2024-11-07 10:17:46 - INFO - Epoch:  255/500  Runtime:  5.97s  EpochLoss: 0.3774859350  RandomIterLoss: 0.4538823664  lr: 7.942e-03  
2024-11-07 10:17:52 - INFO - Epoch:  256/500  Runtime:  5.96s  EpochLoss: 0.3875791661  RandomIterLoss: 0.4305846095  lr: 7.924e-03  
2024-11-07 10:17:58 - INFO - Epoch:  257/500  Runtime:  6.07s  EpochLoss: 0.3730366095  RandomIterLoss: 0.4010763168  lr: 7.883e-03  
2024-11-07 10:18:04 - INFO - Epoch:  258/500  Runtime:  5.96s  EpochLoss: 0.3751408356  RandomIterLoss: 0.3877153695  lr: 7.840e-03  
2024-11-07 10:18:10 - INFO - Epoch:  259/500  Runtime:  6.04s  EpochLoss: 0.3713443997  RandomIterLoss: 0.3571341932  lr: 7.795e-03  
2024-11-07 10:18:16 - INFO - Epoch:  260/500  Runtime:  6.09s  EpochLoss: 0.3619907031  RandomIterLoss: 0.3782755435  lr: 7.760e-03  
2024-11-07 10:18:22 - INFO - Epoch:  261/500  Runtime:  6.03s  EpochLoss: 0.3691920306  RandomIterLoss: 0.5183829069  lr: 7.719e-03  
2024-11-07 10:18:28 - INFO - Epoch:  262/500  Runtime:  6.11s  EpochLoss: 0.3734717823  RandomIterLoss: 0.3264939785  lr: 7.714e-03  
2024-11-07 10:18:34 - INFO - Epoch:  263/500  Runtime:  6.03s  EpochLoss: 0.3781267513  RandomIterLoss: 0.4809582829  lr: 7.670e-03  
2024-11-07 10:18:40 - INFO - Epoch:  264/500  Runtime:  5.90s  EpochLoss: 0.3590610041  RandomIterLoss: 0.3129937053  lr: 7.639e-03  
2024-11-07 10:18:46 - INFO - Epoch:  265/500  Runtime:  5.82s  EpochLoss: 0.3504304473  RandomIterLoss: 0.3218217790  lr: 7.594e-03  
2024-11-07 10:18:52 - INFO - Epoch:  266/500  Runtime:  5.86s  EpochLoss: 0.3645130809  RandomIterLoss: 0.3431849778  lr: 7.527e-03  
2024-11-07 10:18:58 - INFO - Epoch:  267/500  Runtime:  5.81s  EpochLoss: 0.3735155971  RandomIterLoss: 0.4128274322  lr: 7.511e-03  
2024-11-07 10:19:04 - INFO - Epoch:  268/500  Runtime:  5.96s  EpochLoss: 0.3728423525  RandomIterLoss: 0.3678326607  lr: 7.453e-03  
2024-11-07 10:19:10 - INFO - Epoch:  269/500  Runtime:  6.06s  EpochLoss: 0.3793507069  RandomIterLoss: 0.3820140064  lr: 7.413e-03  
2024-11-07 10:19:16 - INFO - Epoch:  270/500  Runtime:  6.04s  EpochLoss: 0.3709311282  RandomIterLoss: 0.3547799587  lr: 7.398e-03  
2024-11-07 10:19:17 - INFO - Eval Epoch: 270
2024-11-07 10:19:17 - INFO - Overall Accuracy: 83.10 || Mean Overall Accuracy: 71.35
2024-11-07 10:19:17 - INFO - Mean IoU: 0.624 || Per-class IoU score:  Ground=0.758  Building=0.874  Trees=0.803  Low vegetation=0.617  Artifacts=0.068  
2024-11-07 10:19:17 - INFO - Macro F1: 0.715 || Per-class  F1 score:  Ground=0.862  Building=0.933  Trees=0.891  Low vegetation=0.763  Artifacts=0.127  

2024-11-07 10:19:23 - INFO - Epoch:  271/500  Runtime:  6.19s  EpochLoss: 0.3632489084  RandomIterLoss: 0.3947851956  lr: 7.359e-03  
2024-11-07 10:19:29 - INFO - Epoch:  272/500  Runtime:  6.16s  EpochLoss: 0.3680747510  RandomIterLoss: 0.3257319927  lr: 7.301e-03  
2024-11-07 10:19:35 - INFO - Epoch:  273/500  Runtime:  6.06s  EpochLoss: 0.3643026047  RandomIterLoss: 0.4160569906  lr: 7.267e-03  
2024-11-07 10:19:41 - INFO - Epoch:  274/500  Runtime:  5.96s  EpochLoss: 0.3615524518  RandomIterLoss: 0.2737023532  lr: 7.236e-03  
2024-11-07 10:19:47 - INFO - Epoch:  275/500  Runtime:  6.02s  EpochLoss: 0.3558880097  RandomIterLoss: 0.3886681497  lr: 7.200e-03  
2024-11-07 10:19:53 - INFO - Epoch:  276/500  Runtime:  6.11s  EpochLoss: 0.3724359599  
2024-11-07 10:19:59 - INFO - Epoch:  277/500  Runtime:  6.08s  EpochLoss: 0.3596287580  RandomIterLoss: 0.3889054060  lr: 7.092e-03  
2024-11-07 10:20:05 - INFO - Epoch:  278/500  Runtime:  6.08s  EpochLoss: 0.3550414165  RandomIterLoss: 0.3246067166  lr: 7.063e-03  
2024-11-07 10:20:11 - INFO - Epoch:  279/500  Runtime:  6.12s  EpochLoss: 0.3632434935  RandomIterLoss: 0.3199670315  lr: 7.017e-03  
2024-11-07 10:20:17 - INFO - Epoch:  280/500  Runtime:  6.06s  EpochLoss: 0.3660870851  RandomIterLoss: 0.2699644864  lr: 6.974e-03  
2024-11-07 10:20:23 - INFO - Epoch:  281/500  Runtime:  5.94s  EpochLoss: 0.3684379682  RandomIterLoss: 0.3582126796  lr: 6.935e-03  
2024-11-07 10:20:29 - INFO - Epoch:  282/500  Runtime:  6.09s  EpochLoss: 0.3635205037  RandomIterLoss: 0.3630646765  lr: 6.922e-03  
2024-11-07 10:20:35 - INFO - Epoch:  283/500  Runtime:  6.07s  EpochLoss: 0.3693753176  RandomIterLoss: 0.2924992740  lr: 6.843e-03  
2024-11-07 10:20:42 - INFO - Epoch:  284/500  Runtime:  6.10s  EpochLoss: 0.3655753650  RandomIterLoss: 0.3406407535  lr: 6.824e-03  
2024-11-07 10:20:48 - INFO - Epoch:  285/500  Runtime:  6.13s  EpochLoss: 0.3636652753  RandomIterLoss: 0.3331229687  lr: 6.793e-03  
2024-11-07 10:20:54 - INFO - Epoch:  286/500  Runtime:  6.06s  EpochLoss: 0.3473935378  RandomIterLoss: 0.3134747744  lr: 6.740e-03  
2024-11-07 10:21:00 - INFO - Epoch:  287/500  Runtime:  6.07s  EpochLoss: 0.3599480892  RandomIterLoss: 0.2817399502  lr: 6.695e-03  
2024-11-07 10:21:06 - INFO - Epoch:  288/500  Runtime:  6.15s  EpochLoss: 0.3504108360  RandomIterLoss: 0.3292489946  lr: 6.652e-03  
2024-11-07 10:21:12 - INFO - Epoch:  289/500  Runtime:  6.08s  EpochLoss: 0.3542069827  RandomIterLoss: 0.2662102580  lr: 6.618e-03  
2024-11-07 10:21:18 - INFO - Epoch:  290/500  Runtime:  6.14s  EpochLoss: 0.3502068330  RandomIterLoss: 0.3852286041  lr: 6.559e-03  
2024-11-07 10:21:24 - INFO - Epoch:  291/500  Runtime:  6.13s  EpochLoss: 0.3606323058  RandomIterLoss: 0.4161052406  lr: 6.531e-03  
2024-11-07 10:21:30 - INFO - Epoch:  292/500  Runtime:  6.09s  EpochLoss: 0.3504806323  RandomIterLoss: 0.3682152331  lr: 6.472e-03  
2024-11-07 10:21:37 - INFO - Epoch:  293/500  Runtime:  6.10s  EpochLoss: 0.3578541462  RandomIterLoss: 0.4363571405  lr: 6.443e-03  
2024-11-07 10:21:43 - INFO - Epoch:  294/500  Runtime:  6.10s  EpochLoss: 0.3459340591  RandomIterLoss: 0.2924609482  lr: 6.390e-03  
2024-11-07 10:21:49 - INFO - Epoch:  295/500  Runtime:  6.08s  EpochLoss: 0.3540905975  RandomIterLoss: 0.2988983095  lr: 6.357e-03  
2024-11-07 10:21:55 - INFO - Epoch:  296/500  Runtime:  6.03s  EpochLoss: 0.3444248756  RandomIterLoss: 0.2801624835  lr: 6.309e-03  
2024-11-07 10:22:01 - INFO - Epoch:  297/500  Runtime:  6.12s  EpochLoss: 0.3504077663  RandomIterLoss: 0.4248320460  lr: 6.245e-03  
2024-11-07 10:22:07 - INFO - Epoch:  298/500  Runtime:  6.10s  EpochLoss: 0.3469728658  RandomIterLoss: 0.3714714050  lr: 6.225e-03  
2024-11-07 10:22:13 - INFO - Epoch:  299/500  Runtime:  6.05s  EpochLoss: 0.3489735868  RandomIterLoss: 0.4380245507  lr: 6.187e-03  
2024-11-07 10:22:19 - INFO - Epoch:  300/500  Runtime:  6.06s  EpochLoss: 0.3435979885  RandomIterLoss: 0.2815911472  lr: 6.151e-03  
2024-11-07 10:22:20 - INFO - Eval Epoch: 300
2024-11-07 10:22:20 - INFO - Overall Accuracy: 83.62 || Mean Overall Accuracy: 71.02
2024-11-07 10:22:20 - INFO - Mean IoU: 0.625 || Per-class IoU score:  Ground=0.771  Building=0.859  Trees=0.804  Low vegetation=0.634  Artifacts=0.058  
2024-11-07 10:22:20 - INFO - Macro F1: 0.714 || Per-class  F1 score:  Ground=0.871  Building=0.924  Trees=0.891  Low vegetation=0.776  Artifacts=0.109  

2024-11-07 10:22:26 - INFO - Epoch:  301/500  Runtime:  6.08s  EpochLoss: 0.3474060592  RandomIterLoss: 0.3271892667  lr: 6.101e-03  
2024-11-07 10:22:32 - INFO - Epoch:  302/500  Runtime:  6.06s  EpochLoss: 0.3468181403  RandomIterLoss: 0.2721634805  lr: 6.056e-03  
2024-11-07 10:22:38 - INFO - Epoch:  303/500  Runtime:  5.97s  EpochLoss: 0.3495403935  RandomIterLoss: 0.4398318231  lr: 6.022e-03  
2024-11-07 10:22:44 - INFO - Epoch:  304/500  Runtime:  5.93s  EpochLoss: 0.3490512893  RandomIterLoss: 0.3843408525  lr: 5.944e-03  
2024-11-07 10:22:50 - INFO - Epoch:  305/500  Runtime:  6.06s  EpochLoss: 0.3439801281  RandomIterLoss: 0.2992858887  lr: 5.926e-03  
2024-11-07 10:22:56 - INFO - Epoch:  306/500  Runtime:  6.02s  EpochLoss: 0.3384653875  RandomIterLoss: 0.3323314488  lr: 5.860e-03  
2024-11-07 10:23:02 - INFO - Epoch:  307/500  Runtime:  6.08s  EpochLoss: 0.3338148733  RandomIterLoss: 0.3161924481  lr: 5.821e-03  
2024-11-07 10:23:08 - INFO - Epoch:  308/500  Runtime:  5.84s  EpochLoss: 0.3385505361  RandomIterLoss: 0.3019793630  lr: 5.773e-03  
2024-11-07 10:23:14 - INFO - Epoch:  309/500  Runtime:  5.84s  EpochLoss: 0.3391083093  RandomIterLoss: 0.2578530908  lr: 5.727e-03  
2024-11-07 10:23:20 - INFO - Epoch:  310/500  Runtime:  6.07s  EpochLoss: 0.3443552838  RandomIterLoss: 0.3587946892  lr: 5.703e-03  
2024-11-07 10:23:26 - INFO - Epoch:  311/500  Runtime:  6.06s  EpochLoss: 0.3451702026  RandomIterLoss: 0.3592517972  lr: 5.663e-03  
2024-11-07 10:23:32 - INFO - Epoch:  312/500  Runtime:  5.88s  EpochLoss: 0.3395679319  RandomIterLoss: 0.2844873965  lr: 5.595e-03  
2024-11-07 10:23:38 - INFO - Epoch:  313/500  Runtime:  5.87s  EpochLoss: 0.3441701545  RandomIterLoss: 0.3004561365  lr: 5.565e-03  
2024-11-07 10:23:44 - INFO - Epoch:  314/500  Runtime:  6.02s  EpochLoss: 0.3455639956  RandomIterLoss: 0.2930869758  lr: 5.534e-03  
2024-11-07 10:23:50 - INFO - Epoch:  315/500  Runtime:  6.04s  EpochLoss: 0.3368987712  RandomIterLoss: 0.4187578857  lr: 5.491e-03  
2024-11-07 10:23:56 - INFO - Epoch:  316/500  Runtime:  6.06s  EpochLoss: 0.3389883753  RandomIterLoss: 0.3614752293  lr: 5.413e-03  
2024-11-07 10:24:02 - INFO - Epoch:  317/500  Runtime:  6.03s  EpochLoss: 0.3413731883  RandomIterLoss: 0.3289821148  lr: 5.368e-03  
2024-11-07 10:24:08 - INFO - Epoch:  318/500  Runtime:  5.93s  EpochLoss: 0.3353854709  RandomIterLoss: 0.4031569064  lr: 5.352e-03  
2024-11-07 10:24:14 - INFO - Epoch:  319/500  Runtime:  6.06s  EpochLoss: 0.3388895887  RandomIterLoss: 0.3639545143  lr: 5.284e-03  
2024-11-07 10:24:20 - INFO - Epoch:  320/500  Runtime:  6.09s  EpochLoss: 0.3441144546  RandomIterLoss: 0.3247947991  lr: 5.254e-03  
2024-11-07 10:24:26 - INFO - Epoch:  321/500  Runtime:  6.06s  EpochLoss: 0.3344813355  RandomIterLoss: 0.3509898484  lr: 5.185e-03  
2024-11-07 10:24:32 - INFO - Epoch:  322/500  Runtime:  5.85s  EpochLoss: 0.3337450339  RandomIterLoss: 0.3526496291  lr: 5.167e-03  
2024-11-07 10:24:38 - INFO - Epoch:  323/500  Runtime:  5.92s  EpochLoss: 0.3301081776  RandomIterLoss: 0.3875648677  lr: 5.118e-03  
2024-11-07 10:24:44 - INFO - Epoch:  324/500  Runtime:  6.04s  EpochLoss: 0.3320674724  RandomIterLoss: 0.2894909680  lr: 5.078e-03  
2024-11-07 10:24:50 - INFO - Epoch:  325/500  Runtime:  6.02s  EpochLoss: 0.3264682709  RandomIterLoss: 0.3237288296  lr: 5.036e-03  
2024-11-07 10:24:56 - INFO - Epoch:  326/500  Runtime:  6.02s  EpochLoss: 0.3395417990  RandomIterLoss: 0.2941081226  lr: 4.958e-03  
2024-11-07 10:25:02 - INFO - Epoch:  327/500  Runtime:  6.11s  EpochLoss: 0.3339809931  RandomIterLoss: 0.4151837826  lr: 4.913e-03  
2024-11-07 10:25:08 - INFO - Epoch:  328/500  Runtime:  5.87s  EpochLoss: 0.3374587653  RandomIterLoss: 0.3339722753  lr: 4.908e-03  
2024-11-07 10:25:14 - INFO - Epoch:  329/500  Runtime:  6.05s  EpochLoss: 0.3332138238  RandomIterLoss: 0.3012628853  lr: 4.822e-03  
2024-11-07 10:25:20 - INFO - Epoch:  330/500  Runtime:  6.14s  EpochLoss: 0.3410414512  RandomIterLoss: 0.3072232008  lr: 4.814e-03  
2024-11-07 10:25:21 - INFO - Eval Epoch: 330
2024-11-07 10:25:21 - INFO - Overall Accuracy: 83.53 || Mean Overall Accuracy: 71.60
2024-11-07 10:25:21 - INFO - Mean IoU: 0.629 || Per-class IoU score:  Ground=0.774  Building=0.848  Trees=0.791  Low vegetation=0.618  Artifacts=0.112  
2024-11-07 10:25:21 - INFO - Macro F1: 0.728 || Per-class  F1 score:  Ground=0.873  Building=0.918  Trees=0.883  Low vegetation=0.764  Artifacts=0.202  

2024-11-07 10:25:27 - INFO - Epoch:  331/500  Runtime:  6.34s  EpochLoss: 0.3393180790  RandomIterLoss: 0.6126672029  lr: 4.772e-03  
2024-11-07 10:25:34 - INFO - Epoch:  332/500  Runtime:  6.69s  EpochLoss: 0.3337359632  RandomIterLoss: 0.4583401382  lr: 4.715e-03  
2024-11-07 10:25:42 - INFO - Epoch:  333/500  Runtime:  7.95s  EpochLoss: 0.3244859454  RandomIterLoss: 0.3382701576  lr: 4.679e-03  
2024-11-07 10:25:51 - INFO - Epoch:  334/500  Runtime:  9.08s  EpochLoss: 0.3273265555  RandomIterLoss: 0.3147512376  lr: 4.611e-03  
2024-11-07 10:25:59 - INFO - Epoch:  335/500  Runtime:  8.48s  EpochLoss: 0.3225697326  RandomIterLoss: 0.3509494960  lr: 4.593e-03  
2024-11-07 10:26:06 - INFO - Epoch:  336/500  Runtime:  7.22s  EpochLoss: 0.3216498233  RandomIterLoss: 0.3313294649  lr: 4.524e-03  
2024-11-07 10:26:13 - INFO - Epoch:  337/500  Runtime:  6.39s  EpochLoss: 0.3289822059  RandomIterLoss: 0.2855245769  lr: 4.477e-03  
2024-11-07 10:26:19 - INFO - Epoch:  338/500  Runtime:  6.13s  EpochLoss: 0.3241701770  RandomIterLoss: 0.3339881301  lr: 4.456e-03  
2024-11-07 10:26:25 - INFO - Epoch:  339/500  Runtime:  6.25s  EpochLoss: 0.3198478903  RandomIterLoss: 0.3618226945  lr: 4.390e-03  
2024-11-07 10:26:31 - INFO - Epoch:  340/500  Runtime:  6.24s  EpochLoss: 0.3234471086  RandomIterLoss: 0.3077473938  lr: 4.356e-03  
2024-11-07 10:26:38 - INFO - Epoch:  341/500  Runtime:  6.23s  EpochLoss: 0.3297528889  RandomIterLoss: 0.3755066097  lr: 4.317e-03  
2024-11-07 10:26:44 - INFO - Epoch:  342/500  Runtime:  6.02s  EpochLoss: 0.3231737820  RandomIterLoss: 0.3506029248  lr: 4.273e-03  
2024-11-07 10:26:50 - INFO - Epoch:  343/500  Runtime:  5.95s  EpochLoss: 0.3171498867  RandomIterLoss: 0.3341121972  lr: 4.198e-03  
2024-11-07 10:26:56 - INFO - Epoch:  344/500  Runtime:  6.36s  EpochLoss: 0.3183342178  RandomIterLoss: 0.2905689776  lr: 4.177e-03  
2024-11-07 10:27:02 - INFO - Epoch:  345/500  Runtime:  6.23s  EpochLoss: 0.3154240985  RandomIterLoss: 0.3334329724  lr: 4.119e-03  
2024-11-07 10:27:08 - INFO - Epoch:  346/500  Runtime:  6.02s  EpochLoss: 0.3223921670  RandomIterLoss: 0.2672702968  lr: 4.073e-03  
2024-11-07 10:27:14 - INFO - Epoch:  347/500  Runtime:  6.12s  EpochLoss: 0.3274407661  RandomIterLoss: 0.4542910457  lr: 4.020e-03  
2024-11-07 10:27:20 - INFO - Epoch:  348/500  Runtime:  6.05s  EpochLoss: 0.3284556568  RandomIterLoss: 0.2845672667  lr: 3.984e-03  
2024-11-07 10:27:26 - INFO - Epoch:  349/500  Runtime:  6.01s  EpochLoss: 0.3246555311  RandomIterLoss: 0.4358159602  lr: 3.937e-03  
2024-11-07 10:27:32 - INFO - Epoch:  350/500  Runtime:  6.10s  EpochLoss: 0.3167920489  RandomIterLoss: 0.3680144250  lr: 3.890e-03  
2024-11-07 10:27:39 - INFO - Epoch:  351/500  Runtime:  6.12s  EpochLoss: 0.3246174868  RandomIterLoss: 0.3102090657  lr: 3.845e-03  
2024-11-07 10:27:45 - INFO - Epoch:  352/500  Runtime:  5.99s  EpochLoss: 0.3176792762  RandomIterLoss: 0.4071987271  lr: 3.811e-03  
2024-11-07 10:27:51 - INFO - Epoch:  353/500  Runtime:  6.07s  EpochLoss: 0.3286221705  RandomIterLoss: 0.3391650021  lr: 3.787e-03  
2024-11-07 10:27:57 - INFO - Epoch:  354/500  Runtime:  6.09s  EpochLoss: 0.3172666400  RandomIterLoss: 0.2939203978  lr: 3.720e-03  
2024-11-07 10:28:03 - INFO - Epoch:  355/500  Runtime:  6.17s  EpochLoss: 0.3191682862  RandomIterLoss: 0.2759629786  lr: 3.687e-03  
2024-11-07 10:28:09 - INFO - Epoch:  356/500  Runtime:  6.19s  EpochLoss: 0.3209355900  RandomIterLoss: 0.2688107491  lr: 3.638e-03  
2024-11-07 10:28:16 - INFO - Epoch:  357/500  Runtime:  6.54s  EpochLoss: 0.3274325976  RandomIterLoss: 0.3047177494  lr: 3.605e-03  
2024-11-07 10:28:22 - INFO - Epoch:  358/500  Runtime:  6.22s  EpochLoss: 0.3171224804  
2024-11-07 10:28:28 - INFO - Epoch:  359/500  Runtime:  6.31s  EpochLoss: 0.3183076771  RandomIterLoss: 0.3011593521  lr: 3.520e-03  
2024-11-07 10:28:34 - INFO - Epoch:  360/500  Runtime:  6.36s  EpochLoss: 0.3091540963  RandomIterLoss: 0.2684695423  lr: 3.460e-03  
2024-11-07 10:28:35 - INFO - Eval Epoch: 360
2024-11-07 10:28:35 - INFO - Overall Accuracy: 83.11 || Mean Overall Accuracy: 70.98
2024-11-07 10:28:35 - INFO - Mean IoU: 0.621 || Per-class IoU score:  Ground=0.772  Building=0.851  Trees=0.792  Low vegetation=0.603  Artifacts=0.090  
2024-11-07 10:28:35 - INFO - Macro F1: 0.718 || Per-class  F1 score:  Ground=0.871  Building=0.919  Trees=0.884  Low vegetation=0.753  Artifacts=0.165  

2024-11-07 10:28:41 - INFO - Epoch:  361/500  Runtime:  6.10s  EpochLoss: 0.3141676933  RandomIterLoss: 0.2911214828  lr: 3.429e-03  
2024-11-07 10:28:47 - INFO - Epoch:  362/500  Runtime:  6.08s  EpochLoss: 0.3239142055  RandomIterLoss: 0.2978370488  lr: 3.393e-03  
2024-11-07 10:28:54 - INFO - Epoch:  363/500  Runtime:  6.14s  EpochLoss: 0.3122295429  RandomIterLoss: 0.3451836705  lr: 3.351e-03  
2024-11-07 10:29:00 - INFO - Epoch:  364/500  Runtime:  6.26s  EpochLoss: 0.3251671540  RandomIterLoss: 0.3606354296  lr: 3.284e-03  
2024-11-07 10:29:06 - INFO - Epoch:  365/500  Runtime:  6.42s  EpochLoss: 0.3108341613  RandomIterLoss: 0.3481208682  lr: 3.254e-03  
2024-11-07 10:29:13 - INFO - Epoch:  366/500  Runtime:  6.37s  EpochLoss: 0.3186724880  RandomIterLoss: 0.2141133696  lr: 3.228e-03  
2024-11-07 10:29:19 - INFO - Epoch:  367/500  Runtime:  6.16s  EpochLoss: 0.3105290403  RandomIterLoss: 0.2895912528  lr: 3.171e-03  
2024-11-07 10:29:25 - INFO - Epoch:  368/500  Runtime:  6.34s  EpochLoss: 0.3200469647  RandomIterLoss: 0.3716550767  lr: 3.131e-03  
2024-11-07 10:29:31 - INFO - Epoch:  369/500  Runtime:  6.33s  EpochLoss: 0.3069348667  RandomIterLoss: 0.4081799686  lr: 3.094e-03  
2024-11-07 10:29:38 - INFO - Epoch:  370/500  Runtime:  6.24s  EpochLoss: 0.3059333685  RandomIterLoss: 0.2621699870  lr: 3.045e-03  
2024-11-07 10:29:44 - INFO - Epoch:  371/500  Runtime:  6.21s  EpochLoss: 0.3112093562  RandomIterLoss: 0.3088442981  lr: 3.026e-03  
2024-11-07 10:29:50 - INFO - Epoch:  372/500  Runtime:  6.17s  EpochLoss: 0.3081346550  RandomIterLoss: 0.2818014324  lr: 2.978e-03  
2024-11-07 10:29:56 - INFO - Epoch:  373/500  Runtime:  6.19s  EpochLoss: 0.3072423491  RandomIterLoss: 0.2487860024  lr: 2.928e-03  
2024-11-07 10:30:03 - INFO - Epoch:  374/500  Runtime:  6.25s  EpochLoss: 0.3115642704  RandomIterLoss: 0.2520770431  lr: 2.879e-03  
2024-11-07 10:30:09 - INFO - Epoch:  375/500  Runtime:  6.05s  EpochLoss: 0.3073049936  RandomIterLoss: 0.3736060560  lr: 2.837e-03  
2024-11-07 10:30:15 - INFO - Epoch:  376/500  Runtime:  6.02s  EpochLoss: 0.3081054982  RandomIterLoss: 0.2350877225  lr: 2.823e-03  
2024-11-07 10:30:21 - INFO - Epoch:  377/500  Runtime:  5.93s  EpochLoss: 0.3105658035  RandomIterLoss: 0.3405938148  lr: 2.776e-03  
2024-11-07 10:30:27 - INFO - Epoch:  378/500  Runtime:  6.13s  EpochLoss: 0.3080567271  RandomIterLoss: 0.3043195605  lr: 2.745e-03  
2024-11-07 10:30:33 - INFO - Epoch:  379/500  Runtime:  5.99s  EpochLoss: 0.3115125183  RandomIterLoss: 0.2720558345  lr: 2.687e-03  
2024-11-07 10:30:39 - INFO - Epoch:  380/500  Runtime:  6.12s  EpochLoss: 0.3066363629  RandomIterLoss: 0.3035704494  lr: 2.643e-03  
2024-11-07 10:30:45 - INFO - Epoch:  381/500  Runtime:  6.15s  EpochLoss: 0.3017109033  RandomIterLoss: 0.2647805810  lr: 2.601e-03  
2024-11-07 10:30:51 - INFO - Epoch:  382/500  Runtime:  6.32s  EpochLoss: 0.3010072891  RandomIterLoss: 0.3171566725  lr: 2.551e-03  
2024-11-07 10:30:58 - INFO - Epoch:  383/500  Runtime:  6.32s  EpochLoss: 0.3101607632  RandomIterLoss: 0.2814172804  lr: 2.540e-03  
2024-11-07 10:31:04 - INFO - Epoch:  384/500  Runtime:  6.29s  EpochLoss: 0.3057204658  RandomIterLoss: 0.2766516507  lr: 2.502e-03  
2024-11-07 10:31:10 - INFO - Epoch:  385/500  Runtime:  6.33s  EpochLoss: 0.3044028787  RandomIterLoss: 0.2629778981  lr: 2.436e-03  
2024-11-07 10:31:17 - INFO - Epoch:  386/500  Runtime:  6.34s  EpochLoss: 0.3030476096  RandomIterLoss: 0.3114237487  lr: 2.419e-03  
2024-11-07 10:31:23 - INFO - Epoch:  387/500  Runtime:  6.27s  EpochLoss: 0.3054620298  RandomIterLoss: 0.3358954191  lr: 2.359e-03  
2024-11-07 10:31:29 - INFO - Epoch:  388/500  Runtime:  6.42s  EpochLoss: 0.3062189611  
2024-11-07 10:31:35 - INFO - Epoch:  389/500  Runtime:  6.02s  EpochLoss: 0.3012151508  RandomIterLoss: 0.3046426177  lr: 2.302e-03  
2024-11-07 10:31:41 - INFO - Epoch:  390/500  Runtime:  6.06s  EpochLoss: 0.2966192314  RandomIterLoss: 0.2627895772  lr: 2.256e-03  
2024-11-07 10:31:42 - INFO - Eval Epoch: 390
2024-11-07 10:31:42 - INFO - Overall Accuracy: 83.31 || Mean Overall Accuracy: 71.04
2024-11-07 10:31:42 - INFO - Mean IoU: 0.622 || Per-class IoU score:  Ground=0.777  Building=0.859  Trees=0.774  Low vegetation=0.616  Artifacts=0.085  
2024-11-07 10:31:42 - INFO - Macro F1: 0.718 || Per-class  F1 score:  Ground=0.874  Building=0.924  Trees=0.872  Low vegetation=0.762  Artifacts=0.156  

2024-11-07 10:31:48 - INFO - Epoch:  391/500  Runtime:  6.03s  EpochLoss: 0.3017598055  RandomIterLoss: 0.3463324308  lr: 2.228e-03  
2024-11-07 10:31:54 - INFO - Epoch:  392/500  Runtime:  5.93s  EpochLoss: 0.3004036901  RandomIterLoss: 0.3029334247  lr: 2.183e-03  
2024-11-07 10:32:00 - INFO - Epoch:  393/500  Runtime:  6.06s  EpochLoss: 0.3038985231  RandomIterLoss: 0.2675639093  lr: 2.157e-03  
2024-11-07 10:32:06 - INFO - Epoch:  394/500  Runtime:  6.02s  EpochLoss: 0.2984102954  RandomIterLoss: 0.3190484941  lr: 2.122e-03  
2024-11-07 10:32:12 - INFO - Epoch:  395/500  Runtime:  5.89s  EpochLoss: 0.3067416820  RandomIterLoss: 0.3216110766  lr: 2.065e-03  
2024-11-07 10:32:18 - INFO - Epoch:  396/500  Runtime:  6.00s  EpochLoss: 0.2936973995  RandomIterLoss: 0.2421882153  lr: 2.026e-03  
2024-11-07 10:32:24 - INFO - Epoch:  397/500  Runtime:  6.04s  EpochLoss: 0.3055425666  RandomIterLoss: 0.2736203074  lr: 2.001e-03  
2024-11-07 10:32:30 - INFO - Epoch:  398/500  Runtime:  6.09s  EpochLoss: 0.3004534204  RandomIterLoss: 0.3191758394  lr: 1.975e-03  
2024-11-07 10:32:36 - INFO - Epoch:  399/500  Runtime:  5.84s  EpochLoss: 0.3074187694  RandomIterLoss: 0.3646771312  lr: 1.927e-03  
2024-11-07 10:32:42 - INFO - Epoch:  400/500  Runtime:  5.86s  EpochLoss: 0.2984845140  RandomIterLoss: 0.3191731274  lr: 1.915e-03  
2024-11-07 10:32:48 - INFO - Epoch:  401/500  Runtime:  6.04s  EpochLoss: 0.3066151105  RandomIterLoss: 0.2829982042  lr: 1.863e-03  
2024-11-07 10:32:54 - INFO - Epoch:  402/500  Runtime:  5.81s  EpochLoss: 0.2983380864  RandomIterLoss: 0.3043037057  lr: 1.832e-03  
2024-11-07 10:32:59 - INFO - Epoch:  403/500  Runtime:  5.78s  EpochLoss: 0.3072106334  RandomIterLoss: 0.2643940151  lr: 1.810e-03  
2024-11-07 10:33:05 - INFO - Epoch:  404/500  Runtime:  5.96s  EpochLoss: 0.3011615872  RandomIterLoss: 0.3175557256  lr: 1.746e-03  
2024-11-07 10:33:11 - INFO - Epoch:  405/500  Runtime:  6.07s  EpochLoss: 0.2971579087  RandomIterLoss: 0.3129650354  lr: 1.737e-03  
2024-11-07 10:33:18 - INFO - Epoch:  406/500  Runtime:  6.08s  EpochLoss: 0.2979316654  RandomIterLoss: 0.3332780898  lr: 1.702e-03  
2024-11-07 10:33:24 - INFO - Epoch:  407/500  Runtime:  6.06s  EpochLoss: 0.2968552038  RandomIterLoss: 0.3152664006  lr: 1.662e-03  
2024-11-07 10:33:30 - INFO - Epoch:  408/500  Runtime:  6.03s  EpochLoss: 0.2964766425  RandomIterLoss: 0.3254356086  lr: 1.640e-03  
2024-11-07 10:33:36 - INFO - Epoch:  409/500  Runtime:  5.97s  EpochLoss: 0.2990725115  RandomIterLoss: 0.3080776930  lr: 1.603e-03  
2024-11-07 10:33:42 - INFO - Epoch:  410/500  Runtime:  6.03s  EpochLoss: 0.2948688888  RandomIterLoss: 0.3697588146  lr: 1.565e-03  
2024-11-07 10:33:48 - INFO - Epoch:  411/500  Runtime:  6.03s  EpochLoss: 0.2938119010  RandomIterLoss: 0.2723180056  lr: 1.530e-03  
2024-11-07 10:33:54 - INFO - Epoch:  412/500  Runtime:  6.04s  EpochLoss: 0.2982671657  RandomIterLoss: 0.2823581398  lr: 1.507e-03  
2024-11-07 10:34:00 - INFO - Epoch:  413/500  Runtime:  5.95s  EpochLoss: 0.2972505645  RandomIterLoss: 0.2456809431  lr: 1.467e-03  
2024-11-07 10:34:06 - INFO - Epoch:  414/500  Runtime:  6.05s  EpochLoss: 0.2928372953  RandomIterLoss: 0.4719574451  lr: 1.432e-03  
2024-11-07 10:34:12 - INFO - Epoch:  415/500  Runtime:  6.02s  EpochLoss: 0.2929510562  RandomIterLoss: 0.3456643820  lr: 1.414e-03  
2024-11-07 10:34:18 - INFO - Epoch:  416/500  Runtime:  5.83s  EpochLoss: 0.2944241850  RandomIterLoss: 0.2600051165  lr: 1.356e-03  
2024-11-07 10:34:23 - INFO - Epoch:  417/500  Runtime:  5.81s  EpochLoss: 0.2984135439  RandomIterLoss: 0.2988467216  lr: 1.330e-03  
2024-11-07 10:34:29 - INFO - Epoch:  418/500  Runtime:  5.94s  EpochLoss: 0.2940404686  RandomIterLoss: 0.3489875197  lr: 1.303e-03  
2024-11-07 10:34:35 - INFO - Epoch:  419/500  Runtime:  6.05s  EpochLoss: 0.2929165370  RandomIterLoss: 0.2980943024  lr: 1.266e-03  
2024-11-07 10:34:41 - INFO - Epoch:  420/500  Runtime:  5.92s  EpochLoss: 0.2914426581  RandomIterLoss: 0.2309231311  lr: 1.246e-03  
2024-11-07 10:34:42 - INFO - Eval Epoch: 420
2024-11-07 10:34:42 - INFO - Overall Accuracy: 83.55 || Mean Overall Accuracy: 70.78
2024-11-07 10:34:42 - INFO - Mean IoU: 0.623 || Per-class IoU score:  Ground=0.776  Building=0.859  Trees=0.786  Low vegetation=0.613  Artifacts=0.078  
2024-11-07 10:34:42 - INFO - Macro F1: 0.717 || Per-class  F1 score:  Ground=0.874  Building=0.924  Trees=0.880  Low vegetation=0.760  Artifacts=0.145  

2024-11-07 10:34:48 - INFO - Epoch:  421/500  Runtime:  6.13s  EpochLoss: 0.2909070223  RandomIterLoss: 0.2745122015  lr: 1.219e-03  
2024-11-07 10:34:54 - INFO - Epoch:  422/500  Runtime:  5.96s  EpochLoss: 0.2904351875  RandomIterLoss: 0.2891236544  lr: 1.199e-03  
2024-11-07 10:35:00 - INFO - Epoch:  423/500  Runtime:  6.16s  EpochLoss: 0.2988750975  RandomIterLoss: 0.2287380248  lr: 1.171e-03  
2024-11-07 10:35:06 - INFO - Epoch:  424/500  Runtime:  5.87s  EpochLoss: 0.2913729233  RandomIterLoss: 0.2435529679  lr: 1.146e-03  
2024-11-07 10:35:12 - INFO - Epoch:  425/500  Runtime:  5.76s  EpochLoss: 0.2875751988  RandomIterLoss: 0.2628640234  lr: 1.106e-03  
2024-11-07 10:35:18 - INFO - Epoch:  426/500  Runtime:  5.85s  EpochLoss: 0.2830726122  RandomIterLoss: 0.2689306736  lr: 1.088e-03  
2024-11-07 10:35:24 - INFO - Epoch:  427/500  Runtime:  6.01s  EpochLoss: 0.2960442816  RandomIterLoss: 0.3690779209  lr: 1.055e-03  
2024-11-07 10:35:30 - INFO - Epoch:  428/500  Runtime:  6.20s  EpochLoss: 0.2905206555  RandomIterLoss: 0.3050606847  lr: 1.029e-03  
2024-11-07 10:35:36 - INFO - Epoch:  429/500  Runtime:  6.08s  EpochLoss: 0.2909957435  RandomIterLoss: 0.3225442767  lr: 9.851e-04  
2024-11-07 10:35:42 - INFO - Epoch:  430/500  Runtime:  6.00s  EpochLoss: 0.2894195816  RandomIterLoss: 0.2653904855  lr: 9.694e-04  
2024-11-07 10:35:48 - INFO - Epoch:  431/500  Runtime:  5.98s  EpochLoss: 0.2938894531  RandomIterLoss: 0.2360788137  lr: 9.370e-04  
2024-11-07 10:35:54 - INFO - Epoch:  432/500  Runtime:  6.05s  EpochLoss: 0.2955675166  RandomIterLoss: 0.3064352870  lr: 9.146e-04  
2024-11-07 10:36:00 - INFO - Epoch:  433/500  Runtime:  6.03s  EpochLoss: 0.2848469341  RandomIterLoss: 0.3272773027  lr: 8.900e-04  
2024-11-07 10:36:06 - INFO - Epoch:  434/500  Runtime:  6.04s  EpochLoss: 0.2825913829  RandomIterLoss: 0.2234191597  lr: 8.756e-04  
2024-11-07 10:36:12 - INFO - Epoch:  435/500  Runtime:  6.02s  EpochLoss: 0.2878332900  RandomIterLoss: 0.3031148016  lr: 8.266e-04  
2024-11-07 10:36:18 - INFO - Epoch:  436/500  Runtime:  6.03s  EpochLoss: 0.2926842259  RandomIterLoss: 0.2523436546  lr: 8.210e-04  
2024-11-07 10:36:24 - INFO - Epoch:  437/500  Runtime:  6.10s  EpochLoss: 0.2855967832  RandomIterLoss: 0.2339932024  lr: 7.839e-04  
2024-11-07 10:36:30 - INFO - Epoch:  438/500  Runtime:  5.98s  EpochLoss: 0.2815350453  RandomIterLoss: 0.2793175578  lr: 7.605e-04  
2024-11-07 10:36:36 - INFO - Epoch:  439/500  Runtime:  5.99s  EpochLoss: 0.2913028391  RandomIterLoss: 0.2508517206  lr: 7.502e-04  
2024-11-07 10:36:42 - INFO - Epoch:  440/500  Runtime:  5.99s  EpochLoss: 0.2835517976  RandomIterLoss: 0.2463567704  lr: 7.183e-04  
2024-11-07 10:36:48 - INFO - Epoch:  441/500  Runtime:  6.10s  EpochLoss: 0.2851321480  RandomIterLoss: 0.2567953467  lr: 7.036e-04  
2024-11-07 10:36:54 - INFO - Epoch:  442/500  Runtime:  5.99s  EpochLoss: 0.2862011333  RandomIterLoss: 0.3543710113  lr: 6.808e-04  
2024-11-07 10:37:00 - INFO - Epoch:  443/500  Runtime:  5.94s  EpochLoss: 0.2833249230  RandomIterLoss: 0.2191739082  lr: 6.463e-04  
2024-11-07 10:37:06 - INFO - Epoch:  444/500  Runtime:  6.06s  EpochLoss: 0.2846182947  RandomIterLoss: 0.2326908112  lr: 6.180e-04  
2024-11-07 10:37:13 - INFO - Epoch:  445/500  Runtime:  6.35s  EpochLoss: 0.2872678014  RandomIterLoss: 0.2676820755  lr: 5.990e-04  
2024-11-07 10:37:19 - INFO - Epoch:  446/500  Runtime:  6.12s  EpochLoss: 0.2857558236  RandomIterLoss: 0.3232843280  lr: 5.764e-04  
2024-11-07 10:37:25 - INFO - Epoch:  447/500  Runtime:  6.14s  EpochLoss: 0.2843937095  RandomIterLoss: 0.3002796471  lr: 5.651e-04  
2024-11-07 10:37:31 - INFO - Epoch:  448/500  Runtime:  6.10s  EpochLoss: 0.2907024856  RandomIterLoss: 0.2261651605  lr: 5.372e-04  
2024-11-07 10:37:37 - INFO - Epoch:  449/500  Runtime:  6.09s  EpochLoss: 0.2884302024  RandomIterLoss: 0.2721551359  lr: 5.176e-04  
2024-11-07 10:37:44 - INFO - Epoch:  450/500  Runtime:  7.25s  EpochLoss: 0.2868245732  RandomIterLoss: 0.2523784935  lr: 5.045e-04  
2024-11-07 10:37:45 - INFO - Eval Epoch: 450
2024-11-07 10:37:45 - INFO - Overall Accuracy: 83.19 || Mean Overall Accuracy: 70.78
2024-11-07 10:37:45 - INFO - Mean IoU: 0.618 || Per-class IoU score:  Ground=0.775  Building=0.857  Trees=0.766  Low vegetation=0.602  Artifacts=0.087  
2024-11-07 10:37:45 - INFO - Macro F1: 0.715 || Per-class  F1 score:  Ground=0.873  Building=0.923  Trees=0.868  Low vegetation=0.752  Artifacts=0.160  

2024-11-07 10:37:53 - INFO - Epoch:  451/500  Runtime:  8.12s  EpochLoss: 0.2846458659  RandomIterLoss: 0.2626887858  lr: 4.798e-04  
2024-11-07 10:37:59 - INFO - Epoch:  452/500  Runtime:  5.97s  EpochLoss: 0.2919683487  RandomIterLoss: 0.3815374970  lr: 4.655e-04  
2024-11-07 10:38:06 - INFO - Epoch:  453/500  Runtime:  6.13s  EpochLoss: 0.2848706198  RandomIterLoss: 0.3119879067  lr: 4.447e-04  
2024-11-07 10:38:12 - INFO - Epoch:  454/500  Runtime:  6.09s  EpochLoss: 0.2896279283  RandomIterLoss: 0.2898544967  lr: 4.376e-04  
2024-11-07 10:38:18 - INFO - Epoch:  455/500  Runtime:  6.05s  EpochLoss: 0.2814411372  RandomIterLoss: 0.2494196296  lr: 4.048e-04  
2024-11-07 10:38:24 - INFO - Epoch:  456/500  Runtime:  5.93s  EpochLoss: 0.2815493342  RandomIterLoss: 0.2577485442  lr: 3.877e-04  
2024-11-07 10:38:30 - INFO - Epoch:  457/500  Runtime:  6.05s  EpochLoss: 0.2910666002  RandomIterLoss: 0.2513468564  lr: 3.702e-04  
2024-11-07 10:38:36 - INFO - Epoch:  458/500  Runtime:  6.07s  EpochLoss: 0.2803114924  RandomIterLoss: 0.2961605489  lr: 3.519e-04  
2024-11-07 10:38:42 - INFO - Epoch:  459/500  Runtime:  6.02s  EpochLoss: 0.2818997126  RandomIterLoss: 0.2416353077  lr: 3.474e-04  
2024-11-07 10:38:48 - INFO - Epoch:  460/500  Runtime:  6.02s  EpochLoss: 0.2855191766  RandomIterLoss: 0.2798866332  lr: 3.253e-04  
2024-11-07 10:38:54 - INFO - Epoch:  461/500  Runtime:  6.07s  EpochLoss: 0.2887565443  RandomIterLoss: 0.2582060397  lr: 3.142e-04  
2024-11-07 10:39:00 - INFO - Epoch:  462/500  Runtime:  6.06s  EpochLoss: 0.2864693224  RandomIterLoss: 0.3625089824  lr: 2.881e-04  
2024-11-07 10:39:06 - INFO - Epoch:  463/500  Runtime:  6.08s  EpochLoss: 0.2865757597  RandomIterLoss: 0.2971259058  lr: 2.874e-04  
2024-11-07 10:39:12 - INFO - Epoch:  464/500  Runtime:  6.08s  EpochLoss: 0.2853281806  RandomIterLoss: 0.3221413195  lr: 2.630e-04  
2024-11-07 10:39:18 - INFO - Epoch:  465/500  Runtime:  6.04s  EpochLoss: 0.2910931087  RandomIterLoss: 0.2433767021  lr: 2.492e-04  
2024-11-07 10:39:24 - INFO - Epoch:  466/500  Runtime:  5.99s  EpochLoss: 0.2897528657  RandomIterLoss: 0.2714164853  lr: 2.335e-04  
2024-11-07 10:39:30 - INFO - Epoch:  467/500  Runtime:  5.77s  EpochLoss: 0.2798363411  RandomIterLoss: 0.2428709865  lr: 2.274e-04  
2024-11-07 10:39:36 - INFO - Epoch:  468/500  Runtime:  5.82s  EpochLoss: 0.2888883092  RandomIterLoss: 0.2461309284  lr: 2.107e-04  
2024-11-07 10:39:42 - INFO - Epoch:  469/500  Runtime:  5.94s  EpochLoss: 0.2819354863  RandomIterLoss: 0.3013598323  lr: 1.935e-04  
2024-11-07 10:39:48 - INFO - Epoch:  470/500  Runtime:  6.09s  EpochLoss: 0.2847187245  RandomIterLoss: 0.2938775122  lr: 1.800e-04  
2024-11-07 10:39:54 - INFO - Epoch:  471/500  Runtime:  6.06s  EpochLoss: 0.2821106623  RandomIterLoss: 0.3337489665  lr: 1.746e-04  
2024-11-07 10:40:00 - INFO - Epoch:  472/500  Runtime:  6.05s  EpochLoss: 0.2878166098  RandomIterLoss: 0.2064989358  lr: 1.651e-04  
2024-11-07 10:40:06 - INFO - Epoch:  473/500  Runtime:  6.04s  EpochLoss: 0.2816916426  RandomIterLoss: 0.3683297038  lr: 1.543e-04  
2024-11-07 10:40:12 - INFO - Epoch:  474/500  Runtime:  5.88s  EpochLoss: 0.2818513936  RandomIterLoss: 0.2854653895  lr: 1.454e-04  
2024-11-07 10:40:18 - INFO - Epoch:  475/500  Runtime:  6.00s  EpochLoss: 0.2813285694  
2024-11-07 10:40:24 - INFO - Epoch:  476/500  Runtime:  5.99s  EpochLoss: 0.2835076187  RandomIterLoss: 0.2668763697  lr: 1.160e-04  
2024-11-07 10:40:30 - INFO - Epoch:  477/500  Runtime:  6.09s  EpochLoss: 0.2819996151  RandomIterLoss: 0.3787373006  lr: 1.089e-04  
2024-11-07 10:40:36 - INFO - Epoch:  478/500  Runtime:  5.83s  EpochLoss: 0.2831103162  RandomIterLoss: 0.3533091247  lr: 9.781e-05  
2024-11-07 10:40:42 - INFO - Epoch:  479/500  Runtime:  6.10s  EpochLoss: 0.2854557197  RandomIterLoss: 0.2494615018  lr: 9.266e-05  
2024-11-07 10:40:48 - INFO - Epoch:  480/500  Runtime:  6.13s  EpochLoss: 0.2870838371  RandomIterLoss: 0.2464771569  lr: 8.204e-05  
2024-11-07 10:40:49 - INFO - Eval Epoch: 480
2024-11-07 10:40:49 - INFO - Overall Accuracy: 83.25 || Mean Overall Accuracy: 70.81
2024-11-07 10:40:49 - INFO - Mean IoU: 0.619 || Per-class IoU score:  Ground=0.776  Building=0.859  Trees=0.767  Low vegetation=0.603  Artifacts=0.087  
2024-11-07 10:40:49 - INFO - Macro F1: 0.716 || Per-class  F1 score:  Ground=0.874  Building=0.924  Trees=0.868  Low vegetation=0.753  Artifacts=0.161  

2024-11-07 10:40:55 - INFO - Epoch:  481/500  Runtime:  6.06s  EpochLoss: 0.2817563584  RandomIterLoss: 0.2267000079  lr: 7.804e-05  
2024-11-07 10:41:01 - INFO - Epoch:  482/500  Runtime:  6.04s  EpochLoss: 0.2796753337  RandomIterLoss: 0.3121358156  lr: 6.698e-05  
2024-11-07 10:41:07 - INFO - Epoch:  483/500  Runtime:  6.10s  EpochLoss: 0.2843405222  RandomIterLoss: 0.2400054634  lr: 6.483e-05  
2024-11-07 10:41:13 - INFO - Epoch:  484/500  Runtime:  6.02s  EpochLoss: 0.2872485552  RandomIterLoss: 0.2444471717  lr: 5.166e-05  
2024-11-07 10:41:19 - INFO - Epoch:  485/500  Runtime:  6.02s  EpochLoss: 0.2843538475  RandomIterLoss: 0.4748995006  lr: 4.598e-05  
2024-11-07 10:41:25 - INFO - Epoch:  486/500  Runtime:  6.18s  EpochLoss: 0.2851208814  RandomIterLoss: 0.3062811792  lr: 4.488e-05  
2024-11-07 10:41:31 - INFO - Epoch:  487/500  Runtime:  6.13s  EpochLoss: 0.2833559300  RandomIterLoss: 0.3262028694  lr: 3.500e-05  
2024-11-07 10:41:37 - INFO - Epoch:  488/500  Runtime:  6.20s  EpochLoss: 0.2902474204  
2024-11-07 10:41:44 - INFO - Epoch:  489/500  Runtime:  6.20s  EpochLoss: 0.2859801796  RandomIterLoss: 0.3577151597  lr: 2.836e-05  
2024-11-07 10:41:50 - INFO - Epoch:  490/500  Runtime:  6.08s  EpochLoss: 0.2877520225  RandomIterLoss: 0.3232717812  lr: 2.262e-05  
2024-11-07 10:41:56 - INFO - Epoch:  491/500  Runtime:  6.13s  EpochLoss: 0.2805912979  RandomIterLoss: 0.3229346275  lr: 1.999e-05  
2024-11-07 10:42:02 - INFO - Epoch:  492/500  Runtime:  6.12s  EpochLoss: 0.2780584886  RandomIterLoss: 0.3621382713  lr: 1.594e-05  
2024-11-07 10:42:08 - INFO - Epoch:  493/500  Runtime:  6.05s  EpochLoss: 0.2894196954  RandomIterLoss: 0.3227385283  lr: 1.116e-05  
2024-11-07 10:42:14 - INFO - Epoch:  494/500  Runtime:  6.13s  EpochLoss: 0.2764300037  RandomIterLoss: 0.2843548059  lr: 8.908e-06  
2024-11-07 10:42:20 - INFO - Epoch:  495/500  Runtime:  6.04s  EpochLoss: 0.2825549082  RandomIterLoss: 0.2498417348  lr: 6.910e-06  
2024-11-07 10:42:26 - INFO - Epoch:  496/500  Runtime:  6.05s  EpochLoss: 0.2788171643  RandomIterLoss: 0.2944239378  lr: 3.448e-06  
2024-11-07 10:42:32 - INFO - Epoch:  497/500  Runtime:  5.98s  EpochLoss: 0.2877348374  
2024-11-07 10:42:38 - INFO - Epoch:  498/500  Runtime:  6.08s  EpochLoss: 0.2842357511  RandomIterLoss: 0.1951823384  lr: 9.015e-07  
2024-11-07 10:42:44 - INFO - Epoch:  499/500  Runtime:  6.17s  EpochLoss: 0.2832176232  RandomIterLoss: 0.2758015394  lr: 4.145e-07  
2024-11-07 10:42:50 - INFO - Epoch:  500/500  Runtime:  5.95s  EpochLoss: 0.2772787203  
2024-11-07 10:42:51 - INFO - Eval Epoch: 500
2024-11-07 10:42:51 - INFO - Overall Accuracy: 83.36 || Mean Overall Accuracy: 70.92
2024-11-07 10:42:51 - INFO - Mean IoU: 0.620 || Per-class IoU score:  Ground=0.777  Building=0.856  Trees=0.769  Low vegetation=0.610  Artifacts=0.087  
2024-11-07 10:42:51 - INFO - Macro F1: 0.717 || Per-class  F1 score:  Ground=0.875  Building=0.923  Trees=0.869  Low vegetation=0.758  Artifacts=0.159  

2024-11-07 10:42:51 - INFO - 训练结束 总耗时：0:51:12.655770
