2024-11-07 07:57:41 - INFO - 初始化训练数据集和数据加载器
2024-11-07 07:57:41 - INFO - 设备设置为：cuda
2024-11-07 07:57:41 - INFO - 网络模型加载...
MinkUNet14C(
  (conv0p1s1): MinkowskiConvolution(in=4, out=32, kernel_size=[5, 5, 5], stride=[1, 1, 1], dilation=[1, 1, 1])
  (bn0): MinkowskiBatchNorm(32, eps=1e-05, momentum=0.02, affine=True, track_running_stats=True)
  (conv1p1s2): MinkowskiConvolution(in=32, out=32, kernel_size=[2, 2, 2], stride=[2, 2, 2], dilation=[1, 1, 1])
  (bn1): MinkowskiBatchNorm(32, eps=1e-05, momentum=0.02, affine=True, track_running_stats=True)
  (block1): Sequential(
    (0): BasicBlock(
      (conv1): MinkowskiConvolution(in=32, out=32, kernel_size=[3, 3, 3], stride=[1, 1, 1], dilation=[1, 1, 1])
      (norm1): MinkowskiBatchNorm(32, eps=1e-05, momentum=0.1, affine=True, track_running_stats=True)
      (conv2): MinkowskiConvolution(in=32, out=32, kernel_size=[3, 3, 3], stride=[1, 1, 1], dilation=[1, 1, 1])
      (norm2): MinkowskiBatchNorm(32, eps=1e-05, momentum=0.1, affine=True, track_running_stats=True)
      (relu): MinkowskiReLU()
    )
  )
  (conv2p2s2): MinkowskiConvolution(in=32, out=32, kernel_size=[2, 2, 2], stride=[2, 2, 2], dilation=[1, 1, 1])
  (bn2): MinkowskiBatchNorm(32, eps=1e-05, momentum=0.02, affine=True, track_running_stats=True)
  (block2): Sequential(
    (0): BasicBlock(
      (conv1): MinkowskiConvolution(in=32, out=64, kernel_size=[3, 3, 3], stride=[1, 1, 1], dilation=[1, 1, 1])
      (norm1): MinkowskiBatchNorm(64, eps=1e-05, momentum=0.1, affine=True, track_running_stats=True)
      (conv2): MinkowskiConvolution(in=64, out=64, kernel_size=[3, 3, 3], stride=[1, 1, 1], dilation=[1, 1, 1])
      (norm2): MinkowskiBatchNorm(64, eps=1e-05, momentum=0.1, affine=True, track_running_stats=True)
      (relu): MinkowskiReLU()
      (downsample): Sequential(
        (0): MinkowskiConvolution(in=32, out=64, kernel_size=[1, 1, 1], stride=[1, 1, 1], dilation=[1, 1, 1])
        (1): MinkowskiBatchNorm(64, eps=1e-05, momentum=0.02, affine=True, track_running_stats=True)
      )
    )
  )
  (conv3p4s2): MinkowskiConvolution(in=64, out=64, kernel_size=[2, 2, 2], stride=[2, 2, 2], dilation=[1, 1, 1])
  (bn3): MinkowskiBatchNorm(64, eps=1e-05, momentum=0.02, affine=True, track_running_stats=True)
  (block3): Sequential(
    (0): BasicBlock(
      (conv1): MinkowskiConvolution(in=64, out=128, kernel_size=[3, 3, 3], stride=[1, 1, 1], dilation=[1, 1, 1])
      (norm1): MinkowskiBatchNorm(128, eps=1e-05, momentum=0.1, affine=True, track_running_stats=True)
      (conv2): MinkowskiConvolution(in=128, out=128, kernel_size=[3, 3, 3], stride=[1, 1, 1], dilation=[1, 1, 1])
      (norm2): MinkowskiBatchNorm(128, eps=1e-05, momentum=0.1, affine=True, track_running_stats=True)
      (relu): MinkowskiReLU()
      (downsample): Sequential(
        (0): MinkowskiConvolution(in=64, out=128, kernel_size=[1, 1, 1], stride=[1, 1, 1], dilation=[1, 1, 1])
        (1): MinkowskiBatchNorm(128, eps=1e-05, momentum=0.02, affine=True, track_running_stats=True)
      )
    )
  )
  (conv4p8s2): MinkowskiConvolution(in=128, out=128, kernel_size=[2, 2, 2], stride=[2, 2, 2], dilation=[1, 1, 1])
  (bn4): MinkowskiBatchNorm(128, eps=1e-05, momentum=0.02, affine=True, track_running_stats=True)
  (block4): Sequential(
    (0): BasicBlock(
      (conv1): MinkowskiConvolution(in=128, out=256, kernel_size=[3, 3, 3], stride=[1, 1, 1], dilation=[1, 1, 1])
      (norm1): MinkowskiBatchNorm(256, eps=1e-05, momentum=0.1, affine=True, track_running_stats=True)
      (conv2): MinkowskiConvolution(in=256, out=256, kernel_size=[3, 3, 3], stride=[1, 1, 1], dilation=[1, 1, 1])
      (norm2): MinkowskiBatchNorm(256, eps=1e-05, momentum=0.1, affine=True, track_running_stats=True)
      (relu): MinkowskiReLU()
      (downsample): Sequential(
        (0): MinkowskiConvolution(in=128, out=256, kernel_size=[1, 1, 1], stride=[1, 1, 1], dilation=[1, 1, 1])
        (1): MinkowskiBatchNorm(256, eps=1e-05, momentum=0.02, affine=True, track_running_stats=True)
      )
    )
  )
  (convtr4p16s2): MinkowskiConvolutionTranspose(in=256, out=192, kernel_size=[2, 2, 2], stride=[2, 2, 2], dilation=[1, 1, 1])
  (bntr4): MinkowskiBatchNorm(192, eps=1e-05, momentum=0.02, affine=True, track_running_stats=True)
  (block5): Sequential(
    (0): BasicBlock(
      (conv1): MinkowskiConvolution(in=320, out=192, kernel_size=[3, 3, 3], stride=[1, 1, 1], dilation=[1, 1, 1])
      (norm1): MinkowskiBatchNorm(192, eps=1e-05, momentum=0.1, affine=True, track_running_stats=True)
      (conv2): MinkowskiConvolution(in=192, out=192, kernel_size=[3, 3, 3], stride=[1, 1, 1], dilation=[1, 1, 1])
      (norm2): MinkowskiBatchNorm(192, eps=1e-05, momentum=0.1, affine=True, track_running_stats=True)
      (relu): MinkowskiReLU()
      (downsample): Sequential(
        (0): MinkowskiConvolution(in=320, out=192, kernel_size=[1, 1, 1], stride=[1, 1, 1], dilation=[1, 1, 1])
        (1): MinkowskiBatchNorm(192, eps=1e-05, momentum=0.02, affine=True, track_running_stats=True)
      )
    )
  )
  (convtr5p8s2): MinkowskiConvolutionTranspose(in=192, out=192, kernel_size=[2, 2, 2], stride=[2, 2, 2], dilation=[1, 1, 1])
  (bntr5): MinkowskiBatchNorm(192, eps=1e-05, momentum=0.02, affine=True, track_running_stats=True)
  (block6): Sequential(
    (0): BasicBlock(
      (conv1): MinkowskiConvolution(in=256, out=192, kernel_size=[3, 3, 3], stride=[1, 1, 1], dilation=[1, 1, 1])
      (norm1): MinkowskiBatchNorm(192, eps=1e-05, momentum=0.1, affine=True, track_running_stats=True)
      (conv2): MinkowskiConvolution(in=192, out=192, kernel_size=[3, 3, 3], stride=[1, 1, 1], dilation=[1, 1, 1])
      (norm2): MinkowskiBatchNorm(192, eps=1e-05, momentum=0.1, affine=True, track_running_stats=True)
      (relu): MinkowskiReLU()
      (downsample): Sequential(
        (0): MinkowskiConvolution(in=256, out=192, kernel_size=[1, 1, 1], stride=[1, 1, 1], dilation=[1, 1, 1])
        (1): MinkowskiBatchNorm(192, eps=1e-05, momentum=0.02, affine=True, track_running_stats=True)
      )
    )
  )
  (convtr6p4s2): MinkowskiConvolutionTranspose(in=192, out=128, kernel_size=[2, 2, 2], stride=[2, 2, 2], dilation=[1, 1, 1])
  (bntr6): MinkowskiBatchNorm(128, eps=1e-05, momentum=0.02, affine=True, track_running_stats=True)
  (block7): Sequential(
    (0): BasicBlock(
      (conv1): MinkowskiConvolution(in=160, out=128, kernel_size=[3, 3, 3], stride=[1, 1, 1], dilation=[1, 1, 1])
      (norm1): MinkowskiBatchNorm(128, eps=1e-05, momentum=0.1, affine=True, track_running_stats=True)
      (conv2): MinkowskiConvolution(in=128, out=128, kernel_size=[3, 3, 3], stride=[1, 1, 1], dilation=[1, 1, 1])
      (norm2): MinkowskiBatchNorm(128, eps=1e-05, momentum=0.1, affine=True, track_running_stats=True)
      (relu): MinkowskiReLU()
      (downsample): Sequential(
        (0): MinkowskiConvolution(in=160, out=128, kernel_size=[1, 1, 1], stride=[1, 1, 1], dilation=[1, 1, 1])
        (1): MinkowskiBatchNorm(128, eps=1e-05, momentum=0.02, affine=True, track_running_stats=True)
      )
    )
  )
  (convtr7p2s2): MinkowskiConvolutionTranspose(in=128, out=128, kernel_size=[2, 2, 2], stride=[2, 2, 2], dilation=[1, 1, 1])
  (bntr7): MinkowskiBatchNorm(128, eps=1e-05, momentum=0.02, affine=True, track_running_stats=True)
  (block8): Sequential(
    (0): BasicBlock(
      (conv1): MinkowskiConvolution(in=160, out=128, kernel_size=[3, 3, 3], stride=[1, 1, 1], dilation=[1, 1, 1])
      (norm1): MinkowskiBatchNorm(128, eps=1e-05, momentum=0.1, affine=True, track_running_stats=True)
      (conv2): MinkowskiConvolution(in=128, out=128, kernel_size=[3, 3, 3], stride=[1, 1, 1], dilation=[1, 1, 1])
      (norm2): MinkowskiBatchNorm(128, eps=1e-05, momentum=0.1, affine=True, track_running_stats=True)
      (relu): MinkowskiReLU()
      (downsample): Sequential(
        (0): MinkowskiConvolution(in=160, out=128, kernel_size=[1, 1, 1], stride=[1, 1, 1], dilation=[1, 1, 1])
        (1): MinkowskiBatchNorm(128, eps=1e-05, momentum=0.02, affine=True, track_running_stats=True)
      )
    )
  )
  (final): MinkowskiConvolution(in=128, out=5, kernel_size=[1, 1, 1], stride=[1, 1, 1], dilation=[1, 1, 1])
  (relu): MinkowskiReLU()
)

2024-11-07 07:57:43 - INFO - 优化器加载...
Adam (
Parameter Group 0
    amsgrad: False
    betas: (0.9, 0.999)
    eps: 1e-08
    lr: 0.001
    weight_decay: 0
)

2024-11-07 07:57:43 - INFO - 调度器加载...
<torch.optim.lr_scheduler.OneCycleLR object at 0x7f0df2b1a160>

2024-11-07 07:57:43 - INFO - 损失函数加载...
CrossEntropyLoss()

2024-11-07 07:57:43 - INFO - 开始训练...
2024-11-07 07:57:53 - INFO - Epoch:    1/500  Runtime:  9.27s  EpochLoss: 1.1928395764  RandomIterLoss: 1.1224732399  lr: 4.006e-04  
2024-11-07 07:58:02 - INFO - Epoch:    2/500  Runtime:  9.56s  EpochLoss: 0.8400121751  RandomIterLoss: 0.9224314690  lr: 4.017e-04  
2024-11-07 07:58:12 - INFO - Epoch:    3/500  Runtime:  9.25s  EpochLoss: 0.7649296820  RandomIterLoss: 0.8430552483  lr: 4.080e-04  
2024-11-07 07:58:21 - INFO - Epoch:    4/500  Runtime:  9.28s  EpochLoss: 0.7228716592  RandomIterLoss: 0.7974664569  lr: 4.107e-04  
2024-11-07 07:58:30 - INFO - Epoch:    5/500  Runtime:  9.10s  EpochLoss: 0.6974042850  RandomIterLoss: 0.6447951198  lr: 4.194e-04  
2024-11-07 07:58:39 - INFO - Epoch:    6/500  Runtime:  9.51s  EpochLoss: 0.6542503522  RandomIterLoss: 0.6728258133  lr: 4.268e-04  
2024-11-07 07:58:48 - INFO - Epoch:    7/500  Runtime:  8.91s  EpochLoss: 0.6208096709  RandomIterLoss: 0.6499924064  lr: 4.423e-04  
2024-11-07 07:58:57 - INFO - Epoch:    8/500  Runtime:  8.66s  EpochLoss: 0.6137233045  RandomIterLoss: 0.5289888382  lr: 4.595e-04  
2024-11-07 07:59:06 - INFO - Epoch:    9/500  Runtime:  9.26s  EpochLoss: 0.6331574260  RandomIterLoss: 0.7708232403  lr: 4.771e-04  
2024-11-07 07:59:16 - INFO - Epoch:   10/500  Runtime:  9.58s  EpochLoss: 0.6060745425  RandomIterLoss: 0.6795575619  lr: 5.002e-04  
2024-11-07 07:59:25 - INFO - Epoch:   11/500  Runtime:  9.22s  EpochLoss: 0.6088446155  RandomIterLoss: 0.6176261306  lr: 5.054e-04  
2024-11-07 07:59:33 - INFO - Epoch:   12/500  Runtime:  8.35s  EpochLoss: 0.6058420424  RandomIterLoss: 0.6043366790  lr: 5.343e-04  
2024-11-07 07:59:43 - INFO - Epoch:   13/500  Runtime:  9.20s  EpochLoss: 0.5780772519  RandomIterLoss: 0.5633127093  lr: 5.763e-04  
2024-11-07 07:59:51 - INFO - Epoch:   14/500  Runtime:  8.24s  EpochLoss: 0.5879006664  RandomIterLoss: 0.6342543364  lr: 5.977e-04  
2024-11-07 08:00:00 - INFO - Epoch:   15/500  Runtime:  9.37s  EpochLoss: 0.5612530194  RandomIterLoss: 0.4644222856  lr: 6.350e-04  
2024-11-07 08:00:09 - INFO - Epoch:   16/500  Runtime:  8.95s  EpochLoss: 0.5625860935  RandomIterLoss: 0.5817641020  lr: 6.464e-04  
2024-11-07 08:00:17 - INFO - Epoch:   17/500  Runtime:  8.26s  EpochLoss: 0.5712331351  RandomIterLoss: 0.6993680000  lr: 7.011e-04  
2024-11-07 08:00:26 - INFO - Epoch:   18/500  Runtime:  8.18s  EpochLoss: 0.5595437187  RandomIterLoss: 0.6449441910  lr: 7.222e-04  
2024-11-07 08:00:35 - INFO - Epoch:   19/500  Runtime:  9.31s  EpochLoss: 0.5571727468  RandomIterLoss: 0.6598131061  lr: 7.646e-04  
2024-11-07 08:00:43 - INFO - Epoch:   20/500  Runtime:  8.43s  EpochLoss: 0.5633212301  RandomIterLoss: 0.6735070348  lr: 7.913e-04  
2024-11-07 08:00:52 - INFO - Epoch:   21/500  Runtime:  8.22s  EpochLoss: 0.5368239297  RandomIterLoss: 0.5231376886  lr: 8.329e-04  
2024-11-07 08:01:01 - INFO - Epoch:   22/500  Runtime:  9.35s  EpochLoss: 0.5798349157  RandomIterLoss: 0.4852466285  lr: 8.687e-04  
2024-11-07 08:01:10 - INFO - Epoch:   23/500  Runtime:  9.33s  EpochLoss: 0.5487457615  RandomIterLoss: 0.6346681118  lr: 9.453e-04  
2024-11-07 08:01:19 - INFO - Epoch:   24/500  Runtime:  8.90s  EpochLoss: 0.5533341637  RandomIterLoss: 0.5531000495  lr: 9.538e-04  
2024-11-07 08:01:28 - INFO - Epoch:   25/500  Runtime:  9.12s  EpochLoss: 0.5249767480  RandomIterLoss: 0.5579444170  lr: 1.041e-03  
2024-11-07 08:01:37 - INFO - Epoch:   26/500  Runtime:  9.03s  EpochLoss: 0.5318903788  RandomIterLoss: 0.5999510288  lr: 1.077e-03  
2024-11-07 08:01:46 - INFO - Epoch:   27/500  Runtime:  9.14s  EpochLoss: 0.5463715304  RandomIterLoss: 0.4457518756  lr: 1.123e-03  
2024-11-07 08:01:55 - INFO - Epoch:   28/500  Runtime:  8.16s  EpochLoss: 0.5422582918  RandomIterLoss: 0.4020889997  lr: 1.177e-03  
2024-11-07 08:02:04 - INFO - Epoch:   29/500  Runtime:  9.19s  EpochLoss: 0.5335808092  RandomIterLoss: 0.5433120728  lr: 1.228e-03  
2024-11-07 08:02:12 - INFO - Epoch:   30/500  Runtime:  8.16s  EpochLoss: 0.5575960516  RandomIterLoss: 0.7693881392  lr: 1.314e-03  
2024-11-07 08:02:13 - INFO - Eval Epoch: 30
2024-11-07 08:02:13 - INFO - Overall Accuracy: 73.39 || Mean Overall Accuracy: 62.49
2024-11-07 08:02:13 - INFO - Mean IoU: 0.511 || Per-class IoU score:  Ground=0.648  Building=0.663  Trees=0.814  Low vegetation=0.404  Artifacts=0.026  
2024-11-07 08:02:13 - INFO - Macro F1: 0.621 || Per-class  F1 score:  Ground=0.786  Building=0.797  Trees=0.898  Low vegetation=0.575  Artifacts=0.050  

2024-11-07 08:02:23 - INFO - Epoch:   31/500  Runtime:  9.89s  EpochLoss: 0.5409120159  RandomIterLoss: 0.5030920506  lr: 1.363e-03  
2024-11-07 08:02:32 - INFO - Epoch:   32/500  Runtime:  8.96s  EpochLoss: 0.5368950448  RandomIterLoss: 0.3897538781  lr: 1.422e-03  
2024-11-07 08:02:41 - INFO - Epoch:   33/500  Runtime:  9.39s  EpochLoss: 0.5386780839  RandomIterLoss: 0.4446699619  lr: 1.454e-03  
2024-11-07 08:02:50 - INFO - Epoch:   34/500  Runtime:  8.59s  EpochLoss: 0.5255901380  RandomIterLoss: 0.4757049978  lr: 1.506e-03  
2024-11-07 08:02:59 - INFO - Epoch:   35/500  Runtime:  9.45s  EpochLoss: 0.5193549726  RandomIterLoss: 0.5730725527  lr: 1.633e-03  
2024-11-07 08:03:09 - INFO - Epoch:   36/500  Runtime:  9.41s  EpochLoss: 0.5094215111  RandomIterLoss: 0.4020840824  lr: 1.689e-03  
2024-11-07 08:03:18 - INFO - Epoch:   37/500  Runtime:  9.63s  EpochLoss: 0.5406945219  RandomIterLoss: 0.8050401211  lr: 1.711e-03  
2024-11-07 08:03:27 - INFO - Epoch:   38/500  Runtime:  9.17s  EpochLoss: 0.5378494391  
2024-11-07 08:03:37 - INFO - Epoch:   39/500  Runtime:  9.92s  EpochLoss: 0.5178573416  RandomIterLoss: 0.5219638348  lr: 1.844e-03  
2024-11-07 08:03:47 - INFO - Epoch:   40/500  Runtime:  9.80s  EpochLoss: 0.5114009225  RandomIterLoss: 0.5615364909  lr: 1.948e-03  
2024-11-07 08:03:57 - INFO - Epoch:   41/500  Runtime:  9.64s  EpochLoss: 0.5025898313  RandomIterLoss: 0.5105641484  lr: 2.047e-03  
2024-11-07 08:04:06 - INFO - Epoch:   42/500  Runtime:  9.00s  EpochLoss: 0.5020081116  RandomIterLoss: 0.4794300795  lr: 2.076e-03  
2024-11-07 08:04:15 - INFO - Epoch:   43/500  Runtime:  9.10s  EpochLoss: 0.5100800558  RandomIterLoss: 0.6039910316  lr: 2.212e-03  
2024-11-07 08:04:24 - INFO - Epoch:   44/500  Runtime:  9.48s  EpochLoss: 0.5090048516  RandomIterLoss: 0.5600804090  lr: 2.250e-03  
2024-11-07 08:04:34 - INFO - Epoch:   45/500  Runtime:  9.47s  EpochLoss: 0.5233646990  RandomIterLoss: 0.4209925234  lr: 2.361e-03  
2024-11-07 08:04:43 - INFO - Epoch:   46/500  Runtime:  9.51s  EpochLoss: 0.5250073394  RandomIterLoss: 0.3801769018  lr: 2.394e-03  
2024-11-07 08:04:53 - INFO - Epoch:   47/500  Runtime:  9.55s  EpochLoss: 0.5120818378  RandomIterLoss: 0.5998733640  lr: 2.523e-03  
2024-11-07 08:05:02 - INFO - Epoch:   48/500  Runtime:  8.79s  EpochLoss: 0.5195438069  RandomIterLoss: 0.5043746829  lr: 2.596e-03  
2024-11-07 08:05:10 - INFO - Epoch:   49/500  Runtime:  8.11s  EpochLoss: 0.4834599529  RandomIterLoss: 0.4842176735  lr: 2.662e-03  
2024-11-07 08:05:19 - INFO - Epoch:   50/500  Runtime:  9.38s  EpochLoss: 0.4905221909  RandomIterLoss: 0.5842026472  lr: 2.716e-03  
2024-11-07 08:05:28 - INFO - Epoch:   51/500  Runtime:  9.05s  EpochLoss: 0.4840124690  RandomIterLoss: 0.4956213832  lr: 2.830e-03  
2024-11-07 08:05:38 - INFO - Epoch:   52/500  Runtime:  9.49s  EpochLoss: 0.5024615499  RandomIterLoss: 0.4992220998  lr: 2.928e-03  
2024-11-07 08:05:46 - INFO - Epoch:   53/500  Runtime:  8.79s  EpochLoss: 0.4987629158  RandomIterLoss: 0.5157151222  lr: 3.011e-03  
2024-11-07 08:05:56 - INFO - Epoch:   54/500  Runtime:  9.69s  EpochLoss: 0.4947121123  RandomIterLoss: 0.4725929499  lr: 3.145e-03  
2024-11-07 08:06:06 - INFO - Epoch:   55/500  Runtime:  9.51s  EpochLoss: 0.4950902848  RandomIterLoss: 0.5902215838  lr: 3.225e-03  
2024-11-07 08:06:15 - INFO - Epoch:   56/500  Runtime:  9.20s  EpochLoss: 0.4908559593  RandomIterLoss: 0.5420663953  lr: 3.334e-03  
2024-11-07 08:06:23 - INFO - Epoch:   57/500  Runtime:  8.64s  EpochLoss: 0.4894708950  RandomIterLoss: 0.4673005342  lr: 3.381e-03  
2024-11-07 08:06:33 - INFO - Epoch:   58/500  Runtime:  9.80s  EpochLoss: 0.5019487129  RandomIterLoss: 0.6667866707  lr: 3.511e-03  
2024-11-07 08:06:43 - INFO - Epoch:   59/500  Runtime:  9.98s  EpochLoss: 0.4995696917  RandomIterLoss: 0.5175484419  lr: 3.590e-03  
2024-11-07 08:06:52 - INFO - Epoch:   60/500  Runtime:  9.10s  EpochLoss: 0.4924541570  RandomIterLoss: 0.6136680245  lr: 3.718e-03  
2024-11-07 08:06:53 - INFO - Eval Epoch: 60
2024-11-07 08:06:53 - INFO - Overall Accuracy: 78.59 || Mean Overall Accuracy: 65.83
2024-11-07 08:06:53 - INFO - Mean IoU: 0.561 || Per-class IoU score:  Ground=0.735  Building=0.769  Trees=0.818  Low vegetation=0.461  Artifacts=0.021  
2024-11-07 08:06:53 - INFO - Macro F1: 0.658 || Per-class  F1 score:  Ground=0.847  Building=0.870  Trees=0.900  Low vegetation=0.631  Artifacts=0.041  

2024-11-07 08:07:03 - INFO - Epoch:   61/500  Runtime: 10.17s  EpochLoss: 0.5005266145  RandomIterLoss: 0.5504434109  lr: 3.776e-03  
2024-11-07 08:07:14 - INFO - Epoch:   62/500  Runtime: 10.20s  EpochLoss: 0.4986525137  RandomIterLoss: 0.4207247198  lr: 3.884e-03  
2024-11-07 08:07:24 - INFO - Epoch:   63/500  Runtime: 10.35s  EpochLoss: 0.4899712699  RandomIterLoss: 0.4622554779  lr: 3.994e-03  
2024-11-07 08:07:34 - INFO - Epoch:   64/500  Runtime: 10.18s  EpochLoss: 0.4931129976  RandomIterLoss: 0.4578931034  lr: 4.014e-03  
2024-11-07 08:07:44 - INFO - Epoch:   65/500  Runtime:  9.37s  EpochLoss: 0.4770836065  RandomIterLoss: 0.4371729791  lr: 4.118e-03  
2024-11-07 08:07:53 - INFO - Epoch:   66/500  Runtime:  9.64s  EpochLoss: 0.4803725576  RandomIterLoss: 0.4542366862  lr: 4.272e-03  
2024-11-07 08:08:02 - INFO - Epoch:   67/500  Runtime:  8.86s  EpochLoss: 0.4864755605  RandomIterLoss: 0.4149238765  lr: 4.394e-03  
2024-11-07 08:08:12 - INFO - Epoch:   68/500  Runtime:  9.54s  EpochLoss: 0.4842459079  RandomIterLoss: 0.4493785501  lr: 4.464e-03  
2024-11-07 08:08:21 - INFO - Epoch:   69/500  Runtime:  9.57s  EpochLoss: 0.4705236304  RandomIterLoss: 0.3655906320  lr: 4.550e-03  
2024-11-07 08:08:30 - INFO - Epoch:   70/500  Runtime:  9.28s  EpochLoss: 0.4709445197  RandomIterLoss: 0.4513844550  lr: 4.647e-03  
2024-11-07 08:08:39 - INFO - Epoch:   71/500  Runtime:  8.73s  EpochLoss: 0.5053667006  RandomIterLoss: 0.5443630219  lr: 4.799e-03  
2024-11-07 08:08:49 - INFO - Epoch:   72/500  Runtime:  9.50s  EpochLoss: 0.4957109310  RandomIterLoss: 0.6021232009  lr: 4.863e-03  
2024-11-07 08:08:58 - INFO - Epoch:   73/500  Runtime:  9.10s  EpochLoss: 0.4881619621  RandomIterLoss: 0.4708003104  lr: 4.952e-03  
2024-11-07 08:09:07 - INFO - Epoch:   74/500  Runtime:  9.58s  EpochLoss: 0.4843937924  RandomIterLoss: 0.5220707059  lr: 5.059e-03  
2024-11-07 08:09:17 - INFO - Epoch:   75/500  Runtime:  9.56s  EpochLoss: 0.4720217166  RandomIterLoss: 0.4188315570  lr: 5.117e-03  
2024-11-07 08:09:26 - INFO - Epoch:   76/500  Runtime:  9.41s  EpochLoss: 0.4740313014  RandomIterLoss: 0.4783383906  lr: 5.258e-03  
2024-11-07 08:09:35 - INFO - Epoch:   77/500  Runtime:  8.86s  EpochLoss: 0.4921056161  RandomIterLoss: 0.4427469373  lr: 5.327e-03  
2024-11-07 08:09:44 - INFO - Epoch:   78/500  Runtime:  8.57s  EpochLoss: 0.4728146832  RandomIterLoss: 0.7213114500  lr: 5.425e-03  
2024-11-07 08:09:53 - INFO - Epoch:   79/500  Runtime:  9.39s  EpochLoss: 0.4713791826  RandomIterLoss: 0.3763477206  lr: 5.555e-03  
2024-11-07 08:10:03 - INFO - Epoch:   80/500  Runtime:  9.99s  EpochLoss: 0.4838443602  RandomIterLoss: 0.5416838527  lr: 5.639e-03  
2024-11-07 08:10:13 - INFO - Epoch:   81/500  Runtime: 10.04s  EpochLoss: 0.4919385619  RandomIterLoss: 0.5573281050  lr: 5.746e-03  
2024-11-07 08:10:22 - INFO - Epoch:   82/500  Runtime:  9.10s  EpochLoss: 0.4796826968  RandomIterLoss: 0.3577764630  lr: 5.889e-03  
2024-11-07 08:10:31 - INFO - Epoch:   83/500  Runtime:  8.46s  EpochLoss: 0.4622480849  RandomIterLoss: 0.5162053108  lr: 5.959e-03  
2024-11-07 08:10:39 - INFO - Epoch:   84/500  Runtime:  8.31s  EpochLoss: 0.4764447774  RandomIterLoss: 0.3783533275  lr: 6.087e-03  
2024-11-07 08:10:48 - INFO - Epoch:   85/500  Runtime:  9.37s  EpochLoss: 0.4741002267  RandomIterLoss: 0.3211679161  lr: 6.152e-03  
2024-11-07 08:10:58 - INFO - Epoch:   86/500  Runtime:  9.12s  EpochLoss: 0.4733812606  RandomIterLoss: 0.5317333937  lr: 6.242e-03  
2024-11-07 08:11:07 - INFO - Epoch:   87/500  Runtime:  9.69s  EpochLoss: 0.4732734873  RandomIterLoss: 0.4433223009  lr: 6.360e-03  
2024-11-07 08:11:16 - INFO - Epoch:   88/500  Runtime:  9.22s  EpochLoss: 0.4552704197  RandomIterLoss: 0.4860921800  lr: 6.439e-03  
2024-11-07 08:11:25 - INFO - Epoch:   89/500  Runtime:  8.97s  EpochLoss: 0.4823752554  RandomIterLoss: 0.6701362729  lr: 6.556e-03  
2024-11-07 08:11:34 - INFO - Epoch:   90/500  Runtime:  9.10s  EpochLoss: 0.4825441573  RandomIterLoss: 0.4987555146  lr: 6.615e-03  
2024-11-07 08:11:35 - INFO - Eval Epoch: 90
2024-11-07 08:11:35 - INFO - Overall Accuracy: 76.87 || Mean Overall Accuracy: 65.01
2024-11-07 08:11:35 - INFO - Mean IoU: 0.546 || Per-class IoU score:  Ground=0.696  Building=0.754  Trees=0.774  Low vegetation=0.436  Artifacts=0.071  
2024-11-07 08:11:35 - INFO - Macro F1: 0.659 || Per-class  F1 score:  Ground=0.821  Building=0.860  Trees=0.873  Low vegetation=0.607  Artifacts=0.133  

2024-11-07 08:11:44 - INFO - Epoch:   91/500  Runtime:  8.83s  EpochLoss: 0.4486396062  RandomIterLoss: 0.4264170229  lr: 6.745e-03  
2024-11-07 08:11:53 - INFO - Epoch:   92/500  Runtime:  8.33s  EpochLoss: 0.4607098976  RandomIterLoss: 0.3695194423  lr: 6.799e-03  
2024-11-07 08:12:02 - INFO - Epoch:   93/500  Runtime:  9.19s  EpochLoss: 0.4493633827  RandomIterLoss: 0.3914441466  lr: 6.915e-03  
2024-11-07 08:12:10 - INFO - Epoch:   94/500  Runtime:  8.57s  EpochLoss: 0.4627054903  RandomIterLoss: 0.5323805213  lr: 7.049e-03  
2024-11-07 08:12:19 - INFO - Epoch:   95/500  Runtime:  9.05s  EpochLoss: 0.4671019817  RandomIterLoss: 0.4310314059  lr: 7.078e-03  
2024-11-07 08:12:28 - INFO - Epoch:   96/500  Runtime:  9.04s  EpochLoss: 0.4518946091  RandomIterLoss: 0.4685569108  lr: 7.237e-03  
2024-11-07 08:12:37 - INFO - Epoch:   97/500  Runtime:  8.93s  EpochLoss: 0.4567071111  RandomIterLoss: 0.3439285457  lr: 7.274e-03  
2024-11-07 08:12:46 - INFO - Epoch:   98/500  Runtime:  9.16s  EpochLoss: 0.4564173127  RandomIterLoss: 0.4652495086  lr: 7.411e-03  
2024-11-07 08:12:55 - INFO - Epoch:   99/500  Runtime:  8.68s  EpochLoss: 0.4430630051  RandomIterLoss: 0.4401240051  lr: 7.486e-03  
2024-11-07 08:13:04 - INFO - Epoch:  100/500  Runtime:  8.67s  EpochLoss: 0.4498651929  RandomIterLoss: 0.5518007874  lr: 7.576e-03  
2024-11-07 08:13:13 - INFO - Epoch:  101/500  Runtime:  9.38s  EpochLoss: 0.4513175894  RandomIterLoss: 0.5859910846  lr: 7.660e-03  
2024-11-07 08:13:22 - INFO - Epoch:  102/500  Runtime:  9.19s  EpochLoss: 0.5132619170  RandomIterLoss: 0.5244449377  lr: 7.771e-03  
2024-11-07 08:13:31 - INFO - Epoch:  103/500  Runtime:  8.94s  EpochLoss: 0.4829371084  RandomIterLoss: 0.3297602832  lr: 7.839e-03  
2024-11-07 08:13:40 - INFO - Epoch:  104/500  Runtime:  9.09s  EpochLoss: 0.4534177800  RandomIterLoss: 0.4407803416  lr: 7.882e-03  
2024-11-07 08:13:50 - INFO - Epoch:  105/500  Runtime:  9.79s  EpochLoss: 0.4494816227  RandomIterLoss: 0.3993316293  lr: 8.002e-03  
2024-11-07 08:13:59 - INFO - Epoch:  106/500  Runtime:  9.27s  EpochLoss: 0.4560508139  RandomIterLoss: 0.5174735785  lr: 8.045e-03  
2024-11-07 08:14:09 - INFO - Epoch:  107/500  Runtime:  9.05s  EpochLoss: 0.4408506846  RandomIterLoss: 0.5465592146  lr: 8.154e-03  
2024-11-07 08:14:17 - INFO - Epoch:  108/500  Runtime:  8.91s  EpochLoss: 0.4419933151  RandomIterLoss: 0.5011399984  lr: 8.259e-03  
2024-11-07 08:14:26 - INFO - Epoch:  109/500  Runtime:  8.69s  EpochLoss: 0.4555266743  RandomIterLoss: 0.5667670369  lr: 8.301e-03  
2024-11-07 08:14:35 - INFO - Epoch:  110/500  Runtime:  8.88s  EpochLoss: 0.4543751377  RandomIterLoss: 0.4248583317  lr: 8.372e-03  
2024-11-07 08:14:44 - INFO - Epoch:  111/500  Runtime:  9.08s  EpochLoss: 0.4287792580  RandomIterLoss: 0.4977583587  lr: 8.472e-03  
2024-11-07 08:14:53 - INFO - Epoch:  112/500  Runtime:  8.58s  EpochLoss: 0.4483921731  RandomIterLoss: 0.3875576258  lr: 8.532e-03  
2024-11-07 08:15:02 - INFO - Epoch:  113/500  Runtime:  9.24s  EpochLoss: 0.4257758510  RandomIterLoss: 0.4217954576  lr: 8.569e-03  
2024-11-07 08:15:12 - INFO - Epoch:  114/500  Runtime:  9.61s  EpochLoss: 0.4618354758  RandomIterLoss: 0.4643458128  lr: 8.694e-03  
2024-11-07 08:15:21 - INFO - Epoch:  115/500  Runtime:  9.93s  EpochLoss: 0.4596011090  RandomIterLoss: 0.4943449199  lr: 8.705e-03  
2024-11-07 08:15:31 - INFO - Epoch:  116/500  Runtime:  9.26s  EpochLoss: 0.4346885762  RandomIterLoss: 0.4540516436  lr: 8.791e-03  
2024-11-07 08:15:40 - INFO - Epoch:  117/500  Runtime:  9.65s  EpochLoss: 0.4370479814  RandomIterLoss: 0.5123915672  lr: 8.861e-03  
2024-11-07 08:15:49 - INFO - Epoch:  118/500  Runtime:  8.99s  EpochLoss: 0.4381330853  RandomIterLoss: 0.3295903206  lr: 8.921e-03  
2024-11-07 08:15:59 - INFO - Epoch:  119/500  Runtime:  9.47s  EpochLoss: 0.4470763010  RandomIterLoss: 0.5446792245  lr: 8.990e-03  
2024-11-07 08:16:09 - INFO - Epoch:  120/500  Runtime:  9.97s  EpochLoss: 0.4384439513  RandomIterLoss: 0.4934089184  lr: 9.045e-03  
2024-11-07 08:16:10 - INFO - Eval Epoch: 120
2024-11-07 08:16:10 - INFO - Overall Accuracy: 82.48 || Mean Overall Accuracy: 70.41
2024-11-07 08:16:10 - INFO - Mean IoU: 0.599 || Per-class IoU score:  Ground=0.766  Building=0.787  Trees=0.797  Low vegetation=0.582  Artifacts=0.065  
2024-11-07 08:16:10 - INFO - Macro F1: 0.699 || Per-class  F1 score:  Ground=0.867  Building=0.881  Trees=0.887  Low vegetation=0.736  Artifacts=0.122  

2024-11-07 08:16:20 - INFO - Epoch:  121/500  Runtime:  9.95s  EpochLoss: 0.4401346831  RandomIterLoss: 0.4421734810  lr: 9.143e-03  
2024-11-07 08:16:30 - INFO - Epoch:  122/500  Runtime: 10.07s  EpochLoss: 0.4357945770  RandomIterLoss: 0.4134560823  lr: 9.162e-03  
2024-11-07 08:16:38 - INFO - Epoch:  123/500  Runtime:  8.67s  EpochLoss: 0.4350767528  RandomIterLoss: 0.4864339232  lr: 9.214e-03  
2024-11-07 08:16:47 - INFO - Epoch:  124/500  Runtime:  8.50s  EpochLoss: 0.4257992614  RandomIterLoss: 0.3565483093  lr: 9.289e-03  
2024-11-07 08:16:56 - INFO - Epoch:  125/500  Runtime:  9.02s  EpochLoss: 0.4371442246  RandomIterLoss: 0.4503641725  lr: 9.341e-03  
2024-11-07 08:17:05 - INFO - Epoch:  126/500  Runtime:  9.27s  EpochLoss: 0.4368523529  RandomIterLoss: 0.6518359184  lr: 9.391e-03  
2024-11-07 08:17:14 - INFO - Epoch:  127/500  Runtime:  8.70s  EpochLoss: 0.4371620274  RandomIterLoss: 0.4154784381  lr: 9.416e-03  
2024-11-07 08:17:23 - INFO - Epoch:  128/500  Runtime:  8.75s  EpochLoss: 0.4451310011  RandomIterLoss: 0.4597447217  lr: 9.476e-03  
2024-11-07 08:17:32 - INFO - Epoch:  129/500  Runtime:  8.97s  EpochLoss: 0.4283661666  RandomIterLoss: 0.4067835808  lr: 9.524e-03  
2024-11-07 08:17:41 - INFO - Epoch:  130/500  Runtime:  9.11s  EpochLoss: 0.4230516898  RandomIterLoss: 0.5328959227  lr: 9.552e-03  
2024-11-07 08:17:49 - INFO - Epoch:  131/500  Runtime:  8.69s  EpochLoss: 0.4869451652  RandomIterLoss: 0.3727507889  lr: 9.593e-03  
2024-11-07 08:17:59 - INFO - Epoch:  132/500  Runtime:  9.66s  EpochLoss: 0.4673348943  RandomIterLoss: 0.4374573827  lr: 9.635e-03  
2024-11-07 08:18:07 - INFO - Epoch:  133/500  Runtime:  8.46s  EpochLoss: 0.4428900826  RandomIterLoss: 0.3770856559  lr: 9.673e-03  
2024-11-07 08:18:17 - INFO - Epoch:  134/500  Runtime:  9.88s  EpochLoss: 0.4342719879  RandomIterLoss: 0.4476172030  lr: 9.705e-03  
2024-11-07 08:18:27 - INFO - Epoch:  135/500  Runtime:  9.60s  EpochLoss: 0.4255065390  RandomIterLoss: 0.4394668937  lr: 9.765e-03  
2024-11-07 08:18:36 - INFO - Epoch:  136/500  Runtime:  9.50s  EpochLoss: 0.4246073568  RandomIterLoss: 0.4423678815  lr: 9.792e-03  
2024-11-07 08:18:46 - INFO - Epoch:  137/500  Runtime:  9.13s  EpochLoss: 0.4251610671  RandomIterLoss: 0.3733491600  lr: 9.798e-03  
2024-11-07 08:18:55 - INFO - Epoch:  138/500  Runtime:  8.94s  EpochLoss: 0.4273828661  RandomIterLoss: 0.4534078538  lr: 9.833e-03  
2024-11-07 08:19:03 - INFO - Epoch:  139/500  Runtime:  8.93s  EpochLoss: 0.4305359633  RandomIterLoss: 0.4248468578  lr: 9.865e-03  
2024-11-07 08:19:13 - INFO - Epoch:  140/500  Runtime:  9.12s  EpochLoss: 0.4137660177  RandomIterLoss: 0.3117622137  lr: 9.879e-03  
2024-11-07 08:19:23 - INFO - Epoch:  141/500  Runtime:  9.97s  EpochLoss: 0.4173175144  RandomIterLoss: 0.3346309960  lr: 9.904e-03  
2024-11-07 08:19:33 - INFO - Epoch:  142/500  Runtime: 10.03s  EpochLoss: 0.4217726229  RandomIterLoss: 0.4122719467  lr: 9.925e-03  
2024-11-07 08:19:42 - INFO - Epoch:  143/500  Runtime:  9.78s  EpochLoss: 0.4182137976  RandomIterLoss: 0.4361006320  lr: 9.946e-03  
2024-11-07 08:19:52 - INFO - Epoch:  144/500  Runtime: 10.01s  EpochLoss: 0.4167283746  RandomIterLoss: 0.3832968473  lr: 9.951e-03  
2024-11-07 08:20:02 - INFO - Epoch:  145/500  Runtime:  9.83s  EpochLoss: 0.4246586439  RandomIterLoss: 0.3507982194  lr: 9.973e-03  
2024-11-07 08:20:12 - INFO - Epoch:  146/500  Runtime: 10.13s  EpochLoss: 0.4217961254  RandomIterLoss: 0.4365771413  lr: 9.977e-03  
2024-11-07 08:20:22 - INFO - Epoch:  147/500  Runtime:  9.57s  EpochLoss: 0.4096610302  RandomIterLoss: 0.4330032468  lr: 9.984e-03  
2024-11-07 08:20:32 - INFO - Epoch:  148/500  Runtime: 10.07s  EpochLoss: 0.4169198783  RandomIterLoss: 0.3591198325  lr: 9.993e-03  
2024-11-07 08:20:42 - INFO - Epoch:  149/500  Runtime: 10.22s  EpochLoss: 0.4174770245  RandomIterLoss: 0.4113369584  lr: 9.996e-03  
2024-11-07 08:20:52 - INFO - Epoch:  150/500  Runtime:  9.86s  EpochLoss: 0.4241113791  RandomIterLoss: 0.4512271583  lr: 9.999e-03  
2024-11-07 08:20:53 - INFO - Eval Epoch: 150
2024-11-07 08:20:53 - INFO - Overall Accuracy: 82.76 || Mean Overall Accuracy: 68.35
2024-11-07 08:20:53 - INFO - Mean IoU: 0.601 || Per-class IoU score:  Ground=0.778  Building=0.820  Trees=0.814  Low vegetation=0.561  Artifacts=0.032  
2024-11-07 08:20:53 - INFO - Macro F1: 0.691 || Per-class  F1 score:  Ground=0.875  Building=0.901  Trees=0.898  Low vegetation=0.719  Artifacts=0.062  

2024-11-07 08:21:03 - INFO - Epoch:  151/500  Runtime:  9.76s  EpochLoss: 0.4246750284  RandomIterLoss: 0.4540858567  lr: 1.000e-02  
2024-11-07 08:21:12 - INFO - Epoch:  152/500  Runtime:  9.41s  EpochLoss: 0.4297452562  RandomIterLoss: 0.5876606703  lr: 1.000e-02  
2024-11-07 08:21:22 - INFO - Epoch:  153/500  Runtime:  9.82s  EpochLoss: 0.4096019553  RandomIterLoss: 0.4569090307  lr: 9.999e-03  
2024-11-07 08:21:31 - INFO - Epoch:  154/500  Runtime:  9.26s  EpochLoss: 0.4142469581  RandomIterLoss: 0.3879727721  lr: 9.997e-03  
2024-11-07 08:21:41 - INFO - Epoch:  155/500  Runtime: 10.11s  EpochLoss: 0.4290488342  RandomIterLoss: 0.3704217672  lr: 9.995e-03  
2024-11-07 08:21:51 - INFO - Epoch:  156/500  Runtime:  9.72s  EpochLoss: 0.4112027267  RandomIterLoss: 0.3164171576  lr: 9.994e-03  
2024-11-07 08:22:00 - INFO - Epoch:  157/500  Runtime:  9.47s  EpochLoss: 0.4047946293  RandomIterLoss: 0.4076056480  lr: 9.992e-03  
2024-11-07 08:22:10 - INFO - Epoch:  158/500  Runtime:  9.58s  EpochLoss: 0.4223286747  RandomIterLoss: 0.4944170415  lr: 9.988e-03  
2024-11-07 08:22:20 - INFO - Epoch:  159/500  Runtime:  9.79s  EpochLoss: 0.4207373580  RandomIterLoss: 0.3868161142  lr: 9.986e-03  
2024-11-07 08:22:29 - INFO - Epoch:  160/500  Runtime:  9.27s  EpochLoss: 0.4287032627  RandomIterLoss: 0.5479094386  lr: 9.983e-03  
2024-11-07 08:22:38 - INFO - Epoch:  161/500  Runtime:  9.10s  EpochLoss: 0.4072134996  RandomIterLoss: 0.5901284814  lr: 9.977e-03  
2024-11-07 08:22:47 - INFO - Epoch:  162/500  Runtime:  9.04s  EpochLoss: 0.4203848453  RandomIterLoss: 0.4519173801  lr: 9.975e-03  
2024-11-07 08:22:56 - INFO - Epoch:  163/500  Runtime:  9.16s  EpochLoss: 0.4185931920  RandomIterLoss: 0.4288681149  lr: 9.968e-03  
2024-11-07 08:23:06 - INFO - Epoch:  164/500  Runtime:  9.69s  EpochLoss: 0.4269722707  RandomIterLoss: 0.4086622298  lr: 9.961e-03  
2024-11-07 08:23:15 - INFO - Epoch:  165/500  Runtime:  9.25s  EpochLoss: 0.4115093154  RandomIterLoss: 0.4085949361  lr: 9.957e-03  
2024-11-07 08:23:25 - INFO - Epoch:  166/500  Runtime:  9.62s  EpochLoss: 0.4336672148  RandomIterLoss: 0.3279508352  lr: 9.952e-03  
2024-11-07 08:23:33 - INFO - Epoch:  167/500  Runtime:  8.53s  EpochLoss: 0.4222450521  
2024-11-07 08:23:42 - INFO - Epoch:  168/500  Runtime:  8.76s  EpochLoss: 0.4034285505  RandomIterLoss: 0.3702257872  lr: 9.937e-03  
2024-11-07 08:23:52 - INFO - Epoch:  169/500  Runtime:  9.87s  EpochLoss: 0.4082093232  RandomIterLoss: 0.4570995867  lr: 9.931e-03  
2024-11-07 08:24:02 - INFO - Epoch:  170/500  Runtime:  9.70s  EpochLoss: 0.4096251862  RandomIterLoss: 0.4153696001  lr: 9.927e-03  
2024-11-07 08:24:11 - INFO - Epoch:  171/500  Runtime:  9.11s  EpochLoss: 0.4219116101  RandomIterLoss: 0.4941692948  lr: 9.917e-03  
2024-11-07 08:24:19 - INFO - Epoch:  172/500  Runtime:  8.58s  EpochLoss: 0.4030574479  
2024-11-07 08:24:29 - INFO - Epoch:  173/500  Runtime:  9.78s  EpochLoss: 0.3972981206  RandomIterLoss: 0.4418264925  lr: 9.902e-03  
2024-11-07 08:24:39 - INFO - Epoch:  174/500  Runtime:  9.98s  EpochLoss: 0.3980230472  RandomIterLoss: 0.4086956978  lr: 9.888e-03  
2024-11-07 08:24:50 - INFO - Epoch:  175/500  Runtime: 10.25s  EpochLoss: 0.4020233032  RandomIterLoss: 0.4196130335  lr: 9.882e-03  
2024-11-07 08:24:59 - INFO - Epoch:  176/500  Runtime:  9.91s  EpochLoss: 0.3924334781  RandomIterLoss: 0.3573196530  lr: 9.871e-03  
2024-11-07 08:25:08 - INFO - Epoch:  177/500  Runtime:  8.86s  EpochLoss: 0.3984321288  RandomIterLoss: 0.4253204763  lr: 9.855e-03  
2024-11-07 08:25:17 - INFO - Epoch:  178/500  Runtime:  8.76s  EpochLoss: 0.4106120941  RandomIterLoss: 0.4738858938  lr: 9.848e-03  
2024-11-07 08:25:27 - INFO - Epoch:  179/500  Runtime:  9.98s  EpochLoss: 0.4192711474  RandomIterLoss: 0.3998540342  lr: 9.838e-03  
2024-11-07 08:25:37 - INFO - Epoch:  180/500  Runtime:  9.81s  EpochLoss: 0.3962903534  RandomIterLoss: 0.3711618781  lr: 9.826e-03  
2024-11-07 08:25:38 - INFO - Eval Epoch: 180
2024-11-07 08:25:38 - INFO - Overall Accuracy: 81.51 || Mean Overall Accuracy: 70.16
2024-11-07 08:25:38 - INFO - Mean IoU: 0.599 || Per-class IoU score:  Ground=0.753  Building=0.815  Trees=0.776  Low vegetation=0.562  Artifacts=0.090  
2024-11-07 08:25:38 - INFO - Macro F1: 0.703 || Per-class  F1 score:  Ground=0.859  Building=0.898  Trees=0.874  Low vegetation=0.720  Artifacts=0.166  

2024-11-07 08:25:48 - INFO - Epoch:  181/500  Runtime:  9.82s  EpochLoss: 0.4075427414  RandomIterLoss: 0.4545893967  lr: 9.815e-03  
2024-11-07 08:25:57 - INFO - Epoch:  182/500  Runtime:  9.36s  EpochLoss: 0.4120400744  RandomIterLoss: 0.3973394632  lr: 9.803e-03  
2024-11-07 08:26:07 - INFO - Epoch:  183/500  Runtime:  9.64s  EpochLoss: 0.3971779692  RandomIterLoss: 0.3870641589  lr: 9.792e-03  
2024-11-07 08:26:16 - INFO - Epoch:  184/500  Runtime:  9.38s  EpochLoss: 0.3898980428  RandomIterLoss: 0.3616545796  lr: 9.773e-03  
2024-11-07 08:26:25 - INFO - Epoch:  185/500  Runtime:  9.44s  EpochLoss: 0.3985347965  RandomIterLoss: 0.3779210150  lr: 9.764e-03  
2024-11-07 08:26:34 - INFO - Epoch:  186/500  Runtime:  8.87s  EpochLoss: 0.3814826276  RandomIterLoss: 0.4165612459  lr: 9.749e-03  
2024-11-07 08:26:43 - INFO - Epoch:  187/500  Runtime:  8.67s  EpochLoss: 0.3976954814  RandomIterLoss: 0.3810629249  lr: 9.736e-03  
2024-11-07 08:26:53 - INFO - Epoch:  188/500  Runtime:  9.78s  EpochLoss: 0.3920558122  RandomIterLoss: 0.3558949232  lr: 9.713e-03  
2024-11-07 08:27:02 - INFO - Epoch:  189/500  Runtime:  9.36s  EpochLoss: 0.3942071091  RandomIterLoss: 0.4658522010  lr: 9.702e-03  
2024-11-07 08:27:11 - INFO - Epoch:  190/500  Runtime:  9.14s  EpochLoss: 0.4044789821  RandomIterLoss: 0.2972679734  lr: 9.695e-03  
2024-11-07 08:27:20 - INFO - Epoch:  191/500  Runtime:  8.36s  EpochLoss: 0.3862511455  RandomIterLoss: 0.4149347544  lr: 9.680e-03  
2024-11-07 08:27:29 - INFO - Epoch:  192/500  Runtime:  9.16s  EpochLoss: 0.3792447319  RandomIterLoss: 0.3422740996  lr: 9.654e-03  
2024-11-07 08:27:39 - INFO - Epoch:  193/500  Runtime: 10.11s  EpochLoss: 0.3945744305  RandomIterLoss: 0.3373501301  lr: 9.640e-03  
2024-11-07 08:27:49 - INFO - Epoch:  194/500  Runtime:  9.98s  EpochLoss: 0.3912550848  RandomIterLoss: 0.3744073510  lr: 9.619e-03  
2024-11-07 08:27:59 - INFO - Epoch:  195/500  Runtime:  9.99s  EpochLoss: 0.3827010854  RandomIterLoss: 0.3917320669  lr: 9.610e-03  
2024-11-07 08:28:08 - INFO - Epoch:  196/500  Runtime:  9.34s  EpochLoss: 0.3954592659  RandomIterLoss: 0.3716964126  lr: 9.583e-03  
2024-11-07 08:28:17 - INFO - Epoch:  197/500  Runtime:  9.29s  EpochLoss: 0.3894051354  RandomIterLoss: 0.4245052934  lr: 9.563e-03  
2024-11-07 08:28:27 - INFO - Epoch:  198/500  Runtime:  9.21s  EpochLoss: 0.3839438849  RandomIterLoss: 0.3509220481  lr: 9.553e-03  
2024-11-07 08:28:36 - INFO - Epoch:  199/500  Runtime:  9.45s  EpochLoss: 0.3911354616  RandomIterLoss: 0.3210690618  lr: 9.538e-03  
2024-11-07 08:28:45 - INFO - Epoch:  200/500  Runtime:  9.19s  EpochLoss: 0.3841657564  RandomIterLoss: 0.3463751972  lr: 9.509e-03  
2024-11-07 08:28:55 - INFO - Epoch:  201/500  Runtime:  9.24s  EpochLoss: 0.3865079399  RandomIterLoss: 0.3725555241  lr: 9.495e-03  
2024-11-07 08:29:04 - INFO - Epoch:  202/500  Runtime:  9.27s  EpochLoss: 0.3999506838  RandomIterLoss: 0.3082866073  lr: 9.483e-03  
2024-11-07 08:29:13 - INFO - Epoch:  203/500  Runtime:  9.11s  EpochLoss: 0.3976787166  RandomIterLoss: 0.3918069303  lr: 9.447e-03  
2024-11-07 08:29:21 - INFO - Epoch:  204/500  Runtime:  8.54s  EpochLoss: 0.3803813214  RandomIterLoss: 0.3748469651  lr: 9.427e-03  
2024-11-07 08:29:30 - INFO - Epoch:  205/500  Runtime:  8.35s  EpochLoss: 0.3768668974  RandomIterLoss: 0.3758832812  lr: 9.417e-03  
2024-11-07 08:29:40 - INFO - Epoch:  206/500  Runtime: 10.06s  EpochLoss: 0.3838025413  RandomIterLoss: 0.3173968792  lr: 9.383e-03  
2024-11-07 08:29:49 - INFO - Epoch:  207/500  Runtime:  9.56s  EpochLoss: 0.3834204355  RandomIterLoss: 0.4049407542  lr: 9.360e-03  
2024-11-07 08:29:59 - INFO - Epoch:  208/500  Runtime:  9.30s  EpochLoss: 0.3731189749  RandomIterLoss: 0.3356240988  lr: 9.357e-03  
2024-11-07 08:30:08 - INFO - Epoch:  209/500  Runtime:  9.27s  EpochLoss: 0.3801601902  RandomIterLoss: 0.3991352618  lr: 9.315e-03  
2024-11-07 08:30:17 - INFO - Epoch:  210/500  Runtime:  8.54s  EpochLoss: 0.3890843507  RandomIterLoss: 0.4263599813  lr: 9.300e-03  
2024-11-07 08:30:17 - INFO - Eval Epoch: 210
2024-11-07 08:30:17 - INFO - Overall Accuracy: 80.88 || Mean Overall Accuracy: 65.97
2024-11-07 08:30:17 - INFO - Mean IoU: 0.571 || Per-class IoU score:  Ground=0.766  Building=0.822  Trees=0.758  Low vegetation=0.436  Artifacts=0.070  
2024-11-07 08:30:17 - INFO - Macro F1: 0.674 || Per-class  F1 score:  Ground=0.868  Building=0.902  Trees=0.862  Low vegetation=0.607  Artifacts=0.131  

2024-11-07 08:30:27 - INFO - Epoch:  211/500  Runtime:  9.17s  EpochLoss: 0.3726570322  RandomIterLoss: 0.4639833570  lr: 9.272e-03  
2024-11-07 08:30:35 - INFO - Epoch:  212/500  Runtime:  8.64s  EpochLoss: 0.3829810369  RandomIterLoss: 0.4040065110  lr: 9.254e-03  
2024-11-07 08:30:44 - INFO - Epoch:  213/500  Runtime:  9.08s  EpochLoss: 0.3856311488  RandomIterLoss: 0.3635142446  lr: 9.230e-03  
2024-11-07 08:30:53 - INFO - Epoch:  214/500  Runtime:  9.16s  EpochLoss: 0.3803404126  RandomIterLoss: 0.4160692394  lr: 9.197e-03  
2024-11-07 08:31:02 - INFO - Epoch:  215/500  Runtime:  8.32s  EpochLoss: 0.3907454095  RandomIterLoss: 0.3191494644  lr: 9.183e-03  
2024-11-07 08:31:11 - INFO - Epoch:  216/500  Runtime:  8.96s  EpochLoss: 0.3885572333  RandomIterLoss: 0.4094027877  lr: 9.159e-03  
2024-11-07 08:31:20 - INFO - Epoch:  217/500  Runtime:  8.95s  EpochLoss: 0.3768085275  RandomIterLoss: 0.3273524642  lr: 9.133e-03  
2024-11-07 08:31:29 - INFO - Epoch:  218/500  Runtime:  9.64s  EpochLoss: 0.3696594550  RandomIterLoss: 0.4574366808  lr: 9.115e-03  
2024-11-07 08:31:39 - INFO - Epoch:  219/500  Runtime:  9.31s  EpochLoss: 0.3845596591  RandomIterLoss: 0.4059295058  lr: 9.085e-03  
2024-11-07 08:31:48 - INFO - Epoch:  220/500  Runtime:  9.30s  EpochLoss: 0.3676087714  RandomIterLoss: 0.2940011024  lr: 9.055e-03  
2024-11-07 08:31:57 - INFO - Epoch:  221/500  Runtime:  8.91s  EpochLoss: 0.3681311038  RandomIterLoss: 0.2740221918  lr: 9.018e-03  
2024-11-07 08:32:06 - INFO - Epoch:  222/500  Runtime:  8.91s  EpochLoss: 0.3695316586  RandomIterLoss: 0.3045803308  lr: 8.995e-03  
2024-11-07 08:32:15 - INFO - Epoch:  223/500  Runtime:  9.58s  EpochLoss: 0.3756509579  RandomIterLoss: 0.2999089956  lr: 8.990e-03  
2024-11-07 08:32:24 - INFO - Epoch:  224/500  Runtime:  8.81s  EpochLoss: 0.3853303418  RandomIterLoss: 0.4312024117  lr: 8.954e-03  
2024-11-07 08:32:34 - INFO - Epoch:  225/500  Runtime:  9.75s  EpochLoss: 0.3780003190  RandomIterLoss: 0.2812144160  lr: 8.922e-03  
2024-11-07 08:32:43 - INFO - Epoch:  226/500  Runtime:  8.92s  EpochLoss: 0.3650364659  RandomIterLoss: 0.3521909416  lr: 8.906e-03  
2024-11-07 08:32:51 - INFO - Epoch:  227/500  Runtime:  8.51s  EpochLoss: 0.3637386767  RandomIterLoss: 0.4008748829  lr: 8.880e-03  
2024-11-07 08:33:00 - INFO - Epoch:  228/500  Runtime:  8.43s  EpochLoss: 0.3685756502  RandomIterLoss: 0.4253570735  lr: 8.840e-03  
2024-11-07 08:33:10 - INFO - Epoch:  229/500  Runtime:  9.97s  EpochLoss: 0.3805586492  RandomIterLoss: 0.3690492809  lr: 8.817e-03  
2024-11-07 08:33:20 - INFO - Epoch:  230/500  Runtime: 10.19s  EpochLoss: 0.3748882894  RandomIterLoss: 0.4035430849  lr: 8.789e-03  
2024-11-07 08:33:30 - INFO - Epoch:  231/500  Runtime:  9.80s  EpochLoss: 0.3775204109  RandomIterLoss: 0.2819134593  lr: 8.738e-03  
2024-11-07 08:33:40 - INFO - Epoch:  232/500  Runtime: 10.03s  EpochLoss: 0.3628086024  RandomIterLoss: 0.4923787713  lr: 8.714e-03  
2024-11-07 08:33:50 - INFO - Epoch:  233/500  Runtime:  9.95s  EpochLoss: 0.3582256856  RandomIterLoss: 0.3716924191  lr: 8.682e-03  
2024-11-07 08:34:00 - INFO - Epoch:  234/500  Runtime: 10.08s  EpochLoss: 0.3685858568  RandomIterLoss: 0.3493223190  lr: 8.662e-03  
2024-11-07 08:34:10 - INFO - Epoch:  235/500  Runtime: 10.11s  EpochLoss: 0.3597032414  RandomIterLoss: 0.3212559521  lr: 8.636e-03  
2024-11-07 08:34:20 - INFO - Epoch:  236/500  Runtime: 10.01s  EpochLoss: 0.3626519557  RandomIterLoss: 0.3427026868  lr: 8.609e-03  
2024-11-07 08:34:30 - INFO - Epoch:  237/500  Runtime: 10.19s  EpochLoss: 0.3680689464  RandomIterLoss: 0.3969760835  lr: 8.579e-03  
2024-11-07 08:34:40 - INFO - Epoch:  238/500  Runtime: 10.07s  EpochLoss: 0.3601316105  RandomIterLoss: 0.3925268054  lr: 8.538e-03  
2024-11-07 08:34:50 - INFO - Epoch:  239/500  Runtime:  9.52s  EpochLoss: 0.3771105930  RandomIterLoss: 0.4005091190  lr: 8.509e-03  
2024-11-07 08:34:59 - INFO - Epoch:  240/500  Runtime:  9.26s  EpochLoss: 0.3571460084  RandomIterLoss: 0.4764609635  lr: 8.457e-03  
2024-11-07 08:35:00 - INFO - Eval Epoch: 240
2024-11-07 08:35:00 - INFO - Overall Accuracy: 79.22 || Mean Overall Accuracy: 65.46
2024-11-07 08:35:00 - INFO - Mean IoU: 0.559 || Per-class IoU score:  Ground=0.749  Building=0.801  Trees=0.759  Low vegetation=0.397  Artifacts=0.087  
2024-11-07 08:35:00 - INFO - Macro F1: 0.668 || Per-class  F1 score:  Ground=0.856  Building=0.889  Trees=0.863  Low vegetation=0.568  Artifacts=0.161  

2024-11-07 08:35:09 - INFO - Epoch:  241/500  Runtime:  9.25s  EpochLoss: 0.3511251455  RandomIterLoss: 0.2875662744  lr: 8.440e-03  
2024-11-07 08:35:19 - INFO - Epoch:  242/500  Runtime:  9.49s  EpochLoss: 0.3641839393  RandomIterLoss: 0.4055565298  lr: 8.402e-03  
2024-11-07 08:35:28 - INFO - Epoch:  243/500  Runtime:  9.80s  EpochLoss: 0.3668855195  RandomIterLoss: 0.2981337011  lr: 8.369e-03  
2024-11-07 08:35:38 - INFO - Epoch:  244/500  Runtime:  9.87s  EpochLoss: 0.3571293266  RandomIterLoss: 0.4171062112  lr: 8.337e-03  
2024-11-07 08:35:47 - INFO - Epoch:  245/500  Runtime:  9.21s  EpochLoss: 0.3582550348  RandomIterLoss: 0.3554418683  lr: 8.302e-03  
2024-11-07 08:35:57 - INFO - Epoch:  246/500  Runtime:  9.28s  EpochLoss: 0.3485439955  RandomIterLoss: 0.3913791478  lr: 8.256e-03  
2024-11-07 08:36:06 - INFO - Epoch:  247/500  Runtime:  9.40s  EpochLoss: 0.3632441742  RandomIterLoss: 0.4385611713  lr: 8.226e-03  
2024-11-07 08:36:16 - INFO - Epoch:  248/500  Runtime:  9.99s  EpochLoss: 0.3541391563  RandomIterLoss: 0.4781714976  lr: 8.190e-03  
2024-11-07 08:36:26 - INFO - Epoch:  249/500  Runtime: 10.14s  EpochLoss: 0.3655267934  RandomIterLoss: 0.2796133459  lr: 8.182e-03  
2024-11-07 08:36:36 - INFO - Epoch:  250/500  Runtime: 10.07s  EpochLoss: 0.3589111208  RandomIterLoss: 0.4195688665  lr: 8.144e-03  
2024-11-07 08:36:46 - INFO - Epoch:  251/500  Runtime:  9.53s  EpochLoss: 0.3615346192  RandomIterLoss: 0.3068154156  lr: 8.087e-03  
2024-11-07 08:36:55 - INFO - Epoch:  252/500  Runtime:  8.70s  EpochLoss: 0.3500712548  RandomIterLoss: 0.2829838693  lr: 8.060e-03  
2024-11-07 08:37:05 - INFO - Epoch:  253/500  Runtime: 10.02s  EpochLoss: 0.3592443541  RandomIterLoss: 0.3386830091  lr: 8.021e-03  
2024-11-07 08:37:14 - INFO - Epoch:  254/500  Runtime:  9.84s  EpochLoss: 0.3560523553  RandomIterLoss: 0.3669957817  lr: 8.002e-03  
2024-11-07 08:37:23 - INFO - Epoch:  255/500  Runtime:  9.09s  EpochLoss: 0.3567071117  RandomIterLoss: 0.4246671796  lr: 7.942e-03  
2024-11-07 08:37:33 - INFO - Epoch:  256/500  Runtime:  9.10s  EpochLoss: 0.3680168384  RandomIterLoss: 0.3641870916  lr: 7.924e-03  
2024-11-07 08:37:42 - INFO - Epoch:  257/500  Runtime:  9.07s  EpochLoss: 0.3554129384  RandomIterLoss: 0.3454133868  lr: 7.883e-03  
2024-11-07 08:37:51 - INFO - Epoch:  258/500  Runtime:  8.93s  EpochLoss: 0.3574005690  RandomIterLoss: 0.4121390581  lr: 7.840e-03  
2024-11-07 08:38:00 - INFO - Epoch:  259/500  Runtime:  9.05s  EpochLoss: 0.3483407135  RandomIterLoss: 0.3671533763  lr: 7.795e-03  
2024-11-07 08:38:08 - INFO - Epoch:  260/500  Runtime:  8.54s  EpochLoss: 0.3495352952  RandomIterLoss: 0.3200440407  lr: 7.760e-03  
2024-11-07 08:38:17 - INFO - Epoch:  261/500  Runtime:  8.74s  EpochLoss: 0.3453382890  RandomIterLoss: 0.4431951940  lr: 7.719e-03  
2024-11-07 08:38:26 - INFO - Epoch:  262/500  Runtime:  8.97s  EpochLoss: 0.3408450715  RandomIterLoss: 0.3063851595  lr: 7.714e-03  
2024-11-07 08:38:35 - INFO - Epoch:  263/500  Runtime:  9.48s  EpochLoss: 0.3487428423  RandomIterLoss: 0.4153208435  lr: 7.670e-03  
2024-11-07 08:38:45 - INFO - Epoch:  264/500  Runtime:  9.26s  EpochLoss: 0.3418993530  RandomIterLoss: 0.2809648514  lr: 7.639e-03  
2024-11-07 08:38:54 - INFO - Epoch:  265/500  Runtime:  9.27s  EpochLoss: 0.3352134485  RandomIterLoss: 0.2826988995  lr: 7.594e-03  
2024-11-07 08:39:04 - INFO - Epoch:  266/500  Runtime:  9.69s  EpochLoss: 0.3490819843  RandomIterLoss: 0.3018914759  lr: 7.527e-03  
2024-11-07 08:39:13 - INFO - Epoch:  267/500  Runtime:  9.91s  EpochLoss: 0.3443782878  RandomIterLoss: 0.3511694372  lr: 7.511e-03  
2024-11-07 08:39:23 - INFO - Epoch:  268/500  Runtime:  9.28s  EpochLoss: 0.3475219485  RandomIterLoss: 0.3208065927  lr: 7.453e-03  
2024-11-07 08:39:32 - INFO - Epoch:  269/500  Runtime:  9.45s  EpochLoss: 0.3499332314  RandomIterLoss: 0.3632995486  lr: 7.413e-03  
2024-11-07 08:39:41 - INFO - Epoch:  270/500  Runtime:  8.89s  EpochLoss: 0.3437152044  RandomIterLoss: 0.3505223095  lr: 7.398e-03  
2024-11-07 08:39:42 - INFO - Eval Epoch: 270
2024-11-07 08:39:42 - INFO - Overall Accuracy: 82.58 || Mean Overall Accuracy: 69.45
2024-11-07 08:39:42 - INFO - Mean IoU: 0.607 || Per-class IoU score:  Ground=0.768  Building=0.889  Trees=0.786  Low vegetation=0.542  Artifacts=0.050  
2024-11-07 08:39:42 - INFO - Macro F1: 0.698 || Per-class  F1 score:  Ground=0.869  Building=0.941  Trees=0.880  Low vegetation=0.703  Artifacts=0.095  

2024-11-07 08:39:51 - INFO - Epoch:  271/500  Runtime:  8.84s  EpochLoss: 0.3367892741  RandomIterLoss: 0.3574146032  lr: 7.359e-03  
2024-11-07 08:40:01 - INFO - Epoch:  272/500  Runtime:  9.76s  EpochLoss: 0.3415034197  RandomIterLoss: 0.3129915297  lr: 7.301e-03  
2024-11-07 08:40:10 - INFO - Epoch:  273/500  Runtime:  9.57s  EpochLoss: 0.3384984657  RandomIterLoss: 0.3833291233  lr: 7.267e-03  
2024-11-07 08:40:19 - INFO - Epoch:  274/500  Runtime:  8.45s  EpochLoss: 0.3376204233  RandomIterLoss: 0.2261043489  lr: 7.236e-03  
2024-11-07 08:40:27 - INFO - Epoch:  275/500  Runtime:  8.77s  EpochLoss: 0.3340480981  RandomIterLoss: 0.3551216722  lr: 7.200e-03  
2024-11-07 08:40:36 - INFO - Epoch:  276/500  Runtime:  9.11s  EpochLoss: 0.3509340842  
2024-11-07 08:40:46 - INFO - Epoch:  277/500  Runtime:  9.29s  EpochLoss: 0.3474192833  RandomIterLoss: 0.3460187018  lr: 7.092e-03  
2024-11-07 08:40:55 - INFO - Epoch:  278/500  Runtime:  9.05s  EpochLoss: 0.3374495936  RandomIterLoss: 0.3197762370  lr: 7.063e-03  
2024-11-07 08:41:04 - INFO - Epoch:  279/500  Runtime:  9.61s  EpochLoss: 0.3475517458  RandomIterLoss: 0.3097176254  lr: 7.017e-03  
2024-11-07 08:41:14 - INFO - Epoch:  280/500  Runtime:  9.41s  EpochLoss: 0.3553461636  RandomIterLoss: 0.2633132637  lr: 6.974e-03  
2024-11-07 08:41:23 - INFO - Epoch:  281/500  Runtime:  9.37s  EpochLoss: 0.3450274041  RandomIterLoss: 0.2945185304  lr: 6.935e-03  
2024-11-07 08:41:32 - INFO - Epoch:  282/500  Runtime:  9.29s  EpochLoss: 0.3365181021  RandomIterLoss: 0.3412351310  lr: 6.922e-03  
2024-11-07 08:41:42 - INFO - Epoch:  283/500  Runtime:  9.27s  EpochLoss: 0.3474206024  RandomIterLoss: 0.2759448290  lr: 6.843e-03  
2024-11-07 08:41:51 - INFO - Epoch:  284/500  Runtime:  8.79s  EpochLoss: 0.3419741799  RandomIterLoss: 0.3418371677  lr: 6.824e-03  
2024-11-07 08:42:00 - INFO - Epoch:  285/500  Runtime:  9.30s  EpochLoss: 0.3359207968  RandomIterLoss: 0.3071395159  lr: 6.793e-03  
2024-11-07 08:42:09 - INFO - Epoch:  286/500  Runtime:  9.07s  EpochLoss: 0.3265479820  RandomIterLoss: 0.3281985521  lr: 6.740e-03  
2024-11-07 08:42:18 - INFO - Epoch:  287/500  Runtime:  9.14s  EpochLoss: 0.3333880613  RandomIterLoss: 0.3062069118  lr: 6.695e-03  
2024-11-07 08:42:27 - INFO - Epoch:  288/500  Runtime:  8.76s  EpochLoss: 0.3269124573  RandomIterLoss: 0.3063923717  lr: 6.652e-03  
2024-11-07 08:42:35 - INFO - Epoch:  289/500  Runtime:  8.48s  EpochLoss: 0.3336346177  RandomIterLoss: 0.2428117245  lr: 6.618e-03  
2024-11-07 08:42:45 - INFO - Epoch:  290/500  Runtime:  9.48s  EpochLoss: 0.3324083283  RandomIterLoss: 0.3859133422  lr: 6.559e-03  
2024-11-07 08:42:54 - INFO - Epoch:  291/500  Runtime:  8.91s  EpochLoss: 0.3419617381  RandomIterLoss: 0.4070962667  lr: 6.531e-03  
2024-11-07 08:43:03 - INFO - Epoch:  292/500  Runtime:  8.95s  EpochLoss: 0.3280462778  RandomIterLoss: 0.2967009246  lr: 6.472e-03  
2024-11-07 08:43:12 - INFO - Epoch:  293/500  Runtime:  9.30s  EpochLoss: 0.3340836032  RandomIterLoss: 0.3956584334  lr: 6.443e-03  
2024-11-07 08:43:21 - INFO - Epoch:  294/500  Runtime:  9.10s  EpochLoss: 0.3329681700  RandomIterLoss: 0.2694023848  lr: 6.390e-03  
2024-11-07 08:43:30 - INFO - Epoch:  295/500  Runtime:  8.93s  EpochLoss: 0.3283282539  RandomIterLoss: 0.3008768260  lr: 6.357e-03  
2024-11-07 08:43:39 - INFO - Epoch:  296/500  Runtime:  9.18s  EpochLoss: 0.3245119591  RandomIterLoss: 0.2532057762  lr: 6.309e-03  
2024-11-07 08:43:48 - INFO - Epoch:  297/500  Runtime:  9.09s  EpochLoss: 0.3264031024  RandomIterLoss: 0.4186271131  lr: 6.245e-03  
2024-11-07 08:43:58 - INFO - Epoch:  298/500  Runtime:  9.51s  EpochLoss: 0.3298376893  RandomIterLoss: 0.3544756472  lr: 6.225e-03  
2024-11-07 08:44:07 - INFO - Epoch:  299/500  Runtime:  9.68s  EpochLoss: 0.3293508413  RandomIterLoss: 0.3948966861  lr: 6.187e-03  
2024-11-07 08:44:16 - INFO - Epoch:  300/500  Runtime:  8.76s  EpochLoss: 0.3217769665  RandomIterLoss: 0.2457051426  lr: 6.151e-03  
2024-11-07 08:44:17 - INFO - Eval Epoch: 300
2024-11-07 08:44:17 - INFO - Overall Accuracy: 82.68 || Mean Overall Accuracy: 68.47
2024-11-07 08:44:17 - INFO - Mean IoU: 0.596 || Per-class IoU score:  Ground=0.785  Building=0.792  Trees=0.769  Low vegetation=0.550  Artifacts=0.083  
2024-11-07 08:44:17 - INFO - Macro F1: 0.699 || Per-class  F1 score:  Ground=0.880  Building=0.884  Trees=0.870  Low vegetation=0.709  Artifacts=0.154  

2024-11-07 08:44:26 - INFO - Epoch:  301/500  Runtime:  8.91s  EpochLoss: 0.3285389346  RandomIterLoss: 0.3013309240  lr: 6.101e-03  
2024-11-07 08:44:35 - INFO - Epoch:  302/500  Runtime:  9.47s  EpochLoss: 0.3278522624  RandomIterLoss: 0.2352712899  lr: 6.056e-03  
2024-11-07 08:44:45 - INFO - Epoch:  303/500  Runtime:  9.53s  EpochLoss: 0.3306370523  RandomIterLoss: 0.3920191228  lr: 6.022e-03  
2024-11-07 08:44:54 - INFO - Epoch:  304/500  Runtime:  8.79s  EpochLoss: 0.3242992525  RandomIterLoss: 0.3545131087  lr: 5.944e-03  
2024-11-07 08:45:03 - INFO - Epoch:  305/500  Runtime:  9.50s  EpochLoss: 0.3221832764  RandomIterLoss: 0.2797747552  lr: 5.926e-03  
2024-11-07 08:45:13 - INFO - Epoch:  306/500  Runtime:  9.88s  EpochLoss: 0.3214985745  RandomIterLoss: 0.3354779184  lr: 5.860e-03  
2024-11-07 08:45:22 - INFO - Epoch:  307/500  Runtime:  8.77s  EpochLoss: 0.3169939772  RandomIterLoss: 0.3128509820  lr: 5.821e-03  
2024-11-07 08:45:31 - INFO - Epoch:  308/500  Runtime:  8.95s  EpochLoss: 0.3183056126  RandomIterLoss: 0.3118905425  lr: 5.773e-03  
2024-11-07 08:45:39 - INFO - Epoch:  309/500  Runtime:  8.63s  EpochLoss: 0.3222192651  RandomIterLoss: 0.2913652658  lr: 5.727e-03  
2024-11-07 08:45:48 - INFO - Epoch:  310/500  Runtime:  8.55s  EpochLoss: 0.3203254884  RandomIterLoss: 0.3163140118  lr: 5.703e-03  
2024-11-07 08:45:57 - INFO - Epoch:  311/500  Runtime:  9.28s  EpochLoss: 0.3201149905  RandomIterLoss: 0.3332227170  lr: 5.663e-03  
2024-11-07 08:46:07 - INFO - Epoch:  312/500  Runtime: 10.02s  EpochLoss: 0.3240408488  RandomIterLoss: 0.2778816521  lr: 5.595e-03  
2024-11-07 08:46:17 - INFO - Epoch:  313/500  Runtime: 10.06s  EpochLoss: 0.3162751465  RandomIterLoss: 0.2990111709  lr: 5.565e-03  
2024-11-07 08:46:27 - INFO - Epoch:  314/500  Runtime:  9.38s  EpochLoss: 0.3222043640  RandomIterLoss: 0.2798788846  lr: 5.534e-03  
2024-11-07 08:46:36 - INFO - Epoch:  315/500  Runtime:  9.59s  EpochLoss: 0.3181214268  RandomIterLoss: 0.4070193470  lr: 5.491e-03  
2024-11-07 08:46:46 - INFO - Epoch:  316/500  Runtime:  9.21s  EpochLoss: 0.3265023035  RandomIterLoss: 0.3376194239  lr: 5.413e-03  
2024-11-07 08:46:55 - INFO - Epoch:  317/500  Runtime:  9.38s  EpochLoss: 0.3193351281  RandomIterLoss: 0.3189296126  lr: 5.368e-03  
2024-11-07 08:47:04 - INFO - Epoch:  318/500  Runtime:  9.11s  EpochLoss: 0.3153512935  RandomIterLoss: 0.3618891239  lr: 5.352e-03  
2024-11-07 08:47:14 - INFO - Epoch:  319/500  Runtime:  9.68s  EpochLoss: 0.3223447939  RandomIterLoss: 0.3585527837  lr: 5.284e-03  
2024-11-07 08:47:24 - INFO - Epoch:  320/500  Runtime:  9.81s  EpochLoss: 0.3216329569  RandomIterLoss: 0.3262293339  lr: 5.254e-03  
2024-11-07 08:47:34 - INFO - Epoch:  321/500  Runtime: 10.12s  EpochLoss: 0.3196097900  RandomIterLoss: 0.3614419103  lr: 5.185e-03  
2024-11-07 08:47:43 - INFO - Epoch:  322/500  Runtime:  9.24s  EpochLoss: 0.3172308782  RandomIterLoss: 0.3458100259  lr: 5.167e-03  
2024-11-07 08:47:52 - INFO - Epoch:  323/500  Runtime:  8.70s  EpochLoss: 0.3123203743  RandomIterLoss: 0.4033426642  lr: 5.118e-03  
2024-11-07 08:48:01 - INFO - Epoch:  324/500  Runtime:  9.46s  EpochLoss: 0.3153412881  RandomIterLoss: 0.2852916420  lr: 5.078e-03  
2024-11-07 08:48:10 - INFO - Epoch:  325/500  Runtime:  9.37s  EpochLoss: 0.3110604181  RandomIterLoss: 0.3100400269  lr: 5.036e-03  
2024-11-07 08:48:20 - INFO - Epoch:  326/500  Runtime:  9.68s  EpochLoss: 0.3232583214  RandomIterLoss: 0.2861203551  lr: 4.958e-03  
2024-11-07 08:48:29 - INFO - Epoch:  327/500  Runtime:  9.21s  EpochLoss: 0.3135780015  RandomIterLoss: 0.3728339672  lr: 4.913e-03  
2024-11-07 08:48:39 - INFO - Epoch:  328/500  Runtime:  9.36s  EpochLoss: 0.3143647283  RandomIterLoss: 0.3119864464  lr: 4.908e-03  
2024-11-07 08:48:49 - INFO - Epoch:  329/500  Runtime:  9.92s  EpochLoss: 0.3106144470  RandomIterLoss: 0.2512565255  lr: 4.822e-03  
2024-11-07 08:48:58 - INFO - Epoch:  330/500  Runtime:  9.79s  EpochLoss: 0.3178747401  RandomIterLoss: 0.2932274938  lr: 4.814e-03  
2024-11-07 08:48:59 - INFO - Eval Epoch: 330
2024-11-07 08:48:59 - INFO - Overall Accuracy: 83.23 || Mean Overall Accuracy: 69.99
2024-11-07 08:48:59 - INFO - Mean IoU: 0.612 || Per-class IoU score:  Ground=0.783  Building=0.873  Trees=0.776  Low vegetation=0.550  Artifacts=0.079  
2024-11-07 08:48:59 - INFO - Macro F1: 0.708 || Per-class  F1 score:  Ground=0.878  Building=0.932  Trees=0.874  Low vegetation=0.709  Artifacts=0.146  

2024-11-07 08:49:08 - INFO - Epoch:  331/500  Runtime:  9.03s  EpochLoss: 0.3255270127  RandomIterLoss: 0.5036633015  lr: 4.772e-03  
2024-11-07 08:49:18 - INFO - Epoch:  332/500  Runtime:  9.69s  EpochLoss: 0.3164276420  RandomIterLoss: 0.4166235626  lr: 4.715e-03  
2024-11-07 08:49:27 - INFO - Epoch:  333/500  Runtime:  9.09s  EpochLoss: 0.3106950471  RandomIterLoss: 0.3244610131  lr: 4.679e-03  
2024-11-07 08:49:37 - INFO - Epoch:  334/500  Runtime:  9.56s  EpochLoss: 0.3082575849  RandomIterLoss: 0.2687297463  lr: 4.611e-03  
2024-11-07 08:49:47 - INFO - Epoch:  335/500  Runtime:  9.88s  EpochLoss: 0.3062826307  RandomIterLoss: 0.3399793804  lr: 4.593e-03  
2024-11-07 08:49:56 - INFO - Epoch:  336/500  Runtime:  9.19s  EpochLoss: 0.3068634112  RandomIterLoss: 0.2945262492  lr: 4.524e-03  
2024-11-07 08:50:05 - INFO - Epoch:  337/500  Runtime:  9.40s  EpochLoss: 0.3106853810  RandomIterLoss: 0.2900551558  lr: 4.477e-03  
2024-11-07 08:50:15 - INFO - Epoch:  338/500  Runtime:  9.42s  EpochLoss: 0.3045882918  RandomIterLoss: 0.3246922791  lr: 4.456e-03  
2024-11-07 08:50:23 - INFO - Epoch:  339/500  Runtime:  8.57s  EpochLoss: 0.3024698520  RandomIterLoss: 0.3377671540  lr: 4.390e-03  
2024-11-07 08:50:32 - INFO - Epoch:  340/500  Runtime:  9.09s  EpochLoss: 0.3094285029  RandomIterLoss: 0.2865052819  lr: 4.356e-03  
2024-11-07 08:50:41 - INFO - Epoch:  341/500  Runtime:  8.58s  EpochLoss: 0.3121757352  RandomIterLoss: 0.3811265528  lr: 4.317e-03  
2024-11-07 08:50:50 - INFO - Epoch:  342/500  Runtime:  8.94s  EpochLoss: 0.3010499508  RandomIterLoss: 0.3379019499  lr: 4.273e-03  
2024-11-07 08:50:58 - INFO - Epoch:  343/500  Runtime:  8.44s  EpochLoss: 0.2968984280  RandomIterLoss: 0.3455260992  lr: 4.198e-03  
2024-11-07 08:51:08 - INFO - Epoch:  344/500  Runtime:  9.40s  EpochLoss: 0.3035616021  RandomIterLoss: 0.2384908497  lr: 4.177e-03  
2024-11-07 08:51:16 - INFO - Epoch:  345/500  Runtime:  8.77s  EpochLoss: 0.2992382852  RandomIterLoss: 0.2977173626  lr: 4.119e-03  
2024-11-07 08:51:26 - INFO - Epoch:  346/500  Runtime:  9.25s  EpochLoss: 0.3051100370  RandomIterLoss: 0.2551692128  lr: 4.073e-03  
2024-11-07 08:51:35 - INFO - Epoch:  347/500  Runtime:  9.12s  EpochLoss: 0.3008545864  RandomIterLoss: 0.3999557495  lr: 4.020e-03  
2024-11-07 08:51:45 - INFO - Epoch:  348/500  Runtime:  9.97s  EpochLoss: 0.3029306260  RandomIterLoss: 0.2704512477  lr: 3.984e-03  
2024-11-07 08:51:55 - INFO - Epoch:  349/500  Runtime:  9.89s  EpochLoss: 0.2989079949  RandomIterLoss: 0.3967334032  lr: 3.937e-03  
2024-11-07 08:52:05 - INFO - Epoch:  350/500  Runtime: 10.01s  EpochLoss: 0.2952553308  RandomIterLoss: 0.3052942753  lr: 3.890e-03  
2024-11-07 08:52:14 - INFO - Epoch:  351/500  Runtime:  9.45s  EpochLoss: 0.2996354926  RandomIterLoss: 0.2776188254  lr: 3.845e-03  
2024-11-07 08:52:23 - INFO - Epoch:  352/500  Runtime:  9.48s  EpochLoss: 0.2984531308  RandomIterLoss: 0.3480038941  lr: 3.811e-03  
2024-11-07 08:52:33 - INFO - Epoch:  353/500  Runtime:  9.12s  EpochLoss: 0.3088193272  RandomIterLoss: 0.3133951128  lr: 3.787e-03  
2024-11-07 08:52:42 - INFO - Epoch:  354/500  Runtime:  8.93s  EpochLoss: 0.2960780270  RandomIterLoss: 0.2900216877  lr: 3.720e-03  
2024-11-07 08:52:50 - INFO - Epoch:  355/500  Runtime:  8.84s  EpochLoss: 0.2963726053  RandomIterLoss: 0.2637749016  lr: 3.687e-03  
2024-11-07 08:53:00 - INFO - Epoch:  356/500  Runtime:  9.56s  EpochLoss: 0.3018667718  RandomIterLoss: 0.2369612902  lr: 3.638e-03  
2024-11-07 08:53:09 - INFO - Epoch:  357/500  Runtime:  9.05s  EpochLoss: 0.3014723178  RandomIterLoss: 0.2927781343  lr: 3.605e-03  
2024-11-07 08:53:19 - INFO - Epoch:  358/500  Runtime:  9.71s  EpochLoss: 0.3005591363  
2024-11-07 08:53:29 - INFO - Epoch:  359/500  Runtime:  9.82s  EpochLoss: 0.3034852916  RandomIterLoss: 0.2801788747  lr: 3.520e-03  
2024-11-07 08:53:39 - INFO - Epoch:  360/500  Runtime: 10.13s  EpochLoss: 0.2936305089  RandomIterLoss: 0.3198045790  lr: 3.460e-03  
2024-11-07 08:53:40 - INFO - Eval Epoch: 360
2024-11-07 08:53:40 - INFO - Overall Accuracy: 82.09 || Mean Overall Accuracy: 68.46
2024-11-07 08:53:40 - INFO - Mean IoU: 0.597 || Per-class IoU score:  Ground=0.776  Building=0.869  Trees=0.770  Low vegetation=0.504  Artifacts=0.067  
2024-11-07 08:53:40 - INFO - Macro F1: 0.694 || Per-class  F1 score:  Ground=0.874  Building=0.930  Trees=0.870  Low vegetation=0.671  Artifacts=0.125  

2024-11-07 08:53:50 - INFO - Epoch:  361/500  Runtime: 10.14s  EpochLoss: 0.2983242060  RandomIterLoss: 0.2814475000  lr: 3.429e-03  
2024-11-07 08:53:59 - INFO - Epoch:  362/500  Runtime:  9.11s  EpochLoss: 0.3025406216  RandomIterLoss: 0.3001210093  lr: 3.393e-03  
2024-11-07 08:54:09 - INFO - Epoch:  363/500  Runtime:  9.87s  EpochLoss: 0.2969950082  RandomIterLoss: 0.3498210609  lr: 3.351e-03  
2024-11-07 08:54:19 - INFO - Epoch:  364/500  Runtime: 10.06s  EpochLoss: 0.3043450933  RandomIterLoss: 0.3230918348  lr: 3.284e-03  
2024-11-07 08:54:29 - INFO - Epoch:  365/500  Runtime: 10.09s  EpochLoss: 0.2974582606  RandomIterLoss: 0.3133191764  lr: 3.254e-03  
2024-11-07 08:54:38 - INFO - Epoch:  366/500  Runtime:  8.89s  EpochLoss: 0.2936682230  RandomIterLoss: 0.1921513826  lr: 3.228e-03  
2024-11-07 08:54:46 - INFO - Epoch:  367/500  Runtime:  8.58s  EpochLoss: 0.2925200598  RandomIterLoss: 0.2804741561  lr: 3.171e-03  
2024-11-07 08:54:57 - INFO - Epoch:  368/500  Runtime: 10.25s  EpochLoss: 0.3000496558  RandomIterLoss: 0.3394837976  lr: 3.131e-03  
2024-11-07 08:55:06 - INFO - Epoch:  369/500  Runtime:  9.75s  EpochLoss: 0.2888427306  RandomIterLoss: 0.3863689303  lr: 3.094e-03  
2024-11-07 08:55:15 - INFO - Epoch:  370/500  Runtime:  8.78s  EpochLoss: 0.2959856591  RandomIterLoss: 0.2641922534  lr: 3.045e-03  
2024-11-07 08:55:24 - INFO - Epoch:  371/500  Runtime:  9.43s  EpochLoss: 0.2929352153  RandomIterLoss: 0.2864617705  lr: 3.026e-03  
2024-11-07 08:55:34 - INFO - Epoch:  372/500  Runtime:  9.58s  EpochLoss: 0.2932197082  RandomIterLoss: 0.2625463307  lr: 2.978e-03  
2024-11-07 08:55:43 - INFO - Epoch:  373/500  Runtime:  8.98s  EpochLoss: 0.2919462675  RandomIterLoss: 0.2390151471  lr: 2.928e-03  
2024-11-07 08:55:52 - INFO - Epoch:  374/500  Runtime:  8.93s  EpochLoss: 0.2963822765  RandomIterLoss: 0.2512356639  lr: 2.879e-03  
2024-11-07 08:56:01 - INFO - Epoch:  375/500  Runtime:  8.91s  EpochLoss: 0.2931486053  RandomIterLoss: 0.3354305625  lr: 2.837e-03  
2024-11-07 08:56:10 - INFO - Epoch:  376/500  Runtime:  8.88s  EpochLoss: 0.2889972438  RandomIterLoss: 0.2320670485  lr: 2.823e-03  
2024-11-07 08:56:19 - INFO - Epoch:  377/500  Runtime:  9.15s  EpochLoss: 0.2898459269  RandomIterLoss: 0.3209482133  lr: 2.776e-03  
2024-11-07 08:56:28 - INFO - Epoch:  378/500  Runtime:  9.39s  EpochLoss: 0.2867557701  RandomIterLoss: 0.2918147743  lr: 2.745e-03  
2024-11-07 08:56:37 - INFO - Epoch:  379/500  Runtime:  8.83s  EpochLoss: 0.2874642248  RandomIterLoss: 0.2504324615  lr: 2.687e-03  
2024-11-07 08:56:46 - INFO - Epoch:  380/500  Runtime:  8.87s  EpochLoss: 0.2916005518  RandomIterLoss: 0.3168572187  lr: 2.643e-03  
2024-11-07 08:56:55 - INFO - Epoch:  381/500  Runtime:  8.81s  EpochLoss: 0.2889190970  RandomIterLoss: 0.2290176749  lr: 2.601e-03  
2024-11-07 08:57:05 - INFO - Epoch:  382/500  Runtime:  9.75s  EpochLoss: 0.2880490449  RandomIterLoss: 0.3526594043  lr: 2.551e-03  
2024-11-07 08:57:13 - INFO - Epoch:  383/500  Runtime:  8.85s  EpochLoss: 0.2920565446  RandomIterLoss: 0.2747605741  lr: 2.540e-03  
2024-11-07 08:57:22 - INFO - Epoch:  384/500  Runtime:  8.91s  EpochLoss: 0.2891697040  RandomIterLoss: 0.2701363564  lr: 2.502e-03  
2024-11-07 08:57:31 - INFO - Epoch:  385/500  Runtime:  8.99s  EpochLoss: 0.2905592705  RandomIterLoss: 0.2570906878  lr: 2.436e-03  
2024-11-07 08:57:40 - INFO - Epoch:  386/500  Runtime:  9.11s  EpochLoss: 0.2812423679  RandomIterLoss: 0.2888411582  lr: 2.419e-03  
2024-11-07 08:57:50 - INFO - Epoch:  387/500  Runtime:  9.89s  EpochLoss: 0.2880859490  RandomIterLoss: 0.3239450157  lr: 2.359e-03  
2024-11-07 08:58:00 - INFO - Epoch:  388/500  Runtime:  9.32s  EpochLoss: 0.2890848026  
2024-11-07 08:58:09 - INFO - Epoch:  389/500  Runtime:  9.31s  EpochLoss: 0.2862332829  RandomIterLoss: 0.3209483027  lr: 2.302e-03  
2024-11-07 08:58:18 - INFO - Epoch:  390/500  Runtime:  9.26s  EpochLoss: 0.2811031504  RandomIterLoss: 0.2553120852  lr: 2.256e-03  
2024-11-07 08:58:19 - INFO - Eval Epoch: 390
2024-11-07 08:58:19 - INFO - Overall Accuracy: 83.64 || Mean Overall Accuracy: 69.59
2024-11-07 08:58:19 - INFO - Mean IoU: 0.614 || Per-class IoU score:  Ground=0.793  Building=0.866  Trees=0.785  Low vegetation=0.563  Artifacts=0.064  
2024-11-07 08:58:19 - INFO - Macro F1: 0.707 || Per-class  F1 score:  Ground=0.885  Building=0.928  Trees=0.880  Low vegetation=0.721  Artifacts=0.120  

2024-11-07 08:58:28 - INFO - Epoch:  391/500  Runtime:  9.42s  EpochLoss: 0.2871317220  RandomIterLoss: 0.2822626829  lr: 2.228e-03  
2024-11-07 08:58:38 - INFO - Epoch:  392/500  Runtime:  9.40s  EpochLoss: 0.2882386720  RandomIterLoss: 0.2687588930  lr: 2.183e-03  
2024-11-07 08:58:47 - INFO - Epoch:  393/500  Runtime:  9.43s  EpochLoss: 0.2851181291  RandomIterLoss: 0.2586134076  lr: 2.157e-03  
2024-11-07 08:58:56 - INFO - Epoch:  394/500  Runtime:  9.16s  EpochLoss: 0.2807306532  RandomIterLoss: 0.2777716517  lr: 2.122e-03  
2024-11-07 08:59:06 - INFO - Epoch:  395/500  Runtime:  9.21s  EpochLoss: 0.2892482985  RandomIterLoss: 0.3191330731  lr: 2.065e-03  
2024-11-07 08:59:15 - INFO - Epoch:  396/500  Runtime:  9.78s  EpochLoss: 0.2827498175  RandomIterLoss: 0.2472964227  lr: 2.026e-03  
2024-11-07 08:59:25 - INFO - Epoch:  397/500  Runtime: 10.03s  EpochLoss: 0.2834304534  RandomIterLoss: 0.2346453369  lr: 2.001e-03  
2024-11-07 08:59:36 - INFO - Epoch:  398/500  Runtime: 10.17s  EpochLoss: 0.2821436308  RandomIterLoss: 0.2792645693  lr: 1.975e-03  
2024-11-07 08:59:45 - INFO - Epoch:  399/500  Runtime:  9.58s  EpochLoss: 0.2890343504  RandomIterLoss: 0.3820134699  lr: 1.927e-03  
2024-11-07 08:59:54 - INFO - Epoch:  400/500  Runtime:  8.62s  EpochLoss: 0.2833131020  RandomIterLoss: 0.2960765660  lr: 1.915e-03  
2024-11-07 09:00:03 - INFO - Epoch:  401/500  Runtime:  9.55s  EpochLoss: 0.2859799086  RandomIterLoss: 0.2518790066  lr: 1.863e-03  
2024-11-07 09:00:12 - INFO - Epoch:  402/500  Runtime:  8.64s  EpochLoss: 0.2778189968  RandomIterLoss: 0.2984718978  lr: 1.832e-03  
2024-11-07 09:00:21 - INFO - Epoch:  403/500  Runtime:  9.48s  EpochLoss: 0.2885192934  RandomIterLoss: 0.2465665191  lr: 1.810e-03  
2024-11-07 09:00:30 - INFO - Epoch:  404/500  Runtime:  8.98s  EpochLoss: 0.2807592211  RandomIterLoss: 0.3084246218  lr: 1.746e-03  
2024-11-07 09:00:39 - INFO - Epoch:  405/500  Runtime:  8.50s  EpochLoss: 0.2799653513  RandomIterLoss: 0.2843661606  lr: 1.737e-03  
2024-11-07 09:00:48 - INFO - Epoch:  406/500  Runtime:  8.84s  EpochLoss: 0.2796388011  RandomIterLoss: 0.2868237495  lr: 1.702e-03  
2024-11-07 09:00:57 - INFO - Epoch:  407/500  Runtime:  8.96s  EpochLoss: 0.2786488939  RandomIterLoss: 0.2983098328  lr: 1.662e-03  
2024-11-07 09:01:06 - INFO - Epoch:  408/500  Runtime:  9.68s  EpochLoss: 0.2782221653  RandomIterLoss: 0.3019883037  lr: 1.640e-03  
2024-11-07 09:01:16 - INFO - Epoch:  409/500  Runtime:  9.95s  EpochLoss: 0.2872576863  RandomIterLoss: 0.2904276848  lr: 1.603e-03  
2024-11-07 09:01:26 - INFO - Epoch:  410/500  Runtime:  9.32s  EpochLoss: 0.2806315669  RandomIterLoss: 0.3389340341  lr: 1.565e-03  
2024-11-07 09:01:35 - INFO - Epoch:  411/500  Runtime:  9.15s  EpochLoss: 0.2738690708  RandomIterLoss: 0.2528718412  lr: 1.530e-03  
2024-11-07 09:01:44 - INFO - Epoch:  412/500  Runtime:  8.66s  EpochLoss: 0.2788857123  RandomIterLoss: 0.2682830989  lr: 1.507e-03  
2024-11-07 09:01:53 - INFO - Epoch:  413/500  Runtime:  9.73s  EpochLoss: 0.2771883583  RandomIterLoss: 0.2322862148  lr: 1.467e-03  
2024-11-07 09:02:02 - INFO - Epoch:  414/500  Runtime:  9.25s  EpochLoss: 0.2803772993  RandomIterLoss: 0.5234773159  lr: 1.432e-03  
2024-11-07 09:02:12 - INFO - Epoch:  415/500  Runtime:  9.20s  EpochLoss: 0.2754666890  RandomIterLoss: 0.2815809846  lr: 1.414e-03  
2024-11-07 09:02:21 - INFO - Epoch:  416/500  Runtime:  9.39s  EpochLoss: 0.2810015878  RandomIterLoss: 0.2628676593  lr: 1.356e-03  
2024-11-07 09:02:30 - INFO - Epoch:  417/500  Runtime:  9.13s  EpochLoss: 0.2791286697  RandomIterLoss: 0.2625361979  lr: 1.330e-03  
2024-11-07 09:02:40 - INFO - Epoch:  418/500  Runtime:  9.70s  EpochLoss: 0.2788198868  RandomIterLoss: 0.3560869694  lr: 1.303e-03  
2024-11-07 09:02:50 - INFO - Epoch:  419/500  Runtime:  9.87s  EpochLoss: 0.2714958841  RandomIterLoss: 0.3155188262  lr: 1.266e-03  
2024-11-07 09:03:00 - INFO - Epoch:  420/500  Runtime: 10.05s  EpochLoss: 0.2717450143  RandomIterLoss: 0.2314775288  lr: 1.246e-03  
2024-11-07 09:03:01 - INFO - Eval Epoch: 420
2024-11-07 09:03:01 - INFO - Overall Accuracy: 83.54 || Mean Overall Accuracy: 69.37
2024-11-07 09:03:01 - INFO - Mean IoU: 0.613 || Per-class IoU score:  Ground=0.792  Building=0.873  Trees=0.772  Low vegetation=0.544  Artifacts=0.082  
2024-11-07 09:03:01 - INFO - Macro F1: 0.709 || Per-class  F1 score:  Ground=0.884  Building=0.932  Trees=0.871  Low vegetation=0.705  Artifacts=0.151  

2024-11-07 09:03:11 - INFO - Epoch:  421/500  Runtime: 10.08s  EpochLoss: 0.2788579176  RandomIterLoss: 0.2891580164  lr: 1.219e-03  
2024-11-07 09:03:20 - INFO - Epoch:  422/500  Runtime:  9.63s  EpochLoss: 0.2753365619  RandomIterLoss: 0.2619405985  lr: 1.199e-03  
2024-11-07 09:03:29 - INFO - Epoch:  423/500  Runtime:  9.08s  EpochLoss: 0.2799761648  RandomIterLoss: 0.2066307217  lr: 1.171e-03  
2024-11-07 09:03:39 - INFO - Epoch:  424/500  Runtime:  9.98s  EpochLoss: 0.2728209475  RandomIterLoss: 0.2182279229  lr: 1.146e-03  
2024-11-07 09:03:49 - INFO - Epoch:  425/500  Runtime:  9.99s  EpochLoss: 0.2710855952  RandomIterLoss: 0.2659312487  lr: 1.106e-03  
2024-11-07 09:04:00 - INFO - Epoch:  426/500  Runtime: 10.16s  EpochLoss: 0.2722576454  RandomIterLoss: 0.2511025965  lr: 1.088e-03  
2024-11-07 09:04:10 - INFO - Epoch:  427/500  Runtime: 10.08s  EpochLoss: 0.2796022452  RandomIterLoss: 0.3614193499  lr: 1.055e-03  
2024-11-07 09:04:19 - INFO - Epoch:  428/500  Runtime:  9.11s  EpochLoss: 0.2770572525  RandomIterLoss: 0.2842173576  lr: 1.029e-03  
2024-11-07 09:04:28 - INFO - Epoch:  429/500  Runtime:  9.50s  EpochLoss: 0.2813793621  RandomIterLoss: 0.2873380780  lr: 9.851e-04  
2024-11-07 09:04:37 - INFO - Epoch:  430/500  Runtime:  8.50s  EpochLoss: 0.2706889744  RandomIterLoss: 0.2403246909  lr: 9.694e-04  
2024-11-07 09:04:45 - INFO - Epoch:  431/500  Runtime:  8.30s  EpochLoss: 0.2732755897  RandomIterLoss: 0.2177155018  lr: 9.370e-04  
2024-11-07 09:04:54 - INFO - Epoch:  432/500  Runtime:  9.19s  EpochLoss: 0.2751170983  RandomIterLoss: 0.2792147994  lr: 9.146e-04  
2024-11-07 09:05:04 - INFO - Epoch:  433/500  Runtime:  9.51s  EpochLoss: 0.2675529370  RandomIterLoss: 0.2832683921  lr: 8.900e-04  
2024-11-07 09:05:13 - INFO - Epoch:  434/500  Runtime:  9.55s  EpochLoss: 0.2716950073  RandomIterLoss: 0.2001840025  lr: 8.756e-04  
2024-11-07 09:05:23 - INFO - Epoch:  435/500  Runtime:  9.52s  EpochLoss: 0.2708015012  RandomIterLoss: 0.2784220278  lr: 8.266e-04  
2024-11-07 09:05:32 - INFO - Epoch:  436/500  Runtime:  9.43s  EpochLoss: 0.2768832012  RandomIterLoss: 0.2476007789  lr: 8.210e-04  
2024-11-07 09:05:42 - INFO - Epoch:  437/500  Runtime:  9.48s  EpochLoss: 0.2739655694  RandomIterLoss: 0.2339217663  lr: 7.839e-04  
2024-11-07 09:05:51 - INFO - Epoch:  438/500  Runtime:  9.27s  EpochLoss: 0.2685777260  RandomIterLoss: 0.2564663589  lr: 7.605e-04  
2024-11-07 09:06:00 - INFO - Epoch:  439/500  Runtime:  8.96s  EpochLoss: 0.2767221809  RandomIterLoss: 0.2464873046  lr: 7.502e-04  
2024-11-07 09:06:09 - INFO - Epoch:  440/500  Runtime:  8.69s  EpochLoss: 0.2705931088  RandomIterLoss: 0.2446963936  lr: 7.183e-04  
2024-11-07 09:06:18 - INFO - Epoch:  441/500  Runtime:  9.69s  EpochLoss: 0.2667431845  RandomIterLoss: 0.2634726763  lr: 7.036e-04  
2024-11-07 09:06:28 - INFO - Epoch:  442/500  Runtime:  9.63s  EpochLoss: 0.2712997435  RandomIterLoss: 0.3150933981  lr: 6.808e-04  
2024-11-07 09:06:37 - INFO - Epoch:  443/500  Runtime:  8.88s  EpochLoss: 0.2690695700  RandomIterLoss: 0.2135514617  lr: 6.463e-04  
2024-11-07 09:06:46 - INFO - Epoch:  444/500  Runtime:  9.43s  EpochLoss: 0.2762102620  RandomIterLoss: 0.2305568457  lr: 6.180e-04  
2024-11-07 09:06:55 - INFO - Epoch:  445/500  Runtime:  8.37s  EpochLoss: 0.2768183381  RandomIterLoss: 0.2722096145  lr: 5.990e-04  
2024-11-07 09:07:03 - INFO - Epoch:  446/500  Runtime:  8.78s  EpochLoss: 0.2676390999  RandomIterLoss: 0.2946168780  lr: 5.764e-04  
2024-11-07 09:07:12 - INFO - Epoch:  447/500  Runtime:  8.83s  EpochLoss: 0.2713231963  RandomIterLoss: 0.2791316509  lr: 5.651e-04  
2024-11-07 09:07:22 - INFO - Epoch:  448/500  Runtime:  9.25s  EpochLoss: 0.2720432651  RandomIterLoss: 0.2293567061  lr: 5.372e-04  
2024-11-07 09:07:31 - INFO - Epoch:  449/500  Runtime:  9.28s  EpochLoss: 0.2755095007  RandomIterLoss: 0.2764883339  lr: 5.176e-04  
2024-11-07 09:07:39 - INFO - Epoch:  450/500  Runtime:  8.49s  EpochLoss: 0.2697205340  RandomIterLoss: 0.2356909811  lr: 5.045e-04  
2024-11-07 09:07:40 - INFO - Eval Epoch: 450
2024-11-07 09:07:40 - INFO - Overall Accuracy: 83.25 || Mean Overall Accuracy: 69.44
2024-11-07 09:07:40 - INFO - Mean IoU: 0.610 || Per-class IoU score:  Ground=0.789  Building=0.860  Trees=0.773  Low vegetation=0.540  Artifacts=0.086  
2024-11-07 09:07:40 - INFO - Macro F1: 0.708 || Per-class  F1 score:  Ground=0.882  Building=0.925  Trees=0.872  Low vegetation=0.701  Artifacts=0.159  

2024-11-07 09:07:50 - INFO - Epoch:  451/500  Runtime:  9.54s  EpochLoss: 0.2636680308  RandomIterLoss: 0.2392208725  lr: 4.798e-04  
2024-11-07 09:07:59 - INFO - Epoch:  452/500  Runtime:  9.03s  EpochLoss: 0.2743362029  RandomIterLoss: 0.3061468601  lr: 4.655e-04  
2024-11-07 09:08:08 - INFO - Epoch:  453/500  Runtime:  8.88s  EpochLoss: 0.2691806497  RandomIterLoss: 0.3145287335  lr: 4.447e-04  
2024-11-07 09:08:16 - INFO - Epoch:  454/500  Runtime:  8.77s  EpochLoss: 0.2725420797  RandomIterLoss: 0.2774210870  lr: 4.376e-04  
2024-11-07 09:08:25 - INFO - Epoch:  455/500  Runtime:  8.35s  EpochLoss: 0.2691701850  RandomIterLoss: 0.2633067071  lr: 4.048e-04  
2024-11-07 09:08:34 - INFO - Epoch:  456/500  Runtime:  9.51s  EpochLoss: 0.2668735209  RandomIterLoss: 0.2530751526  lr: 3.877e-04  
2024-11-07 09:08:43 - INFO - Epoch:  457/500  Runtime:  9.10s  EpochLoss: 0.2722519270  RandomIterLoss: 0.2067286670  lr: 3.702e-04  
2024-11-07 09:08:52 - INFO - Epoch:  458/500  Runtime:  9.02s  EpochLoss: 0.2639930749  RandomIterLoss: 0.2820794284  lr: 3.519e-04  
2024-11-07 09:09:01 - INFO - Epoch:  459/500  Runtime:  8.38s  EpochLoss: 0.2690640580  RandomIterLoss: 0.2307049334  lr: 3.474e-04  
2024-11-07 09:09:09 - INFO - Epoch:  460/500  Runtime:  8.54s  EpochLoss: 0.2686425718  RandomIterLoss: 0.2563476264  lr: 3.253e-04  
2024-11-07 09:09:19 - INFO - Epoch:  461/500  Runtime:  9.47s  EpochLoss: 0.2734014344  RandomIterLoss: 0.2193626910  lr: 3.142e-04  
2024-11-07 09:09:29 - INFO - Epoch:  462/500  Runtime:  9.83s  EpochLoss: 0.2665427798  RandomIterLoss: 0.3060448468  lr: 2.881e-04  
2024-11-07 09:09:38 - INFO - Epoch:  463/500  Runtime:  9.42s  EpochLoss: 0.2705052085  RandomIterLoss: 0.2489057779  lr: 2.874e-04  
2024-11-07 09:09:47 - INFO - Epoch:  464/500  Runtime:  9.07s  EpochLoss: 0.2691227028  RandomIterLoss: 0.2846128047  lr: 2.630e-04  
2024-11-07 09:09:56 - INFO - Epoch:  465/500  Runtime:  8.89s  EpochLoss: 0.2740556367  RandomIterLoss: 0.2438201457  lr: 2.492e-04  
2024-11-07 09:10:06 - INFO - Epoch:  466/500  Runtime:  9.82s  EpochLoss: 0.2716057456  RandomIterLoss: 0.2474097908  lr: 2.335e-04  
2024-11-07 09:10:15 - INFO - Epoch:  467/500  Runtime:  9.60s  EpochLoss: 0.2627147399  RandomIterLoss: 0.2523214519  lr: 2.274e-04  
2024-11-07 09:10:24 - INFO - Epoch:  468/500  Runtime:  8.82s  EpochLoss: 0.2740800194  RandomIterLoss: 0.2258919626  lr: 2.107e-04  
2024-11-07 09:10:33 - INFO - Epoch:  469/500  Runtime:  9.16s  EpochLoss: 0.2637512836  RandomIterLoss: 0.2765143216  lr: 1.935e-04  
2024-11-07 09:10:43 - INFO - Epoch:  470/500  Runtime:  9.18s  EpochLoss: 0.2671401728  RandomIterLoss: 0.2865454257  lr: 1.800e-04  
2024-11-07 09:10:52 - INFO - Epoch:  471/500  Runtime:  8.97s  EpochLoss: 0.2629579248  RandomIterLoss: 0.2952531576  lr: 1.746e-04  
2024-11-07 09:11:00 - INFO - Epoch:  472/500  Runtime:  8.83s  EpochLoss: 0.2738731703  RandomIterLoss: 0.1925700307  lr: 1.651e-04  
2024-11-07 09:11:09 - INFO - Epoch:  473/500  Runtime:  8.63s  EpochLoss: 0.2715239958  RandomIterLoss: 0.3380821347  lr: 1.543e-04  
2024-11-07 09:11:18 - INFO - Epoch:  474/500  Runtime:  9.15s  EpochLoss: 0.2686542168  RandomIterLoss: 0.2710334659  lr: 1.454e-04  
2024-11-07 09:11:27 - INFO - Epoch:  475/500  Runtime:  9.18s  EpochLoss: 0.2653452077  
2024-11-07 09:11:37 - INFO - Epoch:  476/500  Runtime:  9.59s  EpochLoss: 0.2684285864  RandomIterLoss: 0.2396956384  lr: 1.160e-04  
2024-11-07 09:11:46 - INFO - Epoch:  477/500  Runtime:  9.02s  EpochLoss: 0.2666561966  RandomIterLoss: 0.3430240452  lr: 1.089e-04  
2024-11-07 09:11:56 - INFO - Epoch:  478/500  Runtime:  9.67s  EpochLoss: 0.2652475187  RandomIterLoss: 0.3368664980  lr: 9.781e-05  
2024-11-07 09:12:04 - INFO - Epoch:  479/500  Runtime:  8.84s  EpochLoss: 0.2648997385  RandomIterLoss: 0.2482740432  lr: 9.266e-05  
2024-11-07 09:12:14 - INFO - Epoch:  480/500  Runtime:  9.10s  EpochLoss: 0.2701505206  RandomIterLoss: 0.2275938243  lr: 8.204e-05  
2024-11-07 09:12:14 - INFO - Eval Epoch: 480
2024-11-07 09:12:14 - INFO - Overall Accuracy: 83.72 || Mean Overall Accuracy: 69.83
2024-11-07 09:12:14 - INFO - Mean IoU: 0.615 || Per-class IoU score:  Ground=0.794  Building=0.866  Trees=0.774  Low vegetation=0.559  Artifacts=0.081  
2024-11-07 09:12:14 - INFO - Macro F1: 0.711 || Per-class  F1 score:  Ground=0.885  Building=0.928  Trees=0.872  Low vegetation=0.717  Artifacts=0.149  

2024-11-07 09:12:23 - INFO - Epoch:  481/500  Runtime:  8.93s  EpochLoss: 0.2674066523  RandomIterLoss: 0.2173560262  lr: 7.804e-05  
2024-11-07 09:12:32 - INFO - Epoch:  482/500  Runtime:  8.79s  EpochLoss: 0.2661182667  RandomIterLoss: 0.2772319019  lr: 6.698e-05  
2024-11-07 09:12:41 - INFO - Epoch:  483/500  Runtime:  9.22s  EpochLoss: 0.2660505491  RandomIterLoss: 0.2379580736  lr: 6.483e-05  
2024-11-07 09:12:50 - INFO - Epoch:  484/500  Runtime:  8.28s  EpochLoss: 0.2743546475  RandomIterLoss: 0.2324638069  lr: 5.166e-05  
2024-11-07 09:12:58 - INFO - Epoch:  485/500  Runtime:  8.73s  EpochLoss: 0.2655109275  RandomIterLoss: 0.3800340593  lr: 4.598e-05  
2024-11-07 09:13:08 - INFO - Epoch:  486/500  Runtime:  9.23s  EpochLoss: 0.2658726431  RandomIterLoss: 0.2914892137  lr: 4.488e-05  
2024-11-07 09:13:17 - INFO - Epoch:  487/500  Runtime:  9.25s  EpochLoss: 0.2678386952  RandomIterLoss: 0.3025371730  lr: 3.500e-05  
2024-11-07 09:13:25 - INFO - Epoch:  488/500  Runtime:  8.36s  EpochLoss: 0.2713001093  
2024-11-07 09:13:34 - INFO - Epoch:  489/500  Runtime:  8.67s  EpochLoss: 0.2684865679  RandomIterLoss: 0.3194796145  lr: 2.836e-05  
2024-11-07 09:13:43 - INFO - Epoch:  490/500  Runtime:  9.12s  EpochLoss: 0.2718755366  RandomIterLoss: 0.2958002090  lr: 2.262e-05  
2024-11-07 09:13:53 - INFO - Epoch:  491/500  Runtime: 10.11s  EpochLoss: 0.2636339194  RandomIterLoss: 0.3080733418  lr: 1.999e-05  
2024-11-07 09:14:03 - INFO - Epoch:  492/500  Runtime: 10.15s  EpochLoss: 0.2662194615  RandomIterLoss: 0.3582254350  lr: 1.594e-05  
2024-11-07 09:14:13 - INFO - Epoch:  493/500  Runtime:  9.76s  EpochLoss: 0.2736577473  RandomIterLoss: 0.2916175425  lr: 1.116e-05  
2024-11-07 09:14:22 - INFO - Epoch:  494/500  Runtime:  8.83s  EpochLoss: 0.2623166164  RandomIterLoss: 0.2987014055  lr: 8.908e-06  
2024-11-07 09:14:31 - INFO - Epoch:  495/500  Runtime:  9.17s  EpochLoss: 0.2660509111  RandomIterLoss: 0.2284633517  lr: 6.910e-06  
2024-11-07 09:14:40 - INFO - Epoch:  496/500  Runtime:  8.58s  EpochLoss: 0.2637539960  RandomIterLoss: 0.2825334966  lr: 3.448e-06  
2024-11-07 09:14:49 - INFO - Epoch:  497/500  Runtime:  9.01s  EpochLoss: 0.2737172094  
2024-11-07 09:14:59 - INFO - Epoch:  498/500  Runtime: 10.00s  EpochLoss: 0.2651514821  RandomIterLoss: 0.2030991316  lr: 9.015e-07  
2024-11-07 09:15:08 - INFO - Epoch:  499/500  Runtime:  9.86s  EpochLoss: 0.2712695748  RandomIterLoss: 0.2569237947  lr: 4.145e-07  
2024-11-07 09:15:18 - INFO - Epoch:  500/500  Runtime:  9.31s  EpochLoss: 0.2635210969  
2024-11-07 09:15:19 - INFO - Eval Epoch: 500
2024-11-07 09:15:19 - INFO - Overall Accuracy: 83.72 || Mean Overall Accuracy: 69.89
2024-11-07 09:15:19 - INFO - Mean IoU: 0.615 || Per-class IoU score:  Ground=0.794  Building=0.864  Trees=0.773  Low vegetation=0.560  Artifacts=0.085  
2024-11-07 09:15:19 - INFO - Macro F1: 0.712 || Per-class  F1 score:  Ground=0.885  Building=0.927  Trees=0.872  Low vegetation=0.718  Artifacts=0.157  

2024-11-07 09:15:19 - INFO - 训练结束 总耗时：1:17:37.379512
