2024-11-06 20:27:26 - INFO - 初始化训练数据集和数据加载器
2024-11-06 20:27:27 - INFO - 设备设置为：cuda
2024-11-06 20:27:27 - INFO - 网络模型加载...
MinkUNet14C(
  (conv0p1s1): MinkowskiConvolution(in=4, out=32, kernel_size=[5, 5, 5], stride=[1, 1, 1], dilation=[1, 1, 1])
  (bn0): MinkowskiBatchNorm(32, eps=1e-05, momentum=0.02, affine=True, track_running_stats=True)
  (conv1p1s2): MinkowskiConvolution(in=32, out=32, kernel_size=[2, 2, 2], stride=[2, 2, 2], dilation=[1, 1, 1])
  (bn1): MinkowskiBatchNorm(32, eps=1e-05, momentum=0.02, affine=True, track_running_stats=True)
  (block1): Sequential(
    (0): BasicBlock(
      (conv1): MinkowskiConvolution(in=32, out=32, kernel_size=[3, 3, 3], stride=[1, 1, 1], dilation=[1, 1, 1])
      (norm1): MinkowskiBatchNorm(32, eps=1e-05, momentum=0.1, affine=True, track_running_stats=True)
      (conv2): MinkowskiConvolution(in=32, out=32, kernel_size=[3, 3, 3], stride=[1, 1, 1], dilation=[1, 1, 1])
      (norm2): MinkowskiBatchNorm(32, eps=1e-05, momentum=0.1, affine=True, track_running_stats=True)
      (relu): MinkowskiReLU()
    )
  )
  (conv2p2s2): MinkowskiConvolution(in=32, out=32, kernel_size=[2, 2, 2], stride=[2, 2, 2], dilation=[1, 1, 1])
  (bn2): MinkowskiBatchNorm(32, eps=1e-05, momentum=0.02, affine=True, track_running_stats=True)
  (block2): Sequential(
    (0): BasicBlock(
      (conv1): MinkowskiConvolution(in=32, out=64, kernel_size=[3, 3, 3], stride=[1, 1, 1], dilation=[1, 1, 1])
      (norm1): MinkowskiBatchNorm(64, eps=1e-05, momentum=0.1, affine=True, track_running_stats=True)
      (conv2): MinkowskiConvolution(in=64, out=64, kernel_size=[3, 3, 3], stride=[1, 1, 1], dilation=[1, 1, 1])
      (norm2): MinkowskiBatchNorm(64, eps=1e-05, momentum=0.1, affine=True, track_running_stats=True)
      (relu): MinkowskiReLU()
      (downsample): Sequential(
        (0): MinkowskiConvolution(in=32, out=64, kernel_size=[1, 1, 1], stride=[1, 1, 1], dilation=[1, 1, 1])
        (1): MinkowskiBatchNorm(64, eps=1e-05, momentum=0.02, affine=True, track_running_stats=True)
      )
    )
  )
  (conv3p4s2): MinkowskiConvolution(in=64, out=64, kernel_size=[2, 2, 2], stride=[2, 2, 2], dilation=[1, 1, 1])
  (bn3): MinkowskiBatchNorm(64, eps=1e-05, momentum=0.02, affine=True, track_running_stats=True)
  (block3): Sequential(
    (0): BasicBlock(
      (conv1): MinkowskiConvolution(in=64, out=128, kernel_size=[3, 3, 3], stride=[1, 1, 1], dilation=[1, 1, 1])
      (norm1): MinkowskiBatchNorm(128, eps=1e-05, momentum=0.1, affine=True, track_running_stats=True)
      (conv2): MinkowskiConvolution(in=128, out=128, kernel_size=[3, 3, 3], stride=[1, 1, 1], dilation=[1, 1, 1])
      (norm2): MinkowskiBatchNorm(128, eps=1e-05, momentum=0.1, affine=True, track_running_stats=True)
      (relu): MinkowskiReLU()
      (downsample): Sequential(
        (0): MinkowskiConvolution(in=64, out=128, kernel_size=[1, 1, 1], stride=[1, 1, 1], dilation=[1, 1, 1])
        (1): MinkowskiBatchNorm(128, eps=1e-05, momentum=0.02, affine=True, track_running_stats=True)
      )
    )
  )
  (conv4p8s2): MinkowskiConvolution(in=128, out=128, kernel_size=[2, 2, 2], stride=[2, 2, 2], dilation=[1, 1, 1])
  (bn4): MinkowskiBatchNorm(128, eps=1e-05, momentum=0.02, affine=True, track_running_stats=True)
  (block4): Sequential(
    (0): BasicBlock(
      (conv1): MinkowskiConvolution(in=128, out=256, kernel_size=[3, 3, 3], stride=[1, 1, 1], dilation=[1, 1, 1])
      (norm1): MinkowskiBatchNorm(256, eps=1e-05, momentum=0.1, affine=True, track_running_stats=True)
      (conv2): MinkowskiConvolution(in=256, out=256, kernel_size=[3, 3, 3], stride=[1, 1, 1], dilation=[1, 1, 1])
      (norm2): MinkowskiBatchNorm(256, eps=1e-05, momentum=0.1, affine=True, track_running_stats=True)
      (relu): MinkowskiReLU()
      (downsample): Sequential(
        (0): MinkowskiConvolution(in=128, out=256, kernel_size=[1, 1, 1], stride=[1, 1, 1], dilation=[1, 1, 1])
        (1): MinkowskiBatchNorm(256, eps=1e-05, momentum=0.02, affine=True, track_running_stats=True)
      )
    )
  )
  (convtr4p16s2): MinkowskiConvolutionTranspose(in=256, out=192, kernel_size=[2, 2, 2], stride=[2, 2, 2], dilation=[1, 1, 1])
  (bntr4): MinkowskiBatchNorm(192, eps=1e-05, momentum=0.02, affine=True, track_running_stats=True)
  (block5): Sequential(
    (0): BasicBlock(
      (conv1): MinkowskiConvolution(in=320, out=192, kernel_size=[3, 3, 3], stride=[1, 1, 1], dilation=[1, 1, 1])
      (norm1): MinkowskiBatchNorm(192, eps=1e-05, momentum=0.1, affine=True, track_running_stats=True)
      (conv2): MinkowskiConvolution(in=192, out=192, kernel_size=[3, 3, 3], stride=[1, 1, 1], dilation=[1, 1, 1])
      (norm2): MinkowskiBatchNorm(192, eps=1e-05, momentum=0.1, affine=True, track_running_stats=True)
      (relu): MinkowskiReLU()
      (downsample): Sequential(
        (0): MinkowskiConvolution(in=320, out=192, kernel_size=[1, 1, 1], stride=[1, 1, 1], dilation=[1, 1, 1])
        (1): MinkowskiBatchNorm(192, eps=1e-05, momentum=0.02, affine=True, track_running_stats=True)
      )
    )
  )
  (convtr5p8s2): MinkowskiConvolutionTranspose(in=192, out=192, kernel_size=[2, 2, 2], stride=[2, 2, 2], dilation=[1, 1, 1])
  (bntr5): MinkowskiBatchNorm(192, eps=1e-05, momentum=0.02, affine=True, track_running_stats=True)
  (block6): Sequential(
    (0): BasicBlock(
      (conv1): MinkowskiConvolution(in=256, out=192, kernel_size=[3, 3, 3], stride=[1, 1, 1], dilation=[1, 1, 1])
      (norm1): MinkowskiBatchNorm(192, eps=1e-05, momentum=0.1, affine=True, track_running_stats=True)
      (conv2): MinkowskiConvolution(in=192, out=192, kernel_size=[3, 3, 3], stride=[1, 1, 1], dilation=[1, 1, 1])
      (norm2): MinkowskiBatchNorm(192, eps=1e-05, momentum=0.1, affine=True, track_running_stats=True)
      (relu): MinkowskiReLU()
      (downsample): Sequential(
        (0): MinkowskiConvolution(in=256, out=192, kernel_size=[1, 1, 1], stride=[1, 1, 1], dilation=[1, 1, 1])
        (1): MinkowskiBatchNorm(192, eps=1e-05, momentum=0.02, affine=True, track_running_stats=True)
      )
    )
  )
  (convtr6p4s2): MinkowskiConvolutionTranspose(in=192, out=128, kernel_size=[2, 2, 2], stride=[2, 2, 2], dilation=[1, 1, 1])
  (bntr6): MinkowskiBatchNorm(128, eps=1e-05, momentum=0.02, affine=True, track_running_stats=True)
  (block7): Sequential(
    (0): BasicBlock(
      (conv1): MinkowskiConvolution(in=160, out=128, kernel_size=[3, 3, 3], stride=[1, 1, 1], dilation=[1, 1, 1])
      (norm1): MinkowskiBatchNorm(128, eps=1e-05, momentum=0.1, affine=True, track_running_stats=True)
      (conv2): MinkowskiConvolution(in=128, out=128, kernel_size=[3, 3, 3], stride=[1, 1, 1], dilation=[1, 1, 1])
      (norm2): MinkowskiBatchNorm(128, eps=1e-05, momentum=0.1, affine=True, track_running_stats=True)
      (relu): MinkowskiReLU()
      (downsample): Sequential(
        (0): MinkowskiConvolution(in=160, out=128, kernel_size=[1, 1, 1], stride=[1, 1, 1], dilation=[1, 1, 1])
        (1): MinkowskiBatchNorm(128, eps=1e-05, momentum=0.02, affine=True, track_running_stats=True)
      )
    )
  )
  (convtr7p2s2): MinkowskiConvolutionTranspose(in=128, out=128, kernel_size=[2, 2, 2], stride=[2, 2, 2], dilation=[1, 1, 1])
  (bntr7): MinkowskiBatchNorm(128, eps=1e-05, momentum=0.02, affine=True, track_running_stats=True)
  (block8): Sequential(
    (0): BasicBlock(
      (conv1): MinkowskiConvolution(in=160, out=128, kernel_size=[3, 3, 3], stride=[1, 1, 1], dilation=[1, 1, 1])
      (norm1): MinkowskiBatchNorm(128, eps=1e-05, momentum=0.1, affine=True, track_running_stats=True)
      (conv2): MinkowskiConvolution(in=128, out=128, kernel_size=[3, 3, 3], stride=[1, 1, 1], dilation=[1, 1, 1])
      (norm2): MinkowskiBatchNorm(128, eps=1e-05, momentum=0.1, affine=True, track_running_stats=True)
      (relu): MinkowskiReLU()
      (downsample): Sequential(
        (0): MinkowskiConvolution(in=160, out=128, kernel_size=[1, 1, 1], stride=[1, 1, 1], dilation=[1, 1, 1])
        (1): MinkowskiBatchNorm(128, eps=1e-05, momentum=0.02, affine=True, track_running_stats=True)
      )
    )
  )
  (final): MinkowskiConvolution(in=128, out=5, kernel_size=[1, 1, 1], stride=[1, 1, 1], dilation=[1, 1, 1])
  (relu): MinkowskiReLU()
)

2024-11-06 20:27:29 - INFO - 优化器加载...
Adam (
Parameter Group 0
    amsgrad: False
    betas: (0.9, 0.999)
    eps: 1e-08
    lr: 0.001
    weight_decay: 0
)

2024-11-06 20:27:29 - INFO - 调度器加载...
<torch.optim.lr_scheduler.OneCycleLR object at 0x7f608648c1c0>

2024-11-06 20:27:29 - INFO - 损失函数加载...
CrossEntropyLoss()

2024-11-06 20:27:29 - INFO - 开始训练...
2024-11-06 20:27:41 - INFO - Epoch:    1/500  Runtime: 12.36s  EpochLoss: 1.2091026428  RandomIterLoss: 1.0878217220  lr: 4.006e-04  
2024-11-06 20:27:53 - INFO - Epoch:    2/500  Runtime: 11.71s  EpochLoss: 0.8850893189  RandomIterLoss: 0.9613255858  lr: 4.017e-04  
2024-11-06 20:28:04 - INFO - Epoch:    3/500  Runtime: 11.62s  EpochLoss: 0.7920501259  RandomIterLoss: 0.8230217099  lr: 4.080e-04  
2024-11-06 20:28:16 - INFO - Epoch:    4/500  Runtime: 11.57s  EpochLoss: 0.7439234582  RandomIterLoss: 0.8311786652  lr: 4.107e-04  
2024-11-06 20:28:28 - INFO - Epoch:    5/500  Runtime: 11.76s  EpochLoss: 0.6904165887  RandomIterLoss: 0.5920245647  lr: 4.194e-04  
2024-11-06 20:28:40 - INFO - Epoch:    6/500  Runtime: 12.50s  EpochLoss: 0.6693173539  RandomIterLoss: 0.6846070290  lr: 4.268e-04  
2024-11-06 20:28:52 - INFO - Epoch:    7/500  Runtime: 12.08s  EpochLoss: 0.6432613886  RandomIterLoss: 0.6527610421  lr: 4.423e-04  
2024-11-06 20:29:04 - INFO - Epoch:    8/500  Runtime: 11.84s  EpochLoss: 0.6321234696  RandomIterLoss: 0.5352314115  lr: 4.595e-04  
2024-11-06 20:29:16 - INFO - Epoch:    9/500  Runtime: 11.70s  EpochLoss: 0.6260694855  RandomIterLoss: 0.7153321505  lr: 4.771e-04  
2024-11-06 20:29:28 - INFO - Epoch:   10/500  Runtime: 11.77s  EpochLoss: 0.6121216220  RandomIterLoss: 0.6890144348  lr: 5.002e-04  
2024-11-06 20:29:39 - INFO - Epoch:   11/500  Runtime: 11.73s  EpochLoss: 0.6124206436  RandomIterLoss: 0.6354176998  lr: 5.054e-04  
2024-11-06 20:29:51 - INFO - Epoch:   12/500  Runtime: 11.61s  EpochLoss: 0.5955877589  RandomIterLoss: 0.7743079066  lr: 5.343e-04  
2024-11-06 20:30:02 - INFO - Epoch:   13/500  Runtime: 11.42s  EpochLoss: 0.5949883359  RandomIterLoss: 0.6543663740  lr: 5.763e-04  
2024-11-06 20:30:14 - INFO - Epoch:   14/500  Runtime: 11.61s  EpochLoss: 0.5885648626  RandomIterLoss: 0.6191344857  lr: 5.977e-04  
2024-11-06 20:30:26 - INFO - Epoch:   15/500  Runtime: 11.79s  EpochLoss: 0.5597041229  RandomIterLoss: 0.4802767336  lr: 6.350e-04  
2024-11-06 20:30:38 - INFO - Epoch:   16/500  Runtime: 11.82s  EpochLoss: 0.5711681064  RandomIterLoss: 0.6927431822  lr: 6.464e-04  
2024-11-06 20:30:49 - INFO - Epoch:   17/500  Runtime: 11.63s  EpochLoss: 0.5722993788  RandomIterLoss: 0.6979272366  lr: 7.011e-04  
2024-11-06 20:31:01 - INFO - Epoch:   18/500  Runtime: 11.52s  EpochLoss: 0.5530764759  RandomIterLoss: 0.6041966081  lr: 7.222e-04  
2024-11-06 20:31:13 - INFO - Epoch:   19/500  Runtime: 11.95s  EpochLoss: 0.5790130212  RandomIterLoss: 0.5880953670  lr: 7.646e-04  
2024-11-06 20:31:24 - INFO - Epoch:   20/500  Runtime: 11.84s  EpochLoss: 0.5600317331  RandomIterLoss: 0.6019576192  lr: 7.913e-04  
2024-11-06 20:31:36 - INFO - Epoch:   21/500  Runtime: 11.45s  EpochLoss: 0.5374193374  RandomIterLoss: 0.5367392302  lr: 8.329e-04  
2024-11-06 20:31:48 - INFO - Epoch:   22/500  Runtime: 11.82s  EpochLoss: 0.5684474937  RandomIterLoss: 0.5304995775  lr: 8.687e-04  
2024-11-06 20:31:59 - INFO - Epoch:   23/500  Runtime: 11.64s  EpochLoss: 0.5465063676  RandomIterLoss: 0.6346710920  lr: 9.453e-04  
2024-11-06 20:32:11 - INFO - Epoch:   24/500  Runtime: 11.83s  EpochLoss: 0.5440959402  RandomIterLoss: 0.5176555514  lr: 9.538e-04  
2024-11-06 20:32:23 - INFO - Epoch:   25/500  Runtime: 11.52s  EpochLoss: 0.5421100394  RandomIterLoss: 0.6326061487  lr: 1.041e-03  
2024-11-06 20:32:34 - INFO - Epoch:   26/500  Runtime: 11.62s  EpochLoss: 0.5571154688  RandomIterLoss: 0.6075896621  lr: 1.077e-03  
2024-11-06 20:32:46 - INFO - Epoch:   27/500  Runtime: 11.70s  EpochLoss: 0.5395301648  RandomIterLoss: 0.4492599666  lr: 1.123e-03  
2024-11-06 20:32:58 - INFO - Epoch:   28/500  Runtime: 11.62s  EpochLoss: 0.5346836841  RandomIterLoss: 0.4026277959  lr: 1.177e-03  
2024-11-06 20:33:10 - INFO - Epoch:   29/500  Runtime: 11.82s  EpochLoss: 0.5311919193  RandomIterLoss: 0.4164147973  lr: 1.228e-03  
2024-11-06 20:33:21 - INFO - Epoch:   30/500  Runtime: 11.47s  EpochLoss: 0.5474457490  RandomIterLoss: 0.6492789984  lr: 1.314e-03  
2024-11-06 20:33:22 - INFO - Eval Epoch: 30
2024-11-06 20:33:22 - INFO - Overall Accuracy: 68.57 || Mean Overall Accuracy: 58.50
2024-11-06 20:33:22 - INFO - Mean IoU: 0.477 || Per-class IoU score:  Ground=0.595  Building=0.632  Trees=0.811  Low vegetation=0.339  Artifacts=0.005  
2024-11-06 20:33:22 - INFO - Macro F1: 0.587 || Per-class  F1 score:  Ground=0.746  Building=0.775  Trees=0.896  Low vegetation=0.506  Artifacts=0.011  

2024-11-06 20:33:34 - INFO - Epoch:   31/500  Runtime: 11.82s  EpochLoss: 0.5398130403  RandomIterLoss: 0.5578439236  lr: 1.363e-03  
2024-11-06 20:33:45 - INFO - Epoch:   32/500  Runtime: 11.55s  EpochLoss: 0.5275215832  RandomIterLoss: 0.3837729096  lr: 1.422e-03  
2024-11-06 20:33:57 - INFO - Epoch:   33/500  Runtime: 11.73s  EpochLoss: 0.5477662283  RandomIterLoss: 0.5030209422  lr: 1.454e-03  
2024-11-06 20:34:09 - INFO - Epoch:   34/500  Runtime: 11.91s  EpochLoss: 0.5209836824  RandomIterLoss: 0.4742863774  lr: 1.506e-03  
2024-11-06 20:34:21 - INFO - Epoch:   35/500  Runtime: 12.16s  EpochLoss: 0.5149579346  RandomIterLoss: 0.4972761571  lr: 1.633e-03  
2024-11-06 20:34:33 - INFO - Epoch:   36/500  Runtime: 11.89s  EpochLoss: 0.4961619059  RandomIterLoss: 0.4381190836  lr: 1.689e-03  
2024-11-06 20:34:45 - INFO - Epoch:   37/500  Runtime: 11.92s  EpochLoss: 0.5194932392  RandomIterLoss: 0.8108280897  lr: 1.711e-03  
2024-11-06 20:34:57 - INFO - Epoch:   38/500  Runtime: 11.75s  EpochLoss: 0.5262374180  
2024-11-06 20:35:09 - INFO - Epoch:   39/500  Runtime: 11.90s  EpochLoss: 0.5478134440  RandomIterLoss: 0.6959611773  lr: 1.844e-03  
2024-11-06 20:35:21 - INFO - Epoch:   40/500  Runtime: 12.13s  EpochLoss: 0.5246298936  RandomIterLoss: 0.4195008278  lr: 1.948e-03  
2024-11-06 20:35:33 - INFO - Epoch:   41/500  Runtime: 12.68s  EpochLoss: 0.5158350908  RandomIterLoss: 0.5407736897  lr: 2.047e-03  
2024-11-06 20:35:45 - INFO - Epoch:   42/500  Runtime: 11.97s  EpochLoss: 0.4923641119  RandomIterLoss: 0.5138657689  lr: 2.076e-03  
2024-11-06 20:35:58 - INFO - Epoch:   43/500  Runtime: 12.38s  EpochLoss: 0.5063257488  RandomIterLoss: 0.5586299300  lr: 2.212e-03  
2024-11-06 20:36:10 - INFO - Epoch:   44/500  Runtime: 12.34s  EpochLoss: 0.4976118668  RandomIterLoss: 0.5171783566  lr: 2.250e-03  
2024-11-06 20:36:22 - INFO - Epoch:   45/500  Runtime: 11.88s  EpochLoss: 0.5179467540  RandomIterLoss: 0.4726494849  lr: 2.361e-03  
2024-11-06 20:36:34 - INFO - Epoch:   46/500  Runtime: 11.93s  EpochLoss: 0.5150059360  RandomIterLoss: 0.3967649639  lr: 2.394e-03  
2024-11-06 20:36:46 - INFO - Epoch:   47/500  Runtime: 11.92s  EpochLoss: 0.5322686258  RandomIterLoss: 0.6088005900  lr: 2.523e-03  
2024-11-06 20:36:58 - INFO - Epoch:   48/500  Runtime: 11.99s  EpochLoss: 0.5168678869  RandomIterLoss: 0.5068447590  lr: 2.596e-03  
2024-11-06 20:37:10 - INFO - Epoch:   49/500  Runtime: 11.93s  EpochLoss: 0.4733293639  RandomIterLoss: 0.5006124973  lr: 2.662e-03  
2024-11-06 20:37:22 - INFO - Epoch:   50/500  Runtime: 12.10s  EpochLoss: 0.4932817566  RandomIterLoss: 0.5910710692  lr: 2.716e-03  
2024-11-06 20:37:34 - INFO - Epoch:   51/500  Runtime: 11.81s  EpochLoss: 0.4827847352  RandomIterLoss: 0.4467796683  lr: 2.830e-03  
2024-11-06 20:37:46 - INFO - Epoch:   52/500  Runtime: 11.89s  EpochLoss: 0.5029028925  RandomIterLoss: 0.4818174243  lr: 2.928e-03  
2024-11-06 20:37:57 - INFO - Epoch:   53/500  Runtime: 11.60s  EpochLoss: 0.4984316352  RandomIterLoss: 0.4503237307  lr: 3.011e-03  
2024-11-06 20:38:09 - INFO - Epoch:   54/500  Runtime: 11.74s  EpochLoss: 0.4947661730  RandomIterLoss: 0.4617801011  lr: 3.145e-03  
2024-11-06 20:38:20 - INFO - Epoch:   55/500  Runtime: 11.53s  EpochLoss: 0.4902664647  RandomIterLoss: 0.5559945703  lr: 3.225e-03  
2024-11-06 20:38:32 - INFO - Epoch:   56/500  Runtime: 11.96s  EpochLoss: 0.4965731095  RandomIterLoss: 0.5756646991  lr: 3.334e-03  
2024-11-06 20:38:44 - INFO - Epoch:   57/500  Runtime: 11.88s  EpochLoss: 0.4881515774  RandomIterLoss: 0.4384024143  lr: 3.381e-03  
2024-11-06 20:38:56 - INFO - Epoch:   58/500  Runtime: 11.85s  EpochLoss: 0.4999736182  RandomIterLoss: 0.6266229749  lr: 3.511e-03  
2024-11-06 20:39:08 - INFO - Epoch:   59/500  Runtime: 11.45s  EpochLoss: 0.4760542417  RandomIterLoss: 0.5079067945  lr: 3.590e-03  
2024-11-06 20:39:19 - INFO - Epoch:   60/500  Runtime: 11.60s  EpochLoss: 0.4836021201  RandomIterLoss: 0.5786628723  lr: 3.718e-03  
2024-11-06 20:39:20 - INFO - Eval Epoch: 60
2024-11-06 20:39:20 - INFO - Overall Accuracy: 71.33 || Mean Overall Accuracy: 62.66
2024-11-06 20:39:20 - INFO - Mean IoU: 0.506 || Per-class IoU score:  Ground=0.616  Building=0.720  Trees=0.782  Low vegetation=0.394  Artifacts=0.018  
2024-11-06 20:39:20 - INFO - Macro F1: 0.616 || Per-class  F1 score:  Ground=0.762  Building=0.837  Trees=0.878  Low vegetation=0.566  Artifacts=0.036  

2024-11-06 20:39:32 - INFO - Epoch:   61/500  Runtime: 11.77s  EpochLoss: 0.4964422658  RandomIterLoss: 0.5327056050  lr: 3.776e-03  
2024-11-06 20:39:43 - INFO - Epoch:   62/500  Runtime: 11.59s  EpochLoss: 0.5004444983  RandomIterLoss: 0.4064406157  lr: 3.884e-03  
2024-11-06 20:39:55 - INFO - Epoch:   63/500  Runtime: 11.88s  EpochLoss: 0.4788738747  RandomIterLoss: 0.4703324139  lr: 3.994e-03  
2024-11-06 20:40:07 - INFO - Epoch:   64/500  Runtime: 11.80s  EpochLoss: 0.4879655587  RandomIterLoss: 0.4367436171  lr: 4.014e-03  
2024-11-06 20:40:19 - INFO - Epoch:   65/500  Runtime: 11.88s  EpochLoss: 0.4729979485  RandomIterLoss: 0.4162883759  lr: 4.118e-03  
2024-11-06 20:40:31 - INFO - Epoch:   66/500  Runtime: 12.05s  EpochLoss: 0.4627425759  RandomIterLoss: 0.4534176886  lr: 4.272e-03  
2024-11-06 20:40:43 - INFO - Epoch:   67/500  Runtime: 11.99s  EpochLoss: 0.4868374602  RandomIterLoss: 0.5226705074  lr: 4.394e-03  
2024-11-06 20:40:55 - INFO - Epoch:   68/500  Runtime: 11.70s  EpochLoss: 0.4666747837  RandomIterLoss: 0.4151265323  lr: 4.464e-03  
2024-11-06 20:41:06 - INFO - Epoch:   69/500  Runtime: 11.64s  EpochLoss: 0.4622268094  RandomIterLoss: 0.3516776860  lr: 4.550e-03  
2024-11-06 20:41:18 - INFO - Epoch:   70/500  Runtime: 11.69s  EpochLoss: 0.4714549821  RandomIterLoss: 0.4532161355  lr: 4.647e-03  
2024-11-06 20:41:30 - INFO - Epoch:   71/500  Runtime: 11.65s  EpochLoss: 0.4887541952  RandomIterLoss: 0.4727466702  lr: 4.799e-03  
2024-11-06 20:41:41 - INFO - Epoch:   72/500  Runtime: 11.59s  EpochLoss: 0.4985873489  RandomIterLoss: 0.6428052187  lr: 4.863e-03  
2024-11-06 20:41:53 - INFO - Epoch:   73/500  Runtime: 11.62s  EpochLoss: 0.4712694430  RandomIterLoss: 0.4238070250  lr: 4.952e-03  
2024-11-06 20:42:05 - INFO - Epoch:   74/500  Runtime: 11.80s  EpochLoss: 0.4823992286  RandomIterLoss: 0.4883123636  lr: 5.059e-03  
2024-11-06 20:42:16 - INFO - Epoch:   75/500  Runtime: 11.56s  EpochLoss: 0.4642305557  RandomIterLoss: 0.4024905860  lr: 5.117e-03  
2024-11-06 20:42:28 - INFO - Epoch:   76/500  Runtime: 11.75s  EpochLoss: 0.4775094512  RandomIterLoss: 0.5646193624  lr: 5.258e-03  
2024-11-06 20:42:40 - INFO - Epoch:   77/500  Runtime: 12.01s  EpochLoss: 0.4853224991  RandomIterLoss: 0.4353558123  lr: 5.327e-03  
2024-11-06 20:42:52 - INFO - Epoch:   78/500  Runtime: 11.93s  EpochLoss: 0.4585939991  RandomIterLoss: 0.7534046769  lr: 5.425e-03  
2024-11-06 20:43:04 - INFO - Epoch:   79/500  Runtime: 11.53s  EpochLoss: 0.4663767280  RandomIterLoss: 0.4307739437  lr: 5.555e-03  
2024-11-06 20:43:15 - INFO - Epoch:   80/500  Runtime: 11.66s  EpochLoss: 0.4583563141  RandomIterLoss: 0.5157369971  lr: 5.639e-03  
2024-11-06 20:43:27 - INFO - Epoch:   81/500  Runtime: 11.64s  EpochLoss: 0.4836086834  RandomIterLoss: 0.4170579314  lr: 5.746e-03  
2024-11-06 20:43:39 - INFO - Epoch:   82/500  Runtime: 11.61s  EpochLoss: 0.4747223631  RandomIterLoss: 0.3795018494  lr: 5.889e-03  
2024-11-06 20:43:50 - INFO - Epoch:   83/500  Runtime: 11.50s  EpochLoss: 0.4567385167  RandomIterLoss: 0.5250338316  lr: 5.959e-03  
2024-11-06 20:44:02 - INFO - Epoch:   84/500  Runtime: 11.75s  EpochLoss: 0.4682783803  RandomIterLoss: 0.3955754936  lr: 6.087e-03  
2024-11-06 20:44:14 - INFO - Epoch:   85/500  Runtime: 12.02s  EpochLoss: 0.4644817425  RandomIterLoss: 0.3089731634  lr: 6.152e-03  
2024-11-06 20:44:25 - INFO - Epoch:   86/500  Runtime: 11.64s  EpochLoss: 0.4626200639  RandomIterLoss: 0.5511960983  lr: 6.242e-03  
2024-11-06 20:44:37 - INFO - Epoch:   87/500  Runtime: 11.58s  EpochLoss: 0.4508288489  RandomIterLoss: 0.4352967441  lr: 6.360e-03  
2024-11-06 20:44:49 - INFO - Epoch:   88/500  Runtime: 11.52s  EpochLoss: 0.4480237168  RandomIterLoss: 0.4327219725  lr: 6.439e-03  
2024-11-06 20:45:00 - INFO - Epoch:   89/500  Runtime: 11.93s  EpochLoss: 0.4456773454  RandomIterLoss: 0.7230358720  lr: 6.556e-03  
2024-11-06 20:45:12 - INFO - Epoch:   90/500  Runtime: 11.87s  EpochLoss: 0.4728691185  RandomIterLoss: 0.4422267079  lr: 6.615e-03  
2024-11-06 20:45:13 - INFO - Eval Epoch: 90
2024-11-06 20:45:13 - INFO - Overall Accuracy: 82.71 || Mean Overall Accuracy: 68.07
2024-11-06 20:45:13 - INFO - Mean IoU: 0.588 || Per-class IoU score:  Ground=0.784  Building=0.764  Trees=0.769  Low vegetation=0.556  Artifacts=0.066  
2024-11-06 20:45:13 - INFO - Macro F1: 0.690 || Per-class  F1 score:  Ground=0.879  Building=0.866  Trees=0.869  Low vegetation=0.714  Artifacts=0.123  

2024-11-06 20:45:25 - INFO - Epoch:   91/500  Runtime: 11.42s  EpochLoss: 0.4444881515  RandomIterLoss: 0.3940084279  lr: 6.745e-03  
2024-11-06 20:45:36 - INFO - Epoch:   92/500  Runtime: 11.64s  EpochLoss: 0.4610560807  RandomIterLoss: 0.3731466234  lr: 6.799e-03  
2024-11-06 20:45:48 - INFO - Epoch:   93/500  Runtime: 11.58s  EpochLoss: 0.4606668610  RandomIterLoss: 0.4285777211  lr: 6.915e-03  
2024-11-06 20:46:00 - INFO - Epoch:   94/500  Runtime: 12.03s  EpochLoss: 0.4381849414  RandomIterLoss: 0.5546266437  lr: 7.049e-03  
2024-11-06 20:46:12 - INFO - Epoch:   95/500  Runtime: 11.72s  EpochLoss: 0.4477605197  RandomIterLoss: 0.3954199851  lr: 7.078e-03  
2024-11-06 20:46:23 - INFO - Epoch:   96/500  Runtime: 11.61s  EpochLoss: 0.4482511350  RandomIterLoss: 0.5270895958  lr: 7.237e-03  
2024-11-06 20:46:35 - INFO - Epoch:   97/500  Runtime: 11.60s  EpochLoss: 0.4484351271  RandomIterLoss: 0.3637120128  lr: 7.274e-03  
2024-11-06 20:46:46 - INFO - Epoch:   98/500  Runtime: 11.55s  EpochLoss: 0.4574135813  RandomIterLoss: 0.5749611855  lr: 7.411e-03  
2024-11-06 20:46:58 - INFO - Epoch:   99/500  Runtime: 11.66s  EpochLoss: 0.4457046688  RandomIterLoss: 0.4465215802  lr: 7.486e-03  
2024-11-06 20:47:10 - INFO - Epoch:  100/500  Runtime: 11.69s  EpochLoss: 0.4607795897  RandomIterLoss: 0.5212450027  lr: 7.576e-03  
2024-11-06 20:47:22 - INFO - Epoch:  101/500  Runtime: 11.84s  EpochLoss: 0.4509480955  RandomIterLoss: 0.5818207264  lr: 7.660e-03  
2024-11-06 20:47:33 - INFO - Epoch:  102/500  Runtime: 11.77s  EpochLoss: 0.4490058348  RandomIterLoss: 0.4644764364  lr: 7.771e-03  
2024-11-06 20:47:45 - INFO - Epoch:  103/500  Runtime: 11.89s  EpochLoss: 0.4610377354  RandomIterLoss: 0.3640815318  lr: 7.839e-03  
2024-11-06 20:47:57 - INFO - Epoch:  104/500  Runtime: 11.66s  EpochLoss: 0.4372664988  RandomIterLoss: 0.4567844272  lr: 7.882e-03  
2024-11-06 20:48:09 - INFO - Epoch:  105/500  Runtime: 11.91s  EpochLoss: 0.4435413304  RandomIterLoss: 0.4019882381  lr: 8.002e-03  
2024-11-06 20:48:20 - INFO - Epoch:  106/500  Runtime: 11.54s  EpochLoss: 0.4474661763  RandomIterLoss: 0.4432675540  lr: 8.045e-03  
2024-11-06 20:48:32 - INFO - Epoch:  107/500  Runtime: 11.55s  EpochLoss: 0.4381050617  RandomIterLoss: 0.5248263478  lr: 8.154e-03  
2024-11-06 20:48:44 - INFO - Epoch:  108/500  Runtime: 11.86s  EpochLoss: 0.4353757142  RandomIterLoss: 0.4745642543  lr: 8.259e-03  
2024-11-06 20:48:55 - INFO - Epoch:  109/500  Runtime: 11.42s  EpochLoss: 0.4431209226  RandomIterLoss: 0.5349029303  lr: 8.301e-03  
2024-11-06 20:49:07 - INFO - Epoch:  110/500  Runtime: 11.86s  EpochLoss: 0.4426642534  RandomIterLoss: 0.4146255255  lr: 8.372e-03  
2024-11-06 20:49:19 - INFO - Epoch:  111/500  Runtime: 11.62s  EpochLoss: 0.4259991747  RandomIterLoss: 0.4270259142  lr: 8.472e-03  
2024-11-06 20:49:31 - INFO - Epoch:  112/500  Runtime: 12.01s  EpochLoss: 0.4403878640  RandomIterLoss: 0.3907378912  lr: 8.532e-03  
2024-11-06 20:49:43 - INFO - Epoch:  113/500  Runtime: 11.80s  EpochLoss: 0.4117567749  RandomIterLoss: 0.4507528543  lr: 8.569e-03  
2024-11-06 20:49:54 - INFO - Epoch:  114/500  Runtime: 11.79s  EpochLoss: 0.4563416798  RandomIterLoss: 0.4410365224  lr: 8.694e-03  
2024-11-06 20:50:06 - INFO - Epoch:  115/500  Runtime: 11.82s  EpochLoss: 0.4348179231  RandomIterLoss: 0.4875760972  lr: 8.705e-03  
2024-11-06 20:50:18 - INFO - Epoch:  116/500  Runtime: 11.89s  EpochLoss: 0.4332416599  RandomIterLoss: 0.4964973629  lr: 8.791e-03  
2024-11-06 20:50:30 - INFO - Epoch:  117/500  Runtime: 11.81s  EpochLoss: 0.4304365888  RandomIterLoss: 0.5066593885  lr: 8.861e-03  
2024-11-06 20:50:42 - INFO - Epoch:  118/500  Runtime: 11.79s  EpochLoss: 0.4320933494  RandomIterLoss: 0.3573945463  lr: 8.921e-03  
2024-11-06 20:50:53 - INFO - Epoch:  119/500  Runtime: 11.72s  EpochLoss: 0.4394031885  RandomIterLoss: 0.5386891365  lr: 8.990e-03  
2024-11-06 20:51:05 - INFO - Epoch:  120/500  Runtime: 12.05s  EpochLoss: 0.4313877103  RandomIterLoss: 0.5185495615  lr: 9.045e-03  
2024-11-06 20:51:06 - INFO - Eval Epoch: 120
2024-11-06 20:51:06 - INFO - Overall Accuracy: 81.21 || Mean Overall Accuracy: 66.37
2024-11-06 20:51:06 - INFO - Mean IoU: 0.580 || Per-class IoU score:  Ground=0.761  Building=0.795  Trees=0.814  Low vegetation=0.483  Artifacts=0.050  
2024-11-06 20:51:06 - INFO - Macro F1: 0.679 || Per-class  F1 score:  Ground=0.864  Building=0.886  Trees=0.897  Low vegetation=0.651  Artifacts=0.094  

2024-11-06 20:51:18 - INFO - Epoch:  121/500  Runtime: 11.99s  EpochLoss: 0.4306603386  RandomIterLoss: 0.4256518483  lr: 9.143e-03  
2024-11-06 20:51:30 - INFO - Epoch:  122/500  Runtime: 12.04s  EpochLoss: 0.4273251112  RandomIterLoss: 0.3666461110  lr: 9.162e-03  
2024-11-06 20:51:42 - INFO - Epoch:  123/500  Runtime: 11.77s  EpochLoss: 0.4276751747  RandomIterLoss: 0.5348899961  lr: 9.214e-03  
2024-11-06 20:51:54 - INFO - Epoch:  124/500  Runtime: 11.74s  EpochLoss: 0.4373426762  RandomIterLoss: 0.3538438678  lr: 9.289e-03  
2024-11-06 20:52:06 - INFO - Epoch:  125/500  Runtime: 11.71s  EpochLoss: 0.4269329377  RandomIterLoss: 0.4553464949  lr: 9.341e-03  
2024-11-06 20:52:18 - INFO - Epoch:  126/500  Runtime: 12.10s  EpochLoss: 0.4217922071  RandomIterLoss: 0.5863611102  lr: 9.391e-03  
2024-11-06 20:52:30 - INFO - Epoch:  127/500  Runtime: 11.85s  EpochLoss: 0.4334365373  RandomIterLoss: 0.4508176446  lr: 9.416e-03  
2024-11-06 20:52:41 - INFO - Epoch:  128/500  Runtime: 11.72s  EpochLoss: 0.4333151823  RandomIterLoss: 0.3667653799  lr: 9.476e-03  
2024-11-06 20:52:53 - INFO - Epoch:  129/500  Runtime: 11.83s  EpochLoss: 0.4269150313  RandomIterLoss: 0.3930571377  lr: 9.524e-03  
2024-11-06 20:53:05 - INFO - Epoch:  130/500  Runtime: 11.64s  EpochLoss: 0.4359261651  RandomIterLoss: 0.5580491424  lr: 9.552e-03  
2024-11-06 20:53:17 - INFO - Epoch:  131/500  Runtime: 11.77s  EpochLoss: 0.4481649257  RandomIterLoss: 0.4410092831  lr: 9.593e-03  
2024-11-06 20:53:28 - INFO - Epoch:  132/500  Runtime: 11.64s  EpochLoss: 0.4312183356  RandomIterLoss: 0.4193735719  lr: 9.635e-03  
2024-11-06 20:53:40 - INFO - Epoch:  133/500  Runtime: 11.93s  EpochLoss: 0.4263660434  RandomIterLoss: 0.3990413249  lr: 9.673e-03  
2024-11-06 20:53:52 - INFO - Epoch:  134/500  Runtime: 11.84s  EpochLoss: 0.4321297536  RandomIterLoss: 0.5136396885  lr: 9.705e-03  
2024-11-06 20:54:04 - INFO - Epoch:  135/500  Runtime: 11.79s  EpochLoss: 0.4212215766  RandomIterLoss: 0.4323462844  lr: 9.765e-03  
2024-11-06 20:54:15 - INFO - Epoch:  136/500  Runtime: 11.60s  EpochLoss: 0.4080448090  RandomIterLoss: 0.4513148665  lr: 9.792e-03  
2024-11-06 20:54:27 - INFO - Epoch:  137/500  Runtime: 11.96s  EpochLoss: 0.4207763997  RandomIterLoss: 0.3651398122  lr: 9.798e-03  
2024-11-06 20:54:39 - INFO - Epoch:  138/500  Runtime: 11.97s  EpochLoss: 0.4217109084  RandomIterLoss: 0.4642824829  lr: 9.833e-03  
2024-11-06 20:54:51 - INFO - Epoch:  139/500  Runtime: 11.87s  EpochLoss: 0.4207830998  RandomIterLoss: 0.4096431136  lr: 9.865e-03  
2024-11-06 20:55:03 - INFO - Epoch:  140/500  Runtime: 11.72s  EpochLoss: 0.4131326926  RandomIterLoss: 0.3193954527  lr: 9.879e-03  
2024-11-06 20:55:15 - INFO - Epoch:  141/500  Runtime: 11.82s  EpochLoss: 0.4057834352  RandomIterLoss: 0.2983820140  lr: 9.904e-03  
2024-11-06 20:55:27 - INFO - Epoch:  142/500  Runtime: 12.00s  EpochLoss: 0.4156843207  RandomIterLoss: 0.3978697956  lr: 9.925e-03  
2024-11-06 20:55:39 - INFO - Epoch:  143/500  Runtime: 11.85s  EpochLoss: 0.4178212935  RandomIterLoss: 0.4138757288  lr: 9.946e-03  
2024-11-06 20:55:51 - INFO - Epoch:  144/500  Runtime: 12.15s  EpochLoss: 0.4157965088  RandomIterLoss: 0.3700671196  lr: 9.951e-03  
2024-11-06 20:56:03 - INFO - Epoch:  145/500  Runtime: 11.93s  EpochLoss: 0.4409692870  RandomIterLoss: 0.3493491411  lr: 9.973e-03  
2024-11-06 20:56:14 - INFO - Epoch:  146/500  Runtime: 11.73s  EpochLoss: 0.4248662808  RandomIterLoss: 0.4708962142  lr: 9.977e-03  
2024-11-06 20:56:26 - INFO - Epoch:  147/500  Runtime: 12.09s  EpochLoss: 0.4093636071  RandomIterLoss: 0.4208437204  lr: 9.984e-03  
2024-11-06 20:56:38 - INFO - Epoch:  148/500  Runtime: 12.01s  EpochLoss: 0.4117351737  RandomIterLoss: 0.3496541381  lr: 9.993e-03  
2024-11-06 20:56:51 - INFO - Epoch:  149/500  Runtime: 12.06s  EpochLoss: 0.4090754417  RandomIterLoss: 0.4029849172  lr: 9.996e-03  
2024-11-06 20:57:02 - INFO - Epoch:  150/500  Runtime: 11.81s  EpochLoss: 0.4112350114  RandomIterLoss: 0.4895900190  lr: 9.999e-03  
2024-11-06 20:57:03 - INFO - Eval Epoch: 150
2024-11-06 20:57:03 - INFO - Overall Accuracy: 81.61 || Mean Overall Accuracy: 70.15
2024-11-06 20:57:03 - INFO - Mean IoU: 0.608 || Per-class IoU score:  Ground=0.746  Building=0.861  Trees=0.819  Low vegetation=0.547  Artifacts=0.066  
2024-11-06 20:57:03 - INFO - Macro F1: 0.702 || Per-class  F1 score:  Ground=0.854  Building=0.926  Trees=0.901  Low vegetation=0.708  Artifacts=0.123  

2024-11-06 20:57:15 - INFO - Epoch:  151/500  Runtime: 11.94s  EpochLoss: 0.4106239351  RandomIterLoss: 0.3526756465  lr: 1.000e-02  
2024-11-06 20:57:27 - INFO - Epoch:  152/500  Runtime: 12.06s  EpochLoss: 0.4054585248  RandomIterLoss: 0.4973882139  lr: 1.000e-02  
2024-11-06 20:57:39 - INFO - Epoch:  153/500  Runtime: 12.10s  EpochLoss: 0.3997173126  RandomIterLoss: 0.4674676359  lr: 9.999e-03  
2024-11-06 20:57:52 - INFO - Epoch:  154/500  Runtime: 12.14s  EpochLoss: 0.4004169032  RandomIterLoss: 0.3529951870  lr: 9.997e-03  
2024-11-06 20:58:03 - INFO - Epoch:  155/500  Runtime: 11.96s  EpochLoss: 0.4097599743  RandomIterLoss: 0.3054760993  lr: 9.995e-03  
2024-11-06 20:58:15 - INFO - Epoch:  156/500  Runtime: 11.94s  EpochLoss: 0.4078091512  RandomIterLoss: 0.3268715143  lr: 9.994e-03  
2024-11-06 20:58:27 - INFO - Epoch:  157/500  Runtime: 11.91s  EpochLoss: 0.4071321894  RandomIterLoss: 0.3793734610  lr: 9.992e-03  
2024-11-06 20:58:39 - INFO - Epoch:  158/500  Runtime: 11.90s  EpochLoss: 0.4086039805  RandomIterLoss: 0.3882335722  lr: 9.988e-03  
2024-11-06 20:58:51 - INFO - Epoch:  159/500  Runtime: 12.15s  EpochLoss: 0.4031521807  RandomIterLoss: 0.3619861603  lr: 9.986e-03  
2024-11-06 20:59:03 - INFO - Epoch:  160/500  Runtime: 12.04s  EpochLoss: 0.4189448885  RandomIterLoss: 0.4672661126  lr: 9.983e-03  
2024-11-06 20:59:15 - INFO - Epoch:  161/500  Runtime: 11.74s  EpochLoss: 0.3904236887  RandomIterLoss: 0.6054174900  lr: 9.977e-03  
2024-11-06 20:59:27 - INFO - Epoch:  162/500  Runtime: 11.96s  EpochLoss: 0.4102345495  RandomIterLoss: 0.4419864714  lr: 9.975e-03  
2024-11-06 20:59:39 - INFO - Epoch:  163/500  Runtime: 11.83s  EpochLoss: 0.4173095992  RandomIterLoss: 0.4275205731  lr: 9.968e-03  
2024-11-06 20:59:50 - INFO - Epoch:  164/500  Runtime: 11.52s  EpochLoss: 0.3905419829  RandomIterLoss: 0.3995610476  lr: 9.961e-03  
2024-11-06 21:00:02 - INFO - Epoch:  165/500  Runtime: 11.61s  EpochLoss: 0.4081388204  RandomIterLoss: 0.3534099162  lr: 9.957e-03  
2024-11-06 21:00:14 - INFO - Epoch:  166/500  Runtime: 11.68s  EpochLoss: 0.4021151201  RandomIterLoss: 0.3519521058  lr: 9.952e-03  
2024-11-06 21:00:26 - INFO - Epoch:  167/500  Runtime: 11.98s  EpochLoss: 0.4076819461  
2024-11-06 21:00:38 - INFO - Epoch:  168/500  Runtime: 11.89s  EpochLoss: 0.3921846910  RandomIterLoss: 0.3867129683  lr: 9.937e-03  
2024-11-06 21:00:50 - INFO - Epoch:  169/500  Runtime: 11.99s  EpochLoss: 0.4260657423  RandomIterLoss: 0.4238452017  lr: 9.931e-03  
2024-11-06 21:01:02 - INFO - Epoch:  170/500  Runtime: 12.21s  EpochLoss: 0.4456287663  RandomIterLoss: 0.3867050111  lr: 9.927e-03  
2024-11-06 21:01:14 - INFO - Epoch:  171/500  Runtime: 12.02s  EpochLoss: 0.4417447983  RandomIterLoss: 0.5698353052  lr: 9.917e-03  
2024-11-06 21:01:25 - INFO - Epoch:  172/500  Runtime: 11.65s  EpochLoss: 0.4018902027  
2024-11-06 21:01:37 - INFO - Epoch:  173/500  Runtime: 11.66s  EpochLoss: 0.3927219497  RandomIterLoss: 0.4284690619  lr: 9.902e-03  
2024-11-06 21:01:49 - INFO - Epoch:  174/500  Runtime: 11.41s  EpochLoss: 0.3944622779  RandomIterLoss: 0.4187304080  lr: 9.888e-03  
2024-11-06 21:02:00 - INFO - Epoch:  175/500  Runtime: 11.63s  EpochLoss: 0.3986475976  RandomIterLoss: 0.3891278803  lr: 9.882e-03  
2024-11-06 21:02:12 - INFO - Epoch:  176/500  Runtime: 11.53s  EpochLoss: 0.3940515349  RandomIterLoss: 0.3546432555  lr: 9.871e-03  
2024-11-06 21:02:23 - INFO - Epoch:  177/500  Runtime: 11.47s  EpochLoss: 0.3876652968  RandomIterLoss: 0.4416568279  lr: 9.855e-03  
2024-11-06 21:02:35 - INFO - Epoch:  178/500  Runtime: 11.70s  EpochLoss: 0.3993502015  RandomIterLoss: 0.4250516593  lr: 9.848e-03  
2024-11-06 21:02:46 - INFO - Epoch:  179/500  Runtime: 11.63s  EpochLoss: 0.4091470357  RandomIterLoss: 0.3611007035  lr: 9.838e-03  
2024-11-06 21:02:58 - INFO - Epoch:  180/500  Runtime: 11.94s  EpochLoss: 0.3821333731  RandomIterLoss: 0.3181984127  lr: 9.826e-03  
2024-11-06 21:02:59 - INFO - Eval Epoch: 180
2024-11-06 21:02:59 - INFO - Overall Accuracy: 77.58 || Mean Overall Accuracy: 67.48
2024-11-06 21:02:59 - INFO - Mean IoU: 0.567 || Per-class IoU score:  Ground=0.708  Building=0.806  Trees=0.808  Low vegetation=0.439  Artifacts=0.074  
2024-11-06 21:02:59 - INFO - Macro F1: 0.673 || Per-class  F1 score:  Ground=0.829  Building=0.893  Trees=0.894  Low vegetation=0.610  Artifacts=0.139  

2024-11-06 21:03:11 - INFO - Epoch:  181/500  Runtime: 12.06s  EpochLoss: 0.3953627145  RandomIterLoss: 0.4214768708  lr: 9.815e-03  
2024-11-06 21:03:23 - INFO - Epoch:  182/500  Runtime: 11.85s  EpochLoss: 0.3882534125  RandomIterLoss: 0.3704640567  lr: 9.803e-03  
2024-11-06 21:03:35 - INFO - Epoch:  183/500  Runtime: 11.74s  EpochLoss: 0.3936972103  RandomIterLoss: 0.3492922783  lr: 9.792e-03  
2024-11-06 21:03:47 - INFO - Epoch:  184/500  Runtime: 11.51s  EpochLoss: 0.3917976747  RandomIterLoss: 0.3656301200  lr: 9.773e-03  
2024-11-06 21:03:59 - INFO - Epoch:  185/500  Runtime: 12.01s  EpochLoss: 0.3850224343  RandomIterLoss: 0.3408243358  lr: 9.764e-03  
2024-11-06 21:04:10 - INFO - Epoch:  186/500  Runtime: 11.73s  EpochLoss: 0.3819412203  RandomIterLoss: 0.4503371716  lr: 9.749e-03  
2024-11-06 21:04:22 - INFO - Epoch:  187/500  Runtime: 11.90s  EpochLoss: 0.3932703544  RandomIterLoss: 0.3453546464  lr: 9.736e-03  
2024-11-06 21:04:34 - INFO - Epoch:  188/500  Runtime: 11.95s  EpochLoss: 0.3829024366  RandomIterLoss: 0.3865302205  lr: 9.713e-03  
2024-11-06 21:04:46 - INFO - Epoch:  189/500  Runtime: 12.06s  EpochLoss: 0.3845293434  RandomIterLoss: 0.5156710148  lr: 9.702e-03  
2024-11-06 21:04:58 - INFO - Epoch:  190/500  Runtime: 12.03s  EpochLoss: 0.3965330422  RandomIterLoss: 0.2904641926  lr: 9.695e-03  
2024-11-06 21:05:10 - INFO - Epoch:  191/500  Runtime: 11.68s  EpochLoss: 0.3854421519  RandomIterLoss: 0.4797410369  lr: 9.680e-03  
2024-11-06 21:05:22 - INFO - Epoch:  192/500  Runtime: 11.64s  EpochLoss: 0.3799093691  RandomIterLoss: 0.3317292929  lr: 9.654e-03  
2024-11-06 21:05:33 - INFO - Epoch:  193/500  Runtime: 11.55s  EpochLoss: 0.3838438947  RandomIterLoss: 0.3143479526  lr: 9.640e-03  
2024-11-06 21:05:45 - INFO - Epoch:  194/500  Runtime: 11.61s  EpochLoss: 0.3900748986  RandomIterLoss: 0.3658435941  lr: 9.619e-03  
2024-11-06 21:05:57 - INFO - Epoch:  195/500  Runtime: 12.37s  EpochLoss: 0.3831873316  RandomIterLoss: 0.3399615586  lr: 9.610e-03  
2024-11-06 21:06:09 - INFO - Epoch:  196/500  Runtime: 12.08s  EpochLoss: 0.3756537871  RandomIterLoss: 0.3493956625  lr: 9.583e-03  
2024-11-06 21:06:21 - INFO - Epoch:  197/500  Runtime: 11.89s  EpochLoss: 0.3894794109  RandomIterLoss: 0.4128082693  lr: 9.563e-03  
2024-11-06 21:06:33 - INFO - Epoch:  198/500  Runtime: 11.72s  EpochLoss: 0.3829963478  RandomIterLoss: 0.3500697315  lr: 9.553e-03  
2024-11-06 21:06:44 - INFO - Epoch:  199/500  Runtime: 11.56s  EpochLoss: 0.3792012385  RandomIterLoss: 0.3142446876  lr: 9.538e-03  
2024-11-06 21:06:56 - INFO - Epoch:  200/500  Runtime: 11.81s  EpochLoss: 0.3770369962  RandomIterLoss: 0.3690179884  lr: 9.509e-03  
2024-11-06 21:07:08 - INFO - Epoch:  201/500  Runtime: 11.66s  EpochLoss: 0.3790062639  RandomIterLoss: 0.3647819459  lr: 9.495e-03  
2024-11-06 21:07:20 - INFO - Epoch:  202/500  Runtime: 11.79s  EpochLoss: 0.3715246909  RandomIterLoss: 0.2999312580  lr: 9.483e-03  
2024-11-06 21:07:31 - INFO - Epoch:  203/500  Runtime: 11.82s  EpochLoss: 0.3881240704  RandomIterLoss: 0.4082991183  lr: 9.447e-03  
2024-11-06 21:07:43 - INFO - Epoch:  204/500  Runtime: 11.73s  EpochLoss: 0.3648559119  RandomIterLoss: 0.3531690240  lr: 9.427e-03  
2024-11-06 21:07:55 - INFO - Epoch:  205/500  Runtime: 11.43s  EpochLoss: 0.3766573214  RandomIterLoss: 0.4188255668  lr: 9.417e-03  
2024-11-06 21:08:06 - INFO - Epoch:  206/500  Runtime: 11.74s  EpochLoss: 0.3754266765  RandomIterLoss: 0.2772763073  lr: 9.383e-03  
2024-11-06 21:08:18 - INFO - Epoch:  207/500  Runtime: 11.82s  EpochLoss: 0.3778769205  RandomIterLoss: 0.4189850092  lr: 9.360e-03  
2024-11-06 21:08:30 - INFO - Epoch:  208/500  Runtime: 11.94s  EpochLoss: 0.3765287873  RandomIterLoss: 0.3248890340  lr: 9.357e-03  
2024-11-06 21:08:42 - INFO - Epoch:  209/500  Runtime: 11.76s  EpochLoss: 0.3759941574  RandomIterLoss: 0.4134579897  lr: 9.315e-03  
2024-11-06 21:08:54 - INFO - Epoch:  210/500  Runtime: 11.94s  EpochLoss: 0.3730520979  RandomIterLoss: 0.4023196399  lr: 9.300e-03  
2024-11-06 21:08:55 - INFO - Eval Epoch: 210
2024-11-06 21:08:55 - INFO - Overall Accuracy: 81.78 || Mean Overall Accuracy: 66.78
2024-11-06 21:08:55 - INFO - Mean IoU: 0.584 || Per-class IoU score:  Ground=0.773  Building=0.814  Trees=0.790  Low vegetation=0.481  Artifacts=0.063  
2024-11-06 21:08:55 - INFO - Macro F1: 0.684 || Per-class  F1 score:  Ground=0.872  Building=0.897  Trees=0.882  Low vegetation=0.650  Artifacts=0.119  

2024-11-06 21:09:07 - INFO - Epoch:  211/500  Runtime: 11.92s  EpochLoss: 0.3762815967  RandomIterLoss: 0.4200410545  lr: 9.272e-03  
2024-11-06 21:09:19 - INFO - Epoch:  212/500  Runtime: 11.83s  EpochLoss: 0.3810059916  RandomIterLoss: 0.3909363151  lr: 9.254e-03  
2024-11-06 21:09:30 - INFO - Epoch:  213/500  Runtime: 11.80s  EpochLoss: 0.3802762810  RandomIterLoss: 0.3392467797  lr: 9.230e-03  
2024-11-06 21:09:42 - INFO - Epoch:  214/500  Runtime: 11.60s  EpochLoss: 0.3678487160  RandomIterLoss: 0.3975447714  lr: 9.197e-03  
2024-11-06 21:09:54 - INFO - Epoch:  215/500  Runtime: 11.73s  EpochLoss: 0.3826384605  RandomIterLoss: 0.3649007380  lr: 9.183e-03  
2024-11-06 21:10:05 - INFO - Epoch:  216/500  Runtime: 11.73s  EpochLoss: 0.3788204007  RandomIterLoss: 0.3350516558  lr: 9.159e-03  
2024-11-06 21:10:17 - INFO - Epoch:  217/500  Runtime: 11.77s  EpochLoss: 0.3713960532  RandomIterLoss: 0.3397618234  lr: 9.133e-03  
2024-11-06 21:10:29 - INFO - Epoch:  218/500  Runtime: 11.50s  EpochLoss: 0.3750074418  RandomIterLoss: 0.4601493776  lr: 9.115e-03  
2024-11-06 21:10:40 - INFO - Epoch:  219/500  Runtime: 11.67s  EpochLoss: 0.3746740479  RandomIterLoss: 0.3815992773  lr: 9.085e-03  
2024-11-06 21:10:52 - INFO - Epoch:  220/500  Runtime: 11.68s  EpochLoss: 0.3646589098  RandomIterLoss: 0.2652082145  lr: 9.055e-03  
2024-11-06 21:11:04 - INFO - Epoch:  221/500  Runtime: 12.09s  EpochLoss: 0.3698435348  RandomIterLoss: 0.2679992616  lr: 9.018e-03  
2024-11-06 21:11:16 - INFO - Epoch:  222/500  Runtime: 11.73s  EpochLoss: 0.3697629391  RandomIterLoss: 0.3532153070  lr: 8.995e-03  
2024-11-06 21:11:27 - INFO - Epoch:  223/500  Runtime: 11.65s  EpochLoss: 0.3629327911  RandomIterLoss: 0.3017016053  lr: 8.990e-03  
2024-11-06 21:11:39 - INFO - Epoch:  224/500  Runtime: 11.84s  EpochLoss: 0.3772025880  RandomIterLoss: 0.4049794674  lr: 8.954e-03  
2024-11-06 21:11:51 - INFO - Epoch:  225/500  Runtime: 11.64s  EpochLoss: 0.3722745969  RandomIterLoss: 0.3018727005  lr: 8.922e-03  
2024-11-06 21:12:03 - INFO - Epoch:  226/500  Runtime: 11.69s  EpochLoss: 0.3605381995  RandomIterLoss: 0.4028956294  lr: 8.906e-03  
2024-11-06 21:12:14 - INFO - Epoch:  227/500  Runtime: 11.68s  EpochLoss: 0.3592169386  RandomIterLoss: 0.3927481771  lr: 8.880e-03  
2024-11-06 21:12:26 - INFO - Epoch:  228/500  Runtime: 11.63s  EpochLoss: 0.3694014502  RandomIterLoss: 0.4790369868  lr: 8.840e-03  
2024-11-06 21:12:38 - INFO - Epoch:  229/500  Runtime: 11.71s  EpochLoss: 0.3683586419  RandomIterLoss: 0.3482970595  lr: 8.817e-03  
2024-11-06 21:12:49 - INFO - Epoch:  230/500  Runtime: 11.80s  EpochLoss: 0.3667394929  RandomIterLoss: 0.3936761916  lr: 8.789e-03  
2024-11-06 21:13:01 - INFO - Epoch:  231/500  Runtime: 11.57s  EpochLoss: 0.3649910478  RandomIterLoss: 0.3016369939  lr: 8.738e-03  
2024-11-06 21:13:13 - INFO - Epoch:  232/500  Runtime: 11.78s  EpochLoss: 0.3631611907  RandomIterLoss: 0.4438461363  lr: 8.714e-03  
2024-11-06 21:13:25 - INFO - Epoch:  233/500  Runtime: 11.76s  EpochLoss: 0.3641889478  RandomIterLoss: 0.3883812129  lr: 8.682e-03  
2024-11-06 21:13:36 - INFO - Epoch:  234/500  Runtime: 11.58s  EpochLoss: 0.3671901538  RandomIterLoss: 0.3274871707  lr: 8.662e-03  
2024-11-06 21:13:48 - INFO - Epoch:  235/500  Runtime: 11.74s  EpochLoss: 0.3589744290  RandomIterLoss: 0.2695416212  lr: 8.636e-03  
2024-11-06 21:13:59 - INFO - Epoch:  236/500  Runtime: 11.35s  EpochLoss: 0.3621766628  RandomIterLoss: 0.3424587250  lr: 8.609e-03  
2024-11-06 21:14:11 - INFO - Epoch:  237/500  Runtime: 11.75s  EpochLoss: 0.3695454581  RandomIterLoss: 0.4107308090  lr: 8.579e-03  
2024-11-06 21:14:23 - INFO - Epoch:  238/500  Runtime: 11.68s  EpochLoss: 0.3670149940  RandomIterLoss: 0.3989734352  lr: 8.538e-03  
2024-11-06 21:14:35 - INFO - Epoch:  239/500  Runtime: 11.89s  EpochLoss: 0.3712532229  RandomIterLoss: 0.5066997409  lr: 8.509e-03  
2024-11-06 21:14:47 - INFO - Epoch:  240/500  Runtime: 12.01s  EpochLoss: 0.3552233103  RandomIterLoss: 0.4705849588  lr: 8.457e-03  
2024-11-06 21:14:48 - INFO - Eval Epoch: 240
2024-11-06 21:14:48 - INFO - Overall Accuracy: 83.23 || Mean Overall Accuracy: 67.69
2024-11-06 21:14:48 - INFO - Mean IoU: 0.593 || Per-class IoU score:  Ground=0.794  Building=0.869  Trees=0.741  Low vegetation=0.494  Artifacts=0.065  
2024-11-06 21:14:48 - INFO - Macro F1: 0.690 || Per-class  F1 score:  Ground=0.885  Building=0.930  Trees=0.851  Low vegetation=0.661  Artifacts=0.123  

2024-11-06 21:14:59 - INFO - Epoch:  241/500  Runtime: 11.87s  EpochLoss: 0.3525053344  RandomIterLoss: 0.3374728858  lr: 8.440e-03  
2024-11-06 21:15:11 - INFO - Epoch:  242/500  Runtime: 11.68s  EpochLoss: 0.3622614294  RandomIterLoss: 0.3672089577  lr: 8.402e-03  
2024-11-06 21:15:23 - INFO - Epoch:  243/500  Runtime: 11.75s  EpochLoss: 0.3510305583  RandomIterLoss: 0.3046334386  lr: 8.369e-03  
2024-11-06 21:15:35 - INFO - Epoch:  244/500  Runtime: 11.96s  EpochLoss: 0.3553768288  RandomIterLoss: 0.3995098472  lr: 8.337e-03  
2024-11-06 21:15:47 - INFO - Epoch:  245/500  Runtime: 12.19s  EpochLoss: 0.3606091643  RandomIterLoss: 0.4012318552  lr: 8.302e-03  
2024-11-06 21:15:59 - INFO - Epoch:  246/500  Runtime: 11.92s  EpochLoss: 0.3478107940  RandomIterLoss: 0.3683455586  lr: 8.256e-03  
2024-11-06 21:16:10 - INFO - Epoch:  247/500  Runtime: 11.52s  EpochLoss: 0.3522195769  RandomIterLoss: 0.3598161638  lr: 8.226e-03  
2024-11-06 21:16:22 - INFO - Epoch:  248/500  Runtime: 11.30s  EpochLoss: 0.3448652300  RandomIterLoss: 0.4196952283  lr: 8.190e-03  
2024-11-06 21:16:34 - INFO - Epoch:  249/500  Runtime: 12.14s  EpochLoss: 0.3618198681  RandomIterLoss: 0.3044977486  lr: 8.182e-03  
2024-11-06 21:16:46 - INFO - Epoch:  250/500  Runtime: 11.86s  EpochLoss: 0.3576678762  RandomIterLoss: 0.4628065526  lr: 8.144e-03  
2024-11-06 21:16:58 - INFO - Epoch:  251/500  Runtime: 12.00s  EpochLoss: 0.3522732495  RandomIterLoss: 0.2962242365  lr: 8.087e-03  
2024-11-06 21:17:10 - INFO - Epoch:  252/500  Runtime: 12.21s  EpochLoss: 0.3494126505  RandomIterLoss: 0.3082438707  lr: 8.060e-03  
2024-11-06 21:17:22 - INFO - Epoch:  253/500  Runtime: 11.73s  EpochLoss: 0.3525005030  RandomIterLoss: 0.3552262187  lr: 8.021e-03  
2024-11-06 21:17:34 - INFO - Epoch:  254/500  Runtime: 11.84s  EpochLoss: 0.3488939628  RandomIterLoss: 0.3769361079  lr: 8.002e-03  
2024-11-06 21:17:45 - INFO - Epoch:  255/500  Runtime: 11.92s  EpochLoss: 0.3454185670  RandomIterLoss: 0.3932844400  lr: 7.942e-03  
2024-11-06 21:17:57 - INFO - Epoch:  256/500  Runtime: 11.53s  EpochLoss: 0.3489456841  RandomIterLoss: 0.3305351138  lr: 7.924e-03  
2024-11-06 21:18:09 - INFO - Epoch:  257/500  Runtime: 11.95s  EpochLoss: 0.3379428488  RandomIterLoss: 0.3255759478  lr: 7.883e-03  
2024-11-06 21:18:21 - INFO - Epoch:  258/500  Runtime: 12.05s  EpochLoss: 0.3441476961  RandomIterLoss: 0.3829340637  lr: 7.840e-03  
2024-11-06 21:18:33 - INFO - Epoch:  259/500  Runtime: 11.74s  EpochLoss: 0.3434593461  RandomIterLoss: 0.4096783996  lr: 7.795e-03  
2024-11-06 21:18:45 - INFO - Epoch:  260/500  Runtime: 12.19s  EpochLoss: 0.3441314728  RandomIterLoss: 0.2990074158  lr: 7.760e-03  
2024-11-06 21:18:57 - INFO - Epoch:  261/500  Runtime: 11.75s  EpochLoss: 0.3409164616  RandomIterLoss: 0.4792897403  lr: 7.719e-03  
2024-11-06 21:19:09 - INFO - Epoch:  262/500  Runtime: 11.86s  EpochLoss: 0.3397830284  RandomIterLoss: 0.3076127470  lr: 7.714e-03  
2024-11-06 21:19:20 - INFO - Epoch:  263/500  Runtime: 11.75s  EpochLoss: 0.3486885974  RandomIterLoss: 0.3900880814  lr: 7.670e-03  
2024-11-06 21:19:32 - INFO - Epoch:  264/500  Runtime: 11.61s  EpochLoss: 0.3423663208  RandomIterLoss: 0.2619741559  lr: 7.639e-03  
2024-11-06 21:19:44 - INFO - Epoch:  265/500  Runtime: 11.62s  EpochLoss: 0.3307526782  RandomIterLoss: 0.2896789610  lr: 7.594e-03  
2024-11-06 21:19:55 - INFO - Epoch:  266/500  Runtime: 11.71s  EpochLoss: 0.3459086103  RandomIterLoss: 0.2878970504  lr: 7.527e-03  
2024-11-06 21:20:07 - INFO - Epoch:  267/500  Runtime: 11.81s  EpochLoss: 0.3418794064  RandomIterLoss: 0.3588774800  lr: 7.511e-03  
2024-11-06 21:20:19 - INFO - Epoch:  268/500  Runtime: 11.59s  EpochLoss: 0.3408941931  RandomIterLoss: 0.3303706944  lr: 7.453e-03  
2024-11-06 21:20:30 - INFO - Epoch:  269/500  Runtime: 11.69s  EpochLoss: 0.3525534232  RandomIterLoss: 0.3394584060  lr: 7.413e-03  
2024-11-06 21:20:42 - INFO - Epoch:  270/500  Runtime: 11.62s  EpochLoss: 0.3378070024  RandomIterLoss: 0.3409767449  lr: 7.398e-03  
2024-11-06 21:20:43 - INFO - Eval Epoch: 270
2024-11-06 21:20:43 - INFO - Overall Accuracy: 84.89 || Mean Overall Accuracy: 71.81
2024-11-06 21:20:43 - INFO - Mean IoU: 0.632 || Per-class IoU score:  Ground=0.807  Building=0.880  Trees=0.781  Low vegetation=0.586  Artifacts=0.106  
2024-11-06 21:20:43 - INFO - Macro F1: 0.727 || Per-class  F1 score:  Ground=0.893  Building=0.936  Trees=0.877  Low vegetation=0.739  Artifacts=0.192  

2024-11-06 21:20:55 - INFO - Epoch:  271/500  Runtime: 11.78s  EpochLoss: 0.3339124965  RandomIterLoss: 0.3077592254  lr: 7.359e-03  
2024-11-06 21:21:06 - INFO - Epoch:  272/500  Runtime: 11.59s  EpochLoss: 0.3345628807  RandomIterLoss: 0.3100932539  lr: 7.301e-03  
2024-11-06 21:21:18 - INFO - Epoch:  273/500  Runtime: 11.38s  EpochLoss: 0.3331479139  RandomIterLoss: 0.3613527119  lr: 7.267e-03  
2024-11-06 21:21:29 - INFO - Epoch:  274/500  Runtime: 11.68s  EpochLoss: 0.3310725201  RandomIterLoss: 0.2260302007  lr: 7.236e-03  
2024-11-06 21:21:41 - INFO - Epoch:  275/500  Runtime: 11.79s  EpochLoss: 0.3315038962  RandomIterLoss: 0.3106628060  lr: 7.200e-03  
2024-11-06 21:21:53 - INFO - Epoch:  276/500  Runtime: 11.78s  EpochLoss: 0.3429366211  
2024-11-06 21:22:05 - INFO - Epoch:  277/500  Runtime: 11.78s  EpochLoss: 0.3431801959  RandomIterLoss: 0.3127613366  lr: 7.092e-03  
2024-11-06 21:22:16 - INFO - Epoch:  278/500  Runtime: 11.68s  EpochLoss: 0.3348804255  RandomIterLoss: 0.3319327831  lr: 7.063e-03  
2024-11-06 21:22:28 - INFO - Epoch:  279/500  Runtime: 11.70s  EpochLoss: 0.3399920941  RandomIterLoss: 0.3621018827  lr: 7.017e-03  
2024-11-06 21:22:40 - INFO - Epoch:  280/500  Runtime: 11.86s  EpochLoss: 0.3399774740  RandomIterLoss: 0.2421749234  lr: 6.974e-03  
2024-11-06 21:22:52 - INFO - Epoch:  281/500  Runtime: 11.71s  EpochLoss: 0.3399778493  RandomIterLoss: 0.3210307062  lr: 6.935e-03  
2024-11-06 21:23:03 - INFO - Epoch:  282/500  Runtime: 11.63s  EpochLoss: 0.3354630765  RandomIterLoss: 0.3053276241  lr: 6.922e-03  
2024-11-06 21:23:15 - INFO - Epoch:  283/500  Runtime: 11.73s  EpochLoss: 0.3374944221  RandomIterLoss: 0.2636550963  lr: 6.843e-03  
2024-11-06 21:23:27 - INFO - Epoch:  284/500  Runtime: 11.90s  EpochLoss: 0.3354427306  RandomIterLoss: 0.3154781461  lr: 6.824e-03  
2024-11-06 21:23:38 - INFO - Epoch:  285/500  Runtime: 11.56s  EpochLoss: 0.3383345577  RandomIterLoss: 0.3086252213  lr: 6.793e-03  
2024-11-06 21:23:50 - INFO - Epoch:  286/500  Runtime: 11.82s  EpochLoss: 0.3265564821  RandomIterLoss: 0.3121595085  lr: 6.740e-03  
2024-11-06 21:24:02 - INFO - Epoch:  287/500  Runtime: 11.75s  EpochLoss: 0.3309544399  RandomIterLoss: 0.2840406001  lr: 6.695e-03  
2024-11-06 21:24:14 - INFO - Epoch:  288/500  Runtime: 11.75s  EpochLoss: 0.3245995072  RandomIterLoss: 0.2923632562  lr: 6.652e-03  
2024-11-06 21:24:25 - INFO - Epoch:  289/500  Runtime: 11.63s  EpochLoss: 0.3312824121  RandomIterLoss: 0.2623260915  lr: 6.618e-03  
2024-11-06 21:24:37 - INFO - Epoch:  290/500  Runtime: 11.78s  EpochLoss: 0.3293196484  RandomIterLoss: 0.4101136029  lr: 6.559e-03  
2024-11-06 21:24:49 - INFO - Epoch:  291/500  Runtime: 11.77s  EpochLoss: 0.3304372592  RandomIterLoss: 0.3540498912  lr: 6.531e-03  
2024-11-06 21:25:01 - INFO - Epoch:  292/500  Runtime: 11.73s  EpochLoss: 0.3187552213  RandomIterLoss: 0.3078984320  lr: 6.472e-03  
2024-11-06 21:25:13 - INFO - Epoch:  293/500  Runtime: 11.97s  EpochLoss: 0.3232490603  RandomIterLoss: 0.4145898223  lr: 6.443e-03  
2024-11-06 21:25:24 - INFO - Epoch:  294/500  Runtime: 11.54s  EpochLoss: 0.3294846314  RandomIterLoss: 0.2736886144  lr: 6.390e-03  
2024-11-06 21:25:36 - INFO - Epoch:  295/500  Runtime: 11.72s  EpochLoss: 0.3228439127  RandomIterLoss: 0.3007043898  lr: 6.357e-03  
2024-11-06 21:25:47 - INFO - Epoch:  296/500  Runtime: 11.59s  EpochLoss: 0.3185227615  RandomIterLoss: 0.2528390884  lr: 6.309e-03  
2024-11-06 21:25:59 - INFO - Epoch:  297/500  Runtime: 11.97s  EpochLoss: 0.3270532157  RandomIterLoss: 0.4375112355  lr: 6.245e-03  
2024-11-06 21:26:11 - INFO - Epoch:  298/500  Runtime: 11.87s  EpochLoss: 0.3262308565  RandomIterLoss: 0.3414640427  lr: 6.225e-03  
2024-11-06 21:26:23 - INFO - Epoch:  299/500  Runtime: 11.69s  EpochLoss: 0.3220031658  RandomIterLoss: 0.4233109653  lr: 6.187e-03  
2024-11-06 21:26:35 - INFO - Epoch:  300/500  Runtime: 11.99s  EpochLoss: 0.3213022192  RandomIterLoss: 0.2545541525  lr: 6.151e-03  
2024-11-06 21:26:36 - INFO - Eval Epoch: 300
2024-11-06 21:26:36 - INFO - Overall Accuracy: 85.45 || Mean Overall Accuracy: 74.26
2024-11-06 21:26:36 - INFO - Mean IoU: 0.653 || Per-class IoU score:  Ground=0.809  Building=0.899  Trees=0.783  Low vegetation=0.615  Artifacts=0.160  
2024-11-06 21:26:36 - INFO - Macro F1: 0.752 || Per-class  F1 score:  Ground=0.894  Building=0.947  Trees=0.878  Low vegetation=0.762  Artifacts=0.276  

2024-11-06 21:26:48 - INFO - Epoch:  301/500  Runtime: 11.83s  EpochLoss: 0.3207376897  RandomIterLoss: 0.3638951182  lr: 6.101e-03  
2024-11-06 21:27:00 - INFO - Epoch:  302/500  Runtime: 11.82s  EpochLoss: 0.3311711204  RandomIterLoss: 0.2488419116  lr: 6.056e-03  
2024-11-06 21:27:11 - INFO - Epoch:  303/500  Runtime: 11.74s  EpochLoss: 0.3260916902  RandomIterLoss: 0.3809836209  lr: 6.022e-03  
2024-11-06 21:27:23 - INFO - Epoch:  304/500  Runtime: 11.73s  EpochLoss: 0.3228370066  RandomIterLoss: 0.3431634903  lr: 5.944e-03  
2024-11-06 21:27:35 - INFO - Epoch:  305/500  Runtime: 11.90s  EpochLoss: 0.3212098357  RandomIterLoss: 0.2687907517  lr: 5.926e-03  
2024-11-06 21:27:47 - INFO - Epoch:  306/500  Runtime: 11.81s  EpochLoss: 0.3171220703  RandomIterLoss: 0.3112225235  lr: 5.860e-03  
2024-11-06 21:27:58 - INFO - Epoch:  307/500  Runtime: 11.67s  EpochLoss: 0.3070565865  RandomIterLoss: 0.3408395648  lr: 5.821e-03  
2024-11-06 21:28:10 - INFO - Epoch:  308/500  Runtime: 11.86s  EpochLoss: 0.3148145039  RandomIterLoss: 0.3092418909  lr: 5.773e-03  
2024-11-06 21:28:23 - INFO - Epoch:  309/500  Runtime: 12.21s  EpochLoss: 0.3091844957  RandomIterLoss: 0.2374368012  lr: 5.727e-03  
2024-11-06 21:28:34 - INFO - Epoch:  310/500  Runtime: 11.93s  EpochLoss: 0.3167348348  RandomIterLoss: 0.2976171970  lr: 5.703e-03  
2024-11-06 21:28:46 - INFO - Epoch:  311/500  Runtime: 11.62s  EpochLoss: 0.3240012919  RandomIterLoss: 0.3651522696  lr: 5.663e-03  
2024-11-06 21:28:58 - INFO - Epoch:  312/500  Runtime: 11.76s  EpochLoss: 0.3156553151  RandomIterLoss: 0.2856368124  lr: 5.595e-03  
2024-11-06 21:29:09 - INFO - Epoch:  313/500  Runtime: 11.62s  EpochLoss: 0.3157359429  RandomIterLoss: 0.3175827265  lr: 5.565e-03  
2024-11-06 21:29:21 - INFO - Epoch:  314/500  Runtime: 11.61s  EpochLoss: 0.3127632172  RandomIterLoss: 0.2639315724  lr: 5.534e-03  
2024-11-06 21:29:33 - INFO - Epoch:  315/500  Runtime: 11.80s  EpochLoss: 0.3171147687  RandomIterLoss: 0.4337162077  lr: 5.491e-03  
2024-11-06 21:29:45 - INFO - Epoch:  316/500  Runtime: 11.82s  EpochLoss: 0.3168294880  RandomIterLoss: 0.3475579917  lr: 5.413e-03  
2024-11-06 21:29:57 - INFO - Epoch:  317/500  Runtime: 11.87s  EpochLoss: 0.3152025633  RandomIterLoss: 0.3029710948  lr: 5.368e-03  
2024-11-06 21:30:08 - INFO - Epoch:  318/500  Runtime: 11.72s  EpochLoss: 0.3111932220  RandomIterLoss: 0.3445576429  lr: 5.352e-03  
2024-11-06 21:30:20 - INFO - Epoch:  319/500  Runtime: 11.82s  EpochLoss: 0.3106531338  RandomIterLoss: 0.3050757349  lr: 5.284e-03  
2024-11-06 21:30:32 - INFO - Epoch:  320/500  Runtime: 12.08s  EpochLoss: 0.3060801497  RandomIterLoss: 0.3030980825  lr: 5.254e-03  
2024-11-06 21:30:44 - INFO - Epoch:  321/500  Runtime: 11.83s  EpochLoss: 0.3110376498  RandomIterLoss: 0.3738695085  lr: 5.185e-03  
2024-11-06 21:30:55 - INFO - Epoch:  322/500  Runtime: 11.46s  EpochLoss: 0.3099237545  RandomIterLoss: 0.3333618939  lr: 5.167e-03  
2024-11-06 21:31:07 - INFO - Epoch:  323/500  Runtime: 11.64s  EpochLoss: 0.3099076369  RandomIterLoss: 0.3654508293  lr: 5.118e-03  
2024-11-06 21:31:19 - INFO - Epoch:  324/500  Runtime: 11.62s  EpochLoss: 0.3126452223  RandomIterLoss: 0.2631143332  lr: 5.078e-03  
2024-11-06 21:31:31 - INFO - Epoch:  325/500  Runtime: 11.80s  EpochLoss: 0.3097788180  RandomIterLoss: 0.2807831466  lr: 5.036e-03  
2024-11-06 21:31:42 - INFO - Epoch:  326/500  Runtime: 11.71s  EpochLoss: 0.3055390851  RandomIterLoss: 0.3258730471  lr: 4.958e-03  
2024-11-06 21:31:54 - INFO - Epoch:  327/500  Runtime: 11.83s  EpochLoss: 0.3068212613  RandomIterLoss: 0.3721260726  lr: 4.913e-03  
2024-11-06 21:32:06 - INFO - Epoch:  328/500  Runtime: 11.80s  EpochLoss: 0.3112188635  RandomIterLoss: 0.3143722713  lr: 4.908e-03  
2024-11-06 21:32:18 - INFO - Epoch:  329/500  Runtime: 11.88s  EpochLoss: 0.3132348802  RandomIterLoss: 0.2568092942  lr: 4.822e-03  
2024-11-06 21:32:29 - INFO - Epoch:  330/500  Runtime: 11.72s  EpochLoss: 0.3135181032  RandomIterLoss: 0.2820596099  lr: 4.814e-03  
2024-11-06 21:32:30 - INFO - Eval Epoch: 330
2024-11-06 21:32:30 - INFO - Overall Accuracy: 82.90 || Mean Overall Accuracy: 70.40
2024-11-06 21:32:30 - INFO - Mean IoU: 0.614 || Per-class IoU score:  Ground=0.776  Building=0.885  Trees=0.795  Low vegetation=0.526  Artifacts=0.087  
2024-11-06 21:32:30 - INFO - Macro F1: 0.710 || Per-class  F1 score:  Ground=0.874  Building=0.939  Trees=0.886  Low vegetation=0.689  Artifacts=0.160  

2024-11-06 21:32:42 - INFO - Epoch:  331/500  Runtime: 11.63s  EpochLoss: 0.3100115545  RandomIterLoss: 0.3686266243  lr: 4.772e-03  
2024-11-06 21:32:54 - INFO - Epoch:  332/500  Runtime: 11.73s  EpochLoss: 0.3062647280  RandomIterLoss: 0.4493978918  lr: 4.715e-03  
2024-11-06 21:33:05 - INFO - Epoch:  333/500  Runtime: 11.64s  EpochLoss: 0.3041889217  RandomIterLoss: 0.2963069081  lr: 4.679e-03  
2024-11-06 21:33:17 - INFO - Epoch:  334/500  Runtime: 11.45s  EpochLoss: 0.3065414242  RandomIterLoss: 0.2753917575  lr: 4.611e-03  
2024-11-06 21:33:29 - INFO - Epoch:  335/500  Runtime: 11.82s  EpochLoss: 0.2973028120  RandomIterLoss: 0.3217231929  lr: 4.593e-03  
2024-11-06 21:33:40 - INFO - Epoch:  336/500  Runtime: 11.77s  EpochLoss: 0.3044520464  RandomIterLoss: 0.2728353143  lr: 4.524e-03  
2024-11-06 21:33:52 - INFO - Epoch:  337/500  Runtime: 11.61s  EpochLoss: 0.3056353205  RandomIterLoss: 0.2586890459  lr: 4.477e-03  
2024-11-06 21:34:04 - INFO - Epoch:  338/500  Runtime: 11.42s  EpochLoss: 0.3046194461  RandomIterLoss: 0.3373270929  lr: 4.456e-03  
2024-11-06 21:34:15 - INFO - Epoch:  339/500  Runtime: 11.89s  EpochLoss: 0.2963787090  RandomIterLoss: 0.3255142570  lr: 4.390e-03  
2024-11-06 21:34:28 - INFO - Epoch:  340/500  Runtime: 12.32s  EpochLoss: 0.3041718054  RandomIterLoss: 0.2977477908  lr: 4.356e-03  
2024-11-06 21:34:40 - INFO - Epoch:  341/500  Runtime: 12.20s  EpochLoss: 0.3073399788  RandomIterLoss: 0.4350825548  lr: 4.317e-03  
2024-11-06 21:34:52 - INFO - Epoch:  342/500  Runtime: 12.14s  EpochLoss: 0.2960740023  RandomIterLoss: 0.3356370628  lr: 4.273e-03  
2024-11-06 21:35:04 - INFO - Epoch:  343/500  Runtime: 11.90s  EpochLoss: 0.2956452197  RandomIterLoss: 0.3498221934  lr: 4.198e-03  
2024-11-06 21:35:16 - INFO - Epoch:  344/500  Runtime: 11.73s  EpochLoss: 0.3018200909  RandomIterLoss: 0.2285225391  lr: 4.177e-03  
2024-11-06 21:35:27 - INFO - Epoch:  345/500  Runtime: 11.69s  EpochLoss: 0.3010321730  RandomIterLoss: 0.3059068322  lr: 4.119e-03  
2024-11-06 21:35:39 - INFO - Epoch:  346/500  Runtime: 11.48s  EpochLoss: 0.3017180921  RandomIterLoss: 0.2770420909  lr: 4.073e-03  
2024-11-06 21:35:51 - INFO - Epoch:  347/500  Runtime: 11.67s  EpochLoss: 0.3047063026  RandomIterLoss: 0.3744214773  lr: 4.020e-03  
2024-11-06 21:36:02 - INFO - Epoch:  348/500  Runtime: 11.65s  EpochLoss: 0.3008656055  RandomIterLoss: 0.2728052437  lr: 3.984e-03  
2024-11-06 21:36:14 - INFO - Epoch:  349/500  Runtime: 11.44s  EpochLoss: 0.2938479534  RandomIterLoss: 0.3741783798  lr: 3.937e-03  
2024-11-06 21:36:25 - INFO - Epoch:  350/500  Runtime: 11.79s  EpochLoss: 0.2888793512  RandomIterLoss: 0.3058063984  lr: 3.890e-03  
2024-11-06 21:36:37 - INFO - Epoch:  351/500  Runtime: 11.86s  EpochLoss: 0.2997903929  RandomIterLoss: 0.2701948881  lr: 3.845e-03  
2024-11-06 21:36:49 - INFO - Epoch:  352/500  Runtime: 11.75s  EpochLoss: 0.2957079472  RandomIterLoss: 0.3375253081  lr: 3.811e-03  
2024-11-06 21:37:01 - INFO - Epoch:  353/500  Runtime: 11.69s  EpochLoss: 0.3028207211  RandomIterLoss: 0.3400657475  lr: 3.787e-03  
2024-11-06 21:37:12 - INFO - Epoch:  354/500  Runtime: 11.75s  EpochLoss: 0.2899592756  RandomIterLoss: 0.2626173198  lr: 3.720e-03  
2024-11-06 21:37:24 - INFO - Epoch:  355/500  Runtime: 11.49s  EpochLoss: 0.2955964045  RandomIterLoss: 0.2754755914  lr: 3.687e-03  
2024-11-06 21:37:36 - INFO - Epoch:  356/500  Runtime: 11.95s  EpochLoss: 0.2920279269  RandomIterLoss: 0.2384501398  lr: 3.638e-03  
2024-11-06 21:37:48 - INFO - Epoch:  357/500  Runtime: 12.13s  EpochLoss: 0.2962958433  RandomIterLoss: 0.2860931754  lr: 3.605e-03  
2024-11-06 21:38:00 - INFO - Epoch:  358/500  Runtime: 12.23s  EpochLoss: 0.2928960059  
2024-11-06 21:38:12 - INFO - Epoch:  359/500  Runtime: 11.64s  EpochLoss: 0.2979902557  RandomIterLoss: 0.2815541327  lr: 3.520e-03  
2024-11-06 21:38:24 - INFO - Epoch:  360/500  Runtime: 11.63s  EpochLoss: 0.2898113474  RandomIterLoss: 0.2195374221  lr: 3.460e-03  
2024-11-06 21:38:25 - INFO - Eval Epoch: 360
2024-11-06 21:38:25 - INFO - Overall Accuracy: 84.15 || Mean Overall Accuracy: 71.69
2024-11-06 21:38:25 - INFO - Mean IoU: 0.632 || Per-class IoU score:  Ground=0.800  Building=0.886  Trees=0.782  Low vegetation=0.542  Artifacts=0.152  
2024-11-06 21:38:25 - INFO - Macro F1: 0.735 || Per-class  F1 score:  Ground=0.889  Building=0.940  Trees=0.878  Low vegetation=0.703  Artifacts=0.264  

2024-11-06 21:38:36 - INFO - Epoch:  361/500  Runtime: 11.85s  EpochLoss: 0.2936231125  RandomIterLoss: 0.3100199997  lr: 3.429e-03  
2024-11-06 21:38:48 - INFO - Epoch:  362/500  Runtime: 11.83s  EpochLoss: 0.2921964096  RandomIterLoss: 0.3350402713  lr: 3.393e-03  
2024-11-06 21:39:00 - INFO - Epoch:  363/500  Runtime: 11.44s  EpochLoss: 0.2897978483  RandomIterLoss: 0.3374266326  lr: 3.351e-03  
2024-11-06 21:39:11 - INFO - Epoch:  364/500  Runtime: 11.52s  EpochLoss: 0.2953441295  RandomIterLoss: 0.3487346768  lr: 3.284e-03  
2024-11-06 21:39:23 - INFO - Epoch:  365/500  Runtime: 11.75s  EpochLoss: 0.2904461290  RandomIterLoss: 0.2988774478  lr: 3.254e-03  
2024-11-06 21:39:35 - INFO - Epoch:  366/500  Runtime: 11.70s  EpochLoss: 0.2835553146  RandomIterLoss: 0.1951553971  lr: 3.228e-03  
2024-11-06 21:39:46 - INFO - Epoch:  367/500  Runtime: 11.79s  EpochLoss: 0.2869433151  RandomIterLoss: 0.2981698513  lr: 3.171e-03  
2024-11-06 21:39:58 - INFO - Epoch:  368/500  Runtime: 11.76s  EpochLoss: 0.2966685952  RandomIterLoss: 0.3438485265  lr: 3.131e-03  
2024-11-06 21:40:10 - INFO - Epoch:  369/500  Runtime: 11.69s  EpochLoss: 0.2940555855  RandomIterLoss: 0.3709971905  lr: 3.094e-03  
2024-11-06 21:40:22 - INFO - Epoch:  370/500  Runtime: 11.76s  EpochLoss: 0.2910544076  RandomIterLoss: 0.2602436841  lr: 3.045e-03  
2024-11-06 21:40:34 - INFO - Epoch:  371/500  Runtime: 11.97s  EpochLoss: 0.2864949127  RandomIterLoss: 0.2848526537  lr: 3.026e-03  
2024-11-06 21:40:45 - INFO - Epoch:  372/500  Runtime: 11.69s  EpochLoss: 0.2851479172  RandomIterLoss: 0.2548016608  lr: 2.978e-03  
2024-11-06 21:40:57 - INFO - Epoch:  373/500  Runtime: 11.95s  EpochLoss: 0.2880040323  RandomIterLoss: 0.2425769866  lr: 2.928e-03  
2024-11-06 21:41:09 - INFO - Epoch:  374/500  Runtime: 11.84s  EpochLoss: 0.2940583954  RandomIterLoss: 0.2476011813  lr: 2.879e-03  
2024-11-06 21:41:21 - INFO - Epoch:  375/500  Runtime: 11.81s  EpochLoss: 0.2879564603  RandomIterLoss: 0.3223821223  lr: 2.837e-03  
2024-11-06 21:41:33 - INFO - Epoch:  376/500  Runtime: 11.63s  EpochLoss: 0.2849311439  RandomIterLoss: 0.2326485515  lr: 2.823e-03  
2024-11-06 21:41:45 - INFO - Epoch:  377/500  Runtime: 11.97s  EpochLoss: 0.2867383300  RandomIterLoss: 0.2998133302  lr: 2.776e-03  
2024-11-06 21:41:57 - INFO - Epoch:  378/500  Runtime: 12.04s  EpochLoss: 0.2851856815  RandomIterLoss: 0.3040342331  lr: 2.745e-03  
2024-11-06 21:42:09 - INFO - Epoch:  379/500  Runtime: 12.09s  EpochLoss: 0.2862146961  RandomIterLoss: 0.2616429627  lr: 2.687e-03  
2024-11-06 21:42:20 - INFO - Epoch:  380/500  Runtime: 11.79s  EpochLoss: 0.2828675732  RandomIterLoss: 0.3118884563  lr: 2.643e-03  
2024-11-06 21:42:33 - INFO - Epoch:  381/500  Runtime: 12.08s  EpochLoss: 0.2851223346  RandomIterLoss: 0.2286545038  lr: 2.601e-03  
2024-11-06 21:42:45 - INFO - Epoch:  382/500  Runtime: 12.17s  EpochLoss: 0.2842870168  RandomIterLoss: 0.3228178918  lr: 2.551e-03  
2024-11-06 21:42:57 - INFO - Epoch:  383/500  Runtime: 12.67s  EpochLoss: 0.2880092470  RandomIterLoss: 0.2566280365  lr: 2.540e-03  
2024-11-06 21:43:09 - INFO - Epoch:  384/500  Runtime: 11.72s  EpochLoss: 0.2876570475  RandomIterLoss: 0.2971082032  lr: 2.502e-03  
2024-11-06 21:43:21 - INFO - Epoch:  385/500  Runtime: 12.10s  EpochLoss: 0.2837866257  RandomIterLoss: 0.2283636630  lr: 2.436e-03  
2024-11-06 21:43:33 - INFO - Epoch:  386/500  Runtime: 11.84s  EpochLoss: 0.2786089978  RandomIterLoss: 0.2918454409  lr: 2.419e-03  
2024-11-06 21:43:45 - INFO - Epoch:  387/500  Runtime: 11.80s  EpochLoss: 0.2822673920  RandomIterLoss: 0.3597657979  lr: 2.359e-03  
2024-11-06 21:43:56 - INFO - Epoch:  388/500  Runtime: 11.58s  EpochLoss: 0.2853793177  
2024-11-06 21:44:08 - INFO - Epoch:  389/500  Runtime: 11.89s  EpochLoss: 0.2795621712  RandomIterLoss: 0.2923391461  lr: 2.302e-03  
2024-11-06 21:44:20 - INFO - Epoch:  390/500  Runtime: 11.53s  EpochLoss: 0.2816935131  RandomIterLoss: 0.2743235528  lr: 2.256e-03  
2024-11-06 21:44:21 - INFO - Eval Epoch: 390
2024-11-06 21:44:21 - INFO - Overall Accuracy: 85.26 || Mean Overall Accuracy: 71.42
2024-11-06 21:44:21 - INFO - Mean IoU: 0.635 || Per-class IoU score:  Ground=0.816  Building=0.875  Trees=0.789  Low vegetation=0.599  Artifacts=0.096  
2024-11-06 21:44:21 - INFO - Macro F1: 0.728 || Per-class  F1 score:  Ground=0.898  Building=0.933  Trees=0.882  Low vegetation=0.749  Artifacts=0.176  

2024-11-06 21:44:32 - INFO - Epoch:  391/500  Runtime: 11.68s  EpochLoss: 0.2810236737  RandomIterLoss: 0.2593160868  lr: 2.228e-03  
2024-11-06 21:44:44 - INFO - Epoch:  392/500  Runtime: 11.51s  EpochLoss: 0.2839978835  RandomIterLoss: 0.2768265605  lr: 2.183e-03  
2024-11-06 21:44:56 - INFO - Epoch:  393/500  Runtime: 11.91s  EpochLoss: 0.2807214345  RandomIterLoss: 0.2307382673  lr: 2.157e-03  
2024-11-06 21:45:08 - INFO - Epoch:  394/500  Runtime: 11.97s  EpochLoss: 0.2757324417  RandomIterLoss: 0.2795279622  lr: 2.122e-03  
2024-11-06 21:45:20 - INFO - Epoch:  395/500  Runtime: 11.82s  EpochLoss: 0.2846776393  RandomIterLoss: 0.3110153377  lr: 2.065e-03  
2024-11-06 21:45:31 - INFO - Epoch:  396/500  Runtime: 11.68s  EpochLoss: 0.2798175788  RandomIterLoss: 0.2401647419  lr: 2.026e-03  
2024-11-06 21:45:43 - INFO - Epoch:  397/500  Runtime: 11.67s  EpochLoss: 0.2829766189  RandomIterLoss: 0.2405901253  lr: 2.001e-03  
2024-11-06 21:45:55 - INFO - Epoch:  398/500  Runtime: 11.61s  EpochLoss: 0.2768001739  RandomIterLoss: 0.2332729250  lr: 1.975e-03  
2024-11-06 21:46:06 - INFO - Epoch:  399/500  Runtime: 11.67s  EpochLoss: 0.2834164747  RandomIterLoss: 0.3545951545  lr: 1.927e-03  
2024-11-06 21:46:18 - INFO - Epoch:  400/500  Runtime: 11.74s  EpochLoss: 0.2799642221  RandomIterLoss: 0.2636355460  lr: 1.915e-03  
2024-11-06 21:46:30 - INFO - Epoch:  401/500  Runtime: 11.89s  EpochLoss: 0.2772928785  RandomIterLoss: 0.2800983191  lr: 1.863e-03  
2024-11-06 21:46:42 - INFO - Epoch:  402/500  Runtime: 11.89s  EpochLoss: 0.2742458741  RandomIterLoss: 0.2612419128  lr: 1.832e-03  
2024-11-06 21:46:54 - INFO - Epoch:  403/500  Runtime: 11.72s  EpochLoss: 0.2831737064  RandomIterLoss: 0.2678326070  lr: 1.810e-03  
2024-11-06 21:47:05 - INFO - Epoch:  404/500  Runtime: 11.86s  EpochLoss: 0.2790450173  RandomIterLoss: 0.2940340936  lr: 1.746e-03  
2024-11-06 21:47:17 - INFO - Epoch:  405/500  Runtime: 11.92s  EpochLoss: 0.2796316435  RandomIterLoss: 0.2731992006  lr: 1.737e-03  
2024-11-06 21:47:29 - INFO - Epoch:  406/500  Runtime: 11.76s  EpochLoss: 0.2774301442  RandomIterLoss: 0.2972739339  lr: 1.702e-03  
2024-11-06 21:47:41 - INFO - Epoch:  407/500  Runtime: 11.65s  EpochLoss: 0.2768936279  RandomIterLoss: 0.3191023469  lr: 1.662e-03  
2024-11-06 21:47:52 - INFO - Epoch:  408/500  Runtime: 11.61s  EpochLoss: 0.2775214992  RandomIterLoss: 0.2990027368  lr: 1.640e-03  
2024-11-06 21:48:04 - INFO - Epoch:  409/500  Runtime: 11.94s  EpochLoss: 0.2781361660  RandomIterLoss: 0.2627155483  lr: 1.603e-03  
2024-11-06 21:48:16 - INFO - Epoch:  410/500  Runtime: 11.82s  EpochLoss: 0.2761400782  RandomIterLoss: 0.3143530786  lr: 1.565e-03  
2024-11-06 21:48:27 - INFO - Epoch:  411/500  Runtime: 11.32s  EpochLoss: 0.2678769495  RandomIterLoss: 0.2555441260  lr: 1.530e-03  
2024-11-06 21:48:39 - INFO - Epoch:  412/500  Runtime: 11.81s  EpochLoss: 0.2741816620  RandomIterLoss: 0.2805653512  lr: 1.507e-03  
2024-11-06 21:48:51 - INFO - Epoch:  413/500  Runtime: 12.04s  EpochLoss: 0.2748072557  RandomIterLoss: 0.2371953577  lr: 1.467e-03  
2024-11-06 21:49:03 - INFO - Epoch:  414/500  Runtime: 11.84s  EpochLoss: 0.2756192535  RandomIterLoss: 0.4944628179  lr: 1.432e-03  
2024-11-06 21:49:15 - INFO - Epoch:  415/500  Runtime: 12.07s  EpochLoss: 0.2703823359  RandomIterLoss: 0.2542754114  lr: 1.414e-03  
2024-11-06 21:49:27 - INFO - Epoch:  416/500  Runtime: 11.59s  EpochLoss: 0.2761063064  RandomIterLoss: 0.2805864811  lr: 1.356e-03  
2024-11-06 21:49:39 - INFO - Epoch:  417/500  Runtime: 11.99s  EpochLoss: 0.2814738490  RandomIterLoss: 0.2588419914  lr: 1.330e-03  
2024-11-06 21:49:50 - INFO - Epoch:  418/500  Runtime: 11.64s  EpochLoss: 0.2746047022  RandomIterLoss: 0.4014818966  lr: 1.303e-03  
2024-11-06 21:50:02 - INFO - Epoch:  419/500  Runtime: 11.97s  EpochLoss: 0.2689383233  RandomIterLoss: 0.2907671630  lr: 1.266e-03  
2024-11-06 21:50:14 - INFO - Epoch:  420/500  Runtime: 12.12s  EpochLoss: 0.2690661475  RandomIterLoss: 0.2092229724  lr: 1.246e-03  
2024-11-06 21:50:16 - INFO - Eval Epoch: 420
2024-11-06 21:50:16 - INFO - Overall Accuracy: 84.79 || Mean Overall Accuracy: 71.74
2024-11-06 21:50:16 - INFO - Mean IoU: 0.636 || Per-class IoU score:  Ground=0.809  Building=0.896  Trees=0.773  Low vegetation=0.558  Artifacts=0.145  
2024-11-06 21:50:16 - INFO - Macro F1: 0.736 || Per-class  F1 score:  Ground=0.894  Building=0.945  Trees=0.872  Low vegetation=0.716  Artifacts=0.253  

2024-11-06 21:50:28 - INFO - Epoch:  421/500  Runtime: 12.05s  EpochLoss: 0.2717676048  RandomIterLoss: 0.2753266692  lr: 1.219e-03  
2024-11-06 21:50:40 - INFO - Epoch:  422/500  Runtime: 12.09s  EpochLoss: 0.2743303295  RandomIterLoss: 0.2727984190  lr: 1.199e-03  
2024-11-06 21:50:52 - INFO - Epoch:  423/500  Runtime: 12.12s  EpochLoss: 0.2807287401  RandomIterLoss: 0.2329185158  lr: 1.171e-03  
2024-11-06 21:51:04 - INFO - Epoch:  424/500  Runtime: 11.95s  EpochLoss: 0.2745214145  RandomIterLoss: 0.2207637429  lr: 1.146e-03  
2024-11-06 21:51:16 - INFO - Epoch:  425/500  Runtime: 12.07s  EpochLoss: 0.2657364878  RandomIterLoss: 0.2404556274  lr: 1.106e-03  
2024-11-06 21:51:28 - INFO - Epoch:  426/500  Runtime: 11.82s  EpochLoss: 0.2734732232  RandomIterLoss: 0.2568264008  lr: 1.088e-03  
2024-11-06 21:51:39 - INFO - Epoch:  427/500  Runtime: 11.66s  EpochLoss: 0.2758929987  RandomIterLoss: 0.3707933724  lr: 1.055e-03  
2024-11-06 21:51:51 - INFO - Epoch:  428/500  Runtime: 11.85s  EpochLoss: 0.2737201598  RandomIterLoss: 0.2563076019  lr: 1.029e-03  
2024-11-06 21:52:03 - INFO - Epoch:  429/500  Runtime: 11.84s  EpochLoss: 0.2736234360  RandomIterLoss: 0.2558677197  lr: 9.851e-04  
2024-11-06 21:52:14 - INFO - Epoch:  430/500  Runtime: 11.52s  EpochLoss: 0.2675949024  RandomIterLoss: 0.2510067821  lr: 9.694e-04  
2024-11-06 21:52:26 - INFO - Epoch:  431/500  Runtime: 11.92s  EpochLoss: 0.2701417641  RandomIterLoss: 0.2388133556  lr: 9.370e-04  
2024-11-06 21:52:38 - INFO - Epoch:  432/500  Runtime: 12.06s  EpochLoss: 0.2721357681  RandomIterLoss: 0.2966257036  lr: 9.146e-04  
2024-11-06 21:52:50 - INFO - Epoch:  433/500  Runtime: 11.75s  EpochLoss: 0.2656817480  RandomIterLoss: 0.2797541916  lr: 8.900e-04  
2024-11-06 21:53:02 - INFO - Epoch:  434/500  Runtime: 12.07s  EpochLoss: 0.2730382610  RandomIterLoss: 0.2396403700  lr: 8.756e-04  
2024-11-06 21:53:14 - INFO - Epoch:  435/500  Runtime: 12.05s  EpochLoss: 0.2654425634  RandomIterLoss: 0.2529209852  lr: 8.266e-04  
2024-11-06 21:53:26 - INFO - Epoch:  436/500  Runtime: 11.90s  EpochLoss: 0.2691875821  RandomIterLoss: 0.2488089204  lr: 8.210e-04  
2024-11-06 21:53:38 - INFO - Epoch:  437/500  Runtime: 11.82s  EpochLoss: 0.2693727741  RandomIterLoss: 0.2394084334  lr: 7.839e-04  
2024-11-06 21:53:50 - INFO - Epoch:  438/500  Runtime: 11.78s  EpochLoss: 0.2674664249  RandomIterLoss: 0.2570116520  lr: 7.605e-04  
2024-11-06 21:54:01 - INFO - Epoch:  439/500  Runtime: 11.61s  EpochLoss: 0.2734629112  RandomIterLoss: 0.2317881286  lr: 7.502e-04  
2024-11-06 21:54:13 - INFO - Epoch:  440/500  Runtime: 11.91s  EpochLoss: 0.2669791088  RandomIterLoss: 0.2488519400  lr: 7.183e-04  
2024-11-06 21:54:25 - INFO - Epoch:  441/500  Runtime: 11.98s  EpochLoss: 0.2635853792  RandomIterLoss: 0.2737349570  lr: 7.036e-04  
2024-11-06 21:54:37 - INFO - Epoch:  442/500  Runtime: 12.00s  EpochLoss: 0.2675678324  RandomIterLoss: 0.2850125730  lr: 6.808e-04  
2024-11-06 21:54:49 - INFO - Epoch:  443/500  Runtime: 11.69s  EpochLoss: 0.2661711865  RandomIterLoss: 0.2460758388  lr: 6.463e-04  
2024-11-06 21:55:01 - INFO - Epoch:  444/500  Runtime: 11.82s  EpochLoss: 0.2710325979  RandomIterLoss: 0.2240906656  lr: 6.180e-04  
2024-11-06 21:55:13 - INFO - Epoch:  445/500  Runtime: 11.90s  EpochLoss: 0.2700369985  RandomIterLoss: 0.2701109946  lr: 5.990e-04  
2024-11-06 21:55:25 - INFO - Epoch:  446/500  Runtime: 11.94s  EpochLoss: 0.2667450065  RandomIterLoss: 0.2960486710  lr: 5.764e-04  
2024-11-06 21:55:37 - INFO - Epoch:  447/500  Runtime: 12.08s  EpochLoss: 0.2647846494  RandomIterLoss: 0.2770985961  lr: 5.651e-04  
2024-11-06 21:55:48 - INFO - Epoch:  448/500  Runtime: 11.62s  EpochLoss: 0.2710383175  RandomIterLoss: 0.2345994711  lr: 5.372e-04  
2024-11-06 21:56:00 - INFO - Epoch:  449/500  Runtime: 11.50s  EpochLoss: 0.2696977329  RandomIterLoss: 0.3146756291  lr: 5.176e-04  
2024-11-06 21:56:12 - INFO - Epoch:  450/500  Runtime: 11.98s  EpochLoss: 0.2682632384  RandomIterLoss: 0.2142302245  lr: 5.045e-04  
2024-11-06 21:56:13 - INFO - Eval Epoch: 450
2024-11-06 21:56:13 - INFO - Overall Accuracy: 85.30 || Mean Overall Accuracy: 72.08
2024-11-06 21:56:13 - INFO - Mean IoU: 0.643 || Per-class IoU score:  Ground=0.812  Building=0.893  Trees=0.782  Low vegetation=0.585  Artifacts=0.141  
2024-11-06 21:56:13 - INFO - Macro F1: 0.740 || Per-class  F1 score:  Ground=0.897  Building=0.944  Trees=0.878  Low vegetation=0.738  Artifacts=0.247  

2024-11-06 21:56:25 - INFO - Epoch:  451/500  Runtime: 12.11s  EpochLoss: 0.2624525035  RandomIterLoss: 0.2413656563  lr: 4.798e-04  
2024-11-06 21:56:37 - INFO - Epoch:  452/500  Runtime: 12.19s  EpochLoss: 0.2695512037  RandomIterLoss: 0.2731925547  lr: 4.655e-04  
2024-11-06 21:56:49 - INFO - Epoch:  453/500  Runtime: 12.13s  EpochLoss: 0.2633237365  RandomIterLoss: 0.3229462206  lr: 4.447e-04  
2024-11-06 21:57:01 - INFO - Epoch:  454/500  Runtime: 12.05s  EpochLoss: 0.2660850226  RandomIterLoss: 0.2638641596  lr: 4.376e-04  
2024-11-06 21:57:13 - INFO - Epoch:  455/500  Runtime: 12.01s  EpochLoss: 0.2615560591  RandomIterLoss: 0.2549703717  lr: 4.048e-04  
2024-11-06 21:57:25 - INFO - Epoch:  456/500  Runtime: 11.99s  EpochLoss: 0.2616693774  RandomIterLoss: 0.2432314008  lr: 3.877e-04  
2024-11-06 21:57:37 - INFO - Epoch:  457/500  Runtime: 12.00s  EpochLoss: 0.2657642547  RandomIterLoss: 0.1998080760  lr: 3.702e-04  
2024-11-06 21:57:49 - INFO - Epoch:  458/500  Runtime: 11.75s  EpochLoss: 0.2657245638  RandomIterLoss: 0.2949715555  lr: 3.519e-04  
2024-11-06 21:58:01 - INFO - Epoch:  459/500  Runtime: 11.65s  EpochLoss: 0.2611417296  RandomIterLoss: 0.2102881223  lr: 3.474e-04  
2024-11-06 21:58:12 - INFO - Epoch:  460/500  Runtime: 11.73s  EpochLoss: 0.2648607973  RandomIterLoss: 0.2540004551  lr: 3.253e-04  
2024-11-06 21:58:24 - INFO - Epoch:  461/500  Runtime: 11.65s  EpochLoss: 0.2682681944  RandomIterLoss: 0.2041230798  lr: 3.142e-04  
2024-11-06 21:58:36 - INFO - Epoch:  462/500  Runtime: 11.70s  EpochLoss: 0.2611012913  RandomIterLoss: 0.3065709770  lr: 2.881e-04  
2024-11-06 21:58:48 - INFO - Epoch:  463/500  Runtime: 12.22s  EpochLoss: 0.2701824802  RandomIterLoss: 0.2387528121  lr: 2.874e-04  
2024-11-06 21:59:00 - INFO - Epoch:  464/500  Runtime: 12.06s  EpochLoss: 0.2689425536  RandomIterLoss: 0.2913297713  lr: 2.630e-04  
2024-11-06 21:59:12 - INFO - Epoch:  465/500  Runtime: 12.36s  EpochLoss: 0.2659658197  RandomIterLoss: 0.2151135206  lr: 2.492e-04  
2024-11-06 21:59:26 - INFO - Epoch:  466/500  Runtime: 13.17s  EpochLoss: 0.2672064836  RandomIterLoss: 0.2500350177  lr: 2.335e-04  
2024-11-06 21:59:38 - INFO - Epoch:  467/500  Runtime: 12.12s  EpochLoss: 0.2626327788  RandomIterLoss: 0.2550252974  lr: 2.274e-04  
2024-11-06 21:59:50 - INFO - Epoch:  468/500  Runtime: 11.96s  EpochLoss: 0.2670432200  RandomIterLoss: 0.2211107463  lr: 2.107e-04  
2024-11-06 22:00:02 - INFO - Epoch:  469/500  Runtime: 12.30s  EpochLoss: 0.2654288899  RandomIterLoss: 0.2874023318  lr: 1.935e-04  
2024-11-06 22:00:14 - INFO - Epoch:  470/500  Runtime: 12.15s  EpochLoss: 0.2606683644  RandomIterLoss: 0.3086648881  lr: 1.800e-04  
2024-11-06 22:00:26 - INFO - Epoch:  471/500  Runtime: 11.92s  EpochLoss: 0.2630936243  RandomIterLoss: 0.3056280613  lr: 1.746e-04  
2024-11-06 22:00:38 - INFO - Epoch:  472/500  Runtime: 12.09s  EpochLoss: 0.2633183297  RandomIterLoss: 0.1904653907  lr: 1.651e-04  
2024-11-06 22:00:50 - INFO - Epoch:  473/500  Runtime: 11.89s  EpochLoss: 0.2683140354  RandomIterLoss: 0.3291371465  lr: 1.543e-04  
2024-11-06 22:01:02 - INFO - Epoch:  474/500  Runtime: 11.83s  EpochLoss: 0.2644227835  RandomIterLoss: 0.2697436213  lr: 1.454e-04  
2024-11-06 22:01:14 - INFO - Epoch:  475/500  Runtime: 11.71s  EpochLoss: 0.2633432170  
2024-11-06 22:01:26 - INFO - Epoch:  476/500  Runtime: 11.93s  EpochLoss: 0.2648427723  RandomIterLoss: 0.2586100996  lr: 1.160e-04  
2024-11-06 22:01:37 - INFO - Epoch:  477/500  Runtime: 11.82s  EpochLoss: 0.2634693868  RandomIterLoss: 0.3433545530  lr: 1.089e-04  
2024-11-06 22:01:49 - INFO - Epoch:  478/500  Runtime: 11.58s  EpochLoss: 0.2599458451  RandomIterLoss: 0.3073222339  lr: 9.781e-05  
2024-11-06 22:02:01 - INFO - Epoch:  479/500  Runtime: 11.91s  EpochLoss: 0.2609839246  RandomIterLoss: 0.2416152954  lr: 9.266e-05  
2024-11-06 22:02:13 - INFO - Epoch:  480/500  Runtime: 11.72s  EpochLoss: 0.2655620094  RandomIterLoss: 0.2100487798  lr: 8.204e-05  
2024-11-06 22:02:14 - INFO - Eval Epoch: 480
2024-11-06 22:02:14 - INFO - Overall Accuracy: 85.54 || Mean Overall Accuracy: 72.46
2024-11-06 22:02:14 - INFO - Mean IoU: 0.645 || Per-class IoU score:  Ground=0.815  Building=0.896  Trees=0.781  Low vegetation=0.593  Artifacts=0.141  
2024-11-06 22:02:14 - INFO - Macro F1: 0.742 || Per-class  F1 score:  Ground=0.898  Building=0.945  Trees=0.877  Low vegetation=0.745  Artifacts=0.247  

2024-11-06 22:02:25 - INFO - Epoch:  481/500  Runtime: 11.58s  EpochLoss: 0.2654056454  RandomIterLoss: 0.2303991169  lr: 7.804e-05  
2024-11-06 22:02:37 - INFO - Epoch:  482/500  Runtime: 11.87s  EpochLoss: 0.2662414251  RandomIterLoss: 0.2667555809  lr: 6.698e-05  
2024-11-06 22:02:48 - INFO - Epoch:  483/500  Runtime: 11.45s  EpochLoss: 0.2645544298  RandomIterLoss: 0.2599853277  lr: 6.483e-05  
2024-11-06 22:03:00 - INFO - Epoch:  484/500  Runtime: 11.54s  EpochLoss: 0.2695950764  RandomIterLoss: 0.2309399992  lr: 5.166e-05  
2024-11-06 22:03:12 - INFO - Epoch:  485/500  Runtime: 11.60s  EpochLoss: 0.2659730772  RandomIterLoss: 0.3625537455  lr: 4.598e-05  
2024-11-06 22:03:23 - INFO - Epoch:  486/500  Runtime: 11.38s  EpochLoss: 0.2614331191  RandomIterLoss: 0.2614088058  lr: 4.488e-05  
2024-11-06 22:03:34 - INFO - Epoch:  487/500  Runtime: 11.47s  EpochLoss: 0.2634988461  RandomIterLoss: 0.2863473594  lr: 3.500e-05  
2024-11-06 22:03:46 - INFO - Epoch:  488/500  Runtime: 11.76s  EpochLoss: 0.2672801661  
2024-11-06 22:03:58 - INFO - Epoch:  489/500  Runtime: 11.83s  EpochLoss: 0.2662184946  RandomIterLoss: 0.2995306253  lr: 2.836e-05  
2024-11-06 22:04:10 - INFO - Epoch:  490/500  Runtime: 11.76s  EpochLoss: 0.2664598609  RandomIterLoss: 0.2714520395  lr: 2.262e-05  
2024-11-06 22:04:21 - INFO - Epoch:  491/500  Runtime: 11.74s  EpochLoss: 0.2605083205  RandomIterLoss: 0.2920284569  lr: 1.999e-05  
2024-11-06 22:04:33 - INFO - Epoch:  492/500  Runtime: 11.92s  EpochLoss: 0.2618213851  RandomIterLoss: 0.3533384204  lr: 1.594e-05  
2024-11-06 22:04:45 - INFO - Epoch:  493/500  Runtime: 11.73s  EpochLoss: 0.2654848529  RandomIterLoss: 0.3067973554  lr: 1.116e-05  
2024-11-06 22:04:57 - INFO - Epoch:  494/500  Runtime: 11.94s  EpochLoss: 0.2622039220  RandomIterLoss: 0.3191411793  lr: 8.908e-06  
2024-11-06 22:05:09 - INFO - Epoch:  495/500  Runtime: 12.07s  EpochLoss: 0.2637820620  RandomIterLoss: 0.2208517790  lr: 6.910e-06  
2024-11-06 22:05:21 - INFO - Epoch:  496/500  Runtime: 11.57s  EpochLoss: 0.2591498552  RandomIterLoss: 0.2823047340  lr: 3.448e-06  
2024-11-06 22:05:33 - INFO - Epoch:  497/500  Runtime: 11.88s  EpochLoss: 0.2657721324  
2024-11-06 22:05:44 - INFO - Epoch:  498/500  Runtime: 11.85s  EpochLoss: 0.2635152855  RandomIterLoss: 0.2040216923  lr: 9.015e-07  
2024-11-06 22:05:56 - INFO - Epoch:  499/500  Runtime: 11.78s  EpochLoss: 0.2629315745  RandomIterLoss: 0.2448491901  lr: 4.145e-07  
2024-11-06 22:06:08 - INFO - Epoch:  500/500  Runtime: 12.03s  EpochLoss: 0.2594697438  
2024-11-06 22:06:09 - INFO - Eval Epoch: 500
2024-11-06 22:06:09 - INFO - Overall Accuracy: 85.56 || Mean Overall Accuracy: 72.59
2024-11-06 22:06:09 - INFO - Mean IoU: 0.647 || Per-class IoU score:  Ground=0.815  Building=0.894  Trees=0.784  Low vegetation=0.595  Artifacts=0.148  
2024-11-06 22:06:09 - INFO - Macro F1: 0.745 || Per-class  F1 score:  Ground=0.898  Building=0.944  Trees=0.879  Low vegetation=0.746  Artifacts=0.258  

2024-11-06 22:06:09 - INFO - 训练结束 总耗时：1:38:42.749156
