2024-11-07 10:49:14 - INFO - 初始化训练数据集和数据加载器
2024-11-07 10:49:14 - INFO - 设备设置为：cuda
2024-11-07 10:49:15 - INFO - 网络模型加载...
MinkUNet14C(
  (conv0p1s1): MinkowskiConvolution(in=4, out=32, kernel_size=[5, 5, 5], stride=[1, 1, 1], dilation=[1, 1, 1])
  (bn0): MinkowskiBatchNorm(32, eps=1e-05, momentum=0.02, affine=True, track_running_stats=True)
  (conv1p1s2): MinkowskiConvolution(in=32, out=32, kernel_size=[2, 2, 2], stride=[2, 2, 2], dilation=[1, 1, 1])
  (bn1): MinkowskiBatchNorm(32, eps=1e-05, momentum=0.02, affine=True, track_running_stats=True)
  (block1): Sequential(
    (0): BasicBlock(
      (conv1): MinkowskiConvolution(in=32, out=32, kernel_size=[3, 3, 3], stride=[1, 1, 1], dilation=[1, 1, 1])
      (norm1): MinkowskiBatchNorm(32, eps=1e-05, momentum=0.1, affine=True, track_running_stats=True)
      (conv2): MinkowskiConvolution(in=32, out=32, kernel_size=[3, 3, 3], stride=[1, 1, 1], dilation=[1, 1, 1])
      (norm2): MinkowskiBatchNorm(32, eps=1e-05, momentum=0.1, affine=True, track_running_stats=True)
      (relu): MinkowskiReLU()
    )
  )
  (conv2p2s2): MinkowskiConvolution(in=32, out=32, kernel_size=[2, 2, 2], stride=[2, 2, 2], dilation=[1, 1, 1])
  (bn2): MinkowskiBatchNorm(32, eps=1e-05, momentum=0.02, affine=True, track_running_stats=True)
  (block2): Sequential(
    (0): BasicBlock(
      (conv1): MinkowskiConvolution(in=32, out=64, kernel_size=[3, 3, 3], stride=[1, 1, 1], dilation=[1, 1, 1])
      (norm1): MinkowskiBatchNorm(64, eps=1e-05, momentum=0.1, affine=True, track_running_stats=True)
      (conv2): MinkowskiConvolution(in=64, out=64, kernel_size=[3, 3, 3], stride=[1, 1, 1], dilation=[1, 1, 1])
      (norm2): MinkowskiBatchNorm(64, eps=1e-05, momentum=0.1, affine=True, track_running_stats=True)
      (relu): MinkowskiReLU()
      (downsample): Sequential(
        (0): MinkowskiConvolution(in=32, out=64, kernel_size=[1, 1, 1], stride=[1, 1, 1], dilation=[1, 1, 1])
        (1): MinkowskiBatchNorm(64, eps=1e-05, momentum=0.02, affine=True, track_running_stats=True)
      )
    )
  )
  (conv3p4s2): MinkowskiConvolution(in=64, out=64, kernel_size=[2, 2, 2], stride=[2, 2, 2], dilation=[1, 1, 1])
  (bn3): MinkowskiBatchNorm(64, eps=1e-05, momentum=0.02, affine=True, track_running_stats=True)
  (block3): Sequential(
    (0): BasicBlock(
      (conv1): MinkowskiConvolution(in=64, out=128, kernel_size=[3, 3, 3], stride=[1, 1, 1], dilation=[1, 1, 1])
      (norm1): MinkowskiBatchNorm(128, eps=1e-05, momentum=0.1, affine=True, track_running_stats=True)
      (conv2): MinkowskiConvolution(in=128, out=128, kernel_size=[3, 3, 3], stride=[1, 1, 1], dilation=[1, 1, 1])
      (norm2): MinkowskiBatchNorm(128, eps=1e-05, momentum=0.1, affine=True, track_running_stats=True)
      (relu): MinkowskiReLU()
      (downsample): Sequential(
        (0): MinkowskiConvolution(in=64, out=128, kernel_size=[1, 1, 1], stride=[1, 1, 1], dilation=[1, 1, 1])
        (1): MinkowskiBatchNorm(128, eps=1e-05, momentum=0.02, affine=True, track_running_stats=True)
      )
    )
  )
  (conv4p8s2): MinkowskiConvolution(in=128, out=128, kernel_size=[2, 2, 2], stride=[2, 2, 2], dilation=[1, 1, 1])
  (bn4): MinkowskiBatchNorm(128, eps=1e-05, momentum=0.02, affine=True, track_running_stats=True)
  (block4): Sequential(
    (0): BasicBlock(
      (conv1): MinkowskiConvolution(in=128, out=256, kernel_size=[3, 3, 3], stride=[1, 1, 1], dilation=[1, 1, 1])
      (norm1): MinkowskiBatchNorm(256, eps=1e-05, momentum=0.1, affine=True, track_running_stats=True)
      (conv2): MinkowskiConvolution(in=256, out=256, kernel_size=[3, 3, 3], stride=[1, 1, 1], dilation=[1, 1, 1])
      (norm2): MinkowskiBatchNorm(256, eps=1e-05, momentum=0.1, affine=True, track_running_stats=True)
      (relu): MinkowskiReLU()
      (downsample): Sequential(
        (0): MinkowskiConvolution(in=128, out=256, kernel_size=[1, 1, 1], stride=[1, 1, 1], dilation=[1, 1, 1])
        (1): MinkowskiBatchNorm(256, eps=1e-05, momentum=0.02, affine=True, track_running_stats=True)
      )
    )
  )
  (convtr4p16s2): MinkowskiConvolutionTranspose(in=256, out=192, kernel_size=[2, 2, 2], stride=[2, 2, 2], dilation=[1, 1, 1])
  (bntr4): MinkowskiBatchNorm(192, eps=1e-05, momentum=0.02, affine=True, track_running_stats=True)
  (block5): Sequential(
    (0): BasicBlock(
      (conv1): MinkowskiConvolution(in=320, out=192, kernel_size=[3, 3, 3], stride=[1, 1, 1], dilation=[1, 1, 1])
      (norm1): MinkowskiBatchNorm(192, eps=1e-05, momentum=0.1, affine=True, track_running_stats=True)
      (conv2): MinkowskiConvolution(in=192, out=192, kernel_size=[3, 3, 3], stride=[1, 1, 1], dilation=[1, 1, 1])
      (norm2): MinkowskiBatchNorm(192, eps=1e-05, momentum=0.1, affine=True, track_running_stats=True)
      (relu): MinkowskiReLU()
      (downsample): Sequential(
        (0): MinkowskiConvolution(in=320, out=192, kernel_size=[1, 1, 1], stride=[1, 1, 1], dilation=[1, 1, 1])
        (1): MinkowskiBatchNorm(192, eps=1e-05, momentum=0.02, affine=True, track_running_stats=True)
      )
    )
  )
  (convtr5p8s2): MinkowskiConvolutionTranspose(in=192, out=192, kernel_size=[2, 2, 2], stride=[2, 2, 2], dilation=[1, 1, 1])
  (bntr5): MinkowskiBatchNorm(192, eps=1e-05, momentum=0.02, affine=True, track_running_stats=True)
  (block6): Sequential(
    (0): BasicBlock(
      (conv1): MinkowskiConvolution(in=256, out=192, kernel_size=[3, 3, 3], stride=[1, 1, 1], dilation=[1, 1, 1])
      (norm1): MinkowskiBatchNorm(192, eps=1e-05, momentum=0.1, affine=True, track_running_stats=True)
      (conv2): MinkowskiConvolution(in=192, out=192, kernel_size=[3, 3, 3], stride=[1, 1, 1], dilation=[1, 1, 1])
      (norm2): MinkowskiBatchNorm(192, eps=1e-05, momentum=0.1, affine=True, track_running_stats=True)
      (relu): MinkowskiReLU()
      (downsample): Sequential(
        (0): MinkowskiConvolution(in=256, out=192, kernel_size=[1, 1, 1], stride=[1, 1, 1], dilation=[1, 1, 1])
        (1): MinkowskiBatchNorm(192, eps=1e-05, momentum=0.02, affine=True, track_running_stats=True)
      )
    )
  )
  (convtr6p4s2): MinkowskiConvolutionTranspose(in=192, out=128, kernel_size=[2, 2, 2], stride=[2, 2, 2], dilation=[1, 1, 1])
  (bntr6): MinkowskiBatchNorm(128, eps=1e-05, momentum=0.02, affine=True, track_running_stats=True)
  (block7): Sequential(
    (0): BasicBlock(
      (conv1): MinkowskiConvolution(in=160, out=128, kernel_size=[3, 3, 3], stride=[1, 1, 1], dilation=[1, 1, 1])
      (norm1): MinkowskiBatchNorm(128, eps=1e-05, momentum=0.1, affine=True, track_running_stats=True)
      (conv2): MinkowskiConvolution(in=128, out=128, kernel_size=[3, 3, 3], stride=[1, 1, 1], dilation=[1, 1, 1])
      (norm2): MinkowskiBatchNorm(128, eps=1e-05, momentum=0.1, affine=True, track_running_stats=True)
      (relu): MinkowskiReLU()
      (downsample): Sequential(
        (0): MinkowskiConvolution(in=160, out=128, kernel_size=[1, 1, 1], stride=[1, 1, 1], dilation=[1, 1, 1])
        (1): MinkowskiBatchNorm(128, eps=1e-05, momentum=0.02, affine=True, track_running_stats=True)
      )
    )
  )
  (convtr7p2s2): MinkowskiConvolutionTranspose(in=128, out=128, kernel_size=[2, 2, 2], stride=[2, 2, 2], dilation=[1, 1, 1])
  (bntr7): MinkowskiBatchNorm(128, eps=1e-05, momentum=0.02, affine=True, track_running_stats=True)
  (block8): Sequential(
    (0): BasicBlock(
      (conv1): MinkowskiConvolution(in=160, out=128, kernel_size=[3, 3, 3], stride=[1, 1, 1], dilation=[1, 1, 1])
      (norm1): MinkowskiBatchNorm(128, eps=1e-05, momentum=0.1, affine=True, track_running_stats=True)
      (conv2): MinkowskiConvolution(in=128, out=128, kernel_size=[3, 3, 3], stride=[1, 1, 1], dilation=[1, 1, 1])
      (norm2): MinkowskiBatchNorm(128, eps=1e-05, momentum=0.1, affine=True, track_running_stats=True)
      (relu): MinkowskiReLU()
      (downsample): Sequential(
        (0): MinkowskiConvolution(in=160, out=128, kernel_size=[1, 1, 1], stride=[1, 1, 1], dilation=[1, 1, 1])
        (1): MinkowskiBatchNorm(128, eps=1e-05, momentum=0.02, affine=True, track_running_stats=True)
      )
    )
  )
  (final): MinkowskiConvolution(in=128, out=5, kernel_size=[1, 1, 1], stride=[1, 1, 1], dilation=[1, 1, 1])
  (relu): MinkowskiReLU()
)

2024-11-07 10:49:17 - INFO - 优化器加载...
Adam (
Parameter Group 0
    amsgrad: False
    betas: (0.9, 0.999)
    eps: 1e-08
    lr: 0.001
    weight_decay: 0
)

2024-11-07 10:49:17 - INFO - 调度器加载...
<torch.optim.lr_scheduler.OneCycleLR object at 0x7fefb11701c0>

2024-11-07 10:49:17 - INFO - 损失函数加载...
CrossEntropyLoss()

2024-11-07 10:49:17 - INFO - 开始训练...
2024-11-07 10:49:31 - INFO - Epoch:    1/500  Runtime: 14.24s  EpochLoss: 1.2235720930  RandomIterLoss: 1.0942888260  lr: 4.006e-04  
2024-11-07 10:49:45 - INFO - Epoch:    2/500  Runtime: 13.70s  EpochLoss: 0.8975543718  RandomIterLoss: 0.9809791446  lr: 4.017e-04  
2024-11-07 10:49:59 - INFO - Epoch:    3/500  Runtime: 13.96s  EpochLoss: 0.8045600016  RandomIterLoss: 1.0136824846  lr: 4.080e-04  
2024-11-07 10:50:12 - INFO - Epoch:    4/500  Runtime: 13.70s  EpochLoss: 0.7520281429  RandomIterLoss: 0.8561922908  lr: 4.107e-04  
2024-11-07 10:50:26 - INFO - Epoch:    5/500  Runtime: 13.71s  EpochLoss: 0.6976619295  RandomIterLoss: 0.5693287253  lr: 4.194e-04  
2024-11-07 10:50:40 - INFO - Epoch:    6/500  Runtime: 13.91s  EpochLoss: 0.6712565029  RandomIterLoss: 0.6274463534  lr: 4.268e-04  
2024-11-07 10:50:54 - INFO - Epoch:    7/500  Runtime: 13.92s  EpochLoss: 0.6446418153  RandomIterLoss: 0.6601287127  lr: 4.423e-04  
2024-11-07 10:51:08 - INFO - Epoch:    8/500  Runtime: 13.83s  EpochLoss: 0.6401122368  RandomIterLoss: 0.5423942804  lr: 4.595e-04  
2024-11-07 10:51:22 - INFO - Epoch:    9/500  Runtime: 13.98s  EpochLoss: 0.6284004077  RandomIterLoss: 0.7560098171  lr: 4.771e-04  
2024-11-07 10:51:36 - INFO - Epoch:   10/500  Runtime: 13.96s  EpochLoss: 0.6098742282  RandomIterLoss: 0.6527875066  lr: 5.002e-04  
2024-11-07 10:51:50 - INFO - Epoch:   11/500  Runtime: 13.89s  EpochLoss: 0.6011089080  RandomIterLoss: 0.7239593267  lr: 5.054e-04  
2024-11-07 10:52:03 - INFO - Epoch:   12/500  Runtime: 13.77s  EpochLoss: 0.5999351333  RandomIterLoss: 0.6705353260  lr: 5.343e-04  
2024-11-07 10:52:17 - INFO - Epoch:   13/500  Runtime: 13.85s  EpochLoss: 0.6048725505  RandomIterLoss: 0.6319269538  lr: 5.763e-04  
2024-11-07 10:52:31 - INFO - Epoch:   14/500  Runtime: 13.54s  EpochLoss: 0.5895710737  RandomIterLoss: 0.6677680016  lr: 5.977e-04  
2024-11-07 10:52:45 - INFO - Epoch:   15/500  Runtime: 13.79s  EpochLoss: 0.5695446696  RandomIterLoss: 0.4754993021  lr: 6.350e-04  
2024-11-07 10:52:58 - INFO - Epoch:   16/500  Runtime: 13.85s  EpochLoss: 0.5794332292  RandomIterLoss: 0.6297651529  lr: 6.464e-04  
2024-11-07 10:53:12 - INFO - Epoch:   17/500  Runtime: 13.90s  EpochLoss: 0.5712736879  RandomIterLoss: 0.7733200192  lr: 7.011e-04  
2024-11-07 10:53:26 - INFO - Epoch:   18/500  Runtime: 13.89s  EpochLoss: 0.5471306186  RandomIterLoss: 0.5698045492  lr: 7.222e-04  
2024-11-07 10:53:40 - INFO - Epoch:   19/500  Runtime: 13.92s  EpochLoss: 0.5831902142  RandomIterLoss: 0.5791297555  lr: 7.646e-04  
2024-11-07 10:53:54 - INFO - Epoch:   20/500  Runtime: 13.81s  EpochLoss: 0.5603289902  RandomIterLoss: 0.6008113027  lr: 7.913e-04  
2024-11-07 10:54:08 - INFO - Epoch:   21/500  Runtime: 13.66s  EpochLoss: 0.5385368751  RandomIterLoss: 0.5947039127  lr: 8.329e-04  
2024-11-07 10:54:21 - INFO - Epoch:   22/500  Runtime: 13.77s  EpochLoss: 0.5617195408  RandomIterLoss: 0.4826323986  lr: 8.687e-04  
2024-11-07 10:54:35 - INFO - Epoch:   23/500  Runtime: 13.75s  EpochLoss: 0.5393586944  RandomIterLoss: 0.6218284965  lr: 9.453e-04  
2024-11-07 10:54:49 - INFO - Epoch:   24/500  Runtime: 13.96s  EpochLoss: 0.5323146338  RandomIterLoss: 0.5418830514  lr: 9.538e-04  
2024-11-07 10:55:03 - INFO - Epoch:   25/500  Runtime: 13.95s  EpochLoss: 0.5393543189  RandomIterLoss: 0.5948792100  lr: 1.041e-03  
2024-11-07 10:55:17 - INFO - Epoch:   26/500  Runtime: 13.77s  EpochLoss: 0.5423822972  RandomIterLoss: 0.5823596120  lr: 1.077e-03  
2024-11-07 10:55:31 - INFO - Epoch:   27/500  Runtime: 13.92s  EpochLoss: 0.5416936793  RandomIterLoss: 0.4884265959  lr: 1.123e-03  
2024-11-07 10:55:44 - INFO - Epoch:   28/500  Runtime: 13.77s  EpochLoss: 0.5356329720  RandomIterLoss: 0.4295539260  lr: 1.177e-03  
2024-11-07 10:55:58 - INFO - Epoch:   29/500  Runtime: 13.88s  EpochLoss: 0.5435044650  RandomIterLoss: 0.4370106757  lr: 1.228e-03  
2024-11-07 10:56:12 - INFO - Epoch:   30/500  Runtime: 13.62s  EpochLoss: 0.5585575652  RandomIterLoss: 0.6263440847  lr: 1.314e-03  
2024-11-07 10:56:13 - INFO - Eval Epoch: 30
2024-11-07 10:56:13 - INFO - Overall Accuracy: 71.34 || Mean Overall Accuracy: 56.54
2024-11-07 10:56:13 - INFO - Mean IoU: 0.458 || Per-class IoU score:  Ground=0.669  Building=0.461  Trees=0.787  Low vegetation=0.369  Artifacts=0.005  
2024-11-07 10:56:13 - INFO - Macro F1: 0.573 || Per-class  F1 score:  Ground=0.802  Building=0.631  Trees=0.881  Low vegetation=0.539  Artifacts=0.010  

2024-11-07 10:56:27 - INFO - Epoch:   31/500  Runtime: 13.81s  EpochLoss: 0.5319981663  RandomIterLoss: 0.4665297866  lr: 1.363e-03  
2024-11-07 10:56:41 - INFO - Epoch:   32/500  Runtime: 13.93s  EpochLoss: 0.5276658670  RandomIterLoss: 0.3749747276  lr: 1.422e-03  
2024-11-07 10:56:55 - INFO - Epoch:   33/500  Runtime: 13.79s  EpochLoss: 0.5279163881  RandomIterLoss: 0.4017803967  lr: 1.454e-03  
2024-11-07 10:57:09 - INFO - Epoch:   34/500  Runtime: 13.93s  EpochLoss: 0.5075747825  RandomIterLoss: 0.4401339293  lr: 1.506e-03  
2024-11-07 10:57:23 - INFO - Epoch:   35/500  Runtime: 14.55s  EpochLoss: 0.5170602677  RandomIterLoss: 0.6472813487  lr: 1.633e-03  
2024-11-07 10:57:37 - INFO - Epoch:   36/500  Runtime: 13.81s  EpochLoss: 0.5038607419  RandomIterLoss: 0.4020364583  lr: 1.689e-03  
2024-11-07 10:57:51 - INFO - Epoch:   37/500  Runtime: 13.72s  EpochLoss: 0.5184889835  RandomIterLoss: 0.7834951878  lr: 1.711e-03  
2024-11-07 10:58:05 - INFO - Epoch:   38/500  Runtime: 14.01s  EpochLoss: 0.5236571499  
2024-11-07 10:58:19 - INFO - Epoch:   39/500  Runtime: 14.02s  EpochLoss: 0.5279705369  RandomIterLoss: 0.5437873602  lr: 1.844e-03  
2024-11-07 10:58:33 - INFO - Epoch:   40/500  Runtime: 13.88s  EpochLoss: 0.5177361342  RandomIterLoss: 0.3988517225  lr: 1.948e-03  
2024-11-07 10:58:47 - INFO - Epoch:   41/500  Runtime: 14.02s  EpochLoss: 0.5015842427  RandomIterLoss: 0.5135424733  lr: 2.047e-03  
2024-11-07 10:59:00 - INFO - Epoch:   42/500  Runtime: 13.89s  EpochLoss: 0.5071343881  RandomIterLoss: 0.5122154355  lr: 2.076e-03  
2024-11-07 10:59:14 - INFO - Epoch:   43/500  Runtime: 13.73s  EpochLoss: 0.5057694052  RandomIterLoss: 0.5714271665  lr: 2.212e-03  
2024-11-07 10:59:28 - INFO - Epoch:   44/500  Runtime: 13.86s  EpochLoss: 0.4943234101  RandomIterLoss: 0.5977763534  lr: 2.250e-03  
2024-11-07 10:59:42 - INFO - Epoch:   45/500  Runtime: 13.83s  EpochLoss: 0.5117848197  RandomIterLoss: 0.4093950093  lr: 2.361e-03  
2024-11-07 10:59:56 - INFO - Epoch:   46/500  Runtime: 13.66s  EpochLoss: 0.4978287559  RandomIterLoss: 0.4152388871  lr: 2.394e-03  
2024-11-07 11:00:09 - INFO - Epoch:   47/500  Runtime: 13.88s  EpochLoss: 0.5110044317  RandomIterLoss: 0.6117746830  lr: 2.523e-03  
2024-11-07 11:00:23 - INFO - Epoch:   48/500  Runtime: 13.66s  EpochLoss: 0.5131484216  RandomIterLoss: 0.5027486086  lr: 2.596e-03  
2024-11-07 11:00:37 - INFO - Epoch:   49/500  Runtime: 13.66s  EpochLoss: 0.4824057729  RandomIterLoss: 0.4894447327  lr: 2.662e-03  
2024-11-07 11:00:51 - INFO - Epoch:   50/500  Runtime: 13.80s  EpochLoss: 0.4877393991  RandomIterLoss: 0.5979718566  lr: 2.716e-03  
2024-11-07 11:01:05 - INFO - Epoch:   51/500  Runtime: 14.05s  EpochLoss: 0.4846357873  RandomIterLoss: 0.4595054090  lr: 2.830e-03  
2024-11-07 11:01:18 - INFO - Epoch:   52/500  Runtime: 13.82s  EpochLoss: 0.5051316267  RandomIterLoss: 0.4839418530  lr: 2.928e-03  
2024-11-07 11:01:32 - INFO - Epoch:   53/500  Runtime: 13.90s  EpochLoss: 0.5010461563  RandomIterLoss: 0.4431993663  lr: 3.011e-03  
2024-11-07 11:01:46 - INFO - Epoch:   54/500  Runtime: 13.81s  EpochLoss: 0.4952790175  RandomIterLoss: 0.4960734844  lr: 3.145e-03  
2024-11-07 11:02:00 - INFO - Epoch:   55/500  Runtime: 13.74s  EpochLoss: 0.4860788475  RandomIterLoss: 0.5296851397  lr: 3.225e-03  
2024-11-07 11:02:14 - INFO - Epoch:   56/500  Runtime: 13.75s  EpochLoss: 0.4904262735  RandomIterLoss: 0.5602325201  lr: 3.334e-03  
2024-11-07 11:02:28 - INFO - Epoch:   57/500  Runtime: 13.90s  EpochLoss: 0.4859577187  RandomIterLoss: 0.4801907241  lr: 3.381e-03  
2024-11-07 11:02:41 - INFO - Epoch:   58/500  Runtime: 13.80s  EpochLoss: 0.4995756041  RandomIterLoss: 0.5831587315  lr: 3.511e-03  
2024-11-07 11:02:55 - INFO - Epoch:   59/500  Runtime: 13.69s  EpochLoss: 0.4805470990  RandomIterLoss: 0.5190499425  lr: 3.590e-03  
2024-11-07 11:03:09 - INFO - Epoch:   60/500  Runtime: 13.82s  EpochLoss: 0.4865299104  RandomIterLoss: 0.6574666500  lr: 3.718e-03  
2024-11-07 11:03:10 - INFO - Eval Epoch: 60
2024-11-07 11:03:10 - INFO - Overall Accuracy: 69.57 || Mean Overall Accuracy: 58.66
2024-11-07 11:03:10 - INFO - Mean IoU: 0.472 || Per-class IoU score:  Ground=0.627  Building=0.522  Trees=0.814  Low vegetation=0.385  Artifacts=0.013  
2024-11-07 11:03:10 - INFO - Macro F1: 0.587 || Per-class  F1 score:  Ground=0.771  Building=0.686  Trees=0.898  Low vegetation=0.556  Artifacts=0.025  

2024-11-07 11:03:24 - INFO - Epoch:   61/500  Runtime: 13.89s  EpochLoss: 0.5029730980  RandomIterLoss: 0.5807794333  lr: 3.776e-03  
2024-11-07 11:03:38 - INFO - Epoch:   62/500  Runtime: 13.89s  EpochLoss: 0.4881241525  RandomIterLoss: 0.4018142521  lr: 3.884e-03  
2024-11-07 11:03:52 - INFO - Epoch:   63/500  Runtime: 14.09s  EpochLoss: 0.4924796217  RandomIterLoss: 0.4704226255  lr: 3.994e-03  
2024-11-07 11:04:06 - INFO - Epoch:   64/500  Runtime: 13.79s  EpochLoss: 0.4932283759  RandomIterLoss: 0.4810277820  lr: 4.014e-03  
2024-11-07 11:04:20 - INFO - Epoch:   65/500  Runtime: 14.20s  EpochLoss: 0.4887966554  RandomIterLoss: 0.3994320035  lr: 4.118e-03  
2024-11-07 11:04:34 - INFO - Epoch:   66/500  Runtime: 13.93s  EpochLoss: 0.4751104279  RandomIterLoss: 0.4721094072  lr: 4.272e-03  
2024-11-07 11:04:48 - INFO - Epoch:   67/500  Runtime: 14.22s  EpochLoss: 0.4865608872  RandomIterLoss: 0.6185680628  lr: 4.394e-03  
2024-11-07 11:05:02 - INFO - Epoch:   68/500  Runtime: 14.06s  EpochLoss: 0.4772388034  RandomIterLoss: 0.4648841023  lr: 4.464e-03  
2024-11-07 11:05:16 - INFO - Epoch:   69/500  Runtime: 13.71s  EpochLoss: 0.4599540931  RandomIterLoss: 0.3594723642  lr: 4.550e-03  
2024-11-07 11:05:29 - INFO - Epoch:   70/500  Runtime: 13.73s  EpochLoss: 0.4563086040  RandomIterLoss: 0.4514104128  lr: 4.647e-03  
2024-11-07 11:05:43 - INFO - Epoch:   71/500  Runtime: 13.63s  EpochLoss: 0.4757953063  RandomIterLoss: 0.5747130513  lr: 4.799e-03  
2024-11-07 11:05:57 - INFO - Epoch:   72/500  Runtime: 13.78s  EpochLoss: 0.4676851651  RandomIterLoss: 0.5365836024  lr: 4.863e-03  
2024-11-07 11:06:11 - INFO - Epoch:   73/500  Runtime: 13.70s  EpochLoss: 0.4660346847  RandomIterLoss: 0.4743272364  lr: 4.952e-03  
2024-11-07 11:06:24 - INFO - Epoch:   74/500  Runtime: 13.81s  EpochLoss: 0.4718861268  RandomIterLoss: 0.4465606809  lr: 5.059e-03  
2024-11-07 11:06:38 - INFO - Epoch:   75/500  Runtime: 13.81s  EpochLoss: 0.4485071796  RandomIterLoss: 0.3883984387  lr: 5.117e-03  
2024-11-07 11:06:52 - INFO - Epoch:   76/500  Runtime: 13.79s  EpochLoss: 0.4543244243  RandomIterLoss: 0.5128063560  lr: 5.258e-03  
2024-11-07 11:07:06 - INFO - Epoch:   77/500  Runtime: 13.95s  EpochLoss: 0.4849375087  RandomIterLoss: 0.4325280190  lr: 5.327e-03  
2024-11-07 11:07:20 - INFO - Epoch:   78/500  Runtime: 13.91s  EpochLoss: 0.4551425461  RandomIterLoss: 0.7404139042  lr: 5.425e-03  
2024-11-07 11:07:34 - INFO - Epoch:   79/500  Runtime: 14.00s  EpochLoss: 0.4511911205  RandomIterLoss: 0.4014503956  lr: 5.555e-03  
2024-11-07 11:07:48 - INFO - Epoch:   80/500  Runtime: 13.98s  EpochLoss: 0.4582886208  RandomIterLoss: 0.4867423773  lr: 5.639e-03  
2024-11-07 11:08:02 - INFO - Epoch:   81/500  Runtime: 13.77s  EpochLoss: 0.4593053399  RandomIterLoss: 0.4316549301  lr: 5.746e-03  
2024-11-07 11:08:15 - INFO - Epoch:   82/500  Runtime: 13.70s  EpochLoss: 0.4647434239  RandomIterLoss: 0.3924622834  lr: 5.889e-03  
2024-11-07 11:08:29 - INFO - Epoch:   83/500  Runtime: 13.45s  EpochLoss: 0.4494772967  RandomIterLoss: 0.4593611956  lr: 5.959e-03  
2024-11-07 11:08:42 - INFO - Epoch:   84/500  Runtime: 13.69s  EpochLoss: 0.4609715146  RandomIterLoss: 0.4521974325  lr: 6.087e-03  
2024-11-07 11:08:56 - INFO - Epoch:   85/500  Runtime: 13.83s  EpochLoss: 0.4495168972  RandomIterLoss: 0.2930023670  lr: 6.152e-03  
2024-11-07 11:09:10 - INFO - Epoch:   86/500  Runtime: 13.72s  EpochLoss: 0.4483736875  RandomIterLoss: 0.5152048469  lr: 6.242e-03  
2024-11-07 11:09:24 - INFO - Epoch:   87/500  Runtime: 13.61s  EpochLoss: 0.4520184052  RandomIterLoss: 0.4673823416  lr: 6.360e-03  
2024-11-07 11:09:37 - INFO - Epoch:   88/500  Runtime: 13.79s  EpochLoss: 0.4492051791  RandomIterLoss: 0.4205842912  lr: 6.439e-03  
2024-11-07 11:09:51 - INFO - Epoch:   89/500  Runtime: 13.78s  EpochLoss: 0.4533836618  RandomIterLoss: 0.6090113521  lr: 6.556e-03  
2024-11-07 11:10:05 - INFO - Epoch:   90/500  Runtime: 13.72s  EpochLoss: 0.4801274978  RandomIterLoss: 0.4485329390  lr: 6.615e-03  
2024-11-07 11:10:06 - INFO - Eval Epoch: 90
2024-11-07 11:10:06 - INFO - Overall Accuracy: 78.94 || Mean Overall Accuracy: 65.69
2024-11-07 11:10:06 - INFO - Mean IoU: 0.556 || Per-class IoU score:  Ground=0.747  Building=0.778  Trees=0.776  Low vegetation=0.436  Artifacts=0.041  
2024-11-07 11:10:06 - INFO - Macro F1: 0.658 || Per-class  F1 score:  Ground=0.855  Building=0.875  Trees=0.874  Low vegetation=0.608  Artifacts=0.079  

2024-11-07 11:10:20 - INFO - Epoch:   91/500  Runtime: 13.54s  EpochLoss: 0.4373365884  RandomIterLoss: 0.4025446475  lr: 6.745e-03  
2024-11-07 11:10:33 - INFO - Epoch:   92/500  Runtime: 13.85s  EpochLoss: 0.4678017538  RandomIterLoss: 0.4288293123  lr: 6.799e-03  
2024-11-07 11:10:47 - INFO - Epoch:   93/500  Runtime: 13.72s  EpochLoss: 0.4509739327  RandomIterLoss: 0.4320512414  lr: 6.915e-03  
2024-11-07 11:11:01 - INFO - Epoch:   94/500  Runtime: 13.88s  EpochLoss: 0.4335057261  RandomIterLoss: 0.5174884796  lr: 7.049e-03  
2024-11-07 11:11:15 - INFO - Epoch:   95/500  Runtime: 13.55s  EpochLoss: 0.4457877807  RandomIterLoss: 0.3933064640  lr: 7.078e-03  
2024-11-07 11:11:28 - INFO - Epoch:   96/500  Runtime: 13.75s  EpochLoss: 0.4381929074  RandomIterLoss: 0.4889487922  lr: 7.237e-03  
2024-11-07 11:11:42 - INFO - Epoch:   97/500  Runtime: 13.66s  EpochLoss: 0.4511119005  RandomIterLoss: 0.3612389266  lr: 7.274e-03  
2024-11-07 11:11:56 - INFO - Epoch:   98/500  Runtime: 13.70s  EpochLoss: 0.4564997147  RandomIterLoss: 0.5457682014  lr: 7.411e-03  
2024-11-07 11:12:09 - INFO - Epoch:   99/500  Runtime: 13.77s  EpochLoss: 0.4378169125  RandomIterLoss: 0.4428047538  lr: 7.486e-03  
2024-11-07 11:12:23 - INFO - Epoch:  100/500  Runtime: 13.96s  EpochLoss: 0.4324955703  RandomIterLoss: 0.4575568438  lr: 7.576e-03  
2024-11-07 11:12:37 - INFO - Epoch:  101/500  Runtime: 14.00s  EpochLoss: 0.4326410890  RandomIterLoss: 0.6258212924  lr: 7.660e-03  
2024-11-07 11:12:51 - INFO - Epoch:  102/500  Runtime: 13.65s  EpochLoss: 0.4469627887  RandomIterLoss: 0.4281667769  lr: 7.771e-03  
2024-11-07 11:13:05 - INFO - Epoch:  103/500  Runtime: 13.78s  EpochLoss: 0.4500832585  RandomIterLoss: 0.3617714047  lr: 7.839e-03  
2024-11-07 11:13:19 - INFO - Epoch:  104/500  Runtime: 13.91s  EpochLoss: 0.4381665818  RandomIterLoss: 0.3896635473  lr: 7.882e-03  
2024-11-07 11:13:32 - INFO - Epoch:  105/500  Runtime: 13.69s  EpochLoss: 0.4394040209  RandomIterLoss: 0.4119320512  lr: 8.002e-03  
2024-11-07 11:13:46 - INFO - Epoch:  106/500  Runtime: 13.85s  EpochLoss: 0.4448113001  RandomIterLoss: 0.4686576128  lr: 8.045e-03  
2024-11-07 11:14:00 - INFO - Epoch:  107/500  Runtime: 14.06s  EpochLoss: 0.4369477569  RandomIterLoss: 0.5413051248  lr: 8.154e-03  
2024-11-07 11:14:14 - INFO - Epoch:  108/500  Runtime: 14.02s  EpochLoss: 0.4252615022  RandomIterLoss: 0.4904733002  lr: 8.259e-03  
2024-11-07 11:14:28 - INFO - Epoch:  109/500  Runtime: 14.10s  EpochLoss: 0.4379707162  RandomIterLoss: 0.4767423570  lr: 8.301e-03  
2024-11-07 11:14:43 - INFO - Epoch:  110/500  Runtime: 14.23s  EpochLoss: 0.4861331250  RandomIterLoss: 0.4296582937  lr: 8.372e-03  
2024-11-07 11:14:57 - INFO - Epoch:  111/500  Runtime: 14.19s  EpochLoss: 0.4308784943  RandomIterLoss: 0.4964414537  lr: 8.472e-03  
2024-11-07 11:15:11 - INFO - Epoch:  112/500  Runtime: 14.48s  EpochLoss: 0.4339174852  RandomIterLoss: 0.3558033109  lr: 8.532e-03  
2024-11-07 11:15:26 - INFO - Epoch:  113/500  Runtime: 14.17s  EpochLoss: 0.4181017669  RandomIterLoss: 0.4421876073  lr: 8.569e-03  
2024-11-07 11:15:40 - INFO - Epoch:  114/500  Runtime: 14.66s  EpochLoss: 0.4397300705  RandomIterLoss: 0.4018540978  lr: 8.694e-03  
2024-11-07 11:15:54 - INFO - Epoch:  115/500  Runtime: 14.14s  EpochLoss: 0.4613272981  RandomIterLoss: 0.4973776042  lr: 8.705e-03  
2024-11-07 11:16:08 - INFO - Epoch:  116/500  Runtime: 13.74s  EpochLoss: 0.4286972047  RandomIterLoss: 0.5587934256  lr: 8.791e-03  
2024-11-07 11:16:23 - INFO - Epoch:  117/500  Runtime: 14.60s  EpochLoss: 0.4369877678  RandomIterLoss: 0.5002414584  lr: 8.861e-03  
2024-11-07 11:16:37 - INFO - Epoch:  118/500  Runtime: 14.55s  EpochLoss: 0.4288332774  RandomIterLoss: 0.3439126909  lr: 8.921e-03  
2024-11-07 11:16:51 - INFO - Epoch:  119/500  Runtime: 14.22s  EpochLoss: 0.4400794262  RandomIterLoss: 0.5511903763  lr: 8.990e-03  
2024-11-07 11:17:05 - INFO - Epoch:  120/500  Runtime: 13.94s  EpochLoss: 0.4253346378  RandomIterLoss: 0.4881613851  lr: 9.045e-03  
2024-11-07 11:17:07 - INFO - Eval Epoch: 120
2024-11-07 11:17:07 - INFO - Overall Accuracy: 83.45 || Mean Overall Accuracy: 70.29
2024-11-07 11:17:07 - INFO - Mean IoU: 0.617 || Per-class IoU score:  Ground=0.793  Building=0.838  Trees=0.802  Low vegetation=0.547  Artifacts=0.107  
2024-11-07 11:17:07 - INFO - Macro F1: 0.717 || Per-class  F1 score:  Ground=0.885  Building=0.912  Trees=0.890  Low vegetation=0.707  Artifacts=0.194  

2024-11-07 11:17:20 - INFO - Epoch:  121/500  Runtime: 13.77s  EpochLoss: 0.4217069738  RandomIterLoss: 0.4198413491  lr: 9.143e-03  
2024-11-07 11:17:34 - INFO - Epoch:  122/500  Runtime: 14.03s  EpochLoss: 0.4116267332  RandomIterLoss: 0.3629976809  lr: 9.162e-03  
2024-11-07 11:17:48 - INFO - Epoch:  123/500  Runtime: 13.88s  EpochLoss: 0.4132211649  RandomIterLoss: 0.4939517379  lr: 9.214e-03  
2024-11-07 11:18:02 - INFO - Epoch:  124/500  Runtime: 13.74s  EpochLoss: 0.4300189147  RandomIterLoss: 0.3627404273  lr: 9.289e-03  
2024-11-07 11:18:16 - INFO - Epoch:  125/500  Runtime: 14.09s  EpochLoss: 0.4203003625  RandomIterLoss: 0.4365837574  lr: 9.341e-03  
2024-11-07 11:18:30 - INFO - Epoch:  126/500  Runtime: 14.01s  EpochLoss: 0.4117548127  RandomIterLoss: 0.5847694278  lr: 9.391e-03  
2024-11-07 11:18:44 - INFO - Epoch:  127/500  Runtime: 14.27s  EpochLoss: 0.4128563858  RandomIterLoss: 0.3326398134  lr: 9.416e-03  
2024-11-07 11:18:58 - INFO - Epoch:  128/500  Runtime: 13.91s  EpochLoss: 0.4197139693  RandomIterLoss: 0.3455947936  lr: 9.476e-03  
2024-11-07 11:19:12 - INFO - Epoch:  129/500  Runtime: 14.23s  EpochLoss: 0.4097793854  RandomIterLoss: 0.3925359845  lr: 9.524e-03  
2024-11-07 11:19:26 - INFO - Epoch:  130/500  Runtime: 13.81s  EpochLoss: 0.4404210922  RandomIterLoss: 0.5250436068  lr: 9.552e-03  
2024-11-07 11:19:40 - INFO - Epoch:  131/500  Runtime: 13.94s  EpochLoss: 0.4506177333  RandomIterLoss: 0.4254012108  lr: 9.593e-03  
2024-11-07 11:19:54 - INFO - Epoch:  132/500  Runtime: 13.88s  EpochLoss: 0.4324332096  RandomIterLoss: 0.3922368586  lr: 9.635e-03  
2024-11-07 11:20:08 - INFO - Epoch:  133/500  Runtime: 13.93s  EpochLoss: 0.4173660752  RandomIterLoss: 0.4020153284  lr: 9.673e-03  
2024-11-07 11:20:22 - INFO - Epoch:  134/500  Runtime: 13.82s  EpochLoss: 0.4253285717  RandomIterLoss: 0.4462596774  lr: 9.705e-03  
2024-11-07 11:20:36 - INFO - Epoch:  135/500  Runtime: 14.11s  EpochLoss: 0.4055194448  RandomIterLoss: 0.4150644243  lr: 9.765e-03  
2024-11-07 11:20:50 - INFO - Epoch:  136/500  Runtime: 14.18s  EpochLoss: 0.4031145810  RandomIterLoss: 0.4498524368  lr: 9.792e-03  
2024-11-07 11:21:04 - INFO - Epoch:  137/500  Runtime: 14.13s  EpochLoss: 0.4154952514  RandomIterLoss: 0.3822589219  lr: 9.798e-03  
2024-11-07 11:21:18 - INFO - Epoch:  138/500  Runtime: 13.96s  EpochLoss: 0.4194641926  RandomIterLoss: 0.3828063905  lr: 9.833e-03  
2024-11-07 11:21:32 - INFO - Epoch:  139/500  Runtime: 14.29s  EpochLoss: 0.4086206427  RandomIterLoss: 0.3950147927  lr: 9.865e-03  
2024-11-07 11:21:46 - INFO - Epoch:  140/500  Runtime: 13.99s  EpochLoss: 0.4127888517  RandomIterLoss: 0.3315203190  lr: 9.879e-03  
2024-11-07 11:22:01 - INFO - Epoch:  141/500  Runtime: 14.10s  EpochLoss: 0.4095540724  RandomIterLoss: 0.3113962114  lr: 9.904e-03  
2024-11-07 11:22:15 - INFO - Epoch:  142/500  Runtime: 14.31s  EpochLoss: 0.4253892533  RandomIterLoss: 0.4318285584  lr: 9.925e-03  
2024-11-07 11:22:29 - INFO - Epoch:  143/500  Runtime: 14.07s  EpochLoss: 0.4158287218  RandomIterLoss: 0.3932488561  lr: 9.946e-03  
2024-11-07 11:22:43 - INFO - Epoch:  144/500  Runtime: 14.03s  EpochLoss: 0.4024744488  RandomIterLoss: 0.3634054959  lr: 9.951e-03  
2024-11-07 11:22:57 - INFO - Epoch:  145/500  Runtime: 14.31s  EpochLoss: 0.4225425510  RandomIterLoss: 0.2968952060  lr: 9.973e-03  
2024-11-07 11:23:11 - INFO - Epoch:  146/500  Runtime: 14.16s  EpochLoss: 0.4015839296  RandomIterLoss: 0.4403078854  lr: 9.977e-03  
2024-11-07 11:23:26 - INFO - Epoch:  147/500  Runtime: 14.07s  EpochLoss: 0.4021589350  RandomIterLoss: 0.3917821944  lr: 9.984e-03  
2024-11-07 11:23:40 - INFO - Epoch:  148/500  Runtime: 14.27s  EpochLoss: 0.4112563587  RandomIterLoss: 0.4030458331  lr: 9.993e-03  
2024-11-07 11:23:54 - INFO - Epoch:  149/500  Runtime: 14.54s  EpochLoss: 0.4113757698  RandomIterLoss: 0.4185353816  lr: 9.996e-03  
2024-11-07 11:24:09 - INFO - Epoch:  150/500  Runtime: 14.29s  EpochLoss: 0.4091249745  RandomIterLoss: 0.4771525562  lr: 9.999e-03  
2024-11-07 11:24:10 - INFO - Eval Epoch: 150
2024-11-07 11:24:10 - INFO - Overall Accuracy: 82.57 || Mean Overall Accuracy: 69.46
2024-11-07 11:24:10 - INFO - Mean IoU: 0.608 || Per-class IoU score:  Ground=0.768  Building=0.822  Trees=0.824  Low vegetation=0.571  Artifacts=0.053  
2024-11-07 11:24:10 - INFO - Macro F1: 0.701 || Per-class  F1 score:  Ground=0.869  Building=0.902  Trees=0.904  Low vegetation=0.727  Artifacts=0.102  

2024-11-07 11:24:24 - INFO - Epoch:  151/500  Runtime: 14.08s  EpochLoss: 0.3958398192  RandomIterLoss: 0.3434919417  lr: 1.000e-02  
2024-11-07 11:24:38 - INFO - Epoch:  152/500  Runtime: 13.82s  EpochLoss: 0.4019484337  RandomIterLoss: 0.5138322711  lr: 1.000e-02  
2024-11-07 11:24:52 - INFO - Epoch:  153/500  Runtime: 14.22s  EpochLoss: 0.3973748887  RandomIterLoss: 0.5431410074  lr: 9.999e-03  
2024-11-07 11:25:06 - INFO - Epoch:  154/500  Runtime: 14.38s  EpochLoss: 0.3880009407  RandomIterLoss: 0.3348307908  lr: 9.997e-03  
2024-11-07 11:25:21 - INFO - Epoch:  155/500  Runtime: 14.27s  EpochLoss: 0.3959886838  RandomIterLoss: 0.3295204341  lr: 9.995e-03  
2024-11-07 11:25:35 - INFO - Epoch:  156/500  Runtime: 14.25s  EpochLoss: 0.3950600197  RandomIterLoss: 0.3371625245  lr: 9.994e-03  
2024-11-07 11:25:49 - INFO - Epoch:  157/500  Runtime: 14.04s  EpochLoss: 0.3977894803  RandomIterLoss: 0.3911198974  lr: 9.992e-03  
2024-11-07 11:26:03 - INFO - Epoch:  158/500  Runtime: 14.24s  EpochLoss: 0.4067790820  RandomIterLoss: 0.3342676461  lr: 9.988e-03  
2024-11-07 11:26:17 - INFO - Epoch:  159/500  Runtime: 14.08s  EpochLoss: 0.3988838724  RandomIterLoss: 0.3517650068  lr: 9.986e-03  
2024-11-07 11:26:31 - INFO - Epoch:  160/500  Runtime: 14.15s  EpochLoss: 0.4056081365  RandomIterLoss: 0.4412999749  lr: 9.983e-03  
2024-11-07 11:26:45 - INFO - Epoch:  161/500  Runtime: 13.65s  EpochLoss: 0.3978203881  RandomIterLoss: 0.5755294561  lr: 9.977e-03  
2024-11-07 11:26:59 - INFO - Epoch:  162/500  Runtime: 13.95s  EpochLoss: 0.4071694924  RandomIterLoss: 0.3995737135  lr: 9.975e-03  
2024-11-07 11:27:13 - INFO - Epoch:  163/500  Runtime: 14.09s  EpochLoss: 0.4027235528  RandomIterLoss: 0.3902918994  lr: 9.968e-03  
2024-11-07 11:27:27 - INFO - Epoch:  164/500  Runtime: 13.91s  EpochLoss: 0.3825833940  RandomIterLoss: 0.3907033503  lr: 9.961e-03  
2024-11-07 11:27:41 - INFO - Epoch:  165/500  Runtime: 14.30s  EpochLoss: 0.3947846111  RandomIterLoss: 0.3476690054  lr: 9.957e-03  
2024-11-07 11:27:55 - INFO - Epoch:  166/500  Runtime: 14.07s  EpochLoss: 0.3969137736  RandomIterLoss: 0.3434862196  lr: 9.952e-03  
2024-11-07 11:28:09 - INFO - Epoch:  167/500  Runtime: 13.87s  EpochLoss: 0.3889258470  
2024-11-07 11:28:23 - INFO - Epoch:  168/500  Runtime: 14.02s  EpochLoss: 0.3877120519  RandomIterLoss: 0.4087315202  lr: 9.937e-03  
2024-11-07 11:28:37 - INFO - Epoch:  169/500  Runtime: 14.12s  EpochLoss: 0.3851229305  RandomIterLoss: 0.4141534865  lr: 9.931e-03  
2024-11-07 11:28:52 - INFO - Epoch:  170/500  Runtime: 14.33s  EpochLoss: 0.3992957019  RandomIterLoss: 0.3990584910  lr: 9.927e-03  
2024-11-07 11:29:06 - INFO - Epoch:  171/500  Runtime: 14.35s  EpochLoss: 0.3908096593  RandomIterLoss: 0.5009055138  lr: 9.917e-03  
2024-11-07 11:29:21 - INFO - Epoch:  172/500  Runtime: 14.74s  EpochLoss: 0.3796177669  
2024-11-07 11:29:35 - INFO - Epoch:  173/500  Runtime: 14.12s  EpochLoss: 0.3695412149  RandomIterLoss: 0.4292594194  lr: 9.902e-03  
2024-11-07 11:29:49 - INFO - Epoch:  174/500  Runtime: 14.39s  EpochLoss: 0.3835921342  RandomIterLoss: 0.4178685546  lr: 9.888e-03  
2024-11-07 11:30:04 - INFO - Epoch:  175/500  Runtime: 14.36s  EpochLoss: 0.3834472614  RandomIterLoss: 0.4109922945  lr: 9.882e-03  
2024-11-07 11:30:17 - INFO - Epoch:  176/500  Runtime: 13.90s  EpochLoss: 0.3902570639  RandomIterLoss: 0.3726844490  lr: 9.871e-03  
2024-11-07 11:30:31 - INFO - Epoch:  177/500  Runtime: 13.77s  EpochLoss: 0.3852493953  RandomIterLoss: 0.4236311615  lr: 9.855e-03  
2024-11-07 11:30:46 - INFO - Epoch:  178/500  Runtime: 14.52s  EpochLoss: 0.3966527595  RandomIterLoss: 0.4270755351  lr: 9.848e-03  
2024-11-07 11:31:00 - INFO - Epoch:  179/500  Runtime: 14.06s  EpochLoss: 0.3866317875  RandomIterLoss: 0.3411462605  lr: 9.838e-03  
2024-11-07 11:31:14 - INFO - Epoch:  180/500  Runtime: 13.86s  EpochLoss: 0.3706372915  RandomIterLoss: 0.2799755335  lr: 9.826e-03  
2024-11-07 11:31:15 - INFO - Eval Epoch: 180
2024-11-07 11:31:15 - INFO - Overall Accuracy: 83.97 || Mean Overall Accuracy: 71.38
2024-11-07 11:31:15 - INFO - Mean IoU: 0.627 || Per-class IoU score:  Ground=0.801  Building=0.885  Trees=0.805  Low vegetation=0.543  Artifacts=0.104  
2024-11-07 11:31:15 - INFO - Macro F1: 0.722 || Per-class  F1 score:  Ground=0.889  Building=0.939  Trees=0.892  Low vegetation=0.703  Artifacts=0.188  

2024-11-07 11:31:30 - INFO - Epoch:  181/500  Runtime: 14.73s  EpochLoss: 0.3802476044  RandomIterLoss: 0.3915101290  lr: 9.815e-03  
2024-11-07 11:31:43 - INFO - Epoch:  182/500  Runtime: 13.95s  EpochLoss: 0.3727628954  RandomIterLoss: 0.3412234783  lr: 9.803e-03  
2024-11-07 11:31:57 - INFO - Epoch:  183/500  Runtime: 13.88s  EpochLoss: 0.3842171343  RandomIterLoss: 0.3433783352  lr: 9.792e-03  
2024-11-07 11:32:11 - INFO - Epoch:  184/500  Runtime: 13.98s  EpochLoss: 0.3744713298  RandomIterLoss: 0.3466608226  lr: 9.773e-03  
2024-11-07 11:32:26 - INFO - Epoch:  185/500  Runtime: 14.18s  EpochLoss: 0.3724097454  RandomIterLoss: 0.3559201062  lr: 9.764e-03  
2024-11-07 11:32:40 - INFO - Epoch:  186/500  Runtime: 14.03s  EpochLoss: 0.3911507746  RandomIterLoss: 0.4530952275  lr: 9.749e-03  
2024-11-07 11:32:53 - INFO - Epoch:  187/500  Runtime: 13.87s  EpochLoss: 0.3836622970  RandomIterLoss: 0.3122881353  lr: 9.736e-03  
2024-11-07 11:33:07 - INFO - Epoch:  188/500  Runtime: 14.08s  EpochLoss: 0.3751065548  RandomIterLoss: 0.3653838933  lr: 9.713e-03  
2024-11-07 11:33:22 - INFO - Epoch:  189/500  Runtime: 14.38s  EpochLoss: 0.3760387044  RandomIterLoss: 0.3979703188  lr: 9.702e-03  
2024-11-07 11:33:37 - INFO - Epoch:  190/500  Runtime: 14.87s  EpochLoss: 0.3809122653  RandomIterLoss: 0.2982705832  lr: 9.695e-03  
2024-11-07 11:33:50 - INFO - Epoch:  191/500  Runtime: 13.68s  EpochLoss: 0.3771841452  RandomIterLoss: 0.4218379557  lr: 9.680e-03  
2024-11-07 11:34:04 - INFO - Epoch:  192/500  Runtime: 13.95s  EpochLoss: 0.3791724985  RandomIterLoss: 0.3432668149  lr: 9.654e-03  
2024-11-07 11:34:18 - INFO - Epoch:  193/500  Runtime: 13.86s  EpochLoss: 0.3800903911  RandomIterLoss: 0.2976171076  lr: 9.640e-03  
2024-11-07 11:34:32 - INFO - Epoch:  194/500  Runtime: 13.92s  EpochLoss: 0.3902075805  RandomIterLoss: 0.3788413703  lr: 9.619e-03  
2024-11-07 11:34:47 - INFO - Epoch:  195/500  Runtime: 14.49s  EpochLoss: 0.3843629831  RandomIterLoss: 0.3254191279  lr: 9.610e-03  
2024-11-07 11:35:01 - INFO - Epoch:  196/500  Runtime: 14.34s  EpochLoss: 0.3681871668  RandomIterLoss: 0.3695693016  lr: 9.583e-03  
2024-11-07 11:35:15 - INFO - Epoch:  197/500  Runtime: 14.05s  EpochLoss: 0.3813466694  RandomIterLoss: 0.4186693728  lr: 9.563e-03  
2024-11-07 11:35:29 - INFO - Epoch:  198/500  Runtime: 14.22s  EpochLoss: 0.3780883259  RandomIterLoss: 0.3595587611  lr: 9.553e-03  
2024-11-07 11:35:43 - INFO - Epoch:  199/500  Runtime: 14.09s  EpochLoss: 0.3777273961  RandomIterLoss: 0.3525301218  lr: 9.538e-03  
2024-11-07 11:35:57 - INFO - Epoch:  200/500  Runtime: 14.09s  EpochLoss: 0.3700080101  RandomIterLoss: 0.3340037167  lr: 9.509e-03  
2024-11-07 11:36:11 - INFO - Epoch:  201/500  Runtime: 13.96s  EpochLoss: 0.3702274717  RandomIterLoss: 0.3848484159  lr: 9.495e-03  
2024-11-07 11:36:25 - INFO - Epoch:  202/500  Runtime: 13.85s  EpochLoss: 0.3663559922  RandomIterLoss: 0.2849990726  lr: 9.483e-03  
2024-11-07 11:36:39 - INFO - Epoch:  203/500  Runtime: 14.25s  EpochLoss: 0.3724871776  RandomIterLoss: 0.3701168001  lr: 9.447e-03  
2024-11-07 11:36:54 - INFO - Epoch:  204/500  Runtime: 14.32s  EpochLoss: 0.3549758927  RandomIterLoss: 0.3363234103  lr: 9.427e-03  
2024-11-07 11:37:08 - INFO - Epoch:  205/500  Runtime: 14.06s  EpochLoss: 0.3804585013  RandomIterLoss: 0.4448241889  lr: 9.417e-03  
2024-11-07 11:37:22 - INFO - Epoch:  206/500  Runtime: 14.23s  EpochLoss: 0.3772793493  RandomIterLoss: 0.2904817462  lr: 9.383e-03  
2024-11-07 11:37:37 - INFO - Epoch:  207/500  Runtime: 14.40s  EpochLoss: 0.3763493801  RandomIterLoss: 0.4316638410  lr: 9.360e-03  
2024-11-07 11:37:50 - INFO - Epoch:  208/500  Runtime: 13.84s  EpochLoss: 0.3629931022  RandomIterLoss: 0.3332531154  lr: 9.357e-03  
2024-11-07 11:38:04 - INFO - Epoch:  209/500  Runtime: 14.12s  EpochLoss: 0.3690161515  RandomIterLoss: 0.3706553578  lr: 9.315e-03  
2024-11-07 11:38:18 - INFO - Epoch:  210/500  Runtime: 14.03s  EpochLoss: 0.3706508042  RandomIterLoss: 0.3878607452  lr: 9.300e-03  
2024-11-07 11:38:20 - INFO - Eval Epoch: 210
2024-11-07 11:38:20 - INFO - Overall Accuracy: 83.59 || Mean Overall Accuracy: 68.07
2024-11-07 11:38:20 - INFO - Mean IoU: 0.602 || Per-class IoU score:  Ground=0.799  Building=0.885  Trees=0.777  Low vegetation=0.493  Artifacts=0.056  
2024-11-07 11:38:20 - INFO - Macro F1: 0.694 || Per-class  F1 score:  Ground=0.888  Building=0.939  Trees=0.874  Low vegetation=0.661  Artifacts=0.106  

2024-11-07 11:38:34 - INFO - Epoch:  211/500  Runtime: 14.05s  EpochLoss: 0.3609768833  RandomIterLoss: 0.3867954612  lr: 9.272e-03  
2024-11-07 11:38:48 - INFO - Epoch:  212/500  Runtime: 14.15s  EpochLoss: 0.3714051111  RandomIterLoss: 0.3737688959  lr: 9.254e-03  
2024-11-07 11:39:02 - INFO - Epoch:  213/500  Runtime: 14.41s  EpochLoss: 0.3636771718  RandomIterLoss: 0.3608608544  lr: 9.230e-03  
2024-11-07 11:39:17 - INFO - Epoch:  214/500  Runtime: 14.66s  EpochLoss: 0.3659989478  RandomIterLoss: 0.4532669783  lr: 9.197e-03  
2024-11-07 11:39:31 - INFO - Epoch:  215/500  Runtime: 14.20s  EpochLoss: 0.3698445769  RandomIterLoss: 0.3292211294  lr: 9.183e-03  
2024-11-07 11:39:46 - INFO - Epoch:  216/500  Runtime: 14.53s  EpochLoss: 0.3641763106  RandomIterLoss: 0.3629324138  lr: 9.159e-03  
2024-11-07 11:40:00 - INFO - Epoch:  217/500  Runtime: 14.65s  EpochLoss: 0.3679380078  RandomIterLoss: 0.3485204279  lr: 9.133e-03  
2024-11-07 11:40:14 - INFO - Epoch:  218/500  Runtime: 14.14s  EpochLoss: 0.3619187843  RandomIterLoss: 0.4612272680  lr: 9.115e-03  
2024-11-07 11:40:29 - INFO - Epoch:  219/500  Runtime: 14.30s  EpochLoss: 0.3523984396  RandomIterLoss: 0.3613371849  lr: 9.085e-03  
2024-11-07 11:40:43 - INFO - Epoch:  220/500  Runtime: 13.95s  EpochLoss: 0.3559235653  RandomIterLoss: 0.3059090376  lr: 9.055e-03  
2024-11-07 11:40:57 - INFO - Epoch:  221/500  Runtime: 14.21s  EpochLoss: 0.3546571061  RandomIterLoss: 0.2387389541  lr: 9.018e-03  
2024-11-07 11:41:11 - INFO - Epoch:  222/500  Runtime: 14.21s  EpochLoss: 0.3596697392  RandomIterLoss: 0.3286514580  lr: 8.995e-03  
2024-11-07 11:41:25 - INFO - Epoch:  223/500  Runtime: 14.19s  EpochLoss: 0.3758000853  RandomIterLoss: 0.2989851832  lr: 8.990e-03  
2024-11-07 11:41:39 - INFO - Epoch:  224/500  Runtime: 14.19s  EpochLoss: 0.3813393428  RandomIterLoss: 0.4100090563  lr: 8.954e-03  
2024-11-07 11:41:54 - INFO - Epoch:  225/500  Runtime: 14.37s  EpochLoss: 0.3627515178  RandomIterLoss: 0.2611351609  lr: 8.922e-03  
2024-11-07 11:42:08 - INFO - Epoch:  226/500  Runtime: 14.56s  EpochLoss: 0.3523886942  RandomIterLoss: 0.3611134291  lr: 8.906e-03  
2024-11-07 11:42:23 - INFO - Epoch:  227/500  Runtime: 14.40s  EpochLoss: 0.3526066305  RandomIterLoss: 0.3909989297  lr: 8.880e-03  
2024-11-07 11:42:37 - INFO - Epoch:  228/500  Runtime: 14.05s  EpochLoss: 0.3579606014  RandomIterLoss: 0.4598965943  lr: 8.840e-03  
2024-11-07 11:42:51 - INFO - Epoch:  229/500  Runtime: 14.25s  EpochLoss: 0.3596051173  RandomIterLoss: 0.3640749753  lr: 8.817e-03  
2024-11-07 11:43:05 - INFO - Epoch:  230/500  Runtime: 14.24s  EpochLoss: 0.3608959768  RandomIterLoss: 0.4417032897  lr: 8.789e-03  
2024-11-07 11:43:19 - INFO - Epoch:  231/500  Runtime: 14.20s  EpochLoss: 0.3563675257  RandomIterLoss: 0.2918593884  lr: 8.738e-03  
2024-11-07 11:43:34 - INFO - Epoch:  232/500  Runtime: 14.30s  EpochLoss: 0.3577026857  RandomIterLoss: 0.4640202820  lr: 8.714e-03  
2024-11-07 11:43:48 - INFO - Epoch:  233/500  Runtime: 14.32s  EpochLoss: 0.3479204059  RandomIterLoss: 0.3598857820  lr: 8.682e-03  
2024-11-07 11:44:02 - INFO - Epoch:  234/500  Runtime: 14.36s  EpochLoss: 0.3494585580  RandomIterLoss: 0.2948618233  lr: 8.662e-03  
2024-11-07 11:44:17 - INFO - Epoch:  235/500  Runtime: 14.26s  EpochLoss: 0.3520252136  RandomIterLoss: 0.2694839239  lr: 8.636e-03  
2024-11-07 11:44:31 - INFO - Epoch:  236/500  Runtime: 14.38s  EpochLoss: 0.3551765599  RandomIterLoss: 0.3623798192  lr: 8.609e-03  
2024-11-07 11:44:45 - INFO - Epoch:  237/500  Runtime: 14.33s  EpochLoss: 0.3552529175  RandomIterLoss: 0.3853599131  lr: 8.579e-03  
2024-11-07 11:45:00 - INFO - Epoch:  238/500  Runtime: 14.09s  EpochLoss: 0.3603115705  RandomIterLoss: 0.3896226287  lr: 8.538e-03  
2024-11-07 11:45:14 - INFO - Epoch:  239/500  Runtime: 14.27s  EpochLoss: 0.3538363271  RandomIterLoss: 0.4090361595  lr: 8.509e-03  
2024-11-07 11:45:28 - INFO - Epoch:  240/500  Runtime: 14.05s  EpochLoss: 0.3487961235  RandomIterLoss: 0.4667931199  lr: 8.457e-03  
2024-11-07 11:45:29 - INFO - Eval Epoch: 240
2024-11-07 11:45:29 - INFO - Overall Accuracy: 84.05 || Mean Overall Accuracy: 67.80
2024-11-07 11:45:29 - INFO - Mean IoU: 0.604 || Per-class IoU score:  Ground=0.801  Building=0.852  Trees=0.781  Low vegetation=0.533  Artifacts=0.051  
2024-11-07 11:45:29 - INFO - Macro F1: 0.696 || Per-class  F1 score:  Ground=0.890  Building=0.920  Trees=0.877  Low vegetation=0.695  Artifacts=0.097  

2024-11-07 11:45:43 - INFO - Epoch:  241/500  Runtime: 14.34s  EpochLoss: 0.3411245410  RandomIterLoss: 0.2779673338  lr: 8.440e-03  
2024-11-07 11:45:58 - INFO - Epoch:  242/500  Runtime: 14.31s  EpochLoss: 0.3431336853  RandomIterLoss: 0.3627159595  lr: 8.402e-03  
2024-11-07 11:46:12 - INFO - Epoch:  243/500  Runtime: 14.40s  EpochLoss: 0.3487090380  RandomIterLoss: 0.2748012245  lr: 8.369e-03  
2024-11-07 11:46:26 - INFO - Epoch:  244/500  Runtime: 14.12s  EpochLoss: 0.3407858576  RandomIterLoss: 0.4000346363  lr: 8.337e-03  
2024-11-07 11:46:41 - INFO - Epoch:  245/500  Runtime: 14.41s  EpochLoss: 0.3492080549  RandomIterLoss: 0.3789494634  lr: 8.302e-03  
2024-11-07 11:46:55 - INFO - Epoch:  246/500  Runtime: 14.03s  EpochLoss: 0.3314637098  RandomIterLoss: 0.3463384211  lr: 8.256e-03  
2024-11-07 11:47:09 - INFO - Epoch:  247/500  Runtime: 14.28s  EpochLoss: 0.3490667973  RandomIterLoss: 0.3539394140  lr: 8.226e-03  
2024-11-07 11:47:23 - INFO - Epoch:  248/500  Runtime: 14.18s  EpochLoss: 0.3410039266  RandomIterLoss: 0.4071675837  lr: 8.190e-03  
2024-11-07 11:47:37 - INFO - Epoch:  249/500  Runtime: 13.98s  EpochLoss: 0.3363601579  RandomIterLoss: 0.2798328102  lr: 8.182e-03  
2024-11-07 11:47:51 - INFO - Epoch:  250/500  Runtime: 14.02s  EpochLoss: 0.3439091993  RandomIterLoss: 0.4261420369  lr: 8.144e-03  
2024-11-07 11:48:05 - INFO - Epoch:  251/500  Runtime: 13.77s  EpochLoss: 0.3421447501  RandomIterLoss: 0.2960902452  lr: 8.087e-03  
2024-11-07 11:48:19 - INFO - Epoch:  252/500  Runtime: 13.82s  EpochLoss: 0.3413030370  RandomIterLoss: 0.3005531132  lr: 8.060e-03  
2024-11-07 11:48:32 - INFO - Epoch:  253/500  Runtime: 13.78s  EpochLoss: 0.3383572914  RandomIterLoss: 0.3432429731  lr: 8.021e-03  
2024-11-07 11:48:46 - INFO - Epoch:  254/500  Runtime: 13.79s  EpochLoss: 0.3430699523  RandomIterLoss: 0.3571146131  lr: 8.002e-03  
2024-11-07 11:49:00 - INFO - Epoch:  255/500  Runtime: 14.05s  EpochLoss: 0.3426663435  RandomIterLoss: 0.3734326363  lr: 7.942e-03  
2024-11-07 11:49:14 - INFO - Epoch:  256/500  Runtime: 13.81s  EpochLoss: 0.3387285024  RandomIterLoss: 0.3363785148  lr: 7.924e-03  
2024-11-07 11:49:28 - INFO - Epoch:  257/500  Runtime: 13.79s  EpochLoss: 0.3359510391  RandomIterLoss: 0.3172537982  lr: 7.883e-03  
2024-11-07 11:49:42 - INFO - Epoch:  258/500  Runtime: 13.64s  EpochLoss: 0.3394504687  RandomIterLoss: 0.3792458475  lr: 7.840e-03  
2024-11-07 11:49:55 - INFO - Epoch:  259/500  Runtime: 13.84s  EpochLoss: 0.3337182707  RandomIterLoss: 0.4329800904  lr: 7.795e-03  
2024-11-07 11:50:10 - INFO - Epoch:  260/500  Runtime: 14.21s  EpochLoss: 0.3306159045  RandomIterLoss: 0.3069677651  lr: 7.760e-03  
2024-11-07 11:50:23 - INFO - Epoch:  261/500  Runtime: 13.61s  EpochLoss: 0.3324405910  RandomIterLoss: 0.4900499284  lr: 7.719e-03  
2024-11-07 11:50:37 - INFO - Epoch:  262/500  Runtime: 14.05s  EpochLoss: 0.3337947347  RandomIterLoss: 0.2897297144  lr: 7.714e-03  
2024-11-07 11:50:51 - INFO - Epoch:  263/500  Runtime: 13.89s  EpochLoss: 0.3341949501  RandomIterLoss: 0.3985134959  lr: 7.670e-03  
2024-11-07 11:51:05 - INFO - Epoch:  264/500  Runtime: 13.52s  EpochLoss: 0.3278437582  RandomIterLoss: 0.2587648630  lr: 7.639e-03  
2024-11-07 11:51:18 - INFO - Epoch:  265/500  Runtime: 13.70s  EpochLoss: 0.3314174617  RandomIterLoss: 0.2741742134  lr: 7.594e-03  
2024-11-07 11:51:33 - INFO - Epoch:  266/500  Runtime: 14.17s  EpochLoss: 0.3372242356  RandomIterLoss: 0.2799192369  lr: 7.527e-03  
2024-11-07 11:51:46 - INFO - Epoch:  267/500  Runtime: 13.82s  EpochLoss: 0.3309599666  RandomIterLoss: 0.3828259706  lr: 7.511e-03  
2024-11-07 11:52:00 - INFO - Epoch:  268/500  Runtime: 13.80s  EpochLoss: 0.3398845507  RandomIterLoss: 0.3456915617  lr: 7.453e-03  
2024-11-07 11:52:14 - INFO - Epoch:  269/500  Runtime: 13.90s  EpochLoss: 0.3366355029  RandomIterLoss: 0.3240632713  lr: 7.413e-03  
2024-11-07 11:52:28 - INFO - Epoch:  270/500  Runtime: 13.52s  EpochLoss: 0.3365239467  RandomIterLoss: 0.3562235832  lr: 7.398e-03  
2024-11-07 11:52:29 - INFO - Eval Epoch: 270
2024-11-07 11:52:29 - INFO - Overall Accuracy: 84.74 || Mean Overall Accuracy: 69.72
2024-11-07 11:52:29 - INFO - Mean IoU: 0.620 || Per-class IoU score:  Ground=0.810  Building=0.852  Trees=0.783  Low vegetation=0.569  Artifacts=0.085  
2024-11-07 11:52:29 - INFO - Macro F1: 0.715 || Per-class  F1 score:  Ground=0.895  Building=0.920  Trees=0.878  Low vegetation=0.726  Artifacts=0.157  

2024-11-07 11:52:42 - INFO - Epoch:  271/500  Runtime: 13.62s  EpochLoss: 0.3352822949  RandomIterLoss: 0.3125036061  lr: 7.359e-03  
2024-11-07 11:52:56 - INFO - Epoch:  272/500  Runtime: 13.80s  EpochLoss: 0.3322527246  RandomIterLoss: 0.3116975427  lr: 7.301e-03  
2024-11-07 11:53:10 - INFO - Epoch:  273/500  Runtime: 13.90s  EpochLoss: 0.3300740888  RandomIterLoss: 0.4808481932  lr: 7.267e-03  
2024-11-07 11:53:24 - INFO - Epoch:  274/500  Runtime: 13.64s  EpochLoss: 0.3188398267  RandomIterLoss: 0.2187206596  lr: 7.236e-03  
2024-11-07 11:53:37 - INFO - Epoch:  275/500  Runtime: 13.82s  EpochLoss: 0.3189861026  RandomIterLoss: 0.3215763271  lr: 7.200e-03  
2024-11-07 11:53:51 - INFO - Epoch:  276/500  Runtime: 13.70s  EpochLoss: 0.3304134059  
2024-11-07 11:54:05 - INFO - Epoch:  277/500  Runtime: 13.96s  EpochLoss: 0.3238023818  RandomIterLoss: 0.2903453410  lr: 7.092e-03  
2024-11-07 11:54:19 - INFO - Epoch:  278/500  Runtime: 13.96s  EpochLoss: 0.3221307140  RandomIterLoss: 0.3085368872  lr: 7.063e-03  
2024-11-07 11:54:33 - INFO - Epoch:  279/500  Runtime: 13.82s  EpochLoss: 0.3242196637  RandomIterLoss: 0.3234449923  lr: 7.017e-03  
2024-11-07 11:54:47 - INFO - Epoch:  280/500  Runtime: 13.89s  EpochLoss: 0.3316549466  RandomIterLoss: 0.2508175671  lr: 6.974e-03  
2024-11-07 11:55:01 - INFO - Epoch:  281/500  Runtime: 13.89s  EpochLoss: 0.3264449164  RandomIterLoss: 0.2972477376  lr: 6.935e-03  
2024-11-07 11:55:14 - INFO - Epoch:  282/500  Runtime: 13.79s  EpochLoss: 0.3255056519  RandomIterLoss: 0.2957968712  lr: 6.922e-03  
2024-11-07 11:55:28 - INFO - Epoch:  283/500  Runtime: 13.88s  EpochLoss: 0.3233848844  RandomIterLoss: 0.2615844011  lr: 6.843e-03  
2024-11-07 11:55:42 - INFO - Epoch:  284/500  Runtime: 13.80s  EpochLoss: 0.3247921880  RandomIterLoss: 0.2980490923  lr: 6.824e-03  
2024-11-07 11:55:56 - INFO - Epoch:  285/500  Runtime: 13.84s  EpochLoss: 0.3247175176  RandomIterLoss: 0.2997048497  lr: 6.793e-03  
2024-11-07 11:56:10 - INFO - Epoch:  286/500  Runtime: 13.83s  EpochLoss: 0.3149707263  RandomIterLoss: 0.3053818643  lr: 6.740e-03  
2024-11-07 11:56:24 - INFO - Epoch:  287/500  Runtime: 13.85s  EpochLoss: 0.3213211305  RandomIterLoss: 0.2741795480  lr: 6.695e-03  
2024-11-07 11:56:38 - INFO - Epoch:  288/500  Runtime: 13.84s  EpochLoss: 0.3159734370  RandomIterLoss: 0.2871805131  lr: 6.652e-03  
2024-11-07 11:56:51 - INFO - Epoch:  289/500  Runtime: 13.73s  EpochLoss: 0.3243355863  RandomIterLoss: 0.2692309022  lr: 6.618e-03  
2024-11-07 11:57:05 - INFO - Epoch:  290/500  Runtime: 13.80s  EpochLoss: 0.3197552040  RandomIterLoss: 0.3852944970  lr: 6.559e-03  
2024-11-07 11:57:19 - INFO - Epoch:  291/500  Runtime: 13.69s  EpochLoss: 0.3219481463  RandomIterLoss: 0.3484958112  lr: 6.531e-03  
2024-11-07 11:57:33 - INFO - Epoch:  292/500  Runtime: 13.82s  EpochLoss: 0.3084799390  RandomIterLoss: 0.3089685440  lr: 6.472e-03  
2024-11-07 11:57:46 - INFO - Epoch:  293/500  Runtime: 13.79s  EpochLoss: 0.3117793731  RandomIterLoss: 0.3657643199  lr: 6.443e-03  
2024-11-07 11:58:00 - INFO - Epoch:  294/500  Runtime: 13.98s  EpochLoss: 0.3232318722  RandomIterLoss: 0.2614479065  lr: 6.390e-03  
2024-11-07 11:58:14 - INFO - Epoch:  295/500  Runtime: 13.90s  EpochLoss: 0.3234593272  RandomIterLoss: 0.3083075583  lr: 6.357e-03  
2024-11-07 11:58:28 - INFO - Epoch:  296/500  Runtime: 13.75s  EpochLoss: 0.3155357343  RandomIterLoss: 0.2332513928  lr: 6.309e-03  
2024-11-07 11:58:42 - INFO - Epoch:  297/500  Runtime: 13.90s  EpochLoss: 0.3232658455  RandomIterLoss: 0.4211908877  lr: 6.245e-03  
2024-11-07 11:58:55 - INFO - Epoch:  298/500  Runtime: 13.58s  EpochLoss: 0.3178557022  RandomIterLoss: 0.3040775955  lr: 6.225e-03  
2024-11-07 11:59:09 - INFO - Epoch:  299/500  Runtime: 13.83s  EpochLoss: 0.3124802031  RandomIterLoss: 0.3701996803  lr: 6.187e-03  
2024-11-07 11:59:23 - INFO - Epoch:  300/500  Runtime: 13.75s  EpochLoss: 0.3128398393  RandomIterLoss: 0.2630104125  lr: 6.151e-03  
2024-11-07 11:59:24 - INFO - Eval Epoch: 300
2024-11-07 11:59:24 - INFO - Overall Accuracy: 83.97 || Mean Overall Accuracy: 68.20
2024-11-07 11:59:24 - INFO - Mean IoU: 0.600 || Per-class IoU score:  Ground=0.807  Building=0.791  Trees=0.743  Low vegetation=0.572  Artifacts=0.087  
2024-11-07 11:59:24 - INFO - Macro F1: 0.704 || Per-class  F1 score:  Ground=0.893  Building=0.883  Trees=0.853  Low vegetation=0.728  Artifacts=0.161  

2024-11-07 11:59:38 - INFO - Epoch:  301/500  Runtime: 13.97s  EpochLoss: 0.3091787655  RandomIterLoss: 0.3563519716  lr: 6.101e-03  
2024-11-07 11:59:52 - INFO - Epoch:  302/500  Runtime: 13.82s  EpochLoss: 0.3141830472  RandomIterLoss: 0.2340665311  lr: 6.056e-03  
2024-11-07 12:00:06 - INFO - Epoch:  303/500  Runtime: 13.69s  EpochLoss: 0.3120260980  RandomIterLoss: 0.4226805866  lr: 6.022e-03  
2024-11-07 12:00:19 - INFO - Epoch:  304/500  Runtime: 13.71s  EpochLoss: 0.3204864474  RandomIterLoss: 0.3535477519  lr: 5.944e-03  
2024-11-07 12:00:33 - INFO - Epoch:  305/500  Runtime: 13.83s  EpochLoss: 0.3179128001  RandomIterLoss: 0.2526139617  lr: 5.926e-03  
2024-11-07 12:00:47 - INFO - Epoch:  306/500  Runtime: 13.95s  EpochLoss: 0.3126497672  RandomIterLoss: 0.2973705828  lr: 5.860e-03  
2024-11-07 12:01:01 - INFO - Epoch:  307/500  Runtime: 14.03s  EpochLoss: 0.3041339313  RandomIterLoss: 0.3150031567  lr: 5.821e-03  
2024-11-07 12:01:15 - INFO - Epoch:  308/500  Runtime: 13.70s  EpochLoss: 0.3054011447  RandomIterLoss: 0.3042213023  lr: 5.773e-03  
2024-11-07 12:01:29 - INFO - Epoch:  309/500  Runtime: 13.87s  EpochLoss: 0.3069513616  RandomIterLoss: 0.2505696118  lr: 5.727e-03  
2024-11-07 12:01:43 - INFO - Epoch:  310/500  Runtime: 13.94s  EpochLoss: 0.3100924021  RandomIterLoss: 0.3231864274  lr: 5.703e-03  
2024-11-07 12:01:56 - INFO - Epoch:  311/500  Runtime: 13.74s  EpochLoss: 0.3146786388  RandomIterLoss: 0.3507885635  lr: 5.663e-03  
2024-11-07 12:02:10 - INFO - Epoch:  312/500  Runtime: 13.80s  EpochLoss: 0.3143980567  RandomIterLoss: 0.3033781350  lr: 5.595e-03  
2024-11-07 12:02:24 - INFO - Epoch:  313/500  Runtime: 13.77s  EpochLoss: 0.3000615222  RandomIterLoss: 0.2934244871  lr: 5.565e-03  
2024-11-07 12:02:38 - INFO - Epoch:  314/500  Runtime: 13.98s  EpochLoss: 0.3009007495  RandomIterLoss: 0.2618018091  lr: 5.534e-03  
2024-11-07 12:02:52 - INFO - Epoch:  315/500  Runtime: 13.68s  EpochLoss: 0.3045318259  RandomIterLoss: 0.4116631448  lr: 5.491e-03  
2024-11-07 12:03:05 - INFO - Epoch:  316/500  Runtime: 13.65s  EpochLoss: 0.3068195859  RandomIterLoss: 0.3223585784  lr: 5.413e-03  
2024-11-07 12:03:19 - INFO - Epoch:  317/500  Runtime: 13.85s  EpochLoss: 0.3028906577  RandomIterLoss: 0.2940056622  lr: 5.368e-03  
2024-11-07 12:03:33 - INFO - Epoch:  318/500  Runtime: 13.72s  EpochLoss: 0.3114797934  RandomIterLoss: 0.3233827651  lr: 5.352e-03  
2024-11-07 12:03:47 - INFO - Epoch:  319/500  Runtime: 13.81s  EpochLoss: 0.3015465808  RandomIterLoss: 0.2943513095  lr: 5.284e-03  
2024-11-07 12:04:01 - INFO - Epoch:  320/500  Runtime: 13.97s  EpochLoss: 0.3039479550  RandomIterLoss: 0.3008791804  lr: 5.254e-03  
2024-11-07 12:04:14 - INFO - Epoch:  321/500  Runtime: 13.84s  EpochLoss: 0.3014544012  RandomIterLoss: 0.3434929848  lr: 5.185e-03  
2024-11-07 12:04:28 - INFO - Epoch:  322/500  Runtime: 13.71s  EpochLoss: 0.3029341867  RandomIterLoss: 0.3706418574  lr: 5.167e-03  
2024-11-07 12:04:42 - INFO - Epoch:  323/500  Runtime: 13.80s  EpochLoss: 0.3066264672  RandomIterLoss: 0.3811962306  lr: 5.118e-03  
2024-11-07 12:04:56 - INFO - Epoch:  324/500  Runtime: 13.96s  EpochLoss: 0.3016526672  RandomIterLoss: 0.2498014420  lr: 5.078e-03  
2024-11-07 12:05:10 - INFO - Epoch:  325/500  Runtime: 13.70s  EpochLoss: 0.3047141734  RandomIterLoss: 0.2811422944  lr: 5.036e-03  
2024-11-07 12:05:23 - INFO - Epoch:  326/500  Runtime: 13.67s  EpochLoss: 0.2952578362  RandomIterLoss: 0.3061996996  lr: 4.958e-03  
2024-11-07 12:05:37 - INFO - Epoch:  327/500  Runtime: 13.83s  EpochLoss: 0.2985653623  RandomIterLoss: 0.3436414897  lr: 4.913e-03  
2024-11-07 12:05:51 - INFO - Epoch:  328/500  Runtime: 13.95s  EpochLoss: 0.3038864397  RandomIterLoss: 0.3313225210  lr: 4.908e-03  
2024-11-07 12:06:05 - INFO - Epoch:  329/500  Runtime: 13.97s  EpochLoss: 0.3021810211  RandomIterLoss: 0.2541902363  lr: 4.822e-03  
2024-11-07 12:06:19 - INFO - Epoch:  330/500  Runtime: 14.15s  EpochLoss: 0.3042201894  RandomIterLoss: 0.2887402177  lr: 4.814e-03  
2024-11-07 12:06:20 - INFO - Eval Epoch: 330
2024-11-07 12:06:20 - INFO - Overall Accuracy: 83.34 || Mean Overall Accuracy: 68.23
2024-11-07 12:06:20 - INFO - Mean IoU: 0.601 || Per-class IoU score:  Ground=0.797  Building=0.819  Trees=0.779  Low vegetation=0.536  Artifacts=0.076  
2024-11-07 12:06:20 - INFO - Macro F1: 0.700 || Per-class  F1 score:  Ground=0.887  Building=0.900  Trees=0.876  Low vegetation=0.698  Artifacts=0.141  

2024-11-07 12:06:34 - INFO - Epoch:  331/500  Runtime: 13.70s  EpochLoss: 0.3025845580  RandomIterLoss: 0.3458875120  lr: 4.772e-03  
2024-11-07 12:06:48 - INFO - Epoch:  332/500  Runtime: 13.69s  EpochLoss: 0.3001404405  RandomIterLoss: 0.4253776670  lr: 4.715e-03  
2024-11-07 12:07:01 - INFO - Epoch:  333/500  Runtime: 13.72s  EpochLoss: 0.2960473021  RandomIterLoss: 0.2978843749  lr: 4.679e-03  
2024-11-07 12:07:15 - INFO - Epoch:  334/500  Runtime: 13.91s  EpochLoss: 0.2977083955  RandomIterLoss: 0.2544541657  lr: 4.611e-03  
2024-11-07 12:07:29 - INFO - Epoch:  335/500  Runtime: 13.60s  EpochLoss: 0.2910930223  RandomIterLoss: 0.3140194416  lr: 4.593e-03  
2024-11-07 12:07:43 - INFO - Epoch:  336/500  Runtime: 13.77s  EpochLoss: 0.2906497703  RandomIterLoss: 0.2750042081  lr: 4.524e-03  
2024-11-07 12:07:57 - INFO - Epoch:  337/500  Runtime: 13.94s  EpochLoss: 0.3005760556  RandomIterLoss: 0.2824504972  lr: 4.477e-03  
2024-11-07 12:08:10 - INFO - Epoch:  338/500  Runtime: 13.71s  EpochLoss: 0.2946616164  RandomIterLoss: 0.3138999939  lr: 4.456e-03  
2024-11-07 12:08:24 - INFO - Epoch:  339/500  Runtime: 13.85s  EpochLoss: 0.2918136550  RandomIterLoss: 0.3142591417  lr: 4.390e-03  
2024-11-07 12:08:38 - INFO - Epoch:  340/500  Runtime: 13.93s  EpochLoss: 0.2938091139  RandomIterLoss: 0.2787025273  lr: 4.356e-03  
2024-11-07 12:08:52 - INFO - Epoch:  341/500  Runtime: 13.84s  EpochLoss: 0.2929522429  RandomIterLoss: 0.3976936638  lr: 4.317e-03  
2024-11-07 12:09:06 - INFO - Epoch:  342/500  Runtime: 13.81s  EpochLoss: 0.2901631045  RandomIterLoss: 0.3369005024  lr: 4.273e-03  
2024-11-07 12:09:19 - INFO - Epoch:  343/500  Runtime: 13.58s  EpochLoss: 0.2913359749  RandomIterLoss: 0.3475647867  lr: 4.198e-03  
2024-11-07 12:09:33 - INFO - Epoch:  344/500  Runtime: 13.79s  EpochLoss: 0.2930087227  RandomIterLoss: 0.2517475188  lr: 4.177e-03  
2024-11-07 12:09:47 - INFO - Epoch:  345/500  Runtime: 13.79s  EpochLoss: 0.2959679579  RandomIterLoss: 0.2976290882  lr: 4.119e-03  
2024-11-07 12:10:01 - INFO - Epoch:  346/500  Runtime: 13.78s  EpochLoss: 0.2901496071  RandomIterLoss: 0.2579190731  lr: 4.073e-03  
2024-11-07 12:10:15 - INFO - Epoch:  347/500  Runtime: 13.83s  EpochLoss: 0.2927796052  RandomIterLoss: 0.3433617651  lr: 4.020e-03  
2024-11-07 12:10:28 - INFO - Epoch:  348/500  Runtime: 13.78s  EpochLoss: 0.2895403914  RandomIterLoss: 0.2708934844  lr: 3.984e-03  
2024-11-07 12:10:42 - INFO - Epoch:  349/500  Runtime: 13.80s  EpochLoss: 0.2899889760  RandomIterLoss: 0.3729553819  lr: 3.937e-03  
2024-11-07 12:10:56 - INFO - Epoch:  350/500  Runtime: 13.75s  EpochLoss: 0.2839251909  RandomIterLoss: 0.2691802084  lr: 3.890e-03  
2024-11-07 12:11:10 - INFO - Epoch:  351/500  Runtime: 13.97s  EpochLoss: 0.2904434655  RandomIterLoss: 0.2621261179  lr: 3.845e-03  
2024-11-07 12:11:24 - INFO - Epoch:  352/500  Runtime: 13.77s  EpochLoss: 0.2892474495  RandomIterLoss: 0.3163934946  lr: 3.811e-03  
2024-11-07 12:11:37 - INFO - Epoch:  353/500  Runtime: 13.68s  EpochLoss: 0.2923280634  RandomIterLoss: 0.3057706058  lr: 3.787e-03  
2024-11-07 12:11:51 - INFO - Epoch:  354/500  Runtime: 13.85s  EpochLoss: 0.2843155004  RandomIterLoss: 0.2705899477  lr: 3.720e-03  
2024-11-07 12:12:05 - INFO - Epoch:  355/500  Runtime: 13.82s  EpochLoss: 0.2874123356  RandomIterLoss: 0.2688455582  lr: 3.687e-03  
2024-11-07 12:12:19 - INFO - Epoch:  356/500  Runtime: 13.78s  EpochLoss: 0.2891118459  RandomIterLoss: 0.2318567783  lr: 3.638e-03  
2024-11-07 12:12:33 - INFO - Epoch:  357/500  Runtime: 14.13s  EpochLoss: 0.2863948985  RandomIterLoss: 0.2756755054  lr: 3.605e-03  
2024-11-07 12:12:47 - INFO - Epoch:  358/500  Runtime: 14.15s  EpochLoss: 0.2822386612  
2024-11-07 12:13:01 - INFO - Epoch:  359/500  Runtime: 13.90s  EpochLoss: 0.2876596888  RandomIterLoss: 0.2972811460  lr: 3.520e-03  
2024-11-07 12:13:15 - INFO - Epoch:  360/500  Runtime: 13.98s  EpochLoss: 0.2856912806  RandomIterLoss: 0.2122213691  lr: 3.460e-03  
2024-11-07 12:13:16 - INFO - Eval Epoch: 360
2024-11-07 12:13:16 - INFO - Overall Accuracy: 83.82 || Mean Overall Accuracy: 67.40
2024-11-07 12:13:16 - INFO - Mean IoU: 0.598 || Per-class IoU score:  Ground=0.802  Building=0.799  Trees=0.763  Low vegetation=0.552  Artifacts=0.075  
2024-11-07 12:13:16 - INFO - Macro F1: 0.699 || Per-class  F1 score:  Ground=0.890  Building=0.888  Trees=0.865  Low vegetation=0.711  Artifacts=0.139  

2024-11-07 12:13:30 - INFO - Epoch:  361/500  Runtime: 13.97s  EpochLoss: 0.2811778255  RandomIterLoss: 0.2892630994  lr: 3.429e-03  
2024-11-07 12:13:44 - INFO - Epoch:  362/500  Runtime: 13.78s  EpochLoss: 0.2858482064  RandomIterLoss: 0.3227382004  lr: 3.393e-03  
2024-11-07 12:13:58 - INFO - Epoch:  363/500  Runtime: 13.89s  EpochLoss: 0.2837746702  RandomIterLoss: 0.3281403184  lr: 3.351e-03  
2024-11-07 12:14:12 - INFO - Epoch:  364/500  Runtime: 13.91s  EpochLoss: 0.2880241380  RandomIterLoss: 0.3073507845  lr: 3.284e-03  
2024-11-07 12:14:25 - INFO - Epoch:  365/500  Runtime: 13.90s  EpochLoss: 0.2875702544  RandomIterLoss: 0.3040581942  lr: 3.254e-03  
2024-11-07 12:14:39 - INFO - Epoch:  366/500  Runtime: 13.62s  EpochLoss: 0.2808752199  RandomIterLoss: 0.1916203201  lr: 3.228e-03  
2024-11-07 12:14:53 - INFO - Epoch:  367/500  Runtime: 13.82s  EpochLoss: 0.2770003341  RandomIterLoss: 0.2790321708  lr: 3.171e-03  
2024-11-07 12:15:07 - INFO - Epoch:  368/500  Runtime: 13.83s  EpochLoss: 0.2799224901  RandomIterLoss: 0.3123352528  lr: 3.131e-03  
2024-11-07 12:15:21 - INFO - Epoch:  369/500  Runtime: 13.94s  EpochLoss: 0.2782660851  RandomIterLoss: 0.3725525439  lr: 3.094e-03  
2024-11-07 12:15:35 - INFO - Epoch:  370/500  Runtime: 13.92s  EpochLoss: 0.2802209031  RandomIterLoss: 0.2592363358  lr: 3.045e-03  
2024-11-07 12:15:48 - INFO - Epoch:  371/500  Runtime: 13.82s  EpochLoss: 0.2803064544  RandomIterLoss: 0.2908256352  lr: 3.026e-03  
2024-11-07 12:16:02 - INFO - Epoch:  372/500  Runtime: 13.97s  EpochLoss: 0.2760335021  RandomIterLoss: 0.3114086390  lr: 2.978e-03  
2024-11-07 12:16:16 - INFO - Epoch:  373/500  Runtime: 13.86s  EpochLoss: 0.2822351655  RandomIterLoss: 0.2248734832  lr: 2.928e-03  
2024-11-07 12:16:30 - INFO - Epoch:  374/500  Runtime: 13.76s  EpochLoss: 0.2805899683  RandomIterLoss: 0.2525811791  lr: 2.879e-03  
2024-11-07 12:16:44 - INFO - Epoch:  375/500  Runtime: 13.72s  EpochLoss: 0.2771819237  RandomIterLoss: 0.3288160861  lr: 2.837e-03  
2024-11-07 12:16:58 - INFO - Epoch:  376/500  Runtime: 13.89s  EpochLoss: 0.2759379396  RandomIterLoss: 0.2538353205  lr: 2.823e-03  
2024-11-07 12:17:11 - INFO - Epoch:  377/500  Runtime: 13.62s  EpochLoss: 0.2728830576  RandomIterLoss: 0.2996803820  lr: 2.776e-03  
2024-11-07 12:17:25 - INFO - Epoch:  378/500  Runtime: 13.86s  EpochLoss: 0.2757343917  RandomIterLoss: 0.2769667804  lr: 2.745e-03  
2024-11-07 12:17:39 - INFO - Epoch:  379/500  Runtime: 13.81s  EpochLoss: 0.2767691788  RandomIterLoss: 0.3012012839  lr: 2.687e-03  
2024-11-07 12:17:53 - INFO - Epoch:  380/500  Runtime: 13.76s  EpochLoss: 0.2744882550  RandomIterLoss: 0.3133051991  lr: 2.643e-03  
2024-11-07 12:18:07 - INFO - Epoch:  381/500  Runtime: 13.93s  EpochLoss: 0.2765795389  RandomIterLoss: 0.2174393088  lr: 2.601e-03  
2024-11-07 12:18:20 - INFO - Epoch:  382/500  Runtime: 13.79s  EpochLoss: 0.2746949535  RandomIterLoss: 0.3198524117  lr: 2.551e-03  
2024-11-07 12:18:35 - INFO - Epoch:  383/500  Runtime: 14.21s  EpochLoss: 0.2857116515  RandomIterLoss: 0.2525724769  lr: 2.540e-03  
2024-11-07 12:18:49 - INFO - Epoch:  384/500  Runtime: 13.98s  EpochLoss: 0.2774910270  RandomIterLoss: 0.3088919818  lr: 2.502e-03  
2024-11-07 12:19:03 - INFO - Epoch:  385/500  Runtime: 14.04s  EpochLoss: 0.2778227102  RandomIterLoss: 0.2021775693  lr: 2.436e-03  
2024-11-07 12:19:17 - INFO - Epoch:  386/500  Runtime: 13.88s  EpochLoss: 0.2717970014  RandomIterLoss: 0.2669896781  lr: 2.419e-03  
2024-11-07 12:19:30 - INFO - Epoch:  387/500  Runtime: 13.83s  EpochLoss: 0.2715141001  RandomIterLoss: 0.3340685368  lr: 2.359e-03  
2024-11-07 12:19:44 - INFO - Epoch:  388/500  Runtime: 13.76s  EpochLoss: 0.2728429095  
2024-11-07 12:19:58 - INFO - Epoch:  389/500  Runtime: 14.01s  EpochLoss: 0.2704666443  RandomIterLoss: 0.2738339305  lr: 2.302e-03  
2024-11-07 12:20:12 - INFO - Epoch:  390/500  Runtime: 14.00s  EpochLoss: 0.2735880173  RandomIterLoss: 0.2611194253  lr: 2.256e-03  
2024-11-07 12:20:13 - INFO - Eval Epoch: 390
2024-11-07 12:20:13 - INFO - Overall Accuracy: 84.71 || Mean Overall Accuracy: 69.11
2024-11-07 12:20:13 - INFO - Mean IoU: 0.616 || Per-class IoU score:  Ground=0.812  Building=0.836  Trees=0.769  Low vegetation=0.571  Artifacts=0.094  
2024-11-07 12:20:13 - INFO - Macro F1: 0.715 || Per-class  F1 score:  Ground=0.896  Building=0.911  Trees=0.869  Low vegetation=0.727  Artifacts=0.171  

2024-11-07 12:20:27 - INFO - Epoch:  391/500  Runtime: 13.85s  EpochLoss: 0.2729186941  RandomIterLoss: 0.2704609334  lr: 2.228e-03  
2024-11-07 12:20:41 - INFO - Epoch:  392/500  Runtime: 13.67s  EpochLoss: 0.2694549503  RandomIterLoss: 0.2644937932  lr: 2.183e-03  
2024-11-07 12:20:54 - INFO - Epoch:  393/500  Runtime: 13.67s  EpochLoss: 0.2693447454  RandomIterLoss: 0.2178721577  lr: 2.157e-03  
2024-11-07 12:21:08 - INFO - Epoch:  394/500  Runtime: 13.97s  EpochLoss: 0.2650783211  RandomIterLoss: 0.2835581005  lr: 2.122e-03  
2024-11-07 12:21:22 - INFO - Epoch:  395/500  Runtime: 13.95s  EpochLoss: 0.2773484266  RandomIterLoss: 0.2991229892  lr: 2.065e-03  
2024-11-07 12:21:36 - INFO - Epoch:  396/500  Runtime: 13.79s  EpochLoss: 0.2705253224  RandomIterLoss: 0.2188679278  lr: 2.026e-03  
2024-11-07 12:21:50 - INFO - Epoch:  397/500  Runtime: 13.93s  EpochLoss: 0.2700973136  RandomIterLoss: 0.2025013715  lr: 2.001e-03  
2024-11-07 12:22:04 - INFO - Epoch:  398/500  Runtime: 13.94s  EpochLoss: 0.2679654035  RandomIterLoss: 0.2281913459  lr: 1.975e-03  
2024-11-07 12:22:18 - INFO - Epoch:  399/500  Runtime: 13.84s  EpochLoss: 0.2728093585  RandomIterLoss: 0.3303214014  lr: 1.927e-03  
2024-11-07 12:22:31 - INFO - Epoch:  400/500  Runtime: 13.60s  EpochLoss: 0.2684128146  RandomIterLoss: 0.2660991549  lr: 1.915e-03  
2024-11-07 12:22:45 - INFO - Epoch:  401/500  Runtime: 13.73s  EpochLoss: 0.2689270414  RandomIterLoss: 0.2393690944  lr: 1.863e-03  
2024-11-07 12:22:59 - INFO - Epoch:  402/500  Runtime: 13.70s  EpochLoss: 0.2665211379  RandomIterLoss: 0.2642407715  lr: 1.832e-03  
2024-11-07 12:23:12 - INFO - Epoch:  403/500  Runtime: 13.63s  EpochLoss: 0.2718891894  RandomIterLoss: 0.2481746823  lr: 1.810e-03  
2024-11-07 12:23:26 - INFO - Epoch:  404/500  Runtime: 13.73s  EpochLoss: 0.2683334053  RandomIterLoss: 0.2860582471  lr: 1.746e-03  
2024-11-07 12:23:40 - INFO - Epoch:  405/500  Runtime: 13.87s  EpochLoss: 0.2666793086  RandomIterLoss: 0.2406060249  lr: 1.737e-03  
2024-11-07 12:23:54 - INFO - Epoch:  406/500  Runtime: 13.73s  EpochLoss: 0.2663694346  RandomIterLoss: 0.3131561875  lr: 1.702e-03  
2024-11-07 12:24:08 - INFO - Epoch:  407/500  Runtime: 13.94s  EpochLoss: 0.2661039067  RandomIterLoss: 0.2975337505  lr: 1.662e-03  
2024-11-07 12:24:22 - INFO - Epoch:  408/500  Runtime: 14.00s  EpochLoss: 0.2654175118  RandomIterLoss: 0.3073821068  lr: 1.640e-03  
2024-11-07 12:24:35 - INFO - Epoch:  409/500  Runtime: 13.76s  EpochLoss: 0.2648154311  RandomIterLoss: 0.2637288868  lr: 1.603e-03  
2024-11-07 12:24:49 - INFO - Epoch:  410/500  Runtime: 13.59s  EpochLoss: 0.2637907460  RandomIterLoss: 0.2989004552  lr: 1.565e-03  
2024-11-07 12:25:03 - INFO - Epoch:  411/500  Runtime: 13.71s  EpochLoss: 0.2570329485  RandomIterLoss: 0.2586621046  lr: 1.530e-03  
2024-11-07 12:25:16 - INFO - Epoch:  412/500  Runtime: 13.75s  EpochLoss: 0.2692274478  RandomIterLoss: 0.2874387503  lr: 1.507e-03  
2024-11-07 12:25:30 - INFO - Epoch:  413/500  Runtime: 13.82s  EpochLoss: 0.2657473172  RandomIterLoss: 0.2252478004  lr: 1.467e-03  
2024-11-07 12:25:44 - INFO - Epoch:  414/500  Runtime: 14.00s  EpochLoss: 0.2659942589  RandomIterLoss: 0.4777006805  lr: 1.432e-03  
2024-11-07 12:25:58 - INFO - Epoch:  415/500  Runtime: 13.86s  EpochLoss: 0.2635778368  RandomIterLoss: 0.2534029484  lr: 1.414e-03  
2024-11-07 12:26:12 - INFO - Epoch:  416/500  Runtime: 13.71s  EpochLoss: 0.2659163898  RandomIterLoss: 0.2390512377  lr: 1.356e-03  
2024-11-07 12:26:26 - INFO - Epoch:  417/500  Runtime: 13.81s  EpochLoss: 0.2654253268  RandomIterLoss: 0.2567342520  lr: 1.330e-03  
2024-11-07 12:26:39 - INFO - Epoch:  418/500  Runtime: 13.73s  EpochLoss: 0.2667364549  RandomIterLoss: 0.3360733390  lr: 1.303e-03  
2024-11-07 12:26:53 - INFO - Epoch:  419/500  Runtime: 13.81s  EpochLoss: 0.2611022659  RandomIterLoss: 0.3027402163  lr: 1.266e-03  
2024-11-07 12:27:07 - INFO - Epoch:  420/500  Runtime: 13.73s  EpochLoss: 0.2631240998  RandomIterLoss: 0.1979650110  lr: 1.246e-03  
2024-11-07 12:27:08 - INFO - Eval Epoch: 420
2024-11-07 12:27:08 - INFO - Overall Accuracy: 84.22 || Mean Overall Accuracy: 68.23
2024-11-07 12:27:08 - INFO - Mean IoU: 0.607 || Per-class IoU score:  Ground=0.805  Building=0.820  Trees=0.769  Low vegetation=0.557  Artifacts=0.084  
2024-11-07 12:27:08 - INFO - Macro F1: 0.707 || Per-class  F1 score:  Ground=0.892  Building=0.901  Trees=0.870  Low vegetation=0.715  Artifacts=0.156  

2024-11-07 12:27:22 - INFO - Epoch:  421/500  Runtime: 13.81s  EpochLoss: 0.2619470500  RandomIterLoss: 0.2717302144  lr: 1.219e-03  
2024-11-07 12:27:36 - INFO - Epoch:  422/500  Runtime: 13.83s  EpochLoss: 0.2608896585  RandomIterLoss: 0.2875917852  lr: 1.199e-03  
2024-11-07 12:27:50 - INFO - Epoch:  423/500  Runtime: 14.05s  EpochLoss: 0.2681136219  RandomIterLoss: 0.2496857196  lr: 1.171e-03  
2024-11-07 12:28:04 - INFO - Epoch:  424/500  Runtime: 13.88s  EpochLoss: 0.2633039596  RandomIterLoss: 0.2105034292  lr: 1.146e-03  
2024-11-07 12:28:17 - INFO - Epoch:  425/500  Runtime: 13.68s  EpochLoss: 0.2587754770  RandomIterLoss: 0.2511120737  lr: 1.106e-03  
2024-11-07 12:28:31 - INFO - Epoch:  426/500  Runtime: 14.04s  EpochLoss: 0.2613652575  RandomIterLoss: 0.2317650169  lr: 1.088e-03  
2024-11-07 12:28:45 - INFO - Epoch:  427/500  Runtime: 14.16s  EpochLoss: 0.2624331022  RandomIterLoss: 0.3331400752  lr: 1.055e-03  
2024-11-07 12:28:59 - INFO - Epoch:  428/500  Runtime: 13.92s  EpochLoss: 0.2669100132  RandomIterLoss: 0.2556791604  lr: 1.029e-03  
2024-11-07 12:29:13 - INFO - Epoch:  429/500  Runtime: 13.74s  EpochLoss: 0.2620546035  RandomIterLoss: 0.2408160567  lr: 9.851e-04  
2024-11-07 12:29:27 - INFO - Epoch:  430/500  Runtime: 13.76s  EpochLoss: 0.2619126642  RandomIterLoss: 0.2301368564  lr: 9.694e-04  
2024-11-07 12:29:41 - INFO - Epoch:  431/500  Runtime: 13.71s  EpochLoss: 0.2577602288  RandomIterLoss: 0.2066515684  lr: 9.370e-04  
2024-11-07 12:29:55 - INFO - Epoch:  432/500  Runtime: 14.08s  EpochLoss: 0.2620742582  RandomIterLoss: 0.2742812335  lr: 9.146e-04  
2024-11-07 12:30:09 - INFO - Epoch:  433/500  Runtime: 13.91s  EpochLoss: 0.2576484477  RandomIterLoss: 0.2886938453  lr: 8.900e-04  
2024-11-07 12:30:22 - INFO - Epoch:  434/500  Runtime: 13.61s  EpochLoss: 0.2589505850  RandomIterLoss: 0.2110665441  lr: 8.756e-04  
2024-11-07 12:30:36 - INFO - Epoch:  435/500  Runtime: 13.81s  EpochLoss: 0.2558096288  RandomIterLoss: 0.2496522218  lr: 8.266e-04  
2024-11-07 12:30:50 - INFO - Epoch:  436/500  Runtime: 13.91s  EpochLoss: 0.2598491020  RandomIterLoss: 0.2693787217  lr: 8.210e-04  
2024-11-07 12:31:04 - INFO - Epoch:  437/500  Runtime: 13.98s  EpochLoss: 0.2595572461  RandomIterLoss: 0.2385064065  lr: 7.839e-04  
2024-11-07 12:31:17 - INFO - Epoch:  438/500  Runtime: 13.58s  EpochLoss: 0.2590396868  RandomIterLoss: 0.2359736413  lr: 7.605e-04  
2024-11-07 12:31:31 - INFO - Epoch:  439/500  Runtime: 13.85s  EpochLoss: 0.2598962584  RandomIterLoss: 0.2279251963  lr: 7.502e-04  
2024-11-07 12:31:45 - INFO - Epoch:  440/500  Runtime: 13.81s  EpochLoss: 0.2548906387  RandomIterLoss: 0.2378320843  lr: 7.183e-04  
2024-11-07 12:31:59 - INFO - Epoch:  441/500  Runtime: 13.83s  EpochLoss: 0.2554569847  RandomIterLoss: 0.2510434389  lr: 7.036e-04  
2024-11-07 12:32:13 - INFO - Epoch:  442/500  Runtime: 13.94s  EpochLoss: 0.2575603561  RandomIterLoss: 0.2555605769  lr: 6.808e-04  
2024-11-07 12:32:27 - INFO - Epoch:  443/500  Runtime: 13.64s  EpochLoss: 0.2567697042  RandomIterLoss: 0.2666926086  lr: 6.463e-04  
2024-11-07 12:32:40 - INFO - Epoch:  444/500  Runtime: 13.79s  EpochLoss: 0.2610237317  RandomIterLoss: 0.2284507155  lr: 6.180e-04  
2024-11-07 12:32:54 - INFO - Epoch:  445/500  Runtime: 13.74s  EpochLoss: 0.2582084804  RandomIterLoss: 0.2886544168  lr: 5.990e-04  
2024-11-07 12:33:08 - INFO - Epoch:  446/500  Runtime: 13.88s  EpochLoss: 0.2550662786  RandomIterLoss: 0.2976586223  lr: 5.764e-04  
2024-11-07 12:33:22 - INFO - Epoch:  447/500  Runtime: 13.90s  EpochLoss: 0.2538956475  RandomIterLoss: 0.2873648405  lr: 5.651e-04  
2024-11-07 12:33:36 - INFO - Epoch:  448/500  Runtime: 14.01s  EpochLoss: 0.2605735260  RandomIterLoss: 0.2274007797  lr: 5.372e-04  
2024-11-07 12:33:50 - INFO - Epoch:  449/500  Runtime: 13.69s  EpochLoss: 0.2558121359  RandomIterLoss: 0.2946202457  lr: 5.176e-04  
2024-11-07 12:34:03 - INFO - Epoch:  450/500  Runtime: 13.86s  EpochLoss: 0.2557104619  RandomIterLoss: 0.2176160067  lr: 5.045e-04  
2024-11-07 12:34:05 - INFO - Eval Epoch: 450
2024-11-07 12:34:05 - INFO - Overall Accuracy: 84.38 || Mean Overall Accuracy: 68.72
2024-11-07 12:34:05 - INFO - Mean IoU: 0.610 || Per-class IoU score:  Ground=0.807  Building=0.813  Trees=0.766  Low vegetation=0.572  Artifacts=0.090  
2024-11-07 12:34:05 - INFO - Macro F1: 0.710 || Per-class  F1 score:  Ground=0.893  Building=0.897  Trees=0.867  Low vegetation=0.728  Artifacts=0.165  

2024-11-07 12:34:19 - INFO - Epoch:  451/500  Runtime: 14.03s  EpochLoss: 0.2543494911  RandomIterLoss: 0.2294669151  lr: 4.798e-04  
2024-11-07 12:34:32 - INFO - Epoch:  452/500  Runtime: 13.75s  EpochLoss: 0.2571606423  RandomIterLoss: 0.2594023049  lr: 4.655e-04  
2024-11-07 12:34:46 - INFO - Epoch:  453/500  Runtime: 13.88s  EpochLoss: 0.2572155632  RandomIterLoss: 0.2770744860  lr: 4.447e-04  
2024-11-07 12:35:00 - INFO - Epoch:  454/500  Runtime: 14.00s  EpochLoss: 0.2579131001  RandomIterLoss: 0.2589383125  lr: 4.376e-04  
2024-11-07 12:35:14 - INFO - Epoch:  455/500  Runtime: 13.95s  EpochLoss: 0.2542653504  RandomIterLoss: 0.2689694762  lr: 4.048e-04  
2024-11-07 12:35:28 - INFO - Epoch:  456/500  Runtime: 13.86s  EpochLoss: 0.2527254508  RandomIterLoss: 0.2378526777  lr: 3.877e-04  
2024-11-07 12:35:42 - INFO - Epoch:  457/500  Runtime: 13.95s  EpochLoss: 0.2600677196  RandomIterLoss: 0.1934519857  lr: 3.702e-04  
2024-11-07 12:35:56 - INFO - Epoch:  458/500  Runtime: 13.78s  EpochLoss: 0.2578402145  RandomIterLoss: 0.2608891726  lr: 3.519e-04  
2024-11-07 12:36:09 - INFO - Epoch:  459/500  Runtime: 13.68s  EpochLoss: 0.2586760243  RandomIterLoss: 0.2171168476  lr: 3.474e-04  
2024-11-07 12:36:23 - INFO - Epoch:  460/500  Runtime: 13.89s  EpochLoss: 0.2548528480  RandomIterLoss: 0.2581298053  lr: 3.253e-04  
2024-11-07 12:36:37 - INFO - Epoch:  461/500  Runtime: 13.65s  EpochLoss: 0.2589145428  RandomIterLoss: 0.1946951151  lr: 3.142e-04  
2024-11-07 12:36:51 - INFO - Epoch:  462/500  Runtime: 13.68s  EpochLoss: 0.2534067157  RandomIterLoss: 0.2882581055  lr: 2.881e-04  
2024-11-07 12:37:04 - INFO - Epoch:  463/500  Runtime: 13.82s  EpochLoss: 0.2563523532  RandomIterLoss: 0.2285514772  lr: 2.874e-04  
2024-11-07 12:37:18 - INFO - Epoch:  464/500  Runtime: 13.84s  EpochLoss: 0.2608530542  RandomIterLoss: 0.2875728905  lr: 2.630e-04  
2024-11-07 12:37:32 - INFO - Epoch:  465/500  Runtime: 13.59s  EpochLoss: 0.2541970584  RandomIterLoss: 0.2105054855  lr: 2.492e-04  
2024-11-07 12:37:46 - INFO - Epoch:  466/500  Runtime: 13.69s  EpochLoss: 0.2576835860  RandomIterLoss: 0.2488171160  lr: 2.335e-04  
2024-11-07 12:37:59 - INFO - Epoch:  467/500  Runtime: 13.76s  EpochLoss: 0.2510014965  RandomIterLoss: 0.2536832094  lr: 2.274e-04  
2024-11-07 12:38:13 - INFO - Epoch:  468/500  Runtime: 13.54s  EpochLoss: 0.2592073604  RandomIterLoss: 0.2293944657  lr: 2.107e-04  
2024-11-07 12:38:27 - INFO - Epoch:  469/500  Runtime: 14.04s  EpochLoss: 0.2595095330  RandomIterLoss: 0.2660096884  lr: 1.935e-04  
2024-11-07 12:38:41 - INFO - Epoch:  470/500  Runtime: 13.86s  EpochLoss: 0.2524492236  RandomIterLoss: 0.2886402309  lr: 1.800e-04  
2024-11-07 12:38:55 - INFO - Epoch:  471/500  Runtime: 13.87s  EpochLoss: 0.2513066215  RandomIterLoss: 0.2863563001  lr: 1.746e-04  
2024-11-07 12:39:08 - INFO - Epoch:  472/500  Runtime: 13.59s  EpochLoss: 0.2545859309  RandomIterLoss: 0.1821647584  lr: 1.651e-04  
2024-11-07 12:39:22 - INFO - Epoch:  473/500  Runtime: 13.84s  EpochLoss: 0.2578741183  RandomIterLoss: 0.3020691276  lr: 1.543e-04  
2024-11-07 12:39:36 - INFO - Epoch:  474/500  Runtime: 13.83s  EpochLoss: 0.2573979504  RandomIterLoss: 0.2423955500  lr: 1.454e-04  
2024-11-07 12:39:50 - INFO - Epoch:  475/500  Runtime: 13.66s  EpochLoss: 0.2546898072  
2024-11-07 12:40:03 - INFO - Epoch:  476/500  Runtime: 13.83s  EpochLoss: 0.2537208586  RandomIterLoss: 0.2301299274  lr: 1.160e-04  
2024-11-07 12:40:17 - INFO - Epoch:  477/500  Runtime: 13.58s  EpochLoss: 0.2569737932  RandomIterLoss: 0.3195851743  lr: 1.089e-04  
2024-11-07 12:40:31 - INFO - Epoch:  478/500  Runtime: 13.55s  EpochLoss: 0.2531714720  RandomIterLoss: 0.3119022548  lr: 9.781e-05  
2024-11-07 12:40:44 - INFO - Epoch:  479/500  Runtime: 13.88s  EpochLoss: 0.2545522428  RandomIterLoss: 0.2227334082  lr: 9.266e-05  
2024-11-07 12:40:58 - INFO - Epoch:  480/500  Runtime: 13.96s  EpochLoss: 0.2532968196  RandomIterLoss: 0.1897694916  lr: 8.204e-05  
2024-11-07 12:40:59 - INFO - Eval Epoch: 480
2024-11-07 12:40:59 - INFO - Overall Accuracy: 84.42 || Mean Overall Accuracy: 68.54
2024-11-07 12:40:59 - INFO - Mean IoU: 0.609 || Per-class IoU score:  Ground=0.808  Building=0.812  Trees=0.768  Low vegetation=0.574  Artifacts=0.083  
2024-11-07 12:40:59 - INFO - Macro F1: 0.708 || Per-class  F1 score:  Ground=0.894  Building=0.896  Trees=0.869  Low vegetation=0.730  Artifacts=0.153  

2024-11-07 12:41:13 - INFO - Epoch:  481/500  Runtime: 13.95s  EpochLoss: 0.2541974190  RandomIterLoss: 0.2200493068  lr: 7.804e-05  
2024-11-07 12:41:27 - INFO - Epoch:  482/500  Runtime: 13.90s  EpochLoss: 0.2560857392  RandomIterLoss: 0.2509423494  lr: 6.698e-05  
2024-11-07 12:41:41 - INFO - Epoch:  483/500  Runtime: 13.86s  EpochLoss: 0.2554680028  RandomIterLoss: 0.2475281805  lr: 6.483e-05  
2024-11-07 12:41:55 - INFO - Epoch:  484/500  Runtime: 13.63s  EpochLoss: 0.2575558014  RandomIterLoss: 0.2153440118  lr: 5.166e-05  
2024-11-07 12:42:09 - INFO - Epoch:  485/500  Runtime: 13.78s  EpochLoss: 0.2582053989  RandomIterLoss: 0.3330624104  lr: 4.598e-05  
2024-11-07 12:42:22 - INFO - Epoch:  486/500  Runtime: 13.81s  EpochLoss: 0.2575078752  RandomIterLoss: 0.2511256039  lr: 4.488e-05  
2024-11-07 12:42:36 - INFO - Epoch:  487/500  Runtime: 13.82s  EpochLoss: 0.2520459470  RandomIterLoss: 0.2631866634  lr: 3.500e-05  
2024-11-07 12:42:50 - INFO - Epoch:  488/500  Runtime: 13.78s  EpochLoss: 0.2574574172  
2024-11-07 12:43:04 - INFO - Epoch:  489/500  Runtime: 13.87s  EpochLoss: 0.2571372322  RandomIterLoss: 0.2832603753  lr: 2.836e-05  
2024-11-07 12:43:18 - INFO - Epoch:  490/500  Runtime: 13.66s  EpochLoss: 0.2601650662  RandomIterLoss: 0.2622433305  lr: 2.262e-05  
2024-11-07 12:43:31 - INFO - Epoch:  491/500  Runtime: 13.74s  EpochLoss: 0.2540241375  RandomIterLoss: 0.2775735259  lr: 1.999e-05  
2024-11-07 12:43:45 - INFO - Epoch:  492/500  Runtime: 13.71s  EpochLoss: 0.2542022385  RandomIterLoss: 0.3455000520  lr: 1.594e-05  
2024-11-07 12:43:59 - INFO - Epoch:  493/500  Runtime: 13.64s  EpochLoss: 0.2585395500  RandomIterLoss: 0.3201601207  lr: 1.116e-05  
2024-11-07 12:44:12 - INFO - Epoch:  494/500  Runtime: 13.69s  EpochLoss: 0.2564883578  RandomIterLoss: 0.3349019289  lr: 8.908e-06  
2024-11-07 12:44:26 - INFO - Epoch:  495/500  Runtime: 14.03s  EpochLoss: 0.2575042739  RandomIterLoss: 0.2248270959  lr: 6.910e-06  
2024-11-07 12:44:40 - INFO - Epoch:  496/500  Runtime: 13.66s  EpochLoss: 0.2491894852  RandomIterLoss: 0.2671192586  lr: 3.448e-06  
2024-11-07 12:44:54 - INFO - Epoch:  497/500  Runtime: 13.90s  EpochLoss: 0.2549399314  
2024-11-07 12:45:08 - INFO - Epoch:  498/500  Runtime: 13.85s  EpochLoss: 0.2550786283  RandomIterLoss: 0.1988477856  lr: 9.015e-07  
2024-11-07 12:45:22 - INFO - Epoch:  499/500  Runtime: 13.86s  EpochLoss: 0.2552783306  RandomIterLoss: 0.2365010232  lr: 4.145e-07  
2024-11-07 12:45:35 - INFO - Epoch:  500/500  Runtime: 13.81s  EpochLoss: 0.2536729425  
2024-11-07 12:45:36 - INFO - Eval Epoch: 500
2024-11-07 12:45:36 - INFO - Overall Accuracy: 84.29 || Mean Overall Accuracy: 68.28
2024-11-07 12:45:36 - INFO - Mean IoU: 0.606 || Per-class IoU score:  Ground=0.806  Building=0.805  Trees=0.768  Low vegetation=0.573  Artifacts=0.082  
2024-11-07 12:45:36 - INFO - Macro F1: 0.706 || Per-class  F1 score:  Ground=0.893  Building=0.892  Trees=0.868  Low vegetation=0.728  Artifacts=0.151  

2024-11-07 12:45:36 - INFO - 训练结束 总耗时：1:56:21.999554
