2024-11-18 00:15:29 - INFO - 初始化训练数据集和数据加载器
2024-11-18 00:15:29 - INFO - 设备设置为：cuda
2024-11-18 00:15:32 - INFO - 网络模型加载...
MinkUNet14C(
  (conv0p1s1): MinkowskiConvolution(in=3, out=32, kernel_size=[5, 5, 5], stride=[1, 1, 1], dilation=[1, 1, 1])
  (bn0): MinkowskiBatchNorm(32, eps=1e-05, momentum=0.02, affine=True, track_running_stats=True)
  (conv1p1s2): MinkowskiConvolution(in=32, out=32, kernel_size=[2, 2, 2], stride=[2, 2, 2], dilation=[1, 1, 1])
  (bn1): MinkowskiBatchNorm(32, eps=1e-05, momentum=0.02, affine=True, track_running_stats=True)
  (block1): Sequential(
    (0): BasicBlock(
      (conv1): MinkowskiConvolution(in=32, out=32, kernel_size=[3, 3, 3], stride=[1, 1, 1], dilation=[1, 1, 1])
      (norm1): MinkowskiBatchNorm(32, eps=1e-05, momentum=0.1, affine=True, track_running_stats=True)
      (conv2): MinkowskiConvolution(in=32, out=32, kernel_size=[3, 3, 3], stride=[1, 1, 1], dilation=[1, 1, 1])
      (norm2): MinkowskiBatchNorm(32, eps=1e-05, momentum=0.1, affine=True, track_running_stats=True)
      (relu): MinkowskiReLU()
    )
  )
  (conv2p2s2): MinkowskiConvolution(in=32, out=32, kernel_size=[2, 2, 2], stride=[2, 2, 2], dilation=[1, 1, 1])
  (bn2): MinkowskiBatchNorm(32, eps=1e-05, momentum=0.02, affine=True, track_running_stats=True)
  (block2): Sequential(
    (0): BasicBlock(
      (conv1): MinkowskiConvolution(in=32, out=64, kernel_size=[3, 3, 3], stride=[1, 1, 1], dilation=[1, 1, 1])
      (norm1): MinkowskiBatchNorm(64, eps=1e-05, momentum=0.1, affine=True, track_running_stats=True)
      (conv2): MinkowskiConvolution(in=64, out=64, kernel_size=[3, 3, 3], stride=[1, 1, 1], dilation=[1, 1, 1])
      (norm2): MinkowskiBatchNorm(64, eps=1e-05, momentum=0.1, affine=True, track_running_stats=True)
      (relu): MinkowskiReLU()
      (downsample): Sequential(
        (0): MinkowskiConvolution(in=32, out=64, kernel_size=[1, 1, 1], stride=[1, 1, 1], dilation=[1, 1, 1])
        (1): MinkowskiBatchNorm(64, eps=1e-05, momentum=0.02, affine=True, track_running_stats=True)
      )
    )
  )
  (conv3p4s2): MinkowskiConvolution(in=64, out=64, kernel_size=[2, 2, 2], stride=[2, 2, 2], dilation=[1, 1, 1])
  (bn3): MinkowskiBatchNorm(64, eps=1e-05, momentum=0.02, affine=True, track_running_stats=True)
  (block3): Sequential(
    (0): BasicBlock(
      (conv1): MinkowskiConvolution(in=64, out=128, kernel_size=[3, 3, 3], stride=[1, 1, 1], dilation=[1, 1, 1])
      (norm1): MinkowskiBatchNorm(128, eps=1e-05, momentum=0.1, affine=True, track_running_stats=True)
      (conv2): MinkowskiConvolution(in=128, out=128, kernel_size=[3, 3, 3], stride=[1, 1, 1], dilation=[1, 1, 1])
      (norm2): MinkowskiBatchNorm(128, eps=1e-05, momentum=0.1, affine=True, track_running_stats=True)
      (relu): MinkowskiReLU()
      (downsample): Sequential(
        (0): MinkowskiConvolution(in=64, out=128, kernel_size=[1, 1, 1], stride=[1, 1, 1], dilation=[1, 1, 1])
        (1): MinkowskiBatchNorm(128, eps=1e-05, momentum=0.02, affine=True, track_running_stats=True)
      )
    )
  )
  (conv4p8s2): MinkowskiConvolution(in=128, out=128, kernel_size=[2, 2, 2], stride=[2, 2, 2], dilation=[1, 1, 1])
  (bn4): MinkowskiBatchNorm(128, eps=1e-05, momentum=0.02, affine=True, track_running_stats=True)
  (block4): Sequential(
    (0): BasicBlock(
      (conv1): MinkowskiConvolution(in=128, out=256, kernel_size=[3, 3, 3], stride=[1, 1, 1], dilation=[1, 1, 1])
      (norm1): MinkowskiBatchNorm(256, eps=1e-05, momentum=0.1, affine=True, track_running_stats=True)
      (conv2): MinkowskiConvolution(in=256, out=256, kernel_size=[3, 3, 3], stride=[1, 1, 1], dilation=[1, 1, 1])
      (norm2): MinkowskiBatchNorm(256, eps=1e-05, momentum=0.1, affine=True, track_running_stats=True)
      (relu): MinkowskiReLU()
      (downsample): Sequential(
        (0): MinkowskiConvolution(in=128, out=256, kernel_size=[1, 1, 1], stride=[1, 1, 1], dilation=[1, 1, 1])
        (1): MinkowskiBatchNorm(256, eps=1e-05, momentum=0.02, affine=True, track_running_stats=True)
      )
    )
  )
  (convtr4p16s2): MinkowskiConvolutionTranspose(in=256, out=192, kernel_size=[2, 2, 2], stride=[2, 2, 2], dilation=[1, 1, 1])
  (bntr4): MinkowskiBatchNorm(192, eps=1e-05, momentum=0.02, affine=True, track_running_stats=True)
  (block5): Sequential(
    (0): BasicBlock(
      (conv1): MinkowskiConvolution(in=320, out=192, kernel_size=[3, 3, 3], stride=[1, 1, 1], dilation=[1, 1, 1])
      (norm1): MinkowskiBatchNorm(192, eps=1e-05, momentum=0.1, affine=True, track_running_stats=True)
      (conv2): MinkowskiConvolution(in=192, out=192, kernel_size=[3, 3, 3], stride=[1, 1, 1], dilation=[1, 1, 1])
      (norm2): MinkowskiBatchNorm(192, eps=1e-05, momentum=0.1, affine=True, track_running_stats=True)
      (relu): MinkowskiReLU()
      (downsample): Sequential(
        (0): MinkowskiConvolution(in=320, out=192, kernel_size=[1, 1, 1], stride=[1, 1, 1], dilation=[1, 1, 1])
        (1): MinkowskiBatchNorm(192, eps=1e-05, momentum=0.02, affine=True, track_running_stats=True)
      )
    )
  )
  (convtr5p8s2): MinkowskiConvolutionTranspose(in=192, out=192, kernel_size=[2, 2, 2], stride=[2, 2, 2], dilation=[1, 1, 1])
  (bntr5): MinkowskiBatchNorm(192, eps=1e-05, momentum=0.02, affine=True, track_running_stats=True)
  (block6): Sequential(
    (0): BasicBlock(
      (conv1): MinkowskiConvolution(in=256, out=192, kernel_size=[3, 3, 3], stride=[1, 1, 1], dilation=[1, 1, 1])
      (norm1): MinkowskiBatchNorm(192, eps=1e-05, momentum=0.1, affine=True, track_running_stats=True)
      (conv2): MinkowskiConvolution(in=192, out=192, kernel_size=[3, 3, 3], stride=[1, 1, 1], dilation=[1, 1, 1])
      (norm2): MinkowskiBatchNorm(192, eps=1e-05, momentum=0.1, affine=True, track_running_stats=True)
      (relu): MinkowskiReLU()
      (downsample): Sequential(
        (0): MinkowskiConvolution(in=256, out=192, kernel_size=[1, 1, 1], stride=[1, 1, 1], dilation=[1, 1, 1])
        (1): MinkowskiBatchNorm(192, eps=1e-05, momentum=0.02, affine=True, track_running_stats=True)
      )
    )
  )
  (convtr6p4s2): MinkowskiConvolutionTranspose(in=192, out=128, kernel_size=[2, 2, 2], stride=[2, 2, 2], dilation=[1, 1, 1])
  (bntr6): MinkowskiBatchNorm(128, eps=1e-05, momentum=0.02, affine=True, track_running_stats=True)
  (block7): Sequential(
    (0): BasicBlock(
      (conv1): MinkowskiConvolution(in=160, out=128, kernel_size=[3, 3, 3], stride=[1, 1, 1], dilation=[1, 1, 1])
      (norm1): MinkowskiBatchNorm(128, eps=1e-05, momentum=0.1, affine=True, track_running_stats=True)
      (conv2): MinkowskiConvolution(in=128, out=128, kernel_size=[3, 3, 3], stride=[1, 1, 1], dilation=[1, 1, 1])
      (norm2): MinkowskiBatchNorm(128, eps=1e-05, momentum=0.1, affine=True, track_running_stats=True)
      (relu): MinkowskiReLU()
      (downsample): Sequential(
        (0): MinkowskiConvolution(in=160, out=128, kernel_size=[1, 1, 1], stride=[1, 1, 1], dilation=[1, 1, 1])
        (1): MinkowskiBatchNorm(128, eps=1e-05, momentum=0.02, affine=True, track_running_stats=True)
      )
    )
  )
  (convtr7p2s2): MinkowskiConvolutionTranspose(in=128, out=128, kernel_size=[2, 2, 2], stride=[2, 2, 2], dilation=[1, 1, 1])
  (bntr7): MinkowskiBatchNorm(128, eps=1e-05, momentum=0.02, affine=True, track_running_stats=True)
  (block8): Sequential(
    (0): BasicBlock(
      (conv1): MinkowskiConvolution(in=160, out=128, kernel_size=[3, 3, 3], stride=[1, 1, 1], dilation=[1, 1, 1])
      (norm1): MinkowskiBatchNorm(128, eps=1e-05, momentum=0.1, affine=True, track_running_stats=True)
      (conv2): MinkowskiConvolution(in=128, out=128, kernel_size=[3, 3, 3], stride=[1, 1, 1], dilation=[1, 1, 1])
      (norm2): MinkowskiBatchNorm(128, eps=1e-05, momentum=0.1, affine=True, track_running_stats=True)
      (relu): MinkowskiReLU()
      (downsample): Sequential(
        (0): MinkowskiConvolution(in=160, out=128, kernel_size=[1, 1, 1], stride=[1, 1, 1], dilation=[1, 1, 1])
        (1): MinkowskiBatchNorm(128, eps=1e-05, momentum=0.02, affine=True, track_running_stats=True)
      )
    )
  )
  (final): MinkowskiConvolution(in=128, out=8, kernel_size=[1, 1, 1], stride=[1, 1, 1], dilation=[1, 1, 1])
  (relu): MinkowskiReLU()
)

2024-11-18 00:15:32 - INFO - 优化器加载...
Adam (
Parameter Group 0
    amsgrad: False
    betas: (0.9, 0.999)
    eps: 1e-08
    lr: 0.001
    weight_decay: 0
)

2024-11-18 00:15:32 - INFO - 调度器加载...
<torch.optim.lr_scheduler.OneCycleLR object at 0x7ff8d7fbbf40>

2024-11-18 00:15:32 - INFO - 损失函数加载...
CrossEntropyLoss()

2024-11-18 00:15:32 - INFO - 开始训练...
2024-11-18 00:15:42 - INFO - Epoch:    1/350  Runtime:  10.23s  EpochLoss: 1.9270989001  RandomIterLoss: 1.5634053946  lr: 4.022e-04  
2024-11-18 00:15:52 - INFO - Epoch:    2/350  Runtime:  10.18s  EpochLoss: 1.5373362601  RandomIterLoss: 1.3749197721  lr: 4.049e-04  
2024-11-18 00:16:01 - INFO - Epoch:    3/350  Runtime:   8.64s  EpochLoss: 1.3176108301  RandomIterLoss: 1.1244518757  lr: 4.163e-04  
2024-11-18 00:16:10 - INFO - Epoch:    4/350  Runtime:   9.72s  EpochLoss: 1.1693817377  RandomIterLoss: 1.1708073616  lr: 4.345e-04  
2024-11-18 00:16:18 - INFO - Epoch:    5/350  Runtime:   7.92s  EpochLoss: 1.0521667004  RandomIterLoss: 0.9914314151  lr: 4.436e-04  
2024-11-18 00:16:26 - INFO - Epoch:    6/350  Runtime:   7.62s  EpochLoss: 0.9264001101  RandomIterLoss: 1.0213369131  lr: 4.775e-04  
2024-11-18 00:16:36 - INFO - Epoch:    7/350  Runtime:  10.04s  EpochLoss: 0.8914405406  
2024-11-18 00:16:45 - INFO - Epoch:    8/350  Runtime:   9.15s  EpochLoss: 0.8330726326  RandomIterLoss: 0.6795192361  lr: 5.375e-04  
2024-11-18 00:16:54 - INFO - Epoch:    9/350  Runtime:   9.29s  EpochLoss: 0.7638230473  RandomIterLoss: 0.7280204892  lr: 5.643e-04  
2024-11-18 00:17:03 - INFO - Epoch:   10/350  Runtime:   8.91s  EpochLoss: 0.7342261970  RandomIterLoss: 0.7175232172  lr: 5.935e-04  
2024-11-18 00:17:05 - INFO - Eval Epoch: 10
2024-11-18 00:17:05 - INFO - Overall Accuracy: 60.61 || Mean Overall Accuracy: 27.50
2024-11-18 00:17:05 - INFO - Mean IoU: 0.198 || Per-class IoU score:  Road_marking2Ground=0.784  Natural=0.493  Building=0.285  Utility_line=0.000  Pole=0.000  Car=0.021  Fence=0.000  
2024-11-18 00:17:05 - INFO - Macro F1: 0.253 || Per-class  F1 score:  Road_marking2Ground=0.879  Natural=0.660  Building=0.443  Utility_line=0.001  Pole=0.001  Car=0.042  Fence=0.000  

2024-11-18 00:17:16 - INFO - Epoch:   11/350  Runtime:  10.82s  EpochLoss: 0.6968290806  RandomIterLoss: 0.7583526373  lr: 6.588e-04  
2024-11-18 00:17:27 - INFO - Epoch:   12/350  Runtime:  11.43s  EpochLoss: 0.7140005380  RandomIterLoss: 0.7450335622  lr: 6.827e-04  
2024-11-18 00:17:37 - INFO - Epoch:   13/350  Runtime:   9.11s  EpochLoss: 0.6537995040  RandomIterLoss: 0.7037772536  lr: 7.467e-04  
2024-11-18 00:17:47 - INFO - Epoch:   14/350  Runtime:  10.56s  EpochLoss: 0.6204750016  RandomIterLoss: 0.4647760689  lr: 8.169e-04  
2024-11-18 00:17:58 - INFO - Epoch:   15/350  Runtime:  10.72s  EpochLoss: 0.5995734632  RandomIterLoss: 0.5485746264  lr: 8.468e-04  
2024-11-18 00:18:07 - INFO - Epoch:   16/350  Runtime:   9.00s  EpochLoss: 0.5841860771  RandomIterLoss: 0.5362423062  lr: 9.421e-04  
2024-11-18 00:18:16 - INFO - Epoch:   17/350  Runtime:   8.72s  EpochLoss: 0.5634929612  
2024-11-18 00:18:26 - INFO - Epoch:   18/350  Runtime:  10.06s  EpochLoss: 0.5496904626  RandomIterLoss: 0.5700929761  lr: 1.083e-03  
2024-11-18 00:18:35 - INFO - Epoch:   19/350  Runtime:   9.38s  EpochLoss: 0.5291922465  RandomIterLoss: 0.4898251891  lr: 1.139e-03  
2024-11-18 00:18:45 - INFO - Epoch:   20/350  Runtime:  10.00s  EpochLoss: 0.4993739128  RandomIterLoss: 0.5298315883  lr: 1.198e-03  
2024-11-18 00:18:47 - INFO - Eval Epoch: 20
2024-11-18 00:18:47 - INFO - Overall Accuracy: 82.32 || Mean Overall Accuracy: 32.37
2024-11-18 00:18:47 - INFO - Mean IoU: 0.282 || Per-class IoU score:  Road_marking2Ground=0.856  Natural=0.796  Building=0.356  Utility_line=0.021  Pole=0.006  Car=0.218  Fence=0.000  
2024-11-18 00:18:47 - INFO - Macro F1: 0.343 || Per-class  F1 score:  Road_marking2Ground=0.922  Natural=0.886  Building=0.525  Utility_line=0.042  Pole=0.012  Car=0.358  Fence=0.000  

2024-11-18 00:18:58 - INFO - Epoch:   21/350  Runtime:  10.95s  EpochLoss: 0.4796380624  RandomIterLoss: 0.5232900381  lr: 1.321e-03  
2024-11-18 00:19:09 - INFO - Epoch:   22/350  Runtime:  11.26s  EpochLoss: 0.4940926880  RandomIterLoss: 0.4798977971  lr: 1.364e-03  
2024-11-18 00:19:18 - INFO - Epoch:   23/350  Runtime:   9.25s  EpochLoss: 0.4886352569  RandomIterLoss: 0.5636149049  lr: 1.475e-03  
2024-11-18 00:19:29 - INFO - Epoch:   24/350  Runtime:  10.39s  EpochLoss: 0.4469181150  RandomIterLoss: 0.3432473242  lr: 1.591e-03  
2024-11-18 00:19:39 - INFO - Epoch:   25/350  Runtime:  10.52s  EpochLoss: 0.4481564537  RandomIterLoss: 0.4448080063  lr: 1.639e-03  
2024-11-18 00:19:48 - INFO - Epoch:   26/350  Runtime:   8.42s  EpochLoss: 0.4316613823  RandomIterLoss: 0.3751160502  lr: 1.787e-03  
2024-11-18 00:19:56 - INFO - Epoch:   27/350  Runtime:   8.72s  EpochLoss: 0.3982346579  
2024-11-18 00:20:07 - INFO - Epoch:   28/350  Runtime:  10.14s  EpochLoss: 0.4061085656  RandomIterLoss: 0.3731804192  lr: 1.995e-03  
2024-11-18 00:20:16 - INFO - Epoch:   29/350  Runtime:   9.30s  EpochLoss: 0.4019624442  RandomIterLoss: 0.3562704623  lr: 2.076e-03  
2024-11-18 00:20:26 - INFO - Epoch:   30/350  Runtime:   9.74s  EpochLoss: 0.3821288869  RandomIterLoss: 0.3947342336  lr: 2.159e-03  
2024-11-18 00:20:27 - INFO - Eval Epoch: 30
2024-11-18 00:20:27 - INFO - Overall Accuracy: 85.27 || Mean Overall Accuracy: 40.04
2024-11-18 00:20:27 - INFO - Mean IoU: 0.352 || Per-class IoU score:  Road_marking2Ground=0.870  Natural=0.819  Building=0.518  Utility_line=0.101  Pole=0.106  Car=0.403  Fence=0.002  
2024-11-18 00:20:27 - INFO - Macro F1: 0.433 || Per-class  F1 score:  Road_marking2Ground=0.930  Natural=0.900  Building=0.682  Utility_line=0.183  Pole=0.192  Car=0.574  Fence=0.004  

2024-11-18 00:20:38 - INFO - Epoch:   31/350  Runtime:  10.72s  EpochLoss: 0.3725196943  RandomIterLoss: 0.3863103092  lr: 2.329e-03  
2024-11-18 00:20:50 - INFO - Epoch:   32/350  Runtime:  11.54s  EpochLoss: 0.3734721467  RandomIterLoss: 0.3740625381  lr: 2.387e-03  
2024-11-18 00:20:59 - INFO - Epoch:   33/350  Runtime:   9.65s  EpochLoss: 0.3656779975  RandomIterLoss: 0.4381710887  lr: 2.535e-03  
2024-11-18 00:21:10 - INFO - Epoch:   34/350  Runtime:  10.35s  EpochLoss: 0.3405311480  RandomIterLoss: 0.2366859913  lr: 2.687e-03  
2024-11-18 00:21:20 - INFO - Epoch:   35/350  Runtime:  10.58s  EpochLoss: 0.3406373188  RandomIterLoss: 0.3155797422  lr: 2.748e-03  
2024-11-18 00:21:29 - INFO - Epoch:   36/350  Runtime:   8.34s  EpochLoss: 0.3228946403  RandomIterLoss: 0.2730953395  lr: 2.936e-03  
2024-11-18 00:21:37 - INFO - Epoch:   37/350  Runtime:   8.78s  EpochLoss: 0.2951882854  
2024-11-18 00:21:48 - INFO - Epoch:   38/350  Runtime:  10.13s  EpochLoss: 0.3054117188  RandomIterLoss: 0.2771995664  lr: 3.194e-03  
2024-11-18 00:21:57 - INFO - Epoch:   39/350  Runtime:   9.42s  EpochLoss: 0.2972330041  RandomIterLoss: 0.2907571793  lr: 3.293e-03  
2024-11-18 00:22:07 - INFO - Epoch:   40/350  Runtime:   9.84s  EpochLoss: 0.2936386168  RandomIterLoss: 0.3200483620  lr: 3.392e-03  
2024-11-18 00:22:09 - INFO - Eval Epoch: 40
2024-11-18 00:22:09 - INFO - Overall Accuracy: 88.65 || Mean Overall Accuracy: 56.02
2024-11-18 00:22:09 - INFO - Mean IoU: 0.467 || Per-class IoU score:  Road_marking2Ground=0.868  Natural=0.874  Building=0.640  Utility_line=0.411  Pole=0.410  Car=0.521  Fence=0.010  
2024-11-18 00:22:09 - INFO - Macro F1: 0.564 || Per-class  F1 score:  Road_marking2Ground=0.929  Natural=0.933  Building=0.780  Utility_line=0.583  Pole=0.581  Car=0.685  Fence=0.019  

2024-11-18 00:22:20 - INFO - Epoch:   41/350  Runtime:  10.85s  EpochLoss: 0.2874687798  RandomIterLoss: 0.2965557575  lr: 3.594e-03  
2024-11-18 00:22:31 - INFO - Epoch:   42/350  Runtime:  11.63s  EpochLoss: 0.2918028682  RandomIterLoss: 0.2912241220  lr: 3.662e-03  
2024-11-18 00:22:40 - INFO - Epoch:   43/350  Runtime:   9.16s  EpochLoss: 0.3085323349  RandomIterLoss: 0.3585556746  lr: 3.834e-03  
2024-11-18 00:22:51 - INFO - Epoch:   44/350  Runtime:  10.35s  EpochLoss: 0.2946017347  RandomIterLoss: 0.1983520836  lr: 4.007e-03  
2024-11-18 00:23:01 - INFO - Epoch:   45/350  Runtime:  10.39s  EpochLoss: 0.3126883507  RandomIterLoss: 0.2755138576  lr: 4.077e-03  
2024-11-18 00:23:09 - INFO - Epoch:   46/350  Runtime:   8.37s  EpochLoss: 0.3014879748  RandomIterLoss: 0.2584289014  lr: 4.288e-03  
2024-11-18 00:23:18 - INFO - Epoch:   47/350  Runtime:   8.72s  EpochLoss: 0.2664918192  
2024-11-18 00:23:28 - INFO - Epoch:   48/350  Runtime:  10.21s  EpochLoss: 0.2714122124  RandomIterLoss: 0.2482169420  lr: 4.572e-03  
2024-11-18 00:23:38 - INFO - Epoch:   49/350  Runtime:   9.37s  EpochLoss: 0.2807315812  RandomIterLoss: 0.2702769637  lr: 4.679e-03  
2024-11-18 00:23:48 - INFO - Epoch:   50/350  Runtime:   9.98s  EpochLoss: 0.2837995663  RandomIterLoss: 0.2669156790  lr: 4.787e-03  
2024-11-18 00:23:50 - INFO - Eval Epoch: 50
2024-11-18 00:23:50 - INFO - Overall Accuracy: 88.81 || Mean Overall Accuracy: 56.00
2024-11-18 00:23:50 - INFO - Mean IoU: 0.461 || Per-class IoU score:  Road_marking2Ground=0.855  Natural=0.880  Building=0.651  Utility_line=0.399  Pole=0.348  Car=0.521  Fence=0.032  
2024-11-18 00:23:50 - INFO - Macro F1: 0.560 || Per-class  F1 score:  Road_marking2Ground=0.922  Natural=0.936  Building=0.789  Utility_line=0.571  Pole=0.516  Car=0.685  Fence=0.061  

2024-11-18 00:24:01 - INFO - Epoch:   51/350  Runtime:  11.05s  EpochLoss: 0.2580118515  RandomIterLoss: 0.2536545396  lr: 5.002e-03  
2024-11-18 00:24:12 - INFO - Epoch:   52/350  Runtime:  11.49s  EpochLoss: 0.2657446750  RandomIterLoss: 0.2501983345  lr: 5.074e-03  
2024-11-18 00:24:22 - INFO - Epoch:   53/350  Runtime:   9.64s  EpochLoss: 0.3077952974  RandomIterLoss: 0.3562988341  lr: 5.254e-03  
2024-11-18 00:24:32 - INFO - Epoch:   54/350  Runtime:  10.49s  EpochLoss: 0.3097137846  RandomIterLoss: 0.1924996525  lr: 5.434e-03  
2024-11-18 00:24:43 - INFO - Epoch:   55/350  Runtime:  10.54s  EpochLoss: 0.2907150090  RandomIterLoss: 0.2608115077  lr: 5.506e-03  
2024-11-18 00:24:51 - INFO - Epoch:   56/350  Runtime:   8.65s  EpochLoss: 0.2840410508  RandomIterLoss: 0.2443297654  lr: 5.721e-03  
2024-11-18 00:25:00 - INFO - Epoch:   57/350  Runtime:   8.81s  EpochLoss: 0.2599473707  
2024-11-18 00:25:10 - INFO - Epoch:   58/350  Runtime:  10.11s  EpochLoss: 0.2559340186  RandomIterLoss: 0.2265801132  lr: 6.006e-03  
2024-11-18 00:25:20 - INFO - Epoch:   59/350  Runtime:   9.69s  EpochLoss: 0.2459758297  RandomIterLoss: 0.2471424192  lr: 6.112e-03  
2024-11-18 00:25:30 - INFO - Epoch:   60/350  Runtime:   9.64s  EpochLoss: 0.2475612350  RandomIterLoss: 0.2705936432  lr: 6.218e-03  
2024-11-18 00:25:32 - INFO - Eval Epoch: 60
2024-11-18 00:25:32 - INFO - Overall Accuracy: 86.46 || Mean Overall Accuracy: 63.59
2024-11-18 00:25:32 - INFO - Mean IoU: 0.437 || Per-class IoU score:  Road_marking2Ground=0.834  Natural=0.864  Building=0.603  Utility_line=0.365  Pole=0.285  Car=0.507  Fence=0.040  
2024-11-18 00:25:32 - INFO - Macro F1: 0.540 || Per-class  F1 score:  Road_marking2Ground=0.909  Natural=0.927  Building=0.752  Utility_line=0.535  Pole=0.444  Car=0.673  Fence=0.078  

2024-11-18 00:25:42 - INFO - Epoch:   61/350  Runtime:  10.85s  EpochLoss: 0.2416331731  RandomIterLoss: 0.2358120233  lr: 6.428e-03  
2024-11-18 00:25:54 - INFO - Epoch:   62/350  Runtime:  11.28s  EpochLoss: 0.2534222901  RandomIterLoss: 0.2636846900  lr: 6.497e-03  
2024-11-18 00:26:03 - INFO - Epoch:   63/350  Runtime:   9.06s  EpochLoss: 0.3376775123  RandomIterLoss: 0.3630173504  lr: 6.670e-03  
2024-11-18 00:26:13 - INFO - Epoch:   64/350  Runtime:  10.34s  EpochLoss: 0.3121114783  RandomIterLoss: 0.2080289871  lr: 6.840e-03  
2024-11-18 00:26:23 - INFO - Epoch:   65/350  Runtime:  10.41s  EpochLoss: 0.3093743101  RandomIterLoss: 0.2790852487  lr: 6.907e-03  
2024-11-18 00:26:32 - INFO - Epoch:   66/350  Runtime:   8.37s  EpochLoss: 0.2861374505  RandomIterLoss: 0.2271109968  lr: 7.107e-03  
2024-11-18 00:26:41 - INFO - Epoch:   67/350  Runtime:   8.70s  EpochLoss: 0.2553268932  
2024-11-18 00:26:51 - INFO - Epoch:   68/350  Runtime:  10.06s  EpochLoss: 0.2577727661  RandomIterLoss: 0.2378881723  lr: 7.368e-03  
2024-11-18 00:27:00 - INFO - Epoch:   69/350  Runtime:   9.23s  EpochLoss: 0.2436769977  RandomIterLoss: 0.2504329979  lr: 7.464e-03  
2024-11-18 00:27:10 - INFO - Epoch:   70/350  Runtime:   9.76s  EpochLoss: 0.2366525009  RandomIterLoss: 0.2575719655  lr: 7.558e-03  
2024-11-18 00:27:11 - INFO - Eval Epoch: 70
2024-11-18 00:27:11 - INFO - Overall Accuracy: 84.00 || Mean Overall Accuracy: 65.04
2024-11-18 00:27:11 - INFO - Mean IoU: 0.420 || Per-class IoU score:  Road_marking2Ground=0.843  Natural=0.815  Building=0.589  Utility_line=0.356  Pole=0.258  Car=0.442  Fence=0.058  
2024-11-18 00:27:11 - INFO - Macro F1: 0.526 || Per-class  F1 score:  Road_marking2Ground=0.915  Natural=0.898  Building=0.741  Utility_line=0.525  Pole=0.410  Car=0.613  Fence=0.109  

2024-11-18 00:27:22 - INFO - Epoch:   71/350  Runtime:  10.74s  EpochLoss: 0.2293847017  RandomIterLoss: 0.2233707458  lr: 7.744e-03  
2024-11-18 00:27:34 - INFO - Epoch:   72/350  Runtime:  11.35s  EpochLoss: 0.2296215855  RandomIterLoss: 0.2367445678  lr: 7.805e-03  
2024-11-18 00:27:42 - INFO - Epoch:   73/350  Runtime:   8.98s  EpochLoss: 0.2647021785  RandomIterLoss: 0.3607247770  lr: 7.954e-03  
2024-11-18 00:27:53 - INFO - Epoch:   74/350  Runtime:  10.31s  EpochLoss: 0.2279237658  RandomIterLoss: 0.1627925336  lr: 8.099e-03  
2024-11-18 00:28:03 - INFO - Epoch:   75/350  Runtime:  10.34s  EpochLoss: 0.2481936105  RandomIterLoss: 0.2240974456  lr: 8.156e-03  
2024-11-18 00:28:11 - INFO - Epoch:   76/350  Runtime:   8.31s  EpochLoss: 0.2416645400  RandomIterLoss: 0.2051232010  lr: 8.324e-03  
2024-11-18 00:28:20 - INFO - Epoch:   77/350  Runtime:   8.69s  EpochLoss: 0.2131018117  
2024-11-18 00:28:30 - INFO - Epoch:   78/350  Runtime:  10.00s  EpochLoss: 0.2128055431  RandomIterLoss: 0.1919330359  lr: 8.536e-03  
2024-11-18 00:28:39 - INFO - Epoch:   79/350  Runtime:   9.22s  EpochLoss: 0.2033920400  RandomIterLoss: 0.2149845064  lr: 8.613e-03  
2024-11-18 00:28:49 - INFO - Epoch:   80/350  Runtime:   9.68s  EpochLoss: 0.2033877224  RandomIterLoss: 0.2213291675  lr: 8.688e-03  
2024-11-18 00:28:51 - INFO - Eval Epoch: 80
2024-11-18 00:28:51 - INFO - Overall Accuracy: 88.67 || Mean Overall Accuracy: 65.24
2024-11-18 00:28:51 - INFO - Mean IoU: 0.472 || Per-class IoU score:  Road_marking2Ground=0.867  Natural=0.875  Building=0.691  Utility_line=0.409  Pole=0.376  Car=0.509  Fence=0.051  
2024-11-18 00:28:51 - INFO - Macro F1: 0.572 || Per-class  F1 score:  Road_marking2Ground=0.929  Natural=0.933  Building=0.817  Utility_line=0.580  Pole=0.547  Car=0.675  Fence=0.097  

2024-11-18 00:29:02 - INFO - Epoch:   81/350  Runtime:  10.67s  EpochLoss: 0.1969412416  RandomIterLoss: 0.1842955500  lr: 8.833e-03  
2024-11-18 00:29:13 - INFO - Epoch:   82/350  Runtime:  11.30s  EpochLoss: 0.1907041222  RandomIterLoss: 0.1862731129  lr: 8.880e-03  
2024-11-18 00:29:22 - INFO - Epoch:   83/350  Runtime:   9.07s  EpochLoss: 0.2587859333  RandomIterLoss: 0.3227610886  lr: 8.993e-03  
2024-11-18 00:29:32 - INFO - Epoch:   84/350  Runtime:  10.18s  EpochLoss: 0.2630588189  RandomIterLoss: 0.2157513648  lr: 9.100e-03  
2024-11-18 00:29:42 - INFO - Epoch:   85/350  Runtime:  10.31s  EpochLoss: 0.2838393748  RandomIterLoss: 0.2633692026  lr: 9.142e-03  
2024-11-18 00:29:51 - INFO - Epoch:   86/350  Runtime:   8.44s  EpochLoss: 0.2763271704  RandomIterLoss: 0.2369980365  lr: 9.261e-03  
2024-11-18 00:29:59 - INFO - Epoch:   87/350  Runtime:   8.58s  EpochLoss: 0.2505564652  
2024-11-18 00:30:09 - INFO - Epoch:   88/350  Runtime:   9.89s  EpochLoss: 0.2419382259  RandomIterLoss: 0.2256853878  lr: 9.407e-03  
2024-11-18 00:30:19 - INFO - Epoch:   89/350  Runtime:   9.13s  EpochLoss: 0.2386018671  RandomIterLoss: 0.2341169566  lr: 9.458e-03  
2024-11-18 00:30:28 - INFO - Epoch:   90/350  Runtime:   9.67s  EpochLoss: 0.2295016609  RandomIterLoss: 0.2422960699  lr: 9.507e-03  
2024-11-18 00:30:30 - INFO - Eval Epoch: 90
2024-11-18 00:30:30 - INFO - Overall Accuracy: 87.22 || Mean Overall Accuracy: 66.82
2024-11-18 00:30:30 - INFO - Mean IoU: 0.452 || Per-class IoU score:  Road_marking2Ground=0.874  Natural=0.867  Building=0.628  Utility_line=0.342  Pole=0.273  Car=0.562  Fence=0.073  
2024-11-18 00:30:30 - INFO - Macro F1: 0.553 || Per-class  F1 score:  Road_marking2Ground=0.933  Natural=0.929  Building=0.771  Utility_line=0.509  Pole=0.429  Car=0.719  Fence=0.135  

2024-11-18 00:30:41 - INFO - Epoch:   91/350  Runtime:  10.84s  EpochLoss: 0.2190595269  RandomIterLoss: 0.2172942013  lr: 9.598e-03  
2024-11-18 00:30:52 - INFO - Epoch:   92/350  Runtime:  11.34s  EpochLoss: 0.2174952924  RandomIterLoss: 0.2094165981  lr: 9.626e-03  
2024-11-18 00:31:01 - INFO - Epoch:   93/350  Runtime:   9.18s  EpochLoss: 0.2462695576  RandomIterLoss: 0.3442598879  lr: 9.692e-03  
2024-11-18 00:31:12 - INFO - Epoch:   94/350  Runtime:  10.34s  EpochLoss: 0.2133989371  RandomIterLoss: 0.1620900482  lr: 9.753e-03  
2024-11-18 00:31:22 - INFO - Epoch:   95/350  Runtime:  10.32s  EpochLoss: 0.2299163565  RandomIterLoss: 0.2030440122  lr: 9.775e-03  
2024-11-18 00:31:30 - INFO - Epoch:   96/350  Runtime:   8.39s  EpochLoss: 0.2144237533  RandomIterLoss: 0.1901695728  lr: 9.836e-03  
2024-11-18 00:31:39 - INFO - Epoch:   97/350  Runtime:   8.60s  EpochLoss: 0.1948655955  
2024-11-18 00:31:49 - INFO - Epoch:   98/350  Runtime:   9.93s  EpochLoss: 0.1952938512  RandomIterLoss: 0.1812341362  lr: 9.902e-03  
2024-11-18 00:31:58 - INFO - Epoch:   99/350  Runtime:   9.20s  EpochLoss: 0.1908180863  RandomIterLoss: 0.1975797266  lr: 9.922e-03  
2024-11-18 00:32:08 - INFO - Epoch:  100/350  Runtime:   9.75s  EpochLoss: 0.1897678487  RandomIterLoss: 0.2101952732  lr: 9.941e-03  
2024-11-18 00:32:10 - INFO - Eval Epoch: 100
2024-11-18 00:32:10 - INFO - Overall Accuracy: 89.61 || Mean Overall Accuracy: 69.91
2024-11-18 00:32:10 - INFO - Mean IoU: 0.531 || Per-class IoU score:  Road_marking2Ground=0.843  Natural=0.879  Building=0.728  Utility_line=0.604  Pole=0.565  Car=0.563  Fence=0.063  
2024-11-18 00:32:10 - INFO - Macro F1: 0.626 || Per-class  F1 score:  Road_marking2Ground=0.915  Natural=0.936  Building=0.843  Utility_line=0.753  Pole=0.722  Car=0.720  Fence=0.118  

2024-11-18 00:32:21 - INFO - Epoch:  101/350  Runtime:  10.78s  EpochLoss: 0.1805442311  RandomIterLoss: 0.1635207981  lr: 9.970e-03  
2024-11-18 00:32:32 - INFO - Epoch:  102/350  Runtime:  11.28s  EpochLoss: 0.1777325608  RandomIterLoss: 0.1700214446  lr: 9.977e-03  
2024-11-18 00:32:41 - INFO - Epoch:  103/350  Runtime:   9.18s  EpochLoss: 0.1940587685  RandomIterLoss: 0.2345982045  lr: 9.991e-03  
2024-11-18 00:32:51 - INFO - Epoch:  104/350  Runtime:  10.22s  EpochLoss: 0.1845082380  RandomIterLoss: 0.1334444880  lr: 9.999e-03  
2024-11-18 00:33:01 - INFO - Epoch:  105/350  Runtime:  10.26s  EpochLoss: 0.1915730797  RandomIterLoss: 0.1734290123  lr: 1.000e-02  
2024-11-18 00:33:10 - INFO - Epoch:  106/350  Runtime:   8.42s  EpochLoss: 0.1852895990  RandomIterLoss: 0.1589370668  lr: 9.999e-03  
2024-11-18 00:33:18 - INFO - Epoch:  107/350  Runtime:   8.54s  EpochLoss: 0.1663557459  
2024-11-18 00:33:28 - INFO - Epoch:  108/350  Runtime:  10.03s  EpochLoss: 0.1649431959  RandomIterLoss: 0.1526535302  lr: 9.996e-03  
2024-11-18 00:33:38 - INFO - Epoch:  109/350  Runtime:   9.18s  EpochLoss: 0.1615347043  RandomIterLoss: 0.1793328226  lr: 9.993e-03  
2024-11-18 00:33:47 - INFO - Epoch:  110/350  Runtime:   9.79s  EpochLoss: 0.1598543860  RandomIterLoss: 0.1742328554  lr: 9.991e-03  
2024-11-18 00:33:49 - INFO - Eval Epoch: 110
2024-11-18 00:33:49 - INFO - Overall Accuracy: 91.12 || Mean Overall Accuracy: 70.41
2024-11-18 00:33:49 - INFO - Mean IoU: 0.566 || Per-class IoU score:  Road_marking2Ground=0.859  Natural=0.901  Building=0.737  Utility_line=0.643  Pole=0.707  Car=0.582  Fence=0.102  
2024-11-18 00:33:49 - INFO - Macro F1: 0.657 || Per-class  F1 score:  Road_marking2Ground=0.924  Natural=0.948  Building=0.849  Utility_line=0.783  Pole=0.828  Car=0.736  Fence=0.185  

2024-11-18 00:34:00 - INFO - Epoch:  111/350  Runtime:  10.84s  EpochLoss: 0.1585176922  RandomIterLoss: 0.1447891146  lr: 9.984e-03  
2024-11-18 00:34:11 - INFO - Epoch:  112/350  Runtime:  11.15s  EpochLoss: 0.1551416554  RandomIterLoss: 0.1685291678  lr: 9.981e-03  
2024-11-18 00:34:21 - INFO - Epoch:  113/350  Runtime:   9.16s  EpochLoss: 0.1645237878  RandomIterLoss: 0.1858274788  lr: 9.974e-03  
2024-11-18 00:34:31 - INFO - Epoch:  114/350  Runtime:  10.19s  EpochLoss: 0.1584005300  RandomIterLoss: 0.1130327359  lr: 9.965e-03  
2024-11-18 00:34:41 - INFO - Epoch:  115/350  Runtime:  10.46s  EpochLoss: 0.1685098298  RandomIterLoss: 0.1773350090  lr: 9.961e-03  
2024-11-18 00:34:49 - INFO - Epoch:  116/350  Runtime:   8.30s  EpochLoss: 0.1619142257  RandomIterLoss: 0.1396116763  lr: 9.948e-03  
2024-11-18 00:34:58 - INFO - Epoch:  117/350  Runtime:   8.64s  EpochLoss: 0.1443947386  
2024-11-18 00:35:08 - INFO - Epoch:  118/350  Runtime:   9.99s  EpochLoss: 0.1498094387  RandomIterLoss: 0.1379088908  lr: 9.928e-03  
2024-11-18 00:35:17 - INFO - Epoch:  119/350  Runtime:   9.17s  EpochLoss: 0.1464284025  RandomIterLoss: 0.1639364809  lr: 9.920e-03  
2024-11-18 00:35:27 - INFO - Epoch:  120/350  Runtime:   9.75s  EpochLoss: 0.1561235972  RandomIterLoss: 0.1777407974  lr: 9.911e-03  
2024-11-18 00:35:29 - INFO - Eval Epoch: 120
2024-11-18 00:35:29 - INFO - Overall Accuracy: 91.05 || Mean Overall Accuracy: 71.09
2024-11-18 00:35:29 - INFO - Mean IoU: 0.574 || Per-class IoU score:  Road_marking2Ground=0.854  Natural=0.896  Building=0.735  Utility_line=0.700  Pole=0.695  Car=0.586  Fence=0.126  
2024-11-18 00:35:29 - INFO - Macro F1: 0.665 || Per-class  F1 score:  Road_marking2Ground=0.921  Natural=0.945  Building=0.847  Utility_line=0.823  Pole=0.820  Car=0.739  Fence=0.224  

2024-11-18 00:35:40 - INFO - Epoch:  121/350  Runtime:  10.77s  EpochLoss: 0.1541642584  RandomIterLoss: 0.1370391995  lr: 9.892e-03  
2024-11-18 00:35:51 - INFO - Epoch:  122/350  Runtime:  11.31s  EpochLoss: 0.1593336388  RandomIterLoss: 0.2012891471  lr: 9.885e-03  
2024-11-18 00:36:00 - INFO - Epoch:  123/350  Runtime:   9.18s  EpochLoss: 0.1661133543  RandomIterLoss: 0.1998381466  lr: 9.867e-03  
2024-11-18 00:36:10 - INFO - Epoch:  124/350  Runtime:  10.16s  EpochLoss: 0.1576480884  RandomIterLoss: 0.1073895767  lr: 9.848e-03  
2024-11-18 00:36:21 - INFO - Epoch:  125/350  Runtime:  10.38s  EpochLoss: 0.1590545103  RandomIterLoss: 0.1697944999  lr: 9.841e-03  
2024-11-18 00:36:29 - INFO - Epoch:  126/350  Runtime:   8.40s  EpochLoss: 0.1542475969  RandomIterLoss: 0.1289758086  lr: 9.816e-03  
2024-11-18 00:36:38 - INFO - Epoch:  127/350  Runtime:   8.60s  EpochLoss: 0.1419644747  
2024-11-18 00:36:48 - INFO - Epoch:  128/350  Runtime:   9.90s  EpochLoss: 0.1433258913  RandomIterLoss: 0.1312177181  lr: 9.779e-03  
2024-11-18 00:36:57 - INFO - Epoch:  129/350  Runtime:   9.22s  EpochLoss: 0.1395345535  RandomIterLoss: 0.1577034444  lr: 9.765e-03  
2024-11-18 00:37:06 - INFO - Epoch:  130/350  Runtime:   9.59s  EpochLoss: 0.1442495547  RandomIterLoss: 0.1589575112  lr: 9.750e-03  
2024-11-18 00:37:08 - INFO - Eval Epoch: 130
2024-11-18 00:37:08 - INFO - Overall Accuracy: 88.77 || Mean Overall Accuracy: 71.68
2024-11-18 00:37:08 - INFO - Mean IoU: 0.548 || Per-class IoU score:  Road_marking2Ground=0.839  Natural=0.865  Building=0.719  Utility_line=0.695  Pole=0.708  Car=0.478  Fence=0.081  
2024-11-18 00:37:08 - INFO - Macro F1: 0.640 || Per-class  F1 score:  Road_marking2Ground=0.912  Natural=0.928  Building=0.837  Utility_line=0.820  Pole=0.829  Car=0.647  Fence=0.149  

2024-11-18 00:37:19 - INFO - Epoch:  131/350  Runtime:  10.60s  EpochLoss: 0.1420190427  RandomIterLoss: 0.1288967431  lr: 9.719e-03  
2024-11-18 00:37:30 - INFO - Epoch:  132/350  Runtime:  11.48s  EpochLoss: 0.1530474313  RandomIterLoss: 0.1711345911  lr: 9.709e-03  
2024-11-18 00:37:40 - INFO - Epoch:  133/350  Runtime:   9.17s  EpochLoss: 0.1459595002  RandomIterLoss: 0.1702109277  lr: 9.681e-03  
2024-11-18 00:37:50 - INFO - Epoch:  134/350  Runtime:  10.36s  EpochLoss: 0.1471921802  RandomIterLoss: 0.0929284841  lr: 9.652e-03  
2024-11-18 00:38:00 - INFO - Epoch:  135/350  Runtime:  10.37s  EpochLoss: 0.1542581506  RandomIterLoss: 0.1692640781  lr: 9.641e-03  
2024-11-18 00:38:09 - INFO - Epoch:  136/350  Runtime:   8.36s  EpochLoss: 0.1416801848  RandomIterLoss: 0.1366971433  lr: 9.604e-03  
2024-11-18 00:38:17 - INFO - Epoch:  137/350  Runtime:   8.65s  EpochLoss: 0.1223307531  
2024-11-18 00:38:27 - INFO - Epoch:  138/350  Runtime:  10.06s  EpochLoss: 0.1341501232  RandomIterLoss: 0.1159693077  lr: 9.552e-03  
2024-11-18 00:38:37 - INFO - Epoch:  139/350  Runtime:   9.19s  EpochLoss: 0.1336168870  RandomIterLoss: 0.1516370773  lr: 9.532e-03  
2024-11-18 00:38:46 - INFO - Epoch:  140/350  Runtime:   9.76s  EpochLoss: 0.1275986042  RandomIterLoss: 0.1319860369  lr: 9.512e-03  
2024-11-18 00:38:48 - INFO - Eval Epoch: 140
2024-11-18 00:38:48 - INFO - Overall Accuracy: 89.99 || Mean Overall Accuracy: 71.95
2024-11-18 00:38:48 - INFO - Mean IoU: 0.571 || Per-class IoU score:  Road_marking2Ground=0.860  Natural=0.878  Building=0.720  Utility_line=0.736  Pole=0.713  Car=0.557  Fence=0.102  
2024-11-18 00:38:48 - INFO - Macro F1: 0.660 || Per-class  F1 score:  Road_marking2Ground=0.925  Natural=0.935  Building=0.837  Utility_line=0.848  Pole=0.833  Car=0.715  Fence=0.185  

2024-11-18 00:38:59 - INFO - Epoch:  141/350  Runtime:  10.74s  EpochLoss: 0.1261869036  RandomIterLoss: 0.1162762195  lr: 9.469e-03  
2024-11-18 00:39:10 - INFO - Epoch:  142/350  Runtime:  11.47s  EpochLoss: 0.1382859685  RandomIterLoss: 0.1483568251  lr: 9.455e-03  
2024-11-18 00:39:19 - INFO - Epoch:  143/350  Runtime:   9.10s  EpochLoss: 0.1308150142  RandomIterLoss: 0.1601551026  lr: 9.418e-03  
2024-11-18 00:39:30 - INFO - Epoch:  144/350  Runtime:  10.34s  EpochLoss: 0.1317037903  RandomIterLoss: 0.0830129087  lr: 9.380e-03  
2024-11-18 00:39:40 - INFO - Epoch:  145/350  Runtime:  10.39s  EpochLoss: 0.1353443898  RandomIterLoss: 0.1485316008  lr: 9.364e-03  
2024-11-18 00:39:49 - INFO - Epoch:  146/350  Runtime:   8.40s  EpochLoss: 0.1281381417  RandomIterLoss: 0.1103615612  lr: 9.317e-03  
2024-11-18 00:39:57 - INFO - Epoch:  147/350  Runtime:   8.69s  EpochLoss: 0.1137765516  
2024-11-18 00:40:07 - INFO - Epoch:  148/350  Runtime:  10.02s  EpochLoss: 0.1144147832  RandomIterLoss: 0.1073173657  lr: 9.251e-03  
2024-11-18 00:40:17 - INFO - Epoch:  149/350  Runtime:   9.22s  EpochLoss: 0.1151595898  RandomIterLoss: 0.1317169517  lr: 9.225e-03  
2024-11-18 00:40:26 - INFO - Epoch:  150/350  Runtime:   9.81s  EpochLoss: 0.1147256792  RandomIterLoss: 0.1151502207  lr: 9.199e-03  
2024-11-18 00:40:28 - INFO - Eval Epoch: 150
2024-11-18 00:40:28 - INFO - Overall Accuracy: 90.61 || Mean Overall Accuracy: 72.68
2024-11-18 00:40:28 - INFO - Mean IoU: 0.582 || Per-class IoU score:  Road_marking2Ground=0.850  Natural=0.886  Building=0.753  Utility_line=0.776  Pole=0.754  Car=0.539  Fence=0.095  
2024-11-18 00:40:28 - INFO - Macro F1: 0.666 || Per-class  F1 score:  Road_marking2Ground=0.919  Natural=0.939  Building=0.859  Utility_line=0.874  Pole=0.860  Car=0.701  Fence=0.173  

2024-11-18 00:40:39 - INFO - Epoch:  151/350  Runtime:  10.71s  EpochLoss: 0.1079811975  RandomIterLoss: 0.0946534052  lr: 9.146e-03  
2024-11-18 00:40:50 - INFO - Epoch:  152/350  Runtime:  11.26s  EpochLoss: 0.1154682394  RandomIterLoss: 0.1302876174  lr: 9.128e-03  
2024-11-18 00:40:59 - INFO - Epoch:  153/350  Runtime:   9.03s  EpochLoss: 0.1241785586  RandomIterLoss: 0.1454849392  lr: 9.082e-03  
2024-11-18 00:41:10 - INFO - Epoch:  154/350  Runtime:  10.39s  EpochLoss: 0.1159764938  RandomIterLoss: 0.0766529441  lr: 9.036e-03  
2024-11-18 00:41:20 - INFO - Epoch:  155/350  Runtime:  10.46s  EpochLoss: 0.1175032444  RandomIterLoss: 0.1209412739  lr: 9.017e-03  
2024-11-18 00:41:28 - INFO - Epoch:  156/350  Runtime:   8.42s  EpochLoss: 0.1136613544  RandomIterLoss: 0.1083142012  lr: 8.959e-03  
2024-11-18 00:41:37 - INFO - Epoch:  157/350  Runtime:   8.63s  EpochLoss: 0.1004695240  
2024-11-18 00:41:47 - INFO - Epoch:  158/350  Runtime:   9.92s  EpochLoss: 0.1028603613  RandomIterLoss: 0.0929769650  lr: 8.879e-03  
2024-11-18 00:41:56 - INFO - Epoch:  159/350  Runtime:   9.28s  EpochLoss: 0.1003321800  RandomIterLoss: 0.1178537831  lr: 8.848e-03  
2024-11-18 00:42:06 - INFO - Epoch:  160/350  Runtime:   9.76s  EpochLoss: 0.1078682803  RandomIterLoss: 0.0999144241  lr: 8.818e-03  
2024-11-18 00:42:08 - INFO - Eval Epoch: 160
2024-11-18 00:42:08 - INFO - Overall Accuracy: 91.47 || Mean Overall Accuracy: 69.53
2024-11-18 00:42:08 - INFO - Mean IoU: 0.574 || Per-class IoU score:  Road_marking2Ground=0.857  Natural=0.898  Building=0.767  Utility_line=0.690  Pole=0.681  Car=0.576  Fence=0.122  
2024-11-18 00:42:08 - INFO - Macro F1: 0.664 || Per-class  F1 score:  Road_marking2Ground=0.923  Natural=0.946  Building=0.868  Utility_line=0.817  Pole=0.810  Car=0.731  Fence=0.218  

2024-11-18 00:42:19 - INFO - Epoch:  161/350  Runtime:  10.71s  EpochLoss: 0.0977440216  RandomIterLoss: 0.0915359706  lr: 8.755e-03  
2024-11-18 00:42:30 - INFO - Epoch:  162/350  Runtime:  11.54s  EpochLoss: 0.0963871870  RandomIterLoss: 0.1107611433  lr: 8.734e-03  
2024-11-18 00:42:39 - INFO - Epoch:  163/350  Runtime:   8.98s  EpochLoss: 0.0993993767  RandomIterLoss: 0.1184866577  lr: 8.680e-03  
2024-11-18 00:42:49 - INFO - Epoch:  164/350  Runtime:  10.18s  EpochLoss: 0.0938466443  RandomIterLoss: 0.0603147633  lr: 8.625e-03  
2024-11-18 00:43:00 - INFO - Epoch:  165/350  Runtime:  10.31s  EpochLoss: 0.1025184207  RandomIterLoss: 0.1083578914  lr: 8.603e-03  
2024-11-18 00:43:08 - INFO - Epoch:  166/350  Runtime:   8.36s  EpochLoss: 0.0938725360  RandomIterLoss: 0.0936902016  lr: 8.536e-03  
2024-11-18 00:43:17 - INFO - Epoch:  167/350  Runtime:   8.61s  EpochLoss: 0.0910604913  
2024-11-18 00:43:27 - INFO - Epoch:  168/350  Runtime:   9.97s  EpochLoss: 0.0903668813  RandomIterLoss: 0.0871985927  lr: 8.444e-03  
2024-11-18 00:43:36 - INFO - Epoch:  169/350  Runtime:   9.26s  EpochLoss: 0.0911563933  RandomIterLoss: 0.1085476577  lr: 8.409e-03  
2024-11-18 00:43:46 - INFO - Epoch:  170/350  Runtime:   9.75s  EpochLoss: 0.0894381143  RandomIterLoss: 0.0879218206  lr: 8.373e-03  
2024-11-18 00:43:47 - INFO - Eval Epoch: 170
2024-11-18 00:43:47 - INFO - Overall Accuracy: 91.40 || Mean Overall Accuracy: 68.95
2024-11-18 00:43:47 - INFO - Mean IoU: 0.576 || Per-class IoU score:  Road_marking2Ground=0.863  Natural=0.899  Building=0.741  Utility_line=0.660  Pole=0.726  Car=0.591  Fence=0.131  
2024-11-18 00:43:47 - INFO - Macro F1: 0.667 || Per-class  F1 score:  Road_marking2Ground=0.926  Natural=0.947  Building=0.851  Utility_line=0.795  Pole=0.841  Car=0.743  Fence=0.232  

2024-11-18 00:43:58 - INFO - Epoch:  171/350  Runtime:  10.74s  EpochLoss: 0.0928811524  RandomIterLoss: 0.0812195837  lr: 8.302e-03  
2024-11-18 00:44:09 - INFO - Epoch:  172/350  Runtime:  11.32s  EpochLoss: 0.0899707731  RandomIterLoss: 0.1023337394  lr: 8.278e-03  
2024-11-18 00:44:19 - INFO - Epoch:  173/350  Runtime:   9.08s  EpochLoss: 0.0903957356  RandomIterLoss: 0.1049083918  lr: 8.217e-03  
2024-11-18 00:44:29 - INFO - Epoch:  174/350  Runtime:  10.40s  EpochLoss: 0.0903754011  RandomIterLoss: 0.0597427338  lr: 8.155e-03  
2024-11-18 00:44:39 - INFO - Epoch:  175/350  Runtime:  10.43s  EpochLoss: 0.0958726350  RandomIterLoss: 0.1146120280  lr: 8.130e-03  
2024-11-18 00:44:48 - INFO - Epoch:  176/350  Runtime:   8.35s  EpochLoss: 0.0895525534  RandomIterLoss: 0.0834663212  lr: 8.054e-03  
2024-11-18 00:44:56 - INFO - Epoch:  177/350  Runtime:   8.63s  EpochLoss: 0.0798627445  
2024-11-18 00:45:06 - INFO - Epoch:  178/350  Runtime:   9.96s  EpochLoss: 0.0833284725  RandomIterLoss: 0.0829115212  lr: 7.952e-03  
2024-11-18 00:45:16 - INFO - Epoch:  179/350  Runtime:   9.24s  EpochLoss: 0.0812561065  RandomIterLoss: 0.0939390361  lr: 7.913e-03  
2024-11-18 00:45:25 - INFO - Epoch:  180/350  Runtime:   9.75s  EpochLoss: 0.0816277284  RandomIterLoss: 0.0830604807  lr: 7.874e-03  
2024-11-18 00:45:27 - INFO - Eval Epoch: 180
2024-11-18 00:45:27 - INFO - Overall Accuracy: 92.08 || Mean Overall Accuracy: 69.47
2024-11-18 00:45:27 - INFO - Mean IoU: 0.590 || Per-class IoU score:  Road_marking2Ground=0.877  Natural=0.904  Building=0.763  Utility_line=0.703  Pole=0.742  Car=0.585  Fence=0.146  
2024-11-18 00:45:27 - INFO - Macro F1: 0.678 || Per-class  F1 score:  Road_marking2Ground=0.935  Natural=0.950  Building=0.866  Utility_line=0.825  Pole=0.852  Car=0.738  Fence=0.255  

2024-11-18 00:45:38 - INFO - Epoch:  181/350  Runtime:  10.71s  EpochLoss: 0.0780473221  RandomIterLoss: 0.0706913993  lr: 7.794e-03  
2024-11-18 00:45:49 - INFO - Epoch:  182/350  Runtime:  11.24s  EpochLoss: 0.0855814684  RandomIterLoss: 0.1071400419  lr: 7.768e-03  
2024-11-18 00:45:58 - INFO - Epoch:  183/350  Runtime:   9.07s  EpochLoss: 0.0884048827  RandomIterLoss: 0.1064142808  lr: 7.701e-03  
2024-11-18 00:46:09 - INFO - Epoch:  184/350  Runtime:  10.35s  EpochLoss: 0.0819307016  RandomIterLoss: 0.0549358837  lr: 7.633e-03  
2024-11-18 00:46:19 - INFO - Epoch:  185/350  Runtime:  10.26s  EpochLoss: 0.0990526471  RandomIterLoss: 0.1133000776  lr: 7.606e-03  
2024-11-18 00:46:27 - INFO - Epoch:  186/350  Runtime:   8.39s  EpochLoss: 0.0834194124  RandomIterLoss: 0.0864995643  lr: 7.523e-03  
2024-11-18 00:46:36 - INFO - Epoch:  187/350  Runtime:   8.60s  EpochLoss: 0.0865031723  
2024-11-18 00:46:46 - INFO - Epoch:  188/350  Runtime:   9.88s  EpochLoss: 0.0792014077  RandomIterLoss: 0.0792096853  lr: 7.412e-03  
2024-11-18 00:46:55 - INFO - Epoch:  189/350  Runtime:   9.14s  EpochLoss: 0.0791704878  RandomIterLoss: 0.0886651650  lr: 7.369e-03  
2024-11-18 00:47:05 - INFO - Epoch:  190/350  Runtime:   9.78s  EpochLoss: 0.0760080516  RandomIterLoss: 0.0749926642  lr: 7.327e-03  
2024-11-18 00:47:07 - INFO - Eval Epoch: 190
2024-11-18 00:47:07 - INFO - Overall Accuracy: 90.73 || Mean Overall Accuracy: 72.44
2024-11-18 00:47:07 - INFO - Mean IoU: 0.571 || Per-class IoU score:  Road_marking2Ground=0.859  Natural=0.889  Building=0.738  Utility_line=0.647  Pole=0.732  Car=0.560  Fence=0.146  
2024-11-18 00:47:07 - INFO - Macro F1: 0.665 || Per-class  F1 score:  Road_marking2Ground=0.924  Natural=0.941  Building=0.849  Utility_line=0.786  Pole=0.846  Car=0.718  Fence=0.255  

2024-11-18 00:47:17 - INFO - Epoch:  191/350  Runtime:  10.74s  EpochLoss: 0.0740036722  RandomIterLoss: 0.0666677654  lr: 7.241e-03  
2024-11-18 00:47:29 - INFO - Epoch:  192/350  Runtime:  11.26s  EpochLoss: 0.0719297212  RandomIterLoss: 0.0929620191  lr: 7.213e-03  
2024-11-18 00:47:38 - INFO - Epoch:  193/350  Runtime:   9.05s  EpochLoss: 0.0745961992  RandomIterLoss: 0.0913503692  lr: 7.141e-03  
2024-11-18 00:47:48 - INFO - Epoch:  194/350  Runtime:  10.22s  EpochLoss: 0.0735766608  RandomIterLoss: 0.0487954393  lr: 7.068e-03  
2024-11-18 00:47:58 - INFO - Epoch:  195/350  Runtime:  10.32s  EpochLoss: 0.0811277181  RandomIterLoss: 0.0985221192  lr: 7.039e-03  
2024-11-18 00:48:07 - INFO - Epoch:  196/350  Runtime:   8.43s  EpochLoss: 0.0871964041  RandomIterLoss: 0.0754763111  lr: 6.950e-03  
2024-11-18 00:48:15 - INFO - Epoch:  197/350  Runtime:   8.58s  EpochLoss: 0.0758178495  
2024-11-18 00:48:25 - INFO - Epoch:  198/350  Runtime:   9.94s  EpochLoss: 0.0860352572  RandomIterLoss: 0.0738707185  lr: 6.832e-03  
2024-11-18 00:48:34 - INFO - Epoch:  199/350  Runtime:   9.27s  EpochLoss: 0.0757733490  RandomIterLoss: 0.0908610523  lr: 6.787e-03  
2024-11-18 00:48:44 - INFO - Epoch:  200/350  Runtime:   9.75s  EpochLoss: 0.0762719586  RandomIterLoss: 0.0707954094  lr: 6.742e-03  
2024-11-18 00:48:46 - INFO - Eval Epoch: 200
2024-11-18 00:48:46 - INFO - Overall Accuracy: 91.37 || Mean Overall Accuracy: 70.45
2024-11-18 00:48:46 - INFO - Mean IoU: 0.576 || Per-class IoU score:  Road_marking2Ground=0.862  Natural=0.897  Building=0.742  Utility_line=0.610  Pole=0.722  Car=0.595  Fence=0.176  
2024-11-18 00:48:46 - INFO - Macro F1: 0.671 || Per-class  F1 score:  Road_marking2Ground=0.926  Natural=0.946  Building=0.852  Utility_line=0.758  Pole=0.838  Car=0.746  Fence=0.299  

2024-11-18 00:48:57 - INFO - Epoch:  201/350  Runtime:  10.78s  EpochLoss: 0.0734785125  RandomIterLoss: 0.0630124286  lr: 6.651e-03  
2024-11-18 00:49:08 - INFO - Epoch:  202/350  Runtime:  11.43s  EpochLoss: 0.0690477826  RandomIterLoss: 0.0886148438  lr: 6.621e-03  
2024-11-18 00:49:17 - INFO - Epoch:  203/350  Runtime:   9.16s  EpochLoss: 0.0688425349  RandomIterLoss: 0.0829613805  lr: 6.545e-03  
2024-11-18 00:49:28 - INFO - Epoch:  204/350  Runtime:  10.26s  EpochLoss: 0.0690309014  RandomIterLoss: 0.0449056178  lr: 6.469e-03  
2024-11-18 00:49:38 - INFO - Epoch:  205/350  Runtime:  10.41s  EpochLoss: 0.0715136537  RandomIterLoss: 0.0800881982  lr: 6.438e-03  
2024-11-18 00:49:46 - INFO - Epoch:  206/350  Runtime:   8.32s  EpochLoss: 0.0715113226  RandomIterLoss: 0.0676592961  lr: 6.346e-03  
2024-11-18 00:49:55 - INFO - Epoch:  207/350  Runtime:   8.52s  EpochLoss: 0.0709627718  
2024-11-18 00:50:05 - INFO - Epoch:  208/350  Runtime:   9.89s  EpochLoss: 0.0713441204  RandomIterLoss: 0.0697849542  lr: 6.222e-03  
2024-11-18 00:50:14 - INFO - Epoch:  209/350  Runtime:   9.28s  EpochLoss: 0.0751664490  RandomIterLoss: 0.0913267210  lr: 6.175e-03  
2024-11-18 00:50:24 - INFO - Epoch:  210/350  Runtime:   9.74s  EpochLoss: 0.0726402309  RandomIterLoss: 0.0735970065  lr: 6.128e-03  
2024-11-18 00:50:26 - INFO - Eval Epoch: 210
2024-11-18 00:50:26 - INFO - Overall Accuracy: 91.30 || Mean Overall Accuracy: 71.92
2024-11-18 00:50:26 - INFO - Mean IoU: 0.579 || Per-class IoU score:  Road_marking2Ground=0.868  Natural=0.899  Building=0.743  Utility_line=0.656  Pole=0.753  Car=0.592  Fence=0.122  
2024-11-18 00:50:26 - INFO - Macro F1: 0.668 || Per-class  F1 score:  Road_marking2Ground=0.929  Natural=0.947  Building=0.853  Utility_line=0.792  Pole=0.859  Car=0.744  Fence=0.218  

2024-11-18 00:50:36 - INFO - Epoch:  211/350  Runtime:  10.67s  EpochLoss: 0.0732548144  RandomIterLoss: 0.0658612475  lr: 6.034e-03  
2024-11-18 00:50:48 - INFO - Epoch:  212/350  Runtime:  11.43s  EpochLoss: 0.0723904846  RandomIterLoss: 0.0869832188  lr: 6.003e-03  
2024-11-18 00:50:57 - INFO - Epoch:  213/350  Runtime:   8.99s  EpochLoss: 0.0690033874  RandomIterLoss: 0.0872895196  lr: 5.924e-03  
2024-11-18 00:51:07 - INFO - Epoch:  214/350  Runtime:  10.24s  EpochLoss: 0.0659038909  RandomIterLoss: 0.0441065654  lr: 5.845e-03  
2024-11-18 00:51:17 - INFO - Epoch:  215/350  Runtime:  10.31s  EpochLoss: 0.0727609089  RandomIterLoss: 0.0873404965  lr: 5.814e-03  
2024-11-18 00:51:26 - INFO - Epoch:  216/350  Runtime:   8.41s  EpochLoss: 0.0678131972  RandomIterLoss: 0.0675905570  lr: 5.719e-03  
2024-11-18 00:51:34 - INFO - Epoch:  217/350  Runtime:   8.60s  EpochLoss: 0.0649049552  
2024-11-18 00:51:44 - INFO - Epoch:  218/350  Runtime:  10.00s  EpochLoss: 0.0674007274  RandomIterLoss: 0.0632739589  lr: 5.592e-03  
2024-11-18 00:51:53 - INFO - Epoch:  219/350  Runtime:   9.13s  EpochLoss: 0.0638777958  RandomIterLoss: 0.0735785440  lr: 5.544e-03  
2024-11-18 00:52:03 - INFO - Epoch:  220/350  Runtime:   9.77s  EpochLoss: 0.0668321326  RandomIterLoss: 0.0696824268  lr: 5.496e-03  
2024-11-18 00:52:05 - INFO - Eval Epoch: 220
2024-11-18 00:52:05 - INFO - Overall Accuracy: 90.69 || Mean Overall Accuracy: 71.21
2024-11-18 00:52:05 - INFO - Mean IoU: 0.588 || Per-class IoU score:  Road_marking2Ground=0.873  Natural=0.882  Building=0.716  Utility_line=0.743  Pole=0.760  Car=0.589  Fence=0.142  
2024-11-18 00:52:05 - INFO - Macro F1: 0.676 || Per-class  F1 score:  Road_marking2Ground=0.932  Natural=0.937  Building=0.834  Utility_line=0.853  Pole=0.864  Car=0.742  Fence=0.249  

2024-11-18 00:52:16 - INFO - Epoch:  221/350  Runtime:  10.71s  EpochLoss: 0.0633748444  RandomIterLoss: 0.0550455339  lr: 5.400e-03  
2024-11-18 00:52:27 - INFO - Epoch:  222/350  Runtime:  11.39s  EpochLoss: 0.0650422061  RandomIterLoss: 0.0805647448  lr: 5.368e-03  
2024-11-18 00:52:36 - INFO - Epoch:  223/350  Runtime:   9.09s  EpochLoss: 0.0665078824  RandomIterLoss: 0.0812105760  lr: 5.288e-03  
2024-11-18 00:52:46 - INFO - Epoch:  224/350  Runtime:  10.20s  EpochLoss: 0.0646414971  RandomIterLoss: 0.0468903370  lr: 5.208e-03  
2024-11-18 00:52:57 - INFO - Epoch:  225/350  Runtime:  10.29s  EpochLoss: 0.0691918535  RandomIterLoss: 0.0809690803  lr: 5.176e-03  
2024-11-18 00:53:05 - INFO - Epoch:  226/350  Runtime:   8.30s  EpochLoss: 0.0632650657  RandomIterLoss: 0.0622964501  lr: 5.080e-03  
2024-11-18 00:53:14 - INFO - Epoch:  227/350  Runtime:   8.72s  EpochLoss: 0.0621502064  
2024-11-18 00:53:24 - INFO - Epoch:  228/350  Runtime:   9.88s  EpochLoss: 0.0624567047  RandomIterLoss: 0.0634468421  lr: 4.952e-03  
2024-11-18 00:53:33 - INFO - Epoch:  229/350  Runtime:   9.21s  EpochLoss: 0.0608680584  RandomIterLoss: 0.0675433427  lr: 4.904e-03  
2024-11-18 00:53:43 - INFO - Epoch:  230/350  Runtime:   9.83s  EpochLoss: 0.0599105135  RandomIterLoss: 0.0611878075  lr: 4.856e-03  
2024-11-18 00:53:45 - INFO - Eval Epoch: 230
2024-11-18 00:53:45 - INFO - Overall Accuracy: 90.64 || Mean Overall Accuracy: 69.75
2024-11-18 00:53:45 - INFO - Mean IoU: 0.566 || Per-class IoU score:  Road_marking2Ground=0.856  Natural=0.889  Building=0.721  Utility_line=0.653  Pole=0.739  Car=0.549  Fence=0.121  
2024-11-18 00:53:45 - INFO - Macro F1: 0.658 || Per-class  F1 score:  Road_marking2Ground=0.922  Natural=0.941  Building=0.838  Utility_line=0.790  Pole=0.850  Car=0.709  Fence=0.216  

2024-11-18 00:53:55 - INFO - Epoch:  231/350  Runtime:  10.75s  EpochLoss: 0.0601749383  RandomIterLoss: 0.0507375933  lr: 4.760e-03  
2024-11-18 00:54:07 - INFO - Epoch:  232/350  Runtime:  11.40s  EpochLoss: 0.0590081261  RandomIterLoss: 0.0744899213  lr: 4.728e-03  
2024-11-18 00:54:16 - INFO - Epoch:  233/350  Runtime:   9.21s  EpochLoss: 0.0564931156  RandomIterLoss: 0.0707531050  lr: 4.648e-03  
2024-11-18 00:54:26 - INFO - Epoch:  234/350  Runtime:  10.24s  EpochLoss: 0.0595160173  RandomIterLoss: 0.0444509052  lr: 4.568e-03  
2024-11-18 00:54:36 - INFO - Epoch:  235/350  Runtime:  10.30s  EpochLoss: 0.0580505412  RandomIterLoss: 0.0657523349  lr: 4.536e-03  
2024-11-18 00:54:45 - INFO - Epoch:  236/350  Runtime:   8.40s  EpochLoss: 0.0562808681  RandomIterLoss: 0.0556754135  lr: 4.440e-03  
2024-11-18 00:54:54 - INFO - Epoch:  237/350  Runtime:   8.68s  EpochLoss: 0.0555166015  
2024-11-18 00:55:04 - INFO - Epoch:  238/350  Runtime:  10.07s  EpochLoss: 0.0537076574  RandomIterLoss: 0.0541860610  lr: 4.313e-03  
2024-11-18 00:55:13 - INFO - Epoch:  239/350  Runtime:   9.26s  EpochLoss: 0.0538588306  RandomIterLoss: 0.0611760058  lr: 4.265e-03  
2024-11-18 00:55:23 - INFO - Epoch:  240/350  Runtime:   9.79s  EpochLoss: 0.0554812504  RandomIterLoss: 0.0582728125  lr: 4.218e-03  
2024-11-18 00:55:24 - INFO - Eval Epoch: 240
2024-11-18 00:55:24 - INFO - Overall Accuracy: 90.87 || Mean Overall Accuracy: 71.31
2024-11-18 00:55:24 - INFO - Mean IoU: 0.578 || Per-class IoU score:  Road_marking2Ground=0.855  Natural=0.891  Building=0.727  Utility_line=0.669  Pole=0.755  Car=0.594  Fence=0.135  
2024-11-18 00:55:24 - INFO - Macro F1: 0.669 || Per-class  F1 score:  Road_marking2Ground=0.922  Natural=0.942  Building=0.842  Utility_line=0.802  Pole=0.860  Car=0.745  Fence=0.237  

2024-11-18 00:55:35 - INFO - Epoch:  241/350  Runtime:  10.68s  EpochLoss: 0.0558389165  RandomIterLoss: 0.0514540970  lr: 4.123e-03  
2024-11-18 00:55:47 - INFO - Epoch:  242/350  Runtime:  11.48s  EpochLoss: 0.0526766116  RandomIterLoss: 0.0698353946  lr: 4.091e-03  
2024-11-18 00:55:56 - INFO - Epoch:  243/350  Runtime:   9.15s  EpochLoss: 0.0545400102  RandomIterLoss: 0.0714025050  lr: 4.013e-03  
2024-11-18 00:56:06 - INFO - Epoch:  244/350  Runtime:  10.28s  EpochLoss: 0.0519340346  RandomIterLoss: 0.0375854224  lr: 3.934e-03  
2024-11-18 00:56:16 - INFO - Epoch:  245/350  Runtime:  10.34s  EpochLoss: 0.0593733350  RandomIterLoss: 0.0640977174  lr: 3.903e-03  
2024-11-18 00:56:25 - INFO - Epoch:  246/350  Runtime:   8.34s  EpochLoss: 0.0534686530  RandomIterLoss: 0.0552679412  lr: 3.809e-03  
2024-11-18 00:56:33 - INFO - Epoch:  247/350  Runtime:   8.64s  EpochLoss: 0.0535528259  
2024-11-18 00:56:43 - INFO - Epoch:  248/350  Runtime:   9.94s  EpochLoss: 0.0536826123  RandomIterLoss: 0.0593555942  lr: 3.685e-03  
2024-11-18 00:56:53 - INFO - Epoch:  249/350  Runtime:   9.21s  EpochLoss: 0.0522678690  RandomIterLoss: 0.0578074791  lr: 3.639e-03  
2024-11-18 00:57:02 - INFO - Epoch:  250/350  Runtime:   9.75s  EpochLoss: 0.0524698850  RandomIterLoss: 0.0532565899  lr: 3.593e-03  
2024-11-18 00:57:04 - INFO - Eval Epoch: 250
2024-11-18 00:57:04 - INFO - Overall Accuracy: 90.29 || Mean Overall Accuracy: 71.86
2024-11-18 00:57:04 - INFO - Mean IoU: 0.583 || Per-class IoU score:  Road_marking2Ground=0.848  Natural=0.880  Building=0.716  Utility_line=0.748  Pole=0.756  Car=0.565  Fence=0.150  
2024-11-18 00:57:04 - INFO - Macro F1: 0.674 || Per-class  F1 score:  Road_marking2Ground=0.918  Natural=0.936  Building=0.834  Utility_line=0.856  Pole=0.861  Car=0.722  Fence=0.261  

2024-11-18 00:57:15 - INFO - Epoch:  251/350  Runtime:  10.82s  EpochLoss: 0.0500969617  RandomIterLoss: 0.0449327864  lr: 3.501e-03  
2024-11-18 00:57:26 - INFO - Epoch:  252/350  Runtime:  11.29s  EpochLoss: 0.0515380492  RandomIterLoss: 0.0707729757  lr: 3.470e-03  
2024-11-18 00:57:35 - INFO - Epoch:  253/350  Runtime:   9.08s  EpochLoss: 0.0519384444  RandomIterLoss: 0.0651011616  lr: 3.394e-03  
2024-11-18 00:57:46 - INFO - Epoch:  254/350  Runtime:  10.24s  EpochLoss: 0.0488793366  RandomIterLoss: 0.0353181846  lr: 3.318e-03  
2024-11-18 00:57:56 - INFO - Epoch:  255/350  Runtime:  10.33s  EpochLoss: 0.0513482178  RandomIterLoss: 0.0579016805  lr: 3.288e-03  
2024-11-18 00:58:04 - INFO - Epoch:  256/350  Runtime:   8.35s  EpochLoss: 0.0505687119  RandomIterLoss: 0.0512469895  lr: 3.198e-03  
2024-11-18 00:58:13 - INFO - Epoch:  257/350  Runtime:   8.61s  EpochLoss: 0.0474223951  
2024-11-18 00:58:23 - INFO - Epoch:  258/350  Runtime:   9.89s  EpochLoss: 0.0486768149  RandomIterLoss: 0.0508325584  lr: 3.079e-03  
2024-11-18 00:58:32 - INFO - Epoch:  259/350  Runtime:   9.21s  EpochLoss: 0.0475257114  RandomIterLoss: 0.0532767884  lr: 3.035e-03  
2024-11-18 00:58:42 - INFO - Epoch:  260/350  Runtime:   9.76s  EpochLoss: 0.0470989831  RandomIterLoss: 0.0478040017  lr: 2.991e-03  
2024-11-18 00:58:44 - INFO - Eval Epoch: 260
2024-11-18 00:58:44 - INFO - Overall Accuracy: 91.30 || Mean Overall Accuracy: 71.65
2024-11-18 00:58:44 - INFO - Mean IoU: 0.585 || Per-class IoU score:  Road_marking2Ground=0.863  Natural=0.895  Building=0.739  Utility_line=0.711  Pole=0.729  Car=0.597  Fence=0.146  
2024-11-18 00:58:44 - INFO - Macro F1: 0.675 || Per-class  F1 score:  Road_marking2Ground=0.927  Natural=0.945  Building=0.850  Utility_line=0.831  Pole=0.843  Car=0.748  Fence=0.256  

2024-11-18 00:58:54 - INFO - Epoch:  261/350  Runtime:  10.71s  EpochLoss: 0.0453787958  RandomIterLoss: 0.0382955559  lr: 2.903e-03  
2024-11-18 00:59:06 - INFO - Epoch:  262/350  Runtime:  11.27s  EpochLoss: 0.0432775072  RandomIterLoss: 0.0585334115  lr: 2.874e-03  
2024-11-18 00:59:15 - INFO - Epoch:  263/350  Runtime:   9.04s  EpochLoss: 0.0440750737  RandomIterLoss: 0.0558755361  lr: 2.802e-03  
2024-11-18 00:59:25 - INFO - Epoch:  264/350  Runtime:  10.26s  EpochLoss: 0.0444100872  RandomIterLoss: 0.0305783004  lr: 2.730e-03  
2024-11-18 00:59:35 - INFO - Epoch:  265/350  Runtime:  10.35s  EpochLoss: 0.0447636331  RandomIterLoss: 0.0508009419  lr: 2.702e-03  
2024-11-18 00:59:44 - INFO - Epoch:  266/350  Runtime:   8.42s  EpochLoss: 0.0436554868  RandomIterLoss: 0.0438466109  lr: 2.617e-03  
2024-11-18 00:59:52 - INFO - Epoch:  267/350  Runtime:   8.67s  EpochLoss: 0.0424187928  
2024-11-18 01:00:02 - INFO - Epoch:  268/350  Runtime:  10.03s  EpochLoss: 0.0421464993  RandomIterLoss: 0.0434256569  lr: 2.505e-03  
2024-11-18 01:00:12 - INFO - Epoch:  269/350  Runtime:   9.22s  EpochLoss: 0.0432072682  RandomIterLoss: 0.0508736633  lr: 2.463e-03  
2024-11-18 01:00:21 - INFO - Epoch:  270/350  Runtime:   9.74s  EpochLoss: 0.0426016860  RandomIterLoss: 0.0447171926  lr: 2.422e-03  
2024-11-18 01:00:23 - INFO - Eval Epoch: 270
2024-11-18 01:00:23 - INFO - Overall Accuracy: 90.97 || Mean Overall Accuracy: 70.83
2024-11-18 01:00:23 - INFO - Mean IoU: 0.583 || Per-class IoU score:  Road_marking2Ground=0.862  Natural=0.890  Building=0.728  Utility_line=0.695  Pole=0.748  Car=0.592  Fence=0.153  
2024-11-18 01:00:23 - INFO - Macro F1: 0.674 || Per-class  F1 score:  Road_marking2Ground=0.926  Natural=0.942  Building=0.843  Utility_line=0.820  Pole=0.856  Car=0.743  Fence=0.265  

2024-11-18 01:00:34 - INFO - Epoch:  271/350  Runtime:  10.59s  EpochLoss: 0.0403912999  RandomIterLoss: 0.0347085521  lr: 2.340e-03  
2024-11-18 01:00:45 - INFO - Epoch:  272/350  Runtime:  11.50s  EpochLoss: 0.0410484844  RandomIterLoss: 0.0573137961  lr: 2.313e-03  
2024-11-18 01:00:54 - INFO - Epoch:  273/350  Runtime:   9.10s  EpochLoss: 0.0404127128  RandomIterLoss: 0.0504576415  lr: 2.246e-03  
2024-11-18 01:01:05 - INFO - Epoch:  274/350  Runtime:  10.23s  EpochLoss: 0.0398706747  RandomIterLoss: 0.0282920301  lr: 2.179e-03  
2024-11-18 01:01:15 - INFO - Epoch:  275/350  Runtime:  10.33s  EpochLoss: 0.0421876595  RandomIterLoss: 0.0481041633  lr: 2.153e-03  
2024-11-18 01:01:23 - INFO - Epoch:  276/350  Runtime:   8.40s  EpochLoss: 0.0403385255  RandomIterLoss: 0.0407934673  lr: 2.074e-03  
2024-11-18 01:01:32 - INFO - Epoch:  277/350  Runtime:   8.60s  EpochLoss: 0.0392533760  
2024-11-18 01:01:42 - INFO - Epoch:  278/350  Runtime:  10.00s  EpochLoss: 0.0394990882  RandomIterLoss: 0.0416773595  lr: 1.971e-03  
2024-11-18 01:01:51 - INFO - Epoch:  279/350  Runtime:   9.23s  EpochLoss: 0.0384799545  RandomIterLoss: 0.0441693328  lr: 1.933e-03  
2024-11-18 01:02:01 - INFO - Epoch:  280/350  Runtime:   9.75s  EpochLoss: 0.0413826453  RandomIterLoss: 0.0436274000  lr: 1.895e-03  
2024-11-18 01:02:03 - INFO - Eval Epoch: 280
2024-11-18 01:02:03 - INFO - Overall Accuracy: 90.94 || Mean Overall Accuracy: 70.84
2024-11-18 01:02:03 - INFO - Mean IoU: 0.584 || Per-class IoU score:  Road_marking2Ground=0.867  Natural=0.889  Building=0.725  Utility_line=0.696  Pole=0.757  Car=0.585  Fence=0.153  
2024-11-18 01:02:03 - INFO - Macro F1: 0.675 || Per-class  F1 score:  Road_marking2Ground=0.929  Natural=0.941  Building=0.841  Utility_line=0.821  Pole=0.862  Car=0.738  Fence=0.266  

2024-11-18 01:02:13 - INFO - Epoch:  281/350  Runtime:  10.76s  EpochLoss: 0.0391037371  RandomIterLoss: 0.0328432098  lr: 1.820e-03  
2024-11-18 01:02:25 - INFO - Epoch:  282/350  Runtime:  11.42s  EpochLoss: 0.0383496508  RandomIterLoss: 0.0533566326  lr: 1.796e-03  
2024-11-18 01:02:34 - INFO - Epoch:  283/350  Runtime:   9.16s  EpochLoss: 0.0392886461  RandomIterLoss: 0.0490853265  lr: 1.735e-03  
2024-11-18 01:02:44 - INFO - Epoch:  284/350  Runtime:  10.21s  EpochLoss: 0.0377954282  RandomIterLoss: 0.0270918161  lr: 1.674e-03  
2024-11-18 01:02:55 - INFO - Epoch:  285/350  Runtime:  10.38s  EpochLoss: 0.0397079582  RandomIterLoss: 0.0447564684  lr: 1.650e-03  
2024-11-18 01:03:03 - INFO - Epoch:  286/350  Runtime:   8.33s  EpochLoss: 0.0396694299  RandomIterLoss: 0.0402451046  lr: 1.580e-03  
2024-11-18 01:03:12 - INFO - Epoch:  287/350  Runtime:   8.62s  EpochLoss: 0.0374841057  
2024-11-18 01:03:22 - INFO - Epoch:  288/350  Runtime:   9.98s  EpochLoss: 0.0381855676  RandomIterLoss: 0.0406761579  lr: 1.487e-03  
2024-11-18 01:03:31 - INFO - Epoch:  289/350  Runtime:   9.26s  EpochLoss: 0.0378151434  RandomIterLoss: 0.0431368239  lr: 1.453e-03  
2024-11-18 01:03:41 - INFO - Epoch:  290/350  Runtime:   9.67s  EpochLoss: 0.0372988963  RandomIterLoss: 0.0384650677  lr: 1.419e-03  
2024-11-18 01:03:42 - INFO - Eval Epoch: 290
2024-11-18 01:03:42 - INFO - Overall Accuracy: 90.79 || Mean Overall Accuracy: 70.82
2024-11-18 01:03:42 - INFO - Mean IoU: 0.582 || Per-class IoU score:  Road_marking2Ground=0.868  Natural=0.887  Building=0.717  Utility_line=0.694  Pole=0.753  Car=0.586  Fence=0.152  
2024-11-18 01:03:42 - INFO - Macro F1: 0.673 || Per-class  F1 score:  Road_marking2Ground=0.929  Natural=0.940  Building=0.835  Utility_line=0.819  Pole=0.859  Car=0.739  Fence=0.264  

2024-11-18 01:03:53 - INFO - Epoch:  291/350  Runtime:  10.78s  EpochLoss: 0.0378955584  RandomIterLoss: 0.0333434232  lr: 1.353e-03  
2024-11-18 01:04:04 - INFO - Epoch:  292/350  Runtime:  11.28s  EpochLoss: 0.0368438559  RandomIterLoss: 0.0508387163  lr: 1.331e-03  
2024-11-18 01:04:14 - INFO - Epoch:  293/350  Runtime:   9.17s  EpochLoss: 0.0369260586  RandomIterLoss: 0.0465585776  lr: 1.277e-03  
2024-11-18 01:04:24 - INFO - Epoch:  294/350  Runtime:  10.37s  EpochLoss: 0.0365872947  RandomIterLoss: 0.0264390986  lr: 1.224e-03  
2024-11-18 01:04:34 - INFO - Epoch:  295/350  Runtime:  10.36s  EpochLoss: 0.0376790515  RandomIterLoss: 0.0426338054  lr: 1.203e-03  
2024-11-18 01:04:43 - INFO - Epoch:  296/350  Runtime:   8.44s  EpochLoss: 0.0359705724  RandomIterLoss: 0.0364337377  lr: 1.141e-03  
2024-11-18 01:04:51 - INFO - Epoch:  297/350  Runtime:   8.71s  EpochLoss: 0.0351441242  
2024-11-18 01:05:01 - INFO - Epoch:  298/350  Runtime:   9.95s  EpochLoss: 0.0359619851  RandomIterLoss: 0.0380981565  lr: 1.061e-03  
2024-11-18 01:05:11 - INFO - Epoch:  299/350  Runtime:   9.26s  EpochLoss: 0.0355460430  RandomIterLoss: 0.0413271859  lr: 1.032e-03  
2024-11-18 01:05:20 - INFO - Epoch:  300/350  Runtime:   9.80s  EpochLoss: 0.0363324219  RandomIterLoss: 0.0373807028  lr: 1.003e-03  
2024-11-18 01:05:22 - INFO - Eval Epoch: 300
2024-11-18 01:05:22 - INFO - Overall Accuracy: 91.21 || Mean Overall Accuracy: 71.33
2024-11-18 01:05:22 - INFO - Mean IoU: 0.585 || Per-class IoU score:  Road_marking2Ground=0.861  Natural=0.895  Building=0.732  Utility_line=0.696  Pole=0.749  Car=0.594  Fence=0.152  
2024-11-18 01:05:22 - INFO - Macro F1: 0.675 || Per-class  F1 score:  Road_marking2Ground=0.925  Natural=0.945  Building=0.846  Utility_line=0.821  Pole=0.857  Car=0.745  Fence=0.264  

2024-11-18 01:05:33 - INFO - Epoch:  301/350  Runtime:  10.61s  EpochLoss: 0.0347694801  RandomIterLoss: 0.0293362923  lr: 9.456e-04  
2024-11-18 01:05:44 - INFO - Epoch:  302/350  Runtime:  11.43s  EpochLoss: 0.0337102721  RandomIterLoss: 0.0466774479  lr: 9.269e-04  
2024-11-18 01:05:53 - INFO - Epoch:  303/350  Runtime:   9.11s  EpochLoss: 0.0344028133  RandomIterLoss: 0.0436251275  lr: 8.809e-04  
2024-11-18 01:06:04 - INFO - Epoch:  304/350  Runtime:  10.26s  EpochLoss: 0.0343354833  RandomIterLoss: 0.0251475293  lr: 8.360e-04  
2024-11-18 01:06:14 - INFO - Epoch:  305/350  Runtime:  10.41s  EpochLoss: 0.0361116207  RandomIterLoss: 0.0411105901  lr: 8.184e-04  
2024-11-18 01:06:23 - INFO - Epoch:  306/350  Runtime:   8.44s  EpochLoss: 0.0350413704  RandomIterLoss: 0.0355033204  lr: 7.664e-04  
2024-11-18 01:06:31 - INFO - Epoch:  307/350  Runtime:   8.65s  EpochLoss: 0.0339091527  
2024-11-18 01:06:41 - INFO - Epoch:  308/350  Runtime:   9.99s  EpochLoss: 0.0340608167  RandomIterLoss: 0.0362069830  lr: 6.996e-04  
2024-11-18 01:06:50 - INFO - Epoch:  309/350  Runtime:   9.20s  EpochLoss: 0.0335052526  RandomIterLoss: 0.0385177396  lr: 6.753e-04  
2024-11-18 01:07:00 - INFO - Epoch:  310/350  Runtime:   9.78s  EpochLoss: 0.0342346411  RandomIterLoss: 0.0354627967  lr: 6.513e-04  
2024-11-18 01:07:02 - INFO - Eval Epoch: 310
2024-11-18 01:07:02 - INFO - Overall Accuracy: 90.93 || Mean Overall Accuracy: 71.28
2024-11-18 01:07:02 - INFO - Mean IoU: 0.582 || Per-class IoU score:  Road_marking2Ground=0.857  Natural=0.890  Building=0.726  Utility_line=0.693  Pole=0.749  Car=0.588  Fence=0.154  
2024-11-18 01:07:02 - INFO - Macro F1: 0.674 || Per-class  F1 score:  Road_marking2Ground=0.923  Natural=0.942  Building=0.841  Utility_line=0.819  Pole=0.856  Car=0.740  Fence=0.266  

2024-11-18 01:07:13 - INFO - Epoch:  311/350  Runtime:  10.74s  EpochLoss: 0.0334446314  RandomIterLoss: 0.0283214506  lr: 6.047e-04  
2024-11-18 01:07:24 - INFO - Epoch:  312/350  Runtime:  11.37s  EpochLoss: 0.0327895214  RandomIterLoss: 0.0454437658  lr: 5.895e-04  
2024-11-18 01:07:33 - INFO - Epoch:  313/350  Runtime:   9.15s  EpochLoss: 0.0333592128  RandomIterLoss: 0.0422783718  lr: 5.523e-04  
2024-11-18 01:07:43 - INFO - Epoch:  314/350  Runtime:  10.18s  EpochLoss: 0.0331694200  RandomIterLoss: 0.0239077266  lr: 5.163e-04  
2024-11-18 01:07:54 - INFO - Epoch:  315/350  Runtime:  10.48s  EpochLoss: 0.0346988230  RandomIterLoss: 0.0395390131  lr: 5.022e-04  
2024-11-18 01:08:02 - INFO - Epoch:  316/350  Runtime:   8.45s  EpochLoss: 0.0337581709  RandomIterLoss: 0.0340788476  lr: 4.610e-04  
2024-11-18 01:08:11 - INFO - Epoch:  317/350  Runtime:   8.67s  EpochLoss: 0.0325207445  
2024-11-18 01:08:21 - INFO - Epoch:  318/350  Runtime:  10.07s  EpochLoss: 0.0329173193  RandomIterLoss: 0.0350339226  lr: 4.087e-04  
2024-11-18 01:08:30 - INFO - Epoch:  319/350  Runtime:   9.23s  EpochLoss: 0.0326338396  RandomIterLoss: 0.0376498178  lr: 3.899e-04  
2024-11-18 01:08:40 - INFO - Epoch:  320/350  Runtime:   9.75s  EpochLoss: 0.0334225083  RandomIterLoss: 0.0347502418  lr: 3.715e-04  
2024-11-18 01:08:42 - INFO - Eval Epoch: 320
2024-11-18 01:08:42 - INFO - Overall Accuracy: 91.02 || Mean Overall Accuracy: 71.05
2024-11-18 01:08:42 - INFO - Mean IoU: 0.583 || Per-class IoU score:  Road_marking2Ground=0.860  Natural=0.892  Building=0.728  Utility_line=0.697  Pole=0.748  Car=0.586  Fence=0.153  
2024-11-18 01:08:42 - INFO - Macro F1: 0.674 || Per-class  F1 score:  Road_marking2Ground=0.925  Natural=0.943  Building=0.842  Utility_line=0.821  Pole=0.856  Car=0.739  Fence=0.266  

2024-11-18 01:08:53 - INFO - Epoch:  321/350  Runtime:  10.77s  EpochLoss: 0.0324849868  RandomIterLoss: 0.0272340365  lr: 3.360e-04  
2024-11-18 01:09:04 - INFO - Epoch:  322/350  Runtime:  11.26s  EpochLoss: 0.0319469445  RandomIterLoss: 0.0444705561  lr: 3.245e-04  
2024-11-18 01:09:13 - INFO - Epoch:  323/350  Runtime:   9.14s  EpochLoss: 0.0323971170  RandomIterLoss: 0.0411106497  lr: 2.967e-04  
2024-11-18 01:09:23 - INFO - Epoch:  324/350  Runtime:  10.20s  EpochLoss: 0.0323545388  RandomIterLoss: 0.0232202914  lr: 2.701e-04  
2024-11-18 01:09:34 - INFO - Epoch:  325/350  Runtime:  10.36s  EpochLoss: 0.0339733930  RandomIterLoss: 0.0386030823  lr: 2.598e-04  
2024-11-18 01:09:42 - INFO - Epoch:  326/350  Runtime:   8.32s  EpochLoss: 0.0331987124  RandomIterLoss: 0.0336819887  lr: 2.301e-04  
2024-11-18 01:09:51 - INFO - Epoch:  327/350  Runtime:   8.64s  EpochLoss: 0.0320295766  
2024-11-18 01:10:01 - INFO - Epoch:  328/350  Runtime:   9.91s  EpochLoss: 0.0323166517  RandomIterLoss: 0.0343132429  lr: 1.932e-04  
2024-11-18 01:10:10 - INFO - Epoch:  329/350  Runtime:   9.29s  EpochLoss: 0.0320163951  RandomIterLoss: 0.0369839817  lr: 1.802e-04  
2024-11-18 01:10:20 - INFO - Epoch:  330/350  Runtime:   9.76s  EpochLoss: 0.0328320516  RandomIterLoss: 0.0340107083  lr: 1.677e-04  
2024-11-18 01:10:22 - INFO - Eval Epoch: 330
2024-11-18 01:10:22 - INFO - Overall Accuracy: 90.96 || Mean Overall Accuracy: 71.08
2024-11-18 01:10:22 - INFO - Mean IoU: 0.582 || Per-class IoU score:  Road_marking2Ground=0.859  Natural=0.891  Building=0.726  Utility_line=0.693  Pole=0.747  Car=0.588  Fence=0.151  
2024-11-18 01:10:22 - INFO - Macro F1: 0.673 || Per-class  F1 score:  Road_marking2Ground=0.924  Natural=0.942  Building=0.841  Utility_line=0.819  Pole=0.855  Car=0.741  Fence=0.262  

2024-11-18 01:10:32 - INFO - Epoch:  331/350  Runtime:  10.74s  EpochLoss: 0.0320409564  RandomIterLoss: 0.0267380122  lr: 1.439e-04  
2024-11-18 01:10:44 - INFO - Epoch:  332/350  Runtime:  11.37s  EpochLoss: 0.0316286720  RandomIterLoss: 0.0439564511  lr: 1.363e-04  
2024-11-18 01:10:53 - INFO - Epoch:  333/350  Runtime:   9.04s  EpochLoss: 0.0321134655  RandomIterLoss: 0.0407568067  lr: 1.184e-04  
2024-11-18 01:11:03 - INFO - Epoch:  334/350  Runtime:  10.20s  EpochLoss: 0.0320894988  RandomIterLoss: 0.0229989775  lr: 1.017e-04  
2024-11-18 01:11:13 - INFO - Epoch:  335/350  Runtime:  10.31s  EpochLoss: 0.0336351534  RandomIterLoss: 0.0382785574  lr: 9.533e-05  
2024-11-18 01:11:22 - INFO - Epoch:  336/350  Runtime:   8.44s  EpochLoss: 0.0328910509  RandomIterLoss: 0.0333433375  lr: 7.756e-05  
2024-11-18 01:11:30 - INFO - Epoch:  337/350  Runtime:   8.67s  EpochLoss: 0.0317686782  
2024-11-18 01:11:40 - INFO - Epoch:  338/350  Runtime:   9.94s  EpochLoss: 0.0321164504  RandomIterLoss: 0.0341380201  lr: 5.668e-05  
2024-11-18 01:11:49 - INFO - Epoch:  339/350  Runtime:   9.17s  EpochLoss: 0.0318189440  RandomIterLoss: 0.0367673188  lr: 4.970e-05  
2024-11-18 01:11:59 - INFO - Epoch:  340/350  Runtime:   9.71s  EpochLoss: 0.0326402639  RandomIterLoss: 0.0338283852  lr: 4.316e-05  
2024-11-18 01:12:01 - INFO - Eval Epoch: 340
2024-11-18 01:12:01 - INFO - Overall Accuracy: 90.96 || Mean Overall Accuracy: 71.11
2024-11-18 01:12:01 - INFO - Mean IoU: 0.582 || Per-class IoU score:  Road_marking2Ground=0.859  Natural=0.891  Building=0.726  Utility_line=0.694  Pole=0.747  Car=0.587  Fence=0.150  
2024-11-18 01:12:01 - INFO - Macro F1: 0.673 || Per-class  F1 score:  Road_marking2Ground=0.924  Natural=0.942  Building=0.841  Utility_line=0.819  Pole=0.855  Car=0.740  Fence=0.261  

2024-11-18 01:12:12 - INFO - Epoch:  341/350  Runtime:  10.73s  EpochLoss: 0.0319054471  RandomIterLoss: 0.0266343858  lr: 3.148e-05  
2024-11-18 01:12:23 - INFO - Epoch:  342/350  Runtime:  11.33s  EpochLoss: 0.0314734373  RandomIterLoss: 0.0437605120  lr: 2.799e-05  
2024-11-18 01:12:32 - INFO - Epoch:  343/350  Runtime:   9.13s  EpochLoss: 0.0319868065  RandomIterLoss: 0.0406016186  lr: 2.017e-05  
2024-11-18 01:12:42 - INFO - Epoch:  344/350  Runtime:  10.26s  EpochLoss: 0.0319828023  RandomIterLoss: 0.0229243319  lr: 1.362e-05  
2024-11-18 01:12:53 - INFO - Epoch:  345/350  Runtime:  10.30s  EpochLoss: 0.0335464361  RandomIterLoss: 0.0381693095  lr: 1.137e-05  
2024-11-18 01:13:01 - INFO - Epoch:  346/350  Runtime:   8.31s  EpochLoss: 0.0328205018  RandomIterLoss: 0.0332787707  lr: 5.819e-06  
2024-11-18 01:13:10 - INFO - Epoch:  347/350  Runtime:   8.61s  EpochLoss: 0.0317204352  
2024-11-18 01:13:20 - INFO - Epoch:  348/350  Runtime:   9.91s  EpochLoss: 0.0320713562  RandomIterLoss: 0.0340970270  lr: 1.299e-06  
2024-11-18 01:13:29 - INFO - Epoch:  349/350  Runtime:   9.20s  EpochLoss: 0.0317788348  RandomIterLoss: 0.0367274545  lr: 4.511e-07  
2024-11-18 01:13:39 - INFO - Epoch:  350/350  Runtime:   9.75s  EpochLoss: 0.0326060774  RandomIterLoss: 0.0337938443  lr: 6.569e-08  
2024-11-18 01:13:40 - INFO - Eval Epoch: 350
2024-11-18 01:13:40 - INFO - Overall Accuracy: 90.96 || Mean Overall Accuracy: 71.12
2024-11-18 01:13:40 - INFO - Mean IoU: 0.582 || Per-class IoU score:  Road_marking2Ground=0.859  Natural=0.891  Building=0.726  Utility_line=0.694  Pole=0.747  Car=0.587  Fence=0.151  
2024-11-18 01:13:40 - INFO - Macro F1: 0.673 || Per-class  F1 score:  Road_marking2Ground=0.924  Natural=0.942  Building=0.841  Utility_line=0.819  Pole=0.855  Car=0.740  Fence=0.262  

2024-11-18 01:13:40 - INFO - 训练结束 总耗时：0:58:11.103555
